<?xml version="1.0" encoding="UTF-8"?>
<!-- Generated by org.testng.reporters.JUnitReportReporter -->
<testsuite hostname="FOCUS-QA-10" name="com.focus.testcases.MasterBinsTest" tests="51" failures="0" timestamp="8 Jun 2020 10:05:44 GMT" time="0.089" errors="51">
  <testcase name="verifyCreateNewBinForProperties" time="0.005" classname="com.focus.testcases.MasterBinsTest">
    <error type="org.openqa.selenium.SessionNotCreatedException" message="session not created: This version of ChromeDriver only supports Chrome version 78
Build info: version: &#039;3.12.0&#039;, revision: &#039;7c6e0b3&#039;, time: &#039;2018-05-08T14:04:26.12Z&#039;
System info: host: &#039;FOCUS-QA-10&#039;, ip: &#039;192.168.4.46&#039;, os.name: &#039;Windows 10&#039;, os.arch: &#039;amd64&#039;, os.version: &#039;10.0&#039;, java.version: &#039;1.8.0_111&#039;
Driver info: driver.version: ChromeDriver
remote stacktrace: Backtrace:
	Ordinal0 [0x00F0A903+1550595]
	Ordinal0 [0x00E8A701+1025793]
	Ordinal0 [0x00E0C6E5+509669]
	Ordinal0 [0x00D9FC68+64616]
	Ordinal0 [0x00D9C594+50580]
	Ordinal0 [0x00DBACE7+175335]
	Ordinal0 [0x00DBA8ED+174317]
	Ordinal0 [0x00DB8CDB+167131]
	Ordinal0 [0x00DA144A+70730]
	Ordinal0 [0x00DA24D0+74960]
	Ordinal0 [0x00DA2469+74857]
	Ordinal0 [0x00EA42C7+1131207]
	GetHandleVerifier [0x00FA70FD+523789]
	GetHandleVerifier [0x00FA6E90+523168]
	GetHandleVerifier [0x00FAE1E7+552695]
	GetHandleVerifier [0x00FA78FA+525834]
	Ordinal0 [0x00E9B7FC+1095676]
	Ordinal0 [0x00EA633B+1139515]
	Ordinal0 [0x00EA64A3+1139875]
	Ordinal0 [0x00EA5425+1135653]
	BaseThreadInitThunk [0x77B43744+36]
	RtlSetCurrentTransaction [0x77D69E54+212]
	RtlSetCurrentTransaction [0x77D69E1F+159]
">
      <![CDATA[org.openqa.selenium.SessionNotCreatedException: session not created: This version of ChromeDriver only supports Chrome version 78
Build info: version: '3.12.0', revision: '7c6e0b3', time: '2018-05-08T14:04:26.12Z'
System info: host: 'FOCUS-QA-10', ip: '192.168.4.46', os.name: 'Windows 10', os.arch: 'amd64', os.version: '10.0', java.version: '1.8.0_111'
Driver info: driver.version: ChromeDriver
remote stacktrace: Backtrace:
	Ordinal0 [0x00F0A903+1550595]
	Ordinal0 [0x00E8A701+1025793]
	Ordinal0 [0x00E0C6E5+509669]
	Ordinal0 [0x00D9FC68+64616]
	Ordinal0 [0x00D9C594+50580]
	Ordinal0 [0x00DBACE7+175335]
	Ordinal0 [0x00DBA8ED+174317]
	Ordinal0 [0x00DB8CDB+167131]
	Ordinal0 [0x00DA144A+70730]
	Ordinal0 [0x00DA24D0+74960]
	Ordinal0 [0x00DA2469+74857]
	Ordinal0 [0x00EA42C7+1131207]
	GetHandleVerifier [0x00FA70FD+523789]
	GetHandleVerifier [0x00FA6E90+523168]
	GetHandleVerifier [0x00FAE1E7+552695]
	GetHandleVerifier [0x00FA78FA+525834]
	Ordinal0 [0x00E9B7FC+1095676]
	Ordinal0 [0x00EA633B+1139515]
	Ordinal0 [0x00EA64A3+1139875]
	Ordinal0 [0x00EA5425+1135653]
	BaseThreadInitThunk [0x77B43744+36]
	RtlSetCurrentTransaction [0x77D69E54+212]
	RtlSetCurrentTransaction [0x77D69E1F+159]

	at sun.reflect.NativeConstructorAccessorImpl.newInstance0(Native Method)
	at sun.reflect.NativeConstructorAccessorImpl.newInstance(Unknown Source)
	at sun.reflect.DelegatingConstructorAccessorImpl.newInstance(Unknown Source)
	at java.lang.reflect.Constructor.newInstance(Unknown Source)
	at org.openqa.selenium.remote.W3CHandshakeResponse.lambda$new$0(W3CHandshakeResponse.java:57)
	at org.openqa.selenium.remote.W3CHandshakeResponse.lambda$getResponseFunction$2(W3CHandshakeResponse.java:104)
	at org.openqa.selenium.remote.ProtocolHandshake.lambda$createSession$0(ProtocolHandshake.java:123)
	at java.util.stream.ReferencePipeline$3$1.accept(Unknown Source)
	at java.util.Spliterators$ArraySpliterator.tryAdvance(Unknown Source)
	at java.util.stream.ReferencePipeline.forEachWithCancel(Unknown Source)
	at java.util.stream.AbstractPipeline.copyIntoWithCancel(Unknown Source)
	at java.util.stream.AbstractPipeline.copyInto(Unknown Source)
	at java.util.stream.AbstractPipeline.wrapAndCopyInto(Unknown Source)
	at java.util.stream.FindOps$FindOp.evaluateSequential(Unknown Source)
	at java.util.stream.AbstractPipeline.evaluate(Unknown Source)
	at java.util.stream.ReferencePipeline.findFirst(Unknown Source)
	at org.openqa.selenium.remote.ProtocolHandshake.createSession(ProtocolHandshake.java:126)
	at org.openqa.selenium.remote.ProtocolHandshake.createSession(ProtocolHandshake.java:73)
	at org.openqa.selenium.remote.HttpCommandExecutor.execute(HttpCommandExecutor.java:136)
	at org.openqa.selenium.remote.service.DriverCommandExecutor.execute(DriverCommandExecutor.java:83)
	at org.openqa.selenium.remote.RemoteWebDriver.execute(RemoteWebDriver.java:543)
	at org.openqa.selenium.remote.RemoteWebDriver.startSession(RemoteWebDriver.java:207)
	at org.openqa.selenium.remote.RemoteWebDriver.<init>(RemoteWebDriver.java:130)
	at org.openqa.selenium.chrome.ChromeDriver.<init>(ChromeDriver.java:181)
	at org.openqa.selenium.chrome.ChromeDriver.<init>(ChromeDriver.java:147)
	at com.focus.base.BaseEngine.openBrowser(BaseEngine.java:102)
	at sun.reflect.NativeMethodAccessorImpl.invoke0(Native Method)
	at sun.reflect.NativeMethodAccessorImpl.invoke(Unknown Source)
	at sun.reflect.DelegatingMethodAccessorImpl.invoke(Unknown Source)
	at java.lang.reflect.Method.invoke(Unknown Source)
	at org.testng.internal.MethodInvocationHelper.invokeMethod(MethodInvocationHelper.java:86)
	at org.testng.internal.Invoker.invokeConfigurationMethod(Invoker.java:514)
	at org.testng.internal.Invoker.invokeConfigurations(Invoker.java:215)
	at org.testng.internal.Invoker.invokeConfigurations(Invoker.java:142)
	at org.testng.SuiteRunner.privateRun(SuiteRunner.java:305)
	at org.testng.SuiteRunner.run(SuiteRunner.java:268)
	at org.testng.SuiteRunnerWorker.runSuite(SuiteRunnerWorker.java:52)
	at org.testng.SuiteRunnerWorker.run(SuiteRunnerWorker.java:86)
	at org.testng.TestNG.runSuitesSequentially(TestNG.java:1244)
	at org.testng.TestNG.runSuitesLocally(TestNG.java:1169)
	at org.testng.TestNG.run(TestNG.java:1064)
	at org.testng.remote.AbstractRemoteTestNG.run(AbstractRemoteTestNG.java:114)
	at org.testng.remote.RemoteTestNG.initAndRun(RemoteTestNG.java:251)
	at org.testng.remote.RemoteTestNG.main(RemoteTestNG.java:77)
]]>
    </error>
  </testcase> <!-- verifyCreateNewBinForProperties -->
  <testcase name="verifyMainPageHeaderFieldsOptionsBinsMenu" time="0.005" classname="com.focus.testcases.MasterBinsTest">
    <error type="org.openqa.selenium.SessionNotCreatedException" message="session not created: This version of ChromeDriver only supports Chrome version 78
Build info: version: &#039;3.12.0&#039;, revision: &#039;7c6e0b3&#039;, time: &#039;2018-05-08T14:04:26.12Z&#039;
System info: host: &#039;FOCUS-QA-10&#039;, ip: &#039;192.168.4.46&#039;, os.name: &#039;Windows 10&#039;, os.arch: &#039;amd64&#039;, os.version: &#039;10.0&#039;, java.version: &#039;1.8.0_111&#039;
Driver info: driver.version: ChromeDriver
remote stacktrace: Backtrace:
	Ordinal0 [0x00F0A903+1550595]
	Ordinal0 [0x00E8A701+1025793]
	Ordinal0 [0x00E0C6E5+509669]
	Ordinal0 [0x00D9FC68+64616]
	Ordinal0 [0x00D9C594+50580]
	Ordinal0 [0x00DBACE7+175335]
	Ordinal0 [0x00DBA8ED+174317]
	Ordinal0 [0x00DB8CDB+167131]
	Ordinal0 [0x00DA144A+70730]
	Ordinal0 [0x00DA24D0+74960]
	Ordinal0 [0x00DA2469+74857]
	Ordinal0 [0x00EA42C7+1131207]
	GetHandleVerifier [0x00FA70FD+523789]
	GetHandleVerifier [0x00FA6E90+523168]
	GetHandleVerifier [0x00FAE1E7+552695]
	GetHandleVerifier [0x00FA78FA+525834]
	Ordinal0 [0x00E9B7FC+1095676]
	Ordinal0 [0x00EA633B+1139515]
	Ordinal0 [0x00EA64A3+1139875]
	Ordinal0 [0x00EA5425+1135653]
	BaseThreadInitThunk [0x77B43744+36]
	RtlSetCurrentTransaction [0x77D69E54+212]
	RtlSetCurrentTransaction [0x77D69E1F+159]
">
      <![CDATA[org.openqa.selenium.SessionNotCreatedException: session not created: This version of ChromeDriver only supports Chrome version 78
Build info: version: '3.12.0', revision: '7c6e0b3', time: '2018-05-08T14:04:26.12Z'
System info: host: 'FOCUS-QA-10', ip: '192.168.4.46', os.name: 'Windows 10', os.arch: 'amd64', os.version: '10.0', java.version: '1.8.0_111'
Driver info: driver.version: ChromeDriver
remote stacktrace: Backtrace:
	Ordinal0 [0x00F0A903+1550595]
	Ordinal0 [0x00E8A701+1025793]
	Ordinal0 [0x00E0C6E5+509669]
	Ordinal0 [0x00D9FC68+64616]
	Ordinal0 [0x00D9C594+50580]
	Ordinal0 [0x00DBACE7+175335]
	Ordinal0 [0x00DBA8ED+174317]
	Ordinal0 [0x00DB8CDB+167131]
	Ordinal0 [0x00DA144A+70730]
	Ordinal0 [0x00DA24D0+74960]
	Ordinal0 [0x00DA2469+74857]
	Ordinal0 [0x00EA42C7+1131207]
	GetHandleVerifier [0x00FA70FD+523789]
	GetHandleVerifier [0x00FA6E90+523168]
	GetHandleVerifier [0x00FAE1E7+552695]
	GetHandleVerifier [0x00FA78FA+525834]
	Ordinal0 [0x00E9B7FC+1095676]
	Ordinal0 [0x00EA633B+1139515]
	Ordinal0 [0x00EA64A3+1139875]
	Ordinal0 [0x00EA5425+1135653]
	BaseThreadInitThunk [0x77B43744+36]
	RtlSetCurrentTransaction [0x77D69E54+212]
	RtlSetCurrentTransaction [0x77D69E1F+159]

	at sun.reflect.NativeConstructorAccessorImpl.newInstance0(Native Method)
	at sun.reflect.NativeConstructorAccessorImpl.newInstance(Unknown Source)
	at sun.reflect.DelegatingConstructorAccessorImpl.newInstance(Unknown Source)
	at java.lang.reflect.Constructor.newInstance(Unknown Source)
	at org.openqa.selenium.remote.W3CHandshakeResponse.lambda$new$0(W3CHandshakeResponse.java:57)
	at org.openqa.selenium.remote.W3CHandshakeResponse.lambda$getResponseFunction$2(W3CHandshakeResponse.java:104)
	at org.openqa.selenium.remote.ProtocolHandshake.lambda$createSession$0(ProtocolHandshake.java:123)
	at java.util.stream.ReferencePipeline$3$1.accept(Unknown Source)
	at java.util.Spliterators$ArraySpliterator.tryAdvance(Unknown Source)
	at java.util.stream.ReferencePipeline.forEachWithCancel(Unknown Source)
	at java.util.stream.AbstractPipeline.copyIntoWithCancel(Unknown Source)
	at java.util.stream.AbstractPipeline.copyInto(Unknown Source)
	at java.util.stream.AbstractPipeline.wrapAndCopyInto(Unknown Source)
	at java.util.stream.FindOps$FindOp.evaluateSequential(Unknown Source)
	at java.util.stream.AbstractPipeline.evaluate(Unknown Source)
	at java.util.stream.ReferencePipeline.findFirst(Unknown Source)
	at org.openqa.selenium.remote.ProtocolHandshake.createSession(ProtocolHandshake.java:126)
	at org.openqa.selenium.remote.ProtocolHandshake.createSession(ProtocolHandshake.java:73)
	at org.openqa.selenium.remote.HttpCommandExecutor.execute(HttpCommandExecutor.java:136)
	at org.openqa.selenium.remote.service.DriverCommandExecutor.execute(DriverCommandExecutor.java:83)
	at org.openqa.selenium.remote.RemoteWebDriver.execute(RemoteWebDriver.java:543)
	at org.openqa.selenium.remote.RemoteWebDriver.startSession(RemoteWebDriver.java:207)
	at org.openqa.selenium.remote.RemoteWebDriver.<init>(RemoteWebDriver.java:130)
	at org.openqa.selenium.chrome.ChromeDriver.<init>(ChromeDriver.java:181)
	at org.openqa.selenium.chrome.ChromeDriver.<init>(ChromeDriver.java:147)
	at com.focus.base.BaseEngine.openBrowser(BaseEngine.java:102)
	at sun.reflect.NativeMethodAccessorImpl.invoke0(Native Method)
	at sun.reflect.NativeMethodAccessorImpl.invoke(Unknown Source)
	at sun.reflect.DelegatingMethodAccessorImpl.invoke(Unknown Source)
	at java.lang.reflect.Method.invoke(Unknown Source)
	at org.testng.internal.MethodInvocationHelper.invokeMethod(MethodInvocationHelper.java:86)
	at org.testng.internal.Invoker.invokeConfigurationMethod(Invoker.java:514)
	at org.testng.internal.Invoker.invokeConfigurations(Invoker.java:215)
	at org.testng.internal.Invoker.invokeConfigurations(Invoker.java:142)
	at org.testng.SuiteRunner.privateRun(SuiteRunner.java:305)
	at org.testng.SuiteRunner.run(SuiteRunner.java:268)
	at org.testng.SuiteRunnerWorker.runSuite(SuiteRunnerWorker.java:52)
	at org.testng.SuiteRunnerWorker.run(SuiteRunnerWorker.java:86)
	at org.testng.TestNG.runSuitesSequentially(TestNG.java:1244)
	at org.testng.TestNG.runSuitesLocally(TestNG.java:1169)
	at org.testng.TestNG.run(TestNG.java:1064)
	at org.testng.remote.AbstractRemoteTestNG.run(AbstractRemoteTestNG.java:114)
	at org.testng.remote.RemoteTestNG.initAndRun(RemoteTestNG.java:251)
	at org.testng.remote.RemoteTestNG.main(RemoteTestNG.java:77)
]]>
    </error>
  </testcase> <!-- verifyMainPageHeaderFieldsOptionsBinsMenu -->
  <testcase name="verifyDeleteBinDisplay" time="0.001" classname="com.focus.testcases.MasterBinsTest">
    <error type="org.openqa.selenium.SessionNotCreatedException" message="session not created: This version of ChromeDriver only supports Chrome version 78
Build info: version: &#039;3.12.0&#039;, revision: &#039;7c6e0b3&#039;, time: &#039;2018-05-08T14:04:26.12Z&#039;
System info: host: &#039;FOCUS-QA-10&#039;, ip: &#039;192.168.4.46&#039;, os.name: &#039;Windows 10&#039;, os.arch: &#039;amd64&#039;, os.version: &#039;10.0&#039;, java.version: &#039;1.8.0_111&#039;
Driver info: driver.version: ChromeDriver
remote stacktrace: Backtrace:
	Ordinal0 [0x00F0A903+1550595]
	Ordinal0 [0x00E8A701+1025793]
	Ordinal0 [0x00E0C6E5+509669]
	Ordinal0 [0x00D9FC68+64616]
	Ordinal0 [0x00D9C594+50580]
	Ordinal0 [0x00DBACE7+175335]
	Ordinal0 [0x00DBA8ED+174317]
	Ordinal0 [0x00DB8CDB+167131]
	Ordinal0 [0x00DA144A+70730]
	Ordinal0 [0x00DA24D0+74960]
	Ordinal0 [0x00DA2469+74857]
	Ordinal0 [0x00EA42C7+1131207]
	GetHandleVerifier [0x00FA70FD+523789]
	GetHandleVerifier [0x00FA6E90+523168]
	GetHandleVerifier [0x00FAE1E7+552695]
	GetHandleVerifier [0x00FA78FA+525834]
	Ordinal0 [0x00E9B7FC+1095676]
	Ordinal0 [0x00EA633B+1139515]
	Ordinal0 [0x00EA64A3+1139875]
	Ordinal0 [0x00EA5425+1135653]
	BaseThreadInitThunk [0x77B43744+36]
	RtlSetCurrentTransaction [0x77D69E54+212]
	RtlSetCurrentTransaction [0x77D69E1F+159]
">
      <![CDATA[org.openqa.selenium.SessionNotCreatedException: session not created: This version of ChromeDriver only supports Chrome version 78
Build info: version: '3.12.0', revision: '7c6e0b3', time: '2018-05-08T14:04:26.12Z'
System info: host: 'FOCUS-QA-10', ip: '192.168.4.46', os.name: 'Windows 10', os.arch: 'amd64', os.version: '10.0', java.version: '1.8.0_111'
Driver info: driver.version: ChromeDriver
remote stacktrace: Backtrace:
	Ordinal0 [0x00F0A903+1550595]
	Ordinal0 [0x00E8A701+1025793]
	Ordinal0 [0x00E0C6E5+509669]
	Ordinal0 [0x00D9FC68+64616]
	Ordinal0 [0x00D9C594+50580]
	Ordinal0 [0x00DBACE7+175335]
	Ordinal0 [0x00DBA8ED+174317]
	Ordinal0 [0x00DB8CDB+167131]
	Ordinal0 [0x00DA144A+70730]
	Ordinal0 [0x00DA24D0+74960]
	Ordinal0 [0x00DA2469+74857]
	Ordinal0 [0x00EA42C7+1131207]
	GetHandleVerifier [0x00FA70FD+523789]
	GetHandleVerifier [0x00FA6E90+523168]
	GetHandleVerifier [0x00FAE1E7+552695]
	GetHandleVerifier [0x00FA78FA+525834]
	Ordinal0 [0x00E9B7FC+1095676]
	Ordinal0 [0x00EA633B+1139515]
	Ordinal0 [0x00EA64A3+1139875]
	Ordinal0 [0x00EA5425+1135653]
	BaseThreadInitThunk [0x77B43744+36]
	RtlSetCurrentTransaction [0x77D69E54+212]
	RtlSetCurrentTransaction [0x77D69E1F+159]

	at sun.reflect.NativeConstructorAccessorImpl.newInstance0(Native Method)
	at sun.reflect.NativeConstructorAccessorImpl.newInstance(Unknown Source)
	at sun.reflect.DelegatingConstructorAccessorImpl.newInstance(Unknown Source)
	at java.lang.reflect.Constructor.newInstance(Unknown Source)
	at org.openqa.selenium.remote.W3CHandshakeResponse.lambda$new$0(W3CHandshakeResponse.java:57)
	at org.openqa.selenium.remote.W3CHandshakeResponse.lambda$getResponseFunction$2(W3CHandshakeResponse.java:104)
	at org.openqa.selenium.remote.ProtocolHandshake.lambda$createSession$0(ProtocolHandshake.java:123)
	at java.util.stream.ReferencePipeline$3$1.accept(Unknown Source)
	at java.util.Spliterators$ArraySpliterator.tryAdvance(Unknown Source)
	at java.util.stream.ReferencePipeline.forEachWithCancel(Unknown Source)
	at java.util.stream.AbstractPipeline.copyIntoWithCancel(Unknown Source)
	at java.util.stream.AbstractPipeline.copyInto(Unknown Source)
	at java.util.stream.AbstractPipeline.wrapAndCopyInto(Unknown Source)
	at java.util.stream.FindOps$FindOp.evaluateSequential(Unknown Source)
	at java.util.stream.AbstractPipeline.evaluate(Unknown Source)
	at java.util.stream.ReferencePipeline.findFirst(Unknown Source)
	at org.openqa.selenium.remote.ProtocolHandshake.createSession(ProtocolHandshake.java:126)
	at org.openqa.selenium.remote.ProtocolHandshake.createSession(ProtocolHandshake.java:73)
	at org.openqa.selenium.remote.HttpCommandExecutor.execute(HttpCommandExecutor.java:136)
	at org.openqa.selenium.remote.service.DriverCommandExecutor.execute(DriverCommandExecutor.java:83)
	at org.openqa.selenium.remote.RemoteWebDriver.execute(RemoteWebDriver.java:543)
	at org.openqa.selenium.remote.RemoteWebDriver.startSession(RemoteWebDriver.java:207)
	at org.openqa.selenium.remote.RemoteWebDriver.<init>(RemoteWebDriver.java:130)
	at org.openqa.selenium.chrome.ChromeDriver.<init>(ChromeDriver.java:181)
	at org.openqa.selenium.chrome.ChromeDriver.<init>(ChromeDriver.java:147)
	at com.focus.base.BaseEngine.openBrowser(BaseEngine.java:102)
	at sun.reflect.NativeMethodAccessorImpl.invoke0(Native Method)
	at sun.reflect.NativeMethodAccessorImpl.invoke(Unknown Source)
	at sun.reflect.DelegatingMethodAccessorImpl.invoke(Unknown Source)
	at java.lang.reflect.Method.invoke(Unknown Source)
	at org.testng.internal.MethodInvocationHelper.invokeMethod(MethodInvocationHelper.java:86)
	at org.testng.internal.Invoker.invokeConfigurationMethod(Invoker.java:514)
	at org.testng.internal.Invoker.invokeConfigurations(Invoker.java:215)
	at org.testng.internal.Invoker.invokeConfigurations(Invoker.java:142)
	at org.testng.SuiteRunner.privateRun(SuiteRunner.java:305)
	at org.testng.SuiteRunner.run(SuiteRunner.java:268)
	at org.testng.SuiteRunnerWorker.runSuite(SuiteRunnerWorker.java:52)
	at org.testng.SuiteRunnerWorker.run(SuiteRunnerWorker.java:86)
	at org.testng.TestNG.runSuitesSequentially(TestNG.java:1244)
	at org.testng.TestNG.runSuitesLocally(TestNG.java:1169)
	at org.testng.TestNG.run(TestNG.java:1064)
	at org.testng.remote.AbstractRemoteTestNG.run(AbstractRemoteTestNG.java:114)
	at org.testng.remote.RemoteTestNG.initAndRun(RemoteTestNG.java:251)
	at org.testng.remote.RemoteTestNG.main(RemoteTestNG.java:77)
]]>
    </error>
  </testcase> <!-- verifyDeleteBinDisplay -->
  <testcase name="verifyUpateForNewlyCreateBin" time="0.002" classname="com.focus.testcases.MasterBinsTest">
    <error type="org.openqa.selenium.SessionNotCreatedException" message="session not created: This version of ChromeDriver only supports Chrome version 78
Build info: version: &#039;3.12.0&#039;, revision: &#039;7c6e0b3&#039;, time: &#039;2018-05-08T14:04:26.12Z&#039;
System info: host: &#039;FOCUS-QA-10&#039;, ip: &#039;192.168.4.46&#039;, os.name: &#039;Windows 10&#039;, os.arch: &#039;amd64&#039;, os.version: &#039;10.0&#039;, java.version: &#039;1.8.0_111&#039;
Driver info: driver.version: ChromeDriver
remote stacktrace: Backtrace:
	Ordinal0 [0x00F0A903+1550595]
	Ordinal0 [0x00E8A701+1025793]
	Ordinal0 [0x00E0C6E5+509669]
	Ordinal0 [0x00D9FC68+64616]
	Ordinal0 [0x00D9C594+50580]
	Ordinal0 [0x00DBACE7+175335]
	Ordinal0 [0x00DBA8ED+174317]
	Ordinal0 [0x00DB8CDB+167131]
	Ordinal0 [0x00DA144A+70730]
	Ordinal0 [0x00DA24D0+74960]
	Ordinal0 [0x00DA2469+74857]
	Ordinal0 [0x00EA42C7+1131207]
	GetHandleVerifier [0x00FA70FD+523789]
	GetHandleVerifier [0x00FA6E90+523168]
	GetHandleVerifier [0x00FAE1E7+552695]
	GetHandleVerifier [0x00FA78FA+525834]
	Ordinal0 [0x00E9B7FC+1095676]
	Ordinal0 [0x00EA633B+1139515]
	Ordinal0 [0x00EA64A3+1139875]
	Ordinal0 [0x00EA5425+1135653]
	BaseThreadInitThunk [0x77B43744+36]
	RtlSetCurrentTransaction [0x77D69E54+212]
	RtlSetCurrentTransaction [0x77D69E1F+159]
">
      <![CDATA[org.openqa.selenium.SessionNotCreatedException: session not created: This version of ChromeDriver only supports Chrome version 78
Build info: version: '3.12.0', revision: '7c6e0b3', time: '2018-05-08T14:04:26.12Z'
System info: host: 'FOCUS-QA-10', ip: '192.168.4.46', os.name: 'Windows 10', os.arch: 'amd64', os.version: '10.0', java.version: '1.8.0_111'
Driver info: driver.version: ChromeDriver
remote stacktrace: Backtrace:
	Ordinal0 [0x00F0A903+1550595]
	Ordinal0 [0x00E8A701+1025793]
	Ordinal0 [0x00E0C6E5+509669]
	Ordinal0 [0x00D9FC68+64616]
	Ordinal0 [0x00D9C594+50580]
	Ordinal0 [0x00DBACE7+175335]
	Ordinal0 [0x00DBA8ED+174317]
	Ordinal0 [0x00DB8CDB+167131]
	Ordinal0 [0x00DA144A+70730]
	Ordinal0 [0x00DA24D0+74960]
	Ordinal0 [0x00DA2469+74857]
	Ordinal0 [0x00EA42C7+1131207]
	GetHandleVerifier [0x00FA70FD+523789]
	GetHandleVerifier [0x00FA6E90+523168]
	GetHandleVerifier [0x00FAE1E7+552695]
	GetHandleVerifier [0x00FA78FA+525834]
	Ordinal0 [0x00E9B7FC+1095676]
	Ordinal0 [0x00EA633B+1139515]
	Ordinal0 [0x00EA64A3+1139875]
	Ordinal0 [0x00EA5425+1135653]
	BaseThreadInitThunk [0x77B43744+36]
	RtlSetCurrentTransaction [0x77D69E54+212]
	RtlSetCurrentTransaction [0x77D69E1F+159]

	at sun.reflect.NativeConstructorAccessorImpl.newInstance0(Native Method)
	at sun.reflect.NativeConstructorAccessorImpl.newInstance(Unknown Source)
	at sun.reflect.DelegatingConstructorAccessorImpl.newInstance(Unknown Source)
	at java.lang.reflect.Constructor.newInstance(Unknown Source)
	at org.openqa.selenium.remote.W3CHandshakeResponse.lambda$new$0(W3CHandshakeResponse.java:57)
	at org.openqa.selenium.remote.W3CHandshakeResponse.lambda$getResponseFunction$2(W3CHandshakeResponse.java:104)
	at org.openqa.selenium.remote.ProtocolHandshake.lambda$createSession$0(ProtocolHandshake.java:123)
	at java.util.stream.ReferencePipeline$3$1.accept(Unknown Source)
	at java.util.Spliterators$ArraySpliterator.tryAdvance(Unknown Source)
	at java.util.stream.ReferencePipeline.forEachWithCancel(Unknown Source)
	at java.util.stream.AbstractPipeline.copyIntoWithCancel(Unknown Source)
	at java.util.stream.AbstractPipeline.copyInto(Unknown Source)
	at java.util.stream.AbstractPipeline.wrapAndCopyInto(Unknown Source)
	at java.util.stream.FindOps$FindOp.evaluateSequential(Unknown Source)
	at java.util.stream.AbstractPipeline.evaluate(Unknown Source)
	at java.util.stream.ReferencePipeline.findFirst(Unknown Source)
	at org.openqa.selenium.remote.ProtocolHandshake.createSession(ProtocolHandshake.java:126)
	at org.openqa.selenium.remote.ProtocolHandshake.createSession(ProtocolHandshake.java:73)
	at org.openqa.selenium.remote.HttpCommandExecutor.execute(HttpCommandExecutor.java:136)
	at org.openqa.selenium.remote.service.DriverCommandExecutor.execute(DriverCommandExecutor.java:83)
	at org.openqa.selenium.remote.RemoteWebDriver.execute(RemoteWebDriver.java:543)
	at org.openqa.selenium.remote.RemoteWebDriver.startSession(RemoteWebDriver.java:207)
	at org.openqa.selenium.remote.RemoteWebDriver.<init>(RemoteWebDriver.java:130)
	at org.openqa.selenium.chrome.ChromeDriver.<init>(ChromeDriver.java:181)
	at org.openqa.selenium.chrome.ChromeDriver.<init>(ChromeDriver.java:147)
	at com.focus.base.BaseEngine.openBrowser(BaseEngine.java:102)
	at sun.reflect.NativeMethodAccessorImpl.invoke0(Native Method)
	at sun.reflect.NativeMethodAccessorImpl.invoke(Unknown Source)
	at sun.reflect.DelegatingMethodAccessorImpl.invoke(Unknown Source)
	at java.lang.reflect.Method.invoke(Unknown Source)
	at org.testng.internal.MethodInvocationHelper.invokeMethod(MethodInvocationHelper.java:86)
	at org.testng.internal.Invoker.invokeConfigurationMethod(Invoker.java:514)
	at org.testng.internal.Invoker.invokeConfigurations(Invoker.java:215)
	at org.testng.internal.Invoker.invokeConfigurations(Invoker.java:142)
	at org.testng.SuiteRunner.privateRun(SuiteRunner.java:305)
	at org.testng.SuiteRunner.run(SuiteRunner.java:268)
	at org.testng.SuiteRunnerWorker.runSuite(SuiteRunnerWorker.java:52)
	at org.testng.SuiteRunnerWorker.run(SuiteRunnerWorker.java:86)
	at org.testng.TestNG.runSuitesSequentially(TestNG.java:1244)
	at org.testng.TestNG.runSuitesLocally(TestNG.java:1169)
	at org.testng.TestNG.run(TestNG.java:1064)
	at org.testng.remote.AbstractRemoteTestNG.run(AbstractRemoteTestNG.java:114)
	at org.testng.remote.RemoteTestNG.initAndRun(RemoteTestNG.java:251)
	at org.testng.remote.RemoteTestNG.main(RemoteTestNG.java:77)
]]>
    </error>
  </testcase> <!-- verifyUpateForNewlyCreateBin -->
  <testcase name="verifyOkInDeleteValidationMessage" time="0.001" classname="com.focus.testcases.MasterBinsTest">
    <error type="org.openqa.selenium.SessionNotCreatedException" message="session not created: This version of ChromeDriver only supports Chrome version 78
Build info: version: &#039;3.12.0&#039;, revision: &#039;7c6e0b3&#039;, time: &#039;2018-05-08T14:04:26.12Z&#039;
System info: host: &#039;FOCUS-QA-10&#039;, ip: &#039;192.168.4.46&#039;, os.name: &#039;Windows 10&#039;, os.arch: &#039;amd64&#039;, os.version: &#039;10.0&#039;, java.version: &#039;1.8.0_111&#039;
Driver info: driver.version: ChromeDriver
remote stacktrace: Backtrace:
	Ordinal0 [0x00F0A903+1550595]
	Ordinal0 [0x00E8A701+1025793]
	Ordinal0 [0x00E0C6E5+509669]
	Ordinal0 [0x00D9FC68+64616]
	Ordinal0 [0x00D9C594+50580]
	Ordinal0 [0x00DBACE7+175335]
	Ordinal0 [0x00DBA8ED+174317]
	Ordinal0 [0x00DB8CDB+167131]
	Ordinal0 [0x00DA144A+70730]
	Ordinal0 [0x00DA24D0+74960]
	Ordinal0 [0x00DA2469+74857]
	Ordinal0 [0x00EA42C7+1131207]
	GetHandleVerifier [0x00FA70FD+523789]
	GetHandleVerifier [0x00FA6E90+523168]
	GetHandleVerifier [0x00FAE1E7+552695]
	GetHandleVerifier [0x00FA78FA+525834]
	Ordinal0 [0x00E9B7FC+1095676]
	Ordinal0 [0x00EA633B+1139515]
	Ordinal0 [0x00EA64A3+1139875]
	Ordinal0 [0x00EA5425+1135653]
	BaseThreadInitThunk [0x77B43744+36]
	RtlSetCurrentTransaction [0x77D69E54+212]
	RtlSetCurrentTransaction [0x77D69E1F+159]
">
      <![CDATA[org.openqa.selenium.SessionNotCreatedException: session not created: This version of ChromeDriver only supports Chrome version 78
Build info: version: '3.12.0', revision: '7c6e0b3', time: '2018-05-08T14:04:26.12Z'
System info: host: 'FOCUS-QA-10', ip: '192.168.4.46', os.name: 'Windows 10', os.arch: 'amd64', os.version: '10.0', java.version: '1.8.0_111'
Driver info: driver.version: ChromeDriver
remote stacktrace: Backtrace:
	Ordinal0 [0x00F0A903+1550595]
	Ordinal0 [0x00E8A701+1025793]
	Ordinal0 [0x00E0C6E5+509669]
	Ordinal0 [0x00D9FC68+64616]
	Ordinal0 [0x00D9C594+50580]
	Ordinal0 [0x00DBACE7+175335]
	Ordinal0 [0x00DBA8ED+174317]
	Ordinal0 [0x00DB8CDB+167131]
	Ordinal0 [0x00DA144A+70730]
	Ordinal0 [0x00DA24D0+74960]
	Ordinal0 [0x00DA2469+74857]
	Ordinal0 [0x00EA42C7+1131207]
	GetHandleVerifier [0x00FA70FD+523789]
	GetHandleVerifier [0x00FA6E90+523168]
	GetHandleVerifier [0x00FAE1E7+552695]
	GetHandleVerifier [0x00FA78FA+525834]
	Ordinal0 [0x00E9B7FC+1095676]
	Ordinal0 [0x00EA633B+1139515]
	Ordinal0 [0x00EA64A3+1139875]
	Ordinal0 [0x00EA5425+1135653]
	BaseThreadInitThunk [0x77B43744+36]
	RtlSetCurrentTransaction [0x77D69E54+212]
	RtlSetCurrentTransaction [0x77D69E1F+159]

	at sun.reflect.NativeConstructorAccessorImpl.newInstance0(Native Method)
	at sun.reflect.NativeConstructorAccessorImpl.newInstance(Unknown Source)
	at sun.reflect.DelegatingConstructorAccessorImpl.newInstance(Unknown Source)
	at java.lang.reflect.Constructor.newInstance(Unknown Source)
	at org.openqa.selenium.remote.W3CHandshakeResponse.lambda$new$0(W3CHandshakeResponse.java:57)
	at org.openqa.selenium.remote.W3CHandshakeResponse.lambda$getResponseFunction$2(W3CHandshakeResponse.java:104)
	at org.openqa.selenium.remote.ProtocolHandshake.lambda$createSession$0(ProtocolHandshake.java:123)
	at java.util.stream.ReferencePipeline$3$1.accept(Unknown Source)
	at java.util.Spliterators$ArraySpliterator.tryAdvance(Unknown Source)
	at java.util.stream.ReferencePipeline.forEachWithCancel(Unknown Source)
	at java.util.stream.AbstractPipeline.copyIntoWithCancel(Unknown Source)
	at java.util.stream.AbstractPipeline.copyInto(Unknown Source)
	at java.util.stream.AbstractPipeline.wrapAndCopyInto(Unknown Source)
	at java.util.stream.FindOps$FindOp.evaluateSequential(Unknown Source)
	at java.util.stream.AbstractPipeline.evaluate(Unknown Source)
	at java.util.stream.ReferencePipeline.findFirst(Unknown Source)
	at org.openqa.selenium.remote.ProtocolHandshake.createSession(ProtocolHandshake.java:126)
	at org.openqa.selenium.remote.ProtocolHandshake.createSession(ProtocolHandshake.java:73)
	at org.openqa.selenium.remote.HttpCommandExecutor.execute(HttpCommandExecutor.java:136)
	at org.openqa.selenium.remote.service.DriverCommandExecutor.execute(DriverCommandExecutor.java:83)
	at org.openqa.selenium.remote.RemoteWebDriver.execute(RemoteWebDriver.java:543)
	at org.openqa.selenium.remote.RemoteWebDriver.startSession(RemoteWebDriver.java:207)
	at org.openqa.selenium.remote.RemoteWebDriver.<init>(RemoteWebDriver.java:130)
	at org.openqa.selenium.chrome.ChromeDriver.<init>(ChromeDriver.java:181)
	at org.openqa.selenium.chrome.ChromeDriver.<init>(ChromeDriver.java:147)
	at com.focus.base.BaseEngine.openBrowser(BaseEngine.java:102)
	at sun.reflect.NativeMethodAccessorImpl.invoke0(Native Method)
	at sun.reflect.NativeMethodAccessorImpl.invoke(Unknown Source)
	at sun.reflect.DelegatingMethodAccessorImpl.invoke(Unknown Source)
	at java.lang.reflect.Method.invoke(Unknown Source)
	at org.testng.internal.MethodInvocationHelper.invokeMethod(MethodInvocationHelper.java:86)
	at org.testng.internal.Invoker.invokeConfigurationMethod(Invoker.java:514)
	at org.testng.internal.Invoker.invokeConfigurations(Invoker.java:215)
	at org.testng.internal.Invoker.invokeConfigurations(Invoker.java:142)
	at org.testng.SuiteRunner.privateRun(SuiteRunner.java:305)
	at org.testng.SuiteRunner.run(SuiteRunner.java:268)
	at org.testng.SuiteRunnerWorker.runSuite(SuiteRunnerWorker.java:52)
	at org.testng.SuiteRunnerWorker.run(SuiteRunnerWorker.java:86)
	at org.testng.TestNG.runSuitesSequentially(TestNG.java:1244)
	at org.testng.TestNG.runSuitesLocally(TestNG.java:1169)
	at org.testng.TestNG.run(TestNG.java:1064)
	at org.testng.remote.AbstractRemoteTestNG.run(AbstractRemoteTestNG.java:114)
	at org.testng.remote.RemoteTestNG.initAndRun(RemoteTestNG.java:251)
	at org.testng.remote.RemoteTestNG.main(RemoteTestNG.java:77)
]]>
    </error>
  </testcase> <!-- verifyOkInDeleteValidationMessage -->
  <testcase name="verifyUpateForNewlyCreateAddGroupBin" time="0.000" classname="com.focus.testcases.MasterBinsTest">
    <error type="org.openqa.selenium.SessionNotCreatedException" message="session not created: This version of ChromeDriver only supports Chrome version 78
Build info: version: &#039;3.12.0&#039;, revision: &#039;7c6e0b3&#039;, time: &#039;2018-05-08T14:04:26.12Z&#039;
System info: host: &#039;FOCUS-QA-10&#039;, ip: &#039;192.168.4.46&#039;, os.name: &#039;Windows 10&#039;, os.arch: &#039;amd64&#039;, os.version: &#039;10.0&#039;, java.version: &#039;1.8.0_111&#039;
Driver info: driver.version: ChromeDriver
remote stacktrace: Backtrace:
	Ordinal0 [0x00F0A903+1550595]
	Ordinal0 [0x00E8A701+1025793]
	Ordinal0 [0x00E0C6E5+509669]
	Ordinal0 [0x00D9FC68+64616]
	Ordinal0 [0x00D9C594+50580]
	Ordinal0 [0x00DBACE7+175335]
	Ordinal0 [0x00DBA8ED+174317]
	Ordinal0 [0x00DB8CDB+167131]
	Ordinal0 [0x00DA144A+70730]
	Ordinal0 [0x00DA24D0+74960]
	Ordinal0 [0x00DA2469+74857]
	Ordinal0 [0x00EA42C7+1131207]
	GetHandleVerifier [0x00FA70FD+523789]
	GetHandleVerifier [0x00FA6E90+523168]
	GetHandleVerifier [0x00FAE1E7+552695]
	GetHandleVerifier [0x00FA78FA+525834]
	Ordinal0 [0x00E9B7FC+1095676]
	Ordinal0 [0x00EA633B+1139515]
	Ordinal0 [0x00EA64A3+1139875]
	Ordinal0 [0x00EA5425+1135653]
	BaseThreadInitThunk [0x77B43744+36]
	RtlSetCurrentTransaction [0x77D69E54+212]
	RtlSetCurrentTransaction [0x77D69E1F+159]
">
      <![CDATA[org.openqa.selenium.SessionNotCreatedException: session not created: This version of ChromeDriver only supports Chrome version 78
Build info: version: '3.12.0', revision: '7c6e0b3', time: '2018-05-08T14:04:26.12Z'
System info: host: 'FOCUS-QA-10', ip: '192.168.4.46', os.name: 'Windows 10', os.arch: 'amd64', os.version: '10.0', java.version: '1.8.0_111'
Driver info: driver.version: ChromeDriver
remote stacktrace: Backtrace:
	Ordinal0 [0x00F0A903+1550595]
	Ordinal0 [0x00E8A701+1025793]
	Ordinal0 [0x00E0C6E5+509669]
	Ordinal0 [0x00D9FC68+64616]
	Ordinal0 [0x00D9C594+50580]
	Ordinal0 [0x00DBACE7+175335]
	Ordinal0 [0x00DBA8ED+174317]
	Ordinal0 [0x00DB8CDB+167131]
	Ordinal0 [0x00DA144A+70730]
	Ordinal0 [0x00DA24D0+74960]
	Ordinal0 [0x00DA2469+74857]
	Ordinal0 [0x00EA42C7+1131207]
	GetHandleVerifier [0x00FA70FD+523789]
	GetHandleVerifier [0x00FA6E90+523168]
	GetHandleVerifier [0x00FAE1E7+552695]
	GetHandleVerifier [0x00FA78FA+525834]
	Ordinal0 [0x00E9B7FC+1095676]
	Ordinal0 [0x00EA633B+1139515]
	Ordinal0 [0x00EA64A3+1139875]
	Ordinal0 [0x00EA5425+1135653]
	BaseThreadInitThunk [0x77B43744+36]
	RtlSetCurrentTransaction [0x77D69E54+212]
	RtlSetCurrentTransaction [0x77D69E1F+159]

	at sun.reflect.NativeConstructorAccessorImpl.newInstance0(Native Method)
	at sun.reflect.NativeConstructorAccessorImpl.newInstance(Unknown Source)
	at sun.reflect.DelegatingConstructorAccessorImpl.newInstance(Unknown Source)
	at java.lang.reflect.Constructor.newInstance(Unknown Source)
	at org.openqa.selenium.remote.W3CHandshakeResponse.lambda$new$0(W3CHandshakeResponse.java:57)
	at org.openqa.selenium.remote.W3CHandshakeResponse.lambda$getResponseFunction$2(W3CHandshakeResponse.java:104)
	at org.openqa.selenium.remote.ProtocolHandshake.lambda$createSession$0(ProtocolHandshake.java:123)
	at java.util.stream.ReferencePipeline$3$1.accept(Unknown Source)
	at java.util.Spliterators$ArraySpliterator.tryAdvance(Unknown Source)
	at java.util.stream.ReferencePipeline.forEachWithCancel(Unknown Source)
	at java.util.stream.AbstractPipeline.copyIntoWithCancel(Unknown Source)
	at java.util.stream.AbstractPipeline.copyInto(Unknown Source)
	at java.util.stream.AbstractPipeline.wrapAndCopyInto(Unknown Source)
	at java.util.stream.FindOps$FindOp.evaluateSequential(Unknown Source)
	at java.util.stream.AbstractPipeline.evaluate(Unknown Source)
	at java.util.stream.ReferencePipeline.findFirst(Unknown Source)
	at org.openqa.selenium.remote.ProtocolHandshake.createSession(ProtocolHandshake.java:126)
	at org.openqa.selenium.remote.ProtocolHandshake.createSession(ProtocolHandshake.java:73)
	at org.openqa.selenium.remote.HttpCommandExecutor.execute(HttpCommandExecutor.java:136)
	at org.openqa.selenium.remote.service.DriverCommandExecutor.execute(DriverCommandExecutor.java:83)
	at org.openqa.selenium.remote.RemoteWebDriver.execute(RemoteWebDriver.java:543)
	at org.openqa.selenium.remote.RemoteWebDriver.startSession(RemoteWebDriver.java:207)
	at org.openqa.selenium.remote.RemoteWebDriver.<init>(RemoteWebDriver.java:130)
	at org.openqa.selenium.chrome.ChromeDriver.<init>(ChromeDriver.java:181)
	at org.openqa.selenium.chrome.ChromeDriver.<init>(ChromeDriver.java:147)
	at com.focus.base.BaseEngine.openBrowser(BaseEngine.java:102)
	at sun.reflect.NativeMethodAccessorImpl.invoke0(Native Method)
	at sun.reflect.NativeMethodAccessorImpl.invoke(Unknown Source)
	at sun.reflect.DelegatingMethodAccessorImpl.invoke(Unknown Source)
	at java.lang.reflect.Method.invoke(Unknown Source)
	at org.testng.internal.MethodInvocationHelper.invokeMethod(MethodInvocationHelper.java:86)
	at org.testng.internal.Invoker.invokeConfigurationMethod(Invoker.java:514)
	at org.testng.internal.Invoker.invokeConfigurations(Invoker.java:215)
	at org.testng.internal.Invoker.invokeConfigurations(Invoker.java:142)
	at org.testng.SuiteRunner.privateRun(SuiteRunner.java:305)
	at org.testng.SuiteRunner.run(SuiteRunner.java:268)
	at org.testng.SuiteRunnerWorker.runSuite(SuiteRunnerWorker.java:52)
	at org.testng.SuiteRunnerWorker.run(SuiteRunnerWorker.java:86)
	at org.testng.TestNG.runSuitesSequentially(TestNG.java:1244)
	at org.testng.TestNG.runSuitesLocally(TestNG.java:1169)
	at org.testng.TestNG.run(TestNG.java:1064)
	at org.testng.remote.AbstractRemoteTestNG.run(AbstractRemoteTestNG.java:114)
	at org.testng.remote.RemoteTestNG.initAndRun(RemoteTestNG.java:251)
	at org.testng.remote.RemoteTestNG.main(RemoteTestNG.java:77)
]]>
    </error>
  </testcase> <!-- verifyUpateForNewlyCreateAddGroupBin -->
  <testcase name="verifyCreateNewBinForDeleteOptionValidationMessage" time="0.000" classname="com.focus.testcases.MasterBinsTest">
    <error type="org.openqa.selenium.SessionNotCreatedException" message="session not created: This version of ChromeDriver only supports Chrome version 78
Build info: version: &#039;3.12.0&#039;, revision: &#039;7c6e0b3&#039;, time: &#039;2018-05-08T14:04:26.12Z&#039;
System info: host: &#039;FOCUS-QA-10&#039;, ip: &#039;192.168.4.46&#039;, os.name: &#039;Windows 10&#039;, os.arch: &#039;amd64&#039;, os.version: &#039;10.0&#039;, java.version: &#039;1.8.0_111&#039;
Driver info: driver.version: ChromeDriver
remote stacktrace: Backtrace:
	Ordinal0 [0x00F0A903+1550595]
	Ordinal0 [0x00E8A701+1025793]
	Ordinal0 [0x00E0C6E5+509669]
	Ordinal0 [0x00D9FC68+64616]
	Ordinal0 [0x00D9C594+50580]
	Ordinal0 [0x00DBACE7+175335]
	Ordinal0 [0x00DBA8ED+174317]
	Ordinal0 [0x00DB8CDB+167131]
	Ordinal0 [0x00DA144A+70730]
	Ordinal0 [0x00DA24D0+74960]
	Ordinal0 [0x00DA2469+74857]
	Ordinal0 [0x00EA42C7+1131207]
	GetHandleVerifier [0x00FA70FD+523789]
	GetHandleVerifier [0x00FA6E90+523168]
	GetHandleVerifier [0x00FAE1E7+552695]
	GetHandleVerifier [0x00FA78FA+525834]
	Ordinal0 [0x00E9B7FC+1095676]
	Ordinal0 [0x00EA633B+1139515]
	Ordinal0 [0x00EA64A3+1139875]
	Ordinal0 [0x00EA5425+1135653]
	BaseThreadInitThunk [0x77B43744+36]
	RtlSetCurrentTransaction [0x77D69E54+212]
	RtlSetCurrentTransaction [0x77D69E1F+159]
">
      <![CDATA[org.openqa.selenium.SessionNotCreatedException: session not created: This version of ChromeDriver only supports Chrome version 78
Build info: version: '3.12.0', revision: '7c6e0b3', time: '2018-05-08T14:04:26.12Z'
System info: host: 'FOCUS-QA-10', ip: '192.168.4.46', os.name: 'Windows 10', os.arch: 'amd64', os.version: '10.0', java.version: '1.8.0_111'
Driver info: driver.version: ChromeDriver
remote stacktrace: Backtrace:
	Ordinal0 [0x00F0A903+1550595]
	Ordinal0 [0x00E8A701+1025793]
	Ordinal0 [0x00E0C6E5+509669]
	Ordinal0 [0x00D9FC68+64616]
	Ordinal0 [0x00D9C594+50580]
	Ordinal0 [0x00DBACE7+175335]
	Ordinal0 [0x00DBA8ED+174317]
	Ordinal0 [0x00DB8CDB+167131]
	Ordinal0 [0x00DA144A+70730]
	Ordinal0 [0x00DA24D0+74960]
	Ordinal0 [0x00DA2469+74857]
	Ordinal0 [0x00EA42C7+1131207]
	GetHandleVerifier [0x00FA70FD+523789]
	GetHandleVerifier [0x00FA6E90+523168]
	GetHandleVerifier [0x00FAE1E7+552695]
	GetHandleVerifier [0x00FA78FA+525834]
	Ordinal0 [0x00E9B7FC+1095676]
	Ordinal0 [0x00EA633B+1139515]
	Ordinal0 [0x00EA64A3+1139875]
	Ordinal0 [0x00EA5425+1135653]
	BaseThreadInitThunk [0x77B43744+36]
	RtlSetCurrentTransaction [0x77D69E54+212]
	RtlSetCurrentTransaction [0x77D69E1F+159]

	at sun.reflect.NativeConstructorAccessorImpl.newInstance0(Native Method)
	at sun.reflect.NativeConstructorAccessorImpl.newInstance(Unknown Source)
	at sun.reflect.DelegatingConstructorAccessorImpl.newInstance(Unknown Source)
	at java.lang.reflect.Constructor.newInstance(Unknown Source)
	at org.openqa.selenium.remote.W3CHandshakeResponse.lambda$new$0(W3CHandshakeResponse.java:57)
	at org.openqa.selenium.remote.W3CHandshakeResponse.lambda$getResponseFunction$2(W3CHandshakeResponse.java:104)
	at org.openqa.selenium.remote.ProtocolHandshake.lambda$createSession$0(ProtocolHandshake.java:123)
	at java.util.stream.ReferencePipeline$3$1.accept(Unknown Source)
	at java.util.Spliterators$ArraySpliterator.tryAdvance(Unknown Source)
	at java.util.stream.ReferencePipeline.forEachWithCancel(Unknown Source)
	at java.util.stream.AbstractPipeline.copyIntoWithCancel(Unknown Source)
	at java.util.stream.AbstractPipeline.copyInto(Unknown Source)
	at java.util.stream.AbstractPipeline.wrapAndCopyInto(Unknown Source)
	at java.util.stream.FindOps$FindOp.evaluateSequential(Unknown Source)
	at java.util.stream.AbstractPipeline.evaluate(Unknown Source)
	at java.util.stream.ReferencePipeline.findFirst(Unknown Source)
	at org.openqa.selenium.remote.ProtocolHandshake.createSession(ProtocolHandshake.java:126)
	at org.openqa.selenium.remote.ProtocolHandshake.createSession(ProtocolHandshake.java:73)
	at org.openqa.selenium.remote.HttpCommandExecutor.execute(HttpCommandExecutor.java:136)
	at org.openqa.selenium.remote.service.DriverCommandExecutor.execute(DriverCommandExecutor.java:83)
	at org.openqa.selenium.remote.RemoteWebDriver.execute(RemoteWebDriver.java:543)
	at org.openqa.selenium.remote.RemoteWebDriver.startSession(RemoteWebDriver.java:207)
	at org.openqa.selenium.remote.RemoteWebDriver.<init>(RemoteWebDriver.java:130)
	at org.openqa.selenium.chrome.ChromeDriver.<init>(ChromeDriver.java:181)
	at org.openqa.selenium.chrome.ChromeDriver.<init>(ChromeDriver.java:147)
	at com.focus.base.BaseEngine.openBrowser(BaseEngine.java:102)
	at sun.reflect.NativeMethodAccessorImpl.invoke0(Native Method)
	at sun.reflect.NativeMethodAccessorImpl.invoke(Unknown Source)
	at sun.reflect.DelegatingMethodAccessorImpl.invoke(Unknown Source)
	at java.lang.reflect.Method.invoke(Unknown Source)
	at org.testng.internal.MethodInvocationHelper.invokeMethod(MethodInvocationHelper.java:86)
	at org.testng.internal.Invoker.invokeConfigurationMethod(Invoker.java:514)
	at org.testng.internal.Invoker.invokeConfigurations(Invoker.java:215)
	at org.testng.internal.Invoker.invokeConfigurations(Invoker.java:142)
	at org.testng.SuiteRunner.privateRun(SuiteRunner.java:305)
	at org.testng.SuiteRunner.run(SuiteRunner.java:268)
	at org.testng.SuiteRunnerWorker.runSuite(SuiteRunnerWorker.java:52)
	at org.testng.SuiteRunnerWorker.run(SuiteRunnerWorker.java:86)
	at org.testng.TestNG.runSuitesSequentially(TestNG.java:1244)
	at org.testng.TestNG.runSuitesLocally(TestNG.java:1169)
	at org.testng.TestNG.run(TestNG.java:1064)
	at org.testng.remote.AbstractRemoteTestNG.run(AbstractRemoteTestNG.java:114)
	at org.testng.remote.RemoteTestNG.initAndRun(RemoteTestNG.java:251)
	at org.testng.remote.RemoteTestNG.main(RemoteTestNG.java:77)
]]>
    </error>
  </testcase> <!-- verifyCreateNewBinForDeleteOptionValidationMessage -->
  <testcase name="verifyCreateViewToggleOptionsBinsMenu" time="0.000" classname="com.focus.testcases.MasterBinsTest">
    <error type="org.openqa.selenium.SessionNotCreatedException" message="session not created: This version of ChromeDriver only supports Chrome version 78
Build info: version: &#039;3.12.0&#039;, revision: &#039;7c6e0b3&#039;, time: &#039;2018-05-08T14:04:26.12Z&#039;
System info: host: &#039;FOCUS-QA-10&#039;, ip: &#039;192.168.4.46&#039;, os.name: &#039;Windows 10&#039;, os.arch: &#039;amd64&#039;, os.version: &#039;10.0&#039;, java.version: &#039;1.8.0_111&#039;
Driver info: driver.version: ChromeDriver
remote stacktrace: Backtrace:
	Ordinal0 [0x00F0A903+1550595]
	Ordinal0 [0x00E8A701+1025793]
	Ordinal0 [0x00E0C6E5+509669]
	Ordinal0 [0x00D9FC68+64616]
	Ordinal0 [0x00D9C594+50580]
	Ordinal0 [0x00DBACE7+175335]
	Ordinal0 [0x00DBA8ED+174317]
	Ordinal0 [0x00DB8CDB+167131]
	Ordinal0 [0x00DA144A+70730]
	Ordinal0 [0x00DA24D0+74960]
	Ordinal0 [0x00DA2469+74857]
	Ordinal0 [0x00EA42C7+1131207]
	GetHandleVerifier [0x00FA70FD+523789]
	GetHandleVerifier [0x00FA6E90+523168]
	GetHandleVerifier [0x00FAE1E7+552695]
	GetHandleVerifier [0x00FA78FA+525834]
	Ordinal0 [0x00E9B7FC+1095676]
	Ordinal0 [0x00EA633B+1139515]
	Ordinal0 [0x00EA64A3+1139875]
	Ordinal0 [0x00EA5425+1135653]
	BaseThreadInitThunk [0x77B43744+36]
	RtlSetCurrentTransaction [0x77D69E54+212]
	RtlSetCurrentTransaction [0x77D69E1F+159]
">
      <![CDATA[org.openqa.selenium.SessionNotCreatedException: session not created: This version of ChromeDriver only supports Chrome version 78
Build info: version: '3.12.0', revision: '7c6e0b3', time: '2018-05-08T14:04:26.12Z'
System info: host: 'FOCUS-QA-10', ip: '192.168.4.46', os.name: 'Windows 10', os.arch: 'amd64', os.version: '10.0', java.version: '1.8.0_111'
Driver info: driver.version: ChromeDriver
remote stacktrace: Backtrace:
	Ordinal0 [0x00F0A903+1550595]
	Ordinal0 [0x00E8A701+1025793]
	Ordinal0 [0x00E0C6E5+509669]
	Ordinal0 [0x00D9FC68+64616]
	Ordinal0 [0x00D9C594+50580]
	Ordinal0 [0x00DBACE7+175335]
	Ordinal0 [0x00DBA8ED+174317]
	Ordinal0 [0x00DB8CDB+167131]
	Ordinal0 [0x00DA144A+70730]
	Ordinal0 [0x00DA24D0+74960]
	Ordinal0 [0x00DA2469+74857]
	Ordinal0 [0x00EA42C7+1131207]
	GetHandleVerifier [0x00FA70FD+523789]
	GetHandleVerifier [0x00FA6E90+523168]
	GetHandleVerifier [0x00FAE1E7+552695]
	GetHandleVerifier [0x00FA78FA+525834]
	Ordinal0 [0x00E9B7FC+1095676]
	Ordinal0 [0x00EA633B+1139515]
	Ordinal0 [0x00EA64A3+1139875]
	Ordinal0 [0x00EA5425+1135653]
	BaseThreadInitThunk [0x77B43744+36]
	RtlSetCurrentTransaction [0x77D69E54+212]
	RtlSetCurrentTransaction [0x77D69E1F+159]

	at sun.reflect.NativeConstructorAccessorImpl.newInstance0(Native Method)
	at sun.reflect.NativeConstructorAccessorImpl.newInstance(Unknown Source)
	at sun.reflect.DelegatingConstructorAccessorImpl.newInstance(Unknown Source)
	at java.lang.reflect.Constructor.newInstance(Unknown Source)
	at org.openqa.selenium.remote.W3CHandshakeResponse.lambda$new$0(W3CHandshakeResponse.java:57)
	at org.openqa.selenium.remote.W3CHandshakeResponse.lambda$getResponseFunction$2(W3CHandshakeResponse.java:104)
	at org.openqa.selenium.remote.ProtocolHandshake.lambda$createSession$0(ProtocolHandshake.java:123)
	at java.util.stream.ReferencePipeline$3$1.accept(Unknown Source)
	at java.util.Spliterators$ArraySpliterator.tryAdvance(Unknown Source)
	at java.util.stream.ReferencePipeline.forEachWithCancel(Unknown Source)
	at java.util.stream.AbstractPipeline.copyIntoWithCancel(Unknown Source)
	at java.util.stream.AbstractPipeline.copyInto(Unknown Source)
	at java.util.stream.AbstractPipeline.wrapAndCopyInto(Unknown Source)
	at java.util.stream.FindOps$FindOp.evaluateSequential(Unknown Source)
	at java.util.stream.AbstractPipeline.evaluate(Unknown Source)
	at java.util.stream.ReferencePipeline.findFirst(Unknown Source)
	at org.openqa.selenium.remote.ProtocolHandshake.createSession(ProtocolHandshake.java:126)
	at org.openqa.selenium.remote.ProtocolHandshake.createSession(ProtocolHandshake.java:73)
	at org.openqa.selenium.remote.HttpCommandExecutor.execute(HttpCommandExecutor.java:136)
	at org.openqa.selenium.remote.service.DriverCommandExecutor.execute(DriverCommandExecutor.java:83)
	at org.openqa.selenium.remote.RemoteWebDriver.execute(RemoteWebDriver.java:543)
	at org.openqa.selenium.remote.RemoteWebDriver.startSession(RemoteWebDriver.java:207)
	at org.openqa.selenium.remote.RemoteWebDriver.<init>(RemoteWebDriver.java:130)
	at org.openqa.selenium.chrome.ChromeDriver.<init>(ChromeDriver.java:181)
	at org.openqa.selenium.chrome.ChromeDriver.<init>(ChromeDriver.java:147)
	at com.focus.base.BaseEngine.openBrowser(BaseEngine.java:102)
	at sun.reflect.NativeMethodAccessorImpl.invoke0(Native Method)
	at sun.reflect.NativeMethodAccessorImpl.invoke(Unknown Source)
	at sun.reflect.DelegatingMethodAccessorImpl.invoke(Unknown Source)
	at java.lang.reflect.Method.invoke(Unknown Source)
	at org.testng.internal.MethodInvocationHelper.invokeMethod(MethodInvocationHelper.java:86)
	at org.testng.internal.Invoker.invokeConfigurationMethod(Invoker.java:514)
	at org.testng.internal.Invoker.invokeConfigurations(Invoker.java:215)
	at org.testng.internal.Invoker.invokeConfigurations(Invoker.java:142)
	at org.testng.SuiteRunner.privateRun(SuiteRunner.java:305)
	at org.testng.SuiteRunner.run(SuiteRunner.java:268)
	at org.testng.SuiteRunnerWorker.runSuite(SuiteRunnerWorker.java:52)
	at org.testng.SuiteRunnerWorker.run(SuiteRunnerWorker.java:86)
	at org.testng.TestNG.runSuitesSequentially(TestNG.java:1244)
	at org.testng.TestNG.runSuitesLocally(TestNG.java:1169)
	at org.testng.TestNG.run(TestNG.java:1064)
	at org.testng.remote.AbstractRemoteTestNG.run(AbstractRemoteTestNG.java:114)
	at org.testng.remote.RemoteTestNG.initAndRun(RemoteTestNG.java:251)
	at org.testng.remote.RemoteTestNG.main(RemoteTestNG.java:77)
]]>
    </error>
  </testcase> <!-- verifyCreateViewToggleOptionsBinsMenu -->
  <testcase name="verifyTreeViewOptionsBinsMenu" time="0.005" classname="com.focus.testcases.MasterBinsTest">
    <error type="org.openqa.selenium.SessionNotCreatedException" message="session not created: This version of ChromeDriver only supports Chrome version 78
Build info: version: &#039;3.12.0&#039;, revision: &#039;7c6e0b3&#039;, time: &#039;2018-05-08T14:04:26.12Z&#039;
System info: host: &#039;FOCUS-QA-10&#039;, ip: &#039;192.168.4.46&#039;, os.name: &#039;Windows 10&#039;, os.arch: &#039;amd64&#039;, os.version: &#039;10.0&#039;, java.version: &#039;1.8.0_111&#039;
Driver info: driver.version: ChromeDriver
remote stacktrace: Backtrace:
	Ordinal0 [0x00F0A903+1550595]
	Ordinal0 [0x00E8A701+1025793]
	Ordinal0 [0x00E0C6E5+509669]
	Ordinal0 [0x00D9FC68+64616]
	Ordinal0 [0x00D9C594+50580]
	Ordinal0 [0x00DBACE7+175335]
	Ordinal0 [0x00DBA8ED+174317]
	Ordinal0 [0x00DB8CDB+167131]
	Ordinal0 [0x00DA144A+70730]
	Ordinal0 [0x00DA24D0+74960]
	Ordinal0 [0x00DA2469+74857]
	Ordinal0 [0x00EA42C7+1131207]
	GetHandleVerifier [0x00FA70FD+523789]
	GetHandleVerifier [0x00FA6E90+523168]
	GetHandleVerifier [0x00FAE1E7+552695]
	GetHandleVerifier [0x00FA78FA+525834]
	Ordinal0 [0x00E9B7FC+1095676]
	Ordinal0 [0x00EA633B+1139515]
	Ordinal0 [0x00EA64A3+1139875]
	Ordinal0 [0x00EA5425+1135653]
	BaseThreadInitThunk [0x77B43744+36]
	RtlSetCurrentTransaction [0x77D69E54+212]
	RtlSetCurrentTransaction [0x77D69E1F+159]
">
      <![CDATA[org.openqa.selenium.SessionNotCreatedException: session not created: This version of ChromeDriver only supports Chrome version 78
Build info: version: '3.12.0', revision: '7c6e0b3', time: '2018-05-08T14:04:26.12Z'
System info: host: 'FOCUS-QA-10', ip: '192.168.4.46', os.name: 'Windows 10', os.arch: 'amd64', os.version: '10.0', java.version: '1.8.0_111'
Driver info: driver.version: ChromeDriver
remote stacktrace: Backtrace:
	Ordinal0 [0x00F0A903+1550595]
	Ordinal0 [0x00E8A701+1025793]
	Ordinal0 [0x00E0C6E5+509669]
	Ordinal0 [0x00D9FC68+64616]
	Ordinal0 [0x00D9C594+50580]
	Ordinal0 [0x00DBACE7+175335]
	Ordinal0 [0x00DBA8ED+174317]
	Ordinal0 [0x00DB8CDB+167131]
	Ordinal0 [0x00DA144A+70730]
	Ordinal0 [0x00DA24D0+74960]
	Ordinal0 [0x00DA2469+74857]
	Ordinal0 [0x00EA42C7+1131207]
	GetHandleVerifier [0x00FA70FD+523789]
	GetHandleVerifier [0x00FA6E90+523168]
	GetHandleVerifier [0x00FAE1E7+552695]
	GetHandleVerifier [0x00FA78FA+525834]
	Ordinal0 [0x00E9B7FC+1095676]
	Ordinal0 [0x00EA633B+1139515]
	Ordinal0 [0x00EA64A3+1139875]
	Ordinal0 [0x00EA5425+1135653]
	BaseThreadInitThunk [0x77B43744+36]
	RtlSetCurrentTransaction [0x77D69E54+212]
	RtlSetCurrentTransaction [0x77D69E1F+159]

	at sun.reflect.NativeConstructorAccessorImpl.newInstance0(Native Method)
	at sun.reflect.NativeConstructorAccessorImpl.newInstance(Unknown Source)
	at sun.reflect.DelegatingConstructorAccessorImpl.newInstance(Unknown Source)
	at java.lang.reflect.Constructor.newInstance(Unknown Source)
	at org.openqa.selenium.remote.W3CHandshakeResponse.lambda$new$0(W3CHandshakeResponse.java:57)
	at org.openqa.selenium.remote.W3CHandshakeResponse.lambda$getResponseFunction$2(W3CHandshakeResponse.java:104)
	at org.openqa.selenium.remote.ProtocolHandshake.lambda$createSession$0(ProtocolHandshake.java:123)
	at java.util.stream.ReferencePipeline$3$1.accept(Unknown Source)
	at java.util.Spliterators$ArraySpliterator.tryAdvance(Unknown Source)
	at java.util.stream.ReferencePipeline.forEachWithCancel(Unknown Source)
	at java.util.stream.AbstractPipeline.copyIntoWithCancel(Unknown Source)
	at java.util.stream.AbstractPipeline.copyInto(Unknown Source)
	at java.util.stream.AbstractPipeline.wrapAndCopyInto(Unknown Source)
	at java.util.stream.FindOps$FindOp.evaluateSequential(Unknown Source)
	at java.util.stream.AbstractPipeline.evaluate(Unknown Source)
	at java.util.stream.ReferencePipeline.findFirst(Unknown Source)
	at org.openqa.selenium.remote.ProtocolHandshake.createSession(ProtocolHandshake.java:126)
	at org.openqa.selenium.remote.ProtocolHandshake.createSession(ProtocolHandshake.java:73)
	at org.openqa.selenium.remote.HttpCommandExecutor.execute(HttpCommandExecutor.java:136)
	at org.openqa.selenium.remote.service.DriverCommandExecutor.execute(DriverCommandExecutor.java:83)
	at org.openqa.selenium.remote.RemoteWebDriver.execute(RemoteWebDriver.java:543)
	at org.openqa.selenium.remote.RemoteWebDriver.startSession(RemoteWebDriver.java:207)
	at org.openqa.selenium.remote.RemoteWebDriver.<init>(RemoteWebDriver.java:130)
	at org.openqa.selenium.chrome.ChromeDriver.<init>(ChromeDriver.java:181)
	at org.openqa.selenium.chrome.ChromeDriver.<init>(ChromeDriver.java:147)
	at com.focus.base.BaseEngine.openBrowser(BaseEngine.java:102)
	at sun.reflect.NativeMethodAccessorImpl.invoke0(Native Method)
	at sun.reflect.NativeMethodAccessorImpl.invoke(Unknown Source)
	at sun.reflect.DelegatingMethodAccessorImpl.invoke(Unknown Source)
	at java.lang.reflect.Method.invoke(Unknown Source)
	at org.testng.internal.MethodInvocationHelper.invokeMethod(MethodInvocationHelper.java:86)
	at org.testng.internal.Invoker.invokeConfigurationMethod(Invoker.java:514)
	at org.testng.internal.Invoker.invokeConfigurations(Invoker.java:215)
	at org.testng.internal.Invoker.invokeConfigurations(Invoker.java:142)
	at org.testng.SuiteRunner.privateRun(SuiteRunner.java:305)
	at org.testng.SuiteRunner.run(SuiteRunner.java:268)
	at org.testng.SuiteRunnerWorker.runSuite(SuiteRunnerWorker.java:52)
	at org.testng.SuiteRunnerWorker.run(SuiteRunnerWorker.java:86)
	at org.testng.TestNG.runSuitesSequentially(TestNG.java:1244)
	at org.testng.TestNG.runSuitesLocally(TestNG.java:1169)
	at org.testng.TestNG.run(TestNG.java:1064)
	at org.testng.remote.AbstractRemoteTestNG.run(AbstractRemoteTestNG.java:114)
	at org.testng.remote.RemoteTestNG.initAndRun(RemoteTestNG.java:251)
	at org.testng.remote.RemoteTestNG.main(RemoteTestNG.java:77)
]]>
    </error>
  </testcase> <!-- verifyTreeViewOptionsBinsMenu -->
  <testcase name="verifyClickOnGroupToDisplayEmpty" time="0.001" classname="com.focus.testcases.MasterBinsTest">
    <error type="org.openqa.selenium.SessionNotCreatedException" message="session not created: This version of ChromeDriver only supports Chrome version 78
Build info: version: &#039;3.12.0&#039;, revision: &#039;7c6e0b3&#039;, time: &#039;2018-05-08T14:04:26.12Z&#039;
System info: host: &#039;FOCUS-QA-10&#039;, ip: &#039;192.168.4.46&#039;, os.name: &#039;Windows 10&#039;, os.arch: &#039;amd64&#039;, os.version: &#039;10.0&#039;, java.version: &#039;1.8.0_111&#039;
Driver info: driver.version: ChromeDriver
remote stacktrace: Backtrace:
	Ordinal0 [0x00F0A903+1550595]
	Ordinal0 [0x00E8A701+1025793]
	Ordinal0 [0x00E0C6E5+509669]
	Ordinal0 [0x00D9FC68+64616]
	Ordinal0 [0x00D9C594+50580]
	Ordinal0 [0x00DBACE7+175335]
	Ordinal0 [0x00DBA8ED+174317]
	Ordinal0 [0x00DB8CDB+167131]
	Ordinal0 [0x00DA144A+70730]
	Ordinal0 [0x00DA24D0+74960]
	Ordinal0 [0x00DA2469+74857]
	Ordinal0 [0x00EA42C7+1131207]
	GetHandleVerifier [0x00FA70FD+523789]
	GetHandleVerifier [0x00FA6E90+523168]
	GetHandleVerifier [0x00FAE1E7+552695]
	GetHandleVerifier [0x00FA78FA+525834]
	Ordinal0 [0x00E9B7FC+1095676]
	Ordinal0 [0x00EA633B+1139515]
	Ordinal0 [0x00EA64A3+1139875]
	Ordinal0 [0x00EA5425+1135653]
	BaseThreadInitThunk [0x77B43744+36]
	RtlSetCurrentTransaction [0x77D69E54+212]
	RtlSetCurrentTransaction [0x77D69E1F+159]
">
      <![CDATA[org.openqa.selenium.SessionNotCreatedException: session not created: This version of ChromeDriver only supports Chrome version 78
Build info: version: '3.12.0', revision: '7c6e0b3', time: '2018-05-08T14:04:26.12Z'
System info: host: 'FOCUS-QA-10', ip: '192.168.4.46', os.name: 'Windows 10', os.arch: 'amd64', os.version: '10.0', java.version: '1.8.0_111'
Driver info: driver.version: ChromeDriver
remote stacktrace: Backtrace:
	Ordinal0 [0x00F0A903+1550595]
	Ordinal0 [0x00E8A701+1025793]
	Ordinal0 [0x00E0C6E5+509669]
	Ordinal0 [0x00D9FC68+64616]
	Ordinal0 [0x00D9C594+50580]
	Ordinal0 [0x00DBACE7+175335]
	Ordinal0 [0x00DBA8ED+174317]
	Ordinal0 [0x00DB8CDB+167131]
	Ordinal0 [0x00DA144A+70730]
	Ordinal0 [0x00DA24D0+74960]
	Ordinal0 [0x00DA2469+74857]
	Ordinal0 [0x00EA42C7+1131207]
	GetHandleVerifier [0x00FA70FD+523789]
	GetHandleVerifier [0x00FA6E90+523168]
	GetHandleVerifier [0x00FAE1E7+552695]
	GetHandleVerifier [0x00FA78FA+525834]
	Ordinal0 [0x00E9B7FC+1095676]
	Ordinal0 [0x00EA633B+1139515]
	Ordinal0 [0x00EA64A3+1139875]
	Ordinal0 [0x00EA5425+1135653]
	BaseThreadInitThunk [0x77B43744+36]
	RtlSetCurrentTransaction [0x77D69E54+212]
	RtlSetCurrentTransaction [0x77D69E1F+159]

	at sun.reflect.NativeConstructorAccessorImpl.newInstance0(Native Method)
	at sun.reflect.NativeConstructorAccessorImpl.newInstance(Unknown Source)
	at sun.reflect.DelegatingConstructorAccessorImpl.newInstance(Unknown Source)
	at java.lang.reflect.Constructor.newInstance(Unknown Source)
	at org.openqa.selenium.remote.W3CHandshakeResponse.lambda$new$0(W3CHandshakeResponse.java:57)
	at org.openqa.selenium.remote.W3CHandshakeResponse.lambda$getResponseFunction$2(W3CHandshakeResponse.java:104)
	at org.openqa.selenium.remote.ProtocolHandshake.lambda$createSession$0(ProtocolHandshake.java:123)
	at java.util.stream.ReferencePipeline$3$1.accept(Unknown Source)
	at java.util.Spliterators$ArraySpliterator.tryAdvance(Unknown Source)
	at java.util.stream.ReferencePipeline.forEachWithCancel(Unknown Source)
	at java.util.stream.AbstractPipeline.copyIntoWithCancel(Unknown Source)
	at java.util.stream.AbstractPipeline.copyInto(Unknown Source)
	at java.util.stream.AbstractPipeline.wrapAndCopyInto(Unknown Source)
	at java.util.stream.FindOps$FindOp.evaluateSequential(Unknown Source)
	at java.util.stream.AbstractPipeline.evaluate(Unknown Source)
	at java.util.stream.ReferencePipeline.findFirst(Unknown Source)
	at org.openqa.selenium.remote.ProtocolHandshake.createSession(ProtocolHandshake.java:126)
	at org.openqa.selenium.remote.ProtocolHandshake.createSession(ProtocolHandshake.java:73)
	at org.openqa.selenium.remote.HttpCommandExecutor.execute(HttpCommandExecutor.java:136)
	at org.openqa.selenium.remote.service.DriverCommandExecutor.execute(DriverCommandExecutor.java:83)
	at org.openqa.selenium.remote.RemoteWebDriver.execute(RemoteWebDriver.java:543)
	at org.openqa.selenium.remote.RemoteWebDriver.startSession(RemoteWebDriver.java:207)
	at org.openqa.selenium.remote.RemoteWebDriver.<init>(RemoteWebDriver.java:130)
	at org.openqa.selenium.chrome.ChromeDriver.<init>(ChromeDriver.java:181)
	at org.openqa.selenium.chrome.ChromeDriver.<init>(ChromeDriver.java:147)
	at com.focus.base.BaseEngine.openBrowser(BaseEngine.java:102)
	at sun.reflect.NativeMethodAccessorImpl.invoke0(Native Method)
	at sun.reflect.NativeMethodAccessorImpl.invoke(Unknown Source)
	at sun.reflect.DelegatingMethodAccessorImpl.invoke(Unknown Source)
	at java.lang.reflect.Method.invoke(Unknown Source)
	at org.testng.internal.MethodInvocationHelper.invokeMethod(MethodInvocationHelper.java:86)
	at org.testng.internal.Invoker.invokeConfigurationMethod(Invoker.java:514)
	at org.testng.internal.Invoker.invokeConfigurations(Invoker.java:215)
	at org.testng.internal.Invoker.invokeConfigurations(Invoker.java:142)
	at org.testng.SuiteRunner.privateRun(SuiteRunner.java:305)
	at org.testng.SuiteRunner.run(SuiteRunner.java:268)
	at org.testng.SuiteRunnerWorker.runSuite(SuiteRunnerWorker.java:52)
	at org.testng.SuiteRunnerWorker.run(SuiteRunnerWorker.java:86)
	at org.testng.TestNG.runSuitesSequentially(TestNG.java:1244)
	at org.testng.TestNG.runSuitesLocally(TestNG.java:1169)
	at org.testng.TestNG.run(TestNG.java:1064)
	at org.testng.remote.AbstractRemoteTestNG.run(AbstractRemoteTestNG.java:114)
	at org.testng.remote.RemoteTestNG.initAndRun(RemoteTestNG.java:251)
	at org.testng.remote.RemoteTestNG.main(RemoteTestNG.java:77)
]]>
    </error>
  </testcase> <!-- verifyClickOnGroupToDisplayEmpty -->
  <testcase name="verifyBinDisplayInBinsSavingWithCopyAndPaste" time="0.000" classname="com.focus.testcases.MasterBinsTest">
    <error type="org.openqa.selenium.SessionNotCreatedException" message="session not created: This version of ChromeDriver only supports Chrome version 78
Build info: version: &#039;3.12.0&#039;, revision: &#039;7c6e0b3&#039;, time: &#039;2018-05-08T14:04:26.12Z&#039;
System info: host: &#039;FOCUS-QA-10&#039;, ip: &#039;192.168.4.46&#039;, os.name: &#039;Windows 10&#039;, os.arch: &#039;amd64&#039;, os.version: &#039;10.0&#039;, java.version: &#039;1.8.0_111&#039;
Driver info: driver.version: ChromeDriver
remote stacktrace: Backtrace:
	Ordinal0 [0x00F0A903+1550595]
	Ordinal0 [0x00E8A701+1025793]
	Ordinal0 [0x00E0C6E5+509669]
	Ordinal0 [0x00D9FC68+64616]
	Ordinal0 [0x00D9C594+50580]
	Ordinal0 [0x00DBACE7+175335]
	Ordinal0 [0x00DBA8ED+174317]
	Ordinal0 [0x00DB8CDB+167131]
	Ordinal0 [0x00DA144A+70730]
	Ordinal0 [0x00DA24D0+74960]
	Ordinal0 [0x00DA2469+74857]
	Ordinal0 [0x00EA42C7+1131207]
	GetHandleVerifier [0x00FA70FD+523789]
	GetHandleVerifier [0x00FA6E90+523168]
	GetHandleVerifier [0x00FAE1E7+552695]
	GetHandleVerifier [0x00FA78FA+525834]
	Ordinal0 [0x00E9B7FC+1095676]
	Ordinal0 [0x00EA633B+1139515]
	Ordinal0 [0x00EA64A3+1139875]
	Ordinal0 [0x00EA5425+1135653]
	BaseThreadInitThunk [0x77B43744+36]
	RtlSetCurrentTransaction [0x77D69E54+212]
	RtlSetCurrentTransaction [0x77D69E1F+159]
">
      <![CDATA[org.openqa.selenium.SessionNotCreatedException: session not created: This version of ChromeDriver only supports Chrome version 78
Build info: version: '3.12.0', revision: '7c6e0b3', time: '2018-05-08T14:04:26.12Z'
System info: host: 'FOCUS-QA-10', ip: '192.168.4.46', os.name: 'Windows 10', os.arch: 'amd64', os.version: '10.0', java.version: '1.8.0_111'
Driver info: driver.version: ChromeDriver
remote stacktrace: Backtrace:
	Ordinal0 [0x00F0A903+1550595]
	Ordinal0 [0x00E8A701+1025793]
	Ordinal0 [0x00E0C6E5+509669]
	Ordinal0 [0x00D9FC68+64616]
	Ordinal0 [0x00D9C594+50580]
	Ordinal0 [0x00DBACE7+175335]
	Ordinal0 [0x00DBA8ED+174317]
	Ordinal0 [0x00DB8CDB+167131]
	Ordinal0 [0x00DA144A+70730]
	Ordinal0 [0x00DA24D0+74960]
	Ordinal0 [0x00DA2469+74857]
	Ordinal0 [0x00EA42C7+1131207]
	GetHandleVerifier [0x00FA70FD+523789]
	GetHandleVerifier [0x00FA6E90+523168]
	GetHandleVerifier [0x00FAE1E7+552695]
	GetHandleVerifier [0x00FA78FA+525834]
	Ordinal0 [0x00E9B7FC+1095676]
	Ordinal0 [0x00EA633B+1139515]
	Ordinal0 [0x00EA64A3+1139875]
	Ordinal0 [0x00EA5425+1135653]
	BaseThreadInitThunk [0x77B43744+36]
	RtlSetCurrentTransaction [0x77D69E54+212]
	RtlSetCurrentTransaction [0x77D69E1F+159]

	at sun.reflect.NativeConstructorAccessorImpl.newInstance0(Native Method)
	at sun.reflect.NativeConstructorAccessorImpl.newInstance(Unknown Source)
	at sun.reflect.DelegatingConstructorAccessorImpl.newInstance(Unknown Source)
	at java.lang.reflect.Constructor.newInstance(Unknown Source)
	at org.openqa.selenium.remote.W3CHandshakeResponse.lambda$new$0(W3CHandshakeResponse.java:57)
	at org.openqa.selenium.remote.W3CHandshakeResponse.lambda$getResponseFunction$2(W3CHandshakeResponse.java:104)
	at org.openqa.selenium.remote.ProtocolHandshake.lambda$createSession$0(ProtocolHandshake.java:123)
	at java.util.stream.ReferencePipeline$3$1.accept(Unknown Source)
	at java.util.Spliterators$ArraySpliterator.tryAdvance(Unknown Source)
	at java.util.stream.ReferencePipeline.forEachWithCancel(Unknown Source)
	at java.util.stream.AbstractPipeline.copyIntoWithCancel(Unknown Source)
	at java.util.stream.AbstractPipeline.copyInto(Unknown Source)
	at java.util.stream.AbstractPipeline.wrapAndCopyInto(Unknown Source)
	at java.util.stream.FindOps$FindOp.evaluateSequential(Unknown Source)
	at java.util.stream.AbstractPipeline.evaluate(Unknown Source)
	at java.util.stream.ReferencePipeline.findFirst(Unknown Source)
	at org.openqa.selenium.remote.ProtocolHandshake.createSession(ProtocolHandshake.java:126)
	at org.openqa.selenium.remote.ProtocolHandshake.createSession(ProtocolHandshake.java:73)
	at org.openqa.selenium.remote.HttpCommandExecutor.execute(HttpCommandExecutor.java:136)
	at org.openqa.selenium.remote.service.DriverCommandExecutor.execute(DriverCommandExecutor.java:83)
	at org.openqa.selenium.remote.RemoteWebDriver.execute(RemoteWebDriver.java:543)
	at org.openqa.selenium.remote.RemoteWebDriver.startSession(RemoteWebDriver.java:207)
	at org.openqa.selenium.remote.RemoteWebDriver.<init>(RemoteWebDriver.java:130)
	at org.openqa.selenium.chrome.ChromeDriver.<init>(ChromeDriver.java:181)
	at org.openqa.selenium.chrome.ChromeDriver.<init>(ChromeDriver.java:147)
	at com.focus.base.BaseEngine.openBrowser(BaseEngine.java:102)
	at sun.reflect.NativeMethodAccessorImpl.invoke0(Native Method)
	at sun.reflect.NativeMethodAccessorImpl.invoke(Unknown Source)
	at sun.reflect.DelegatingMethodAccessorImpl.invoke(Unknown Source)
	at java.lang.reflect.Method.invoke(Unknown Source)
	at org.testng.internal.MethodInvocationHelper.invokeMethod(MethodInvocationHelper.java:86)
	at org.testng.internal.Invoker.invokeConfigurationMethod(Invoker.java:514)
	at org.testng.internal.Invoker.invokeConfigurations(Invoker.java:215)
	at org.testng.internal.Invoker.invokeConfigurations(Invoker.java:142)
	at org.testng.SuiteRunner.privateRun(SuiteRunner.java:305)
	at org.testng.SuiteRunner.run(SuiteRunner.java:268)
	at org.testng.SuiteRunnerWorker.runSuite(SuiteRunnerWorker.java:52)
	at org.testng.SuiteRunnerWorker.run(SuiteRunnerWorker.java:86)
	at org.testng.TestNG.runSuitesSequentially(TestNG.java:1244)
	at org.testng.TestNG.runSuitesLocally(TestNG.java:1169)
	at org.testng.TestNG.run(TestNG.java:1064)
	at org.testng.remote.AbstractRemoteTestNG.run(AbstractRemoteTestNG.java:114)
	at org.testng.remote.RemoteTestNG.initAndRun(RemoteTestNG.java:251)
	at org.testng.remote.RemoteTestNG.main(RemoteTestNG.java:77)
]]>
    </error>
  </testcase> <!-- verifyBinDisplayInBinsSavingWithCopyAndPaste -->
  <testcase name="verifyMainOptionsBinsMenu" time="0.000" classname="com.focus.testcases.MasterBinsTest">
    <error type="org.openqa.selenium.SessionNotCreatedException" message="session not created: This version of ChromeDriver only supports Chrome version 78
Build info: version: &#039;3.12.0&#039;, revision: &#039;7c6e0b3&#039;, time: &#039;2018-05-08T14:04:26.12Z&#039;
System info: host: &#039;FOCUS-QA-10&#039;, ip: &#039;192.168.4.46&#039;, os.name: &#039;Windows 10&#039;, os.arch: &#039;amd64&#039;, os.version: &#039;10.0&#039;, java.version: &#039;1.8.0_111&#039;
Driver info: driver.version: ChromeDriver
remote stacktrace: Backtrace:
	Ordinal0 [0x00F0A903+1550595]
	Ordinal0 [0x00E8A701+1025793]
	Ordinal0 [0x00E0C6E5+509669]
	Ordinal0 [0x00D9FC68+64616]
	Ordinal0 [0x00D9C594+50580]
	Ordinal0 [0x00DBACE7+175335]
	Ordinal0 [0x00DBA8ED+174317]
	Ordinal0 [0x00DB8CDB+167131]
	Ordinal0 [0x00DA144A+70730]
	Ordinal0 [0x00DA24D0+74960]
	Ordinal0 [0x00DA2469+74857]
	Ordinal0 [0x00EA42C7+1131207]
	GetHandleVerifier [0x00FA70FD+523789]
	GetHandleVerifier [0x00FA6E90+523168]
	GetHandleVerifier [0x00FAE1E7+552695]
	GetHandleVerifier [0x00FA78FA+525834]
	Ordinal0 [0x00E9B7FC+1095676]
	Ordinal0 [0x00EA633B+1139515]
	Ordinal0 [0x00EA64A3+1139875]
	Ordinal0 [0x00EA5425+1135653]
	BaseThreadInitThunk [0x77B43744+36]
	RtlSetCurrentTransaction [0x77D69E54+212]
	RtlSetCurrentTransaction [0x77D69E1F+159]
">
      <![CDATA[org.openqa.selenium.SessionNotCreatedException: session not created: This version of ChromeDriver only supports Chrome version 78
Build info: version: '3.12.0', revision: '7c6e0b3', time: '2018-05-08T14:04:26.12Z'
System info: host: 'FOCUS-QA-10', ip: '192.168.4.46', os.name: 'Windows 10', os.arch: 'amd64', os.version: '10.0', java.version: '1.8.0_111'
Driver info: driver.version: ChromeDriver
remote stacktrace: Backtrace:
	Ordinal0 [0x00F0A903+1550595]
	Ordinal0 [0x00E8A701+1025793]
	Ordinal0 [0x00E0C6E5+509669]
	Ordinal0 [0x00D9FC68+64616]
	Ordinal0 [0x00D9C594+50580]
	Ordinal0 [0x00DBACE7+175335]
	Ordinal0 [0x00DBA8ED+174317]
	Ordinal0 [0x00DB8CDB+167131]
	Ordinal0 [0x00DA144A+70730]
	Ordinal0 [0x00DA24D0+74960]
	Ordinal0 [0x00DA2469+74857]
	Ordinal0 [0x00EA42C7+1131207]
	GetHandleVerifier [0x00FA70FD+523789]
	GetHandleVerifier [0x00FA6E90+523168]
	GetHandleVerifier [0x00FAE1E7+552695]
	GetHandleVerifier [0x00FA78FA+525834]
	Ordinal0 [0x00E9B7FC+1095676]
	Ordinal0 [0x00EA633B+1139515]
	Ordinal0 [0x00EA64A3+1139875]
	Ordinal0 [0x00EA5425+1135653]
	BaseThreadInitThunk [0x77B43744+36]
	RtlSetCurrentTransaction [0x77D69E54+212]
	RtlSetCurrentTransaction [0x77D69E1F+159]

	at sun.reflect.NativeConstructorAccessorImpl.newInstance0(Native Method)
	at sun.reflect.NativeConstructorAccessorImpl.newInstance(Unknown Source)
	at sun.reflect.DelegatingConstructorAccessorImpl.newInstance(Unknown Source)
	at java.lang.reflect.Constructor.newInstance(Unknown Source)
	at org.openqa.selenium.remote.W3CHandshakeResponse.lambda$new$0(W3CHandshakeResponse.java:57)
	at org.openqa.selenium.remote.W3CHandshakeResponse.lambda$getResponseFunction$2(W3CHandshakeResponse.java:104)
	at org.openqa.selenium.remote.ProtocolHandshake.lambda$createSession$0(ProtocolHandshake.java:123)
	at java.util.stream.ReferencePipeline$3$1.accept(Unknown Source)
	at java.util.Spliterators$ArraySpliterator.tryAdvance(Unknown Source)
	at java.util.stream.ReferencePipeline.forEachWithCancel(Unknown Source)
	at java.util.stream.AbstractPipeline.copyIntoWithCancel(Unknown Source)
	at java.util.stream.AbstractPipeline.copyInto(Unknown Source)
	at java.util.stream.AbstractPipeline.wrapAndCopyInto(Unknown Source)
	at java.util.stream.FindOps$FindOp.evaluateSequential(Unknown Source)
	at java.util.stream.AbstractPipeline.evaluate(Unknown Source)
	at java.util.stream.ReferencePipeline.findFirst(Unknown Source)
	at org.openqa.selenium.remote.ProtocolHandshake.createSession(ProtocolHandshake.java:126)
	at org.openqa.selenium.remote.ProtocolHandshake.createSession(ProtocolHandshake.java:73)
	at org.openqa.selenium.remote.HttpCommandExecutor.execute(HttpCommandExecutor.java:136)
	at org.openqa.selenium.remote.service.DriverCommandExecutor.execute(DriverCommandExecutor.java:83)
	at org.openqa.selenium.remote.RemoteWebDriver.execute(RemoteWebDriver.java:543)
	at org.openqa.selenium.remote.RemoteWebDriver.startSession(RemoteWebDriver.java:207)
	at org.openqa.selenium.remote.RemoteWebDriver.<init>(RemoteWebDriver.java:130)
	at org.openqa.selenium.chrome.ChromeDriver.<init>(ChromeDriver.java:181)
	at org.openqa.selenium.chrome.ChromeDriver.<init>(ChromeDriver.java:147)
	at com.focus.base.BaseEngine.openBrowser(BaseEngine.java:102)
	at sun.reflect.NativeMethodAccessorImpl.invoke0(Native Method)
	at sun.reflect.NativeMethodAccessorImpl.invoke(Unknown Source)
	at sun.reflect.DelegatingMethodAccessorImpl.invoke(Unknown Source)
	at java.lang.reflect.Method.invoke(Unknown Source)
	at org.testng.internal.MethodInvocationHelper.invokeMethod(MethodInvocationHelper.java:86)
	at org.testng.internal.Invoker.invokeConfigurationMethod(Invoker.java:514)
	at org.testng.internal.Invoker.invokeConfigurations(Invoker.java:215)
	at org.testng.internal.Invoker.invokeConfigurations(Invoker.java:142)
	at org.testng.SuiteRunner.privateRun(SuiteRunner.java:305)
	at org.testng.SuiteRunner.run(SuiteRunner.java:268)
	at org.testng.SuiteRunnerWorker.runSuite(SuiteRunnerWorker.java:52)
	at org.testng.SuiteRunnerWorker.run(SuiteRunnerWorker.java:86)
	at org.testng.TestNG.runSuitesSequentially(TestNG.java:1244)
	at org.testng.TestNG.runSuitesLocally(TestNG.java:1169)
	at org.testng.TestNG.run(TestNG.java:1064)
	at org.testng.remote.AbstractRemoteTestNG.run(AbstractRemoteTestNG.java:114)
	at org.testng.remote.RemoteTestNG.initAndRun(RemoteTestNG.java:251)
	at org.testng.remote.RemoteTestNG.main(RemoteTestNG.java:77)
]]>
    </error>
  </testcase> <!-- verifyMainOptionsBinsMenu -->
  <testcase name="verifyCloseBinsMaster" time="0.000" classname="com.focus.testcases.MasterBinsTest">
    <error type="org.openqa.selenium.SessionNotCreatedException" message="session not created: This version of ChromeDriver only supports Chrome version 78
Build info: version: &#039;3.12.0&#039;, revision: &#039;7c6e0b3&#039;, time: &#039;2018-05-08T14:04:26.12Z&#039;
System info: host: &#039;FOCUS-QA-10&#039;, ip: &#039;192.168.4.46&#039;, os.name: &#039;Windows 10&#039;, os.arch: &#039;amd64&#039;, os.version: &#039;10.0&#039;, java.version: &#039;1.8.0_111&#039;
Driver info: driver.version: ChromeDriver
remote stacktrace: Backtrace:
	Ordinal0 [0x00F0A903+1550595]
	Ordinal0 [0x00E8A701+1025793]
	Ordinal0 [0x00E0C6E5+509669]
	Ordinal0 [0x00D9FC68+64616]
	Ordinal0 [0x00D9C594+50580]
	Ordinal0 [0x00DBACE7+175335]
	Ordinal0 [0x00DBA8ED+174317]
	Ordinal0 [0x00DB8CDB+167131]
	Ordinal0 [0x00DA144A+70730]
	Ordinal0 [0x00DA24D0+74960]
	Ordinal0 [0x00DA2469+74857]
	Ordinal0 [0x00EA42C7+1131207]
	GetHandleVerifier [0x00FA70FD+523789]
	GetHandleVerifier [0x00FA6E90+523168]
	GetHandleVerifier [0x00FAE1E7+552695]
	GetHandleVerifier [0x00FA78FA+525834]
	Ordinal0 [0x00E9B7FC+1095676]
	Ordinal0 [0x00EA633B+1139515]
	Ordinal0 [0x00EA64A3+1139875]
	Ordinal0 [0x00EA5425+1135653]
	BaseThreadInitThunk [0x77B43744+36]
	RtlSetCurrentTransaction [0x77D69E54+212]
	RtlSetCurrentTransaction [0x77D69E1F+159]
">
      <![CDATA[org.openqa.selenium.SessionNotCreatedException: session not created: This version of ChromeDriver only supports Chrome version 78
Build info: version: '3.12.0', revision: '7c6e0b3', time: '2018-05-08T14:04:26.12Z'
System info: host: 'FOCUS-QA-10', ip: '192.168.4.46', os.name: 'Windows 10', os.arch: 'amd64', os.version: '10.0', java.version: '1.8.0_111'
Driver info: driver.version: ChromeDriver
remote stacktrace: Backtrace:
	Ordinal0 [0x00F0A903+1550595]
	Ordinal0 [0x00E8A701+1025793]
	Ordinal0 [0x00E0C6E5+509669]
	Ordinal0 [0x00D9FC68+64616]
	Ordinal0 [0x00D9C594+50580]
	Ordinal0 [0x00DBACE7+175335]
	Ordinal0 [0x00DBA8ED+174317]
	Ordinal0 [0x00DB8CDB+167131]
	Ordinal0 [0x00DA144A+70730]
	Ordinal0 [0x00DA24D0+74960]
	Ordinal0 [0x00DA2469+74857]
	Ordinal0 [0x00EA42C7+1131207]
	GetHandleVerifier [0x00FA70FD+523789]
	GetHandleVerifier [0x00FA6E90+523168]
	GetHandleVerifier [0x00FAE1E7+552695]
	GetHandleVerifier [0x00FA78FA+525834]
	Ordinal0 [0x00E9B7FC+1095676]
	Ordinal0 [0x00EA633B+1139515]
	Ordinal0 [0x00EA64A3+1139875]
	Ordinal0 [0x00EA5425+1135653]
	BaseThreadInitThunk [0x77B43744+36]
	RtlSetCurrentTransaction [0x77D69E54+212]
	RtlSetCurrentTransaction [0x77D69E1F+159]

	at sun.reflect.NativeConstructorAccessorImpl.newInstance0(Native Method)
	at sun.reflect.NativeConstructorAccessorImpl.newInstance(Unknown Source)
	at sun.reflect.DelegatingConstructorAccessorImpl.newInstance(Unknown Source)
	at java.lang.reflect.Constructor.newInstance(Unknown Source)
	at org.openqa.selenium.remote.W3CHandshakeResponse.lambda$new$0(W3CHandshakeResponse.java:57)
	at org.openqa.selenium.remote.W3CHandshakeResponse.lambda$getResponseFunction$2(W3CHandshakeResponse.java:104)
	at org.openqa.selenium.remote.ProtocolHandshake.lambda$createSession$0(ProtocolHandshake.java:123)
	at java.util.stream.ReferencePipeline$3$1.accept(Unknown Source)
	at java.util.Spliterators$ArraySpliterator.tryAdvance(Unknown Source)
	at java.util.stream.ReferencePipeline.forEachWithCancel(Unknown Source)
	at java.util.stream.AbstractPipeline.copyIntoWithCancel(Unknown Source)
	at java.util.stream.AbstractPipeline.copyInto(Unknown Source)
	at java.util.stream.AbstractPipeline.wrapAndCopyInto(Unknown Source)
	at java.util.stream.FindOps$FindOp.evaluateSequential(Unknown Source)
	at java.util.stream.AbstractPipeline.evaluate(Unknown Source)
	at java.util.stream.ReferencePipeline.findFirst(Unknown Source)
	at org.openqa.selenium.remote.ProtocolHandshake.createSession(ProtocolHandshake.java:126)
	at org.openqa.selenium.remote.ProtocolHandshake.createSession(ProtocolHandshake.java:73)
	at org.openqa.selenium.remote.HttpCommandExecutor.execute(HttpCommandExecutor.java:136)
	at org.openqa.selenium.remote.service.DriverCommandExecutor.execute(DriverCommandExecutor.java:83)
	at org.openqa.selenium.remote.RemoteWebDriver.execute(RemoteWebDriver.java:543)
	at org.openqa.selenium.remote.RemoteWebDriver.startSession(RemoteWebDriver.java:207)
	at org.openqa.selenium.remote.RemoteWebDriver.<init>(RemoteWebDriver.java:130)
	at org.openqa.selenium.chrome.ChromeDriver.<init>(ChromeDriver.java:181)
	at org.openqa.selenium.chrome.ChromeDriver.<init>(ChromeDriver.java:147)
	at com.focus.base.BaseEngine.openBrowser(BaseEngine.java:102)
	at sun.reflect.NativeMethodAccessorImpl.invoke0(Native Method)
	at sun.reflect.NativeMethodAccessorImpl.invoke(Unknown Source)
	at sun.reflect.DelegatingMethodAccessorImpl.invoke(Unknown Source)
	at java.lang.reflect.Method.invoke(Unknown Source)
	at org.testng.internal.MethodInvocationHelper.invokeMethod(MethodInvocationHelper.java:86)
	at org.testng.internal.Invoker.invokeConfigurationMethod(Invoker.java:514)
	at org.testng.internal.Invoker.invokeConfigurations(Invoker.java:215)
	at org.testng.internal.Invoker.invokeConfigurations(Invoker.java:142)
	at org.testng.SuiteRunner.privateRun(SuiteRunner.java:305)
	at org.testng.SuiteRunner.run(SuiteRunner.java:268)
	at org.testng.SuiteRunnerWorker.runSuite(SuiteRunnerWorker.java:52)
	at org.testng.SuiteRunnerWorker.run(SuiteRunnerWorker.java:86)
	at org.testng.TestNG.runSuitesSequentially(TestNG.java:1244)
	at org.testng.TestNG.runSuitesLocally(TestNG.java:1169)
	at org.testng.TestNG.run(TestNG.java:1064)
	at org.testng.remote.AbstractRemoteTestNG.run(AbstractRemoteTestNG.java:114)
	at org.testng.remote.RemoteTestNG.initAndRun(RemoteTestNG.java:251)
	at org.testng.remote.RemoteTestNG.main(RemoteTestNG.java:77)
]]>
    </error>
  </testcase> <!-- verifyCloseBinsMaster -->
  <testcase name="verifyBinsAddGroupCreationScreenAfterSaving" time="0.000" classname="com.focus.testcases.MasterBinsTest">
    <error type="org.openqa.selenium.SessionNotCreatedException" message="session not created: This version of ChromeDriver only supports Chrome version 78
Build info: version: &#039;3.12.0&#039;, revision: &#039;7c6e0b3&#039;, time: &#039;2018-05-08T14:04:26.12Z&#039;
System info: host: &#039;FOCUS-QA-10&#039;, ip: &#039;192.168.4.46&#039;, os.name: &#039;Windows 10&#039;, os.arch: &#039;amd64&#039;, os.version: &#039;10.0&#039;, java.version: &#039;1.8.0_111&#039;
Driver info: driver.version: ChromeDriver
remote stacktrace: Backtrace:
	Ordinal0 [0x00F0A903+1550595]
	Ordinal0 [0x00E8A701+1025793]
	Ordinal0 [0x00E0C6E5+509669]
	Ordinal0 [0x00D9FC68+64616]
	Ordinal0 [0x00D9C594+50580]
	Ordinal0 [0x00DBACE7+175335]
	Ordinal0 [0x00DBA8ED+174317]
	Ordinal0 [0x00DB8CDB+167131]
	Ordinal0 [0x00DA144A+70730]
	Ordinal0 [0x00DA24D0+74960]
	Ordinal0 [0x00DA2469+74857]
	Ordinal0 [0x00EA42C7+1131207]
	GetHandleVerifier [0x00FA70FD+523789]
	GetHandleVerifier [0x00FA6E90+523168]
	GetHandleVerifier [0x00FAE1E7+552695]
	GetHandleVerifier [0x00FA78FA+525834]
	Ordinal0 [0x00E9B7FC+1095676]
	Ordinal0 [0x00EA633B+1139515]
	Ordinal0 [0x00EA64A3+1139875]
	Ordinal0 [0x00EA5425+1135653]
	BaseThreadInitThunk [0x77B43744+36]
	RtlSetCurrentTransaction [0x77D69E54+212]
	RtlSetCurrentTransaction [0x77D69E1F+159]
">
      <![CDATA[org.openqa.selenium.SessionNotCreatedException: session not created: This version of ChromeDriver only supports Chrome version 78
Build info: version: '3.12.0', revision: '7c6e0b3', time: '2018-05-08T14:04:26.12Z'
System info: host: 'FOCUS-QA-10', ip: '192.168.4.46', os.name: 'Windows 10', os.arch: 'amd64', os.version: '10.0', java.version: '1.8.0_111'
Driver info: driver.version: ChromeDriver
remote stacktrace: Backtrace:
	Ordinal0 [0x00F0A903+1550595]
	Ordinal0 [0x00E8A701+1025793]
	Ordinal0 [0x00E0C6E5+509669]
	Ordinal0 [0x00D9FC68+64616]
	Ordinal0 [0x00D9C594+50580]
	Ordinal0 [0x00DBACE7+175335]
	Ordinal0 [0x00DBA8ED+174317]
	Ordinal0 [0x00DB8CDB+167131]
	Ordinal0 [0x00DA144A+70730]
	Ordinal0 [0x00DA24D0+74960]
	Ordinal0 [0x00DA2469+74857]
	Ordinal0 [0x00EA42C7+1131207]
	GetHandleVerifier [0x00FA70FD+523789]
	GetHandleVerifier [0x00FA6E90+523168]
	GetHandleVerifier [0x00FAE1E7+552695]
	GetHandleVerifier [0x00FA78FA+525834]
	Ordinal0 [0x00E9B7FC+1095676]
	Ordinal0 [0x00EA633B+1139515]
	Ordinal0 [0x00EA64A3+1139875]
	Ordinal0 [0x00EA5425+1135653]
	BaseThreadInitThunk [0x77B43744+36]
	RtlSetCurrentTransaction [0x77D69E54+212]
	RtlSetCurrentTransaction [0x77D69E1F+159]

	at sun.reflect.NativeConstructorAccessorImpl.newInstance0(Native Method)
	at sun.reflect.NativeConstructorAccessorImpl.newInstance(Unknown Source)
	at sun.reflect.DelegatingConstructorAccessorImpl.newInstance(Unknown Source)
	at java.lang.reflect.Constructor.newInstance(Unknown Source)
	at org.openqa.selenium.remote.W3CHandshakeResponse.lambda$new$0(W3CHandshakeResponse.java:57)
	at org.openqa.selenium.remote.W3CHandshakeResponse.lambda$getResponseFunction$2(W3CHandshakeResponse.java:104)
	at org.openqa.selenium.remote.ProtocolHandshake.lambda$createSession$0(ProtocolHandshake.java:123)
	at java.util.stream.ReferencePipeline$3$1.accept(Unknown Source)
	at java.util.Spliterators$ArraySpliterator.tryAdvance(Unknown Source)
	at java.util.stream.ReferencePipeline.forEachWithCancel(Unknown Source)
	at java.util.stream.AbstractPipeline.copyIntoWithCancel(Unknown Source)
	at java.util.stream.AbstractPipeline.copyInto(Unknown Source)
	at java.util.stream.AbstractPipeline.wrapAndCopyInto(Unknown Source)
	at java.util.stream.FindOps$FindOp.evaluateSequential(Unknown Source)
	at java.util.stream.AbstractPipeline.evaluate(Unknown Source)
	at java.util.stream.ReferencePipeline.findFirst(Unknown Source)
	at org.openqa.selenium.remote.ProtocolHandshake.createSession(ProtocolHandshake.java:126)
	at org.openqa.selenium.remote.ProtocolHandshake.createSession(ProtocolHandshake.java:73)
	at org.openqa.selenium.remote.HttpCommandExecutor.execute(HttpCommandExecutor.java:136)
	at org.openqa.selenium.remote.service.DriverCommandExecutor.execute(DriverCommandExecutor.java:83)
	at org.openqa.selenium.remote.RemoteWebDriver.execute(RemoteWebDriver.java:543)
	at org.openqa.selenium.remote.RemoteWebDriver.startSession(RemoteWebDriver.java:207)
	at org.openqa.selenium.remote.RemoteWebDriver.<init>(RemoteWebDriver.java:130)
	at org.openqa.selenium.chrome.ChromeDriver.<init>(ChromeDriver.java:181)
	at org.openqa.selenium.chrome.ChromeDriver.<init>(ChromeDriver.java:147)
	at com.focus.base.BaseEngine.openBrowser(BaseEngine.java:102)
	at sun.reflect.NativeMethodAccessorImpl.invoke0(Native Method)
	at sun.reflect.NativeMethodAccessorImpl.invoke(Unknown Source)
	at sun.reflect.DelegatingMethodAccessorImpl.invoke(Unknown Source)
	at java.lang.reflect.Method.invoke(Unknown Source)
	at org.testng.internal.MethodInvocationHelper.invokeMethod(MethodInvocationHelper.java:86)
	at org.testng.internal.Invoker.invokeConfigurationMethod(Invoker.java:514)
	at org.testng.internal.Invoker.invokeConfigurations(Invoker.java:215)
	at org.testng.internal.Invoker.invokeConfigurations(Invoker.java:142)
	at org.testng.SuiteRunner.privateRun(SuiteRunner.java:305)
	at org.testng.SuiteRunner.run(SuiteRunner.java:268)
	at org.testng.SuiteRunnerWorker.runSuite(SuiteRunnerWorker.java:52)
	at org.testng.SuiteRunnerWorker.run(SuiteRunnerWorker.java:86)
	at org.testng.TestNG.runSuitesSequentially(TestNG.java:1244)
	at org.testng.TestNG.runSuitesLocally(TestNG.java:1169)
	at org.testng.TestNG.run(TestNG.java:1064)
	at org.testng.remote.AbstractRemoteTestNG.run(AbstractRemoteTestNG.java:114)
	at org.testng.remote.RemoteTestNG.initAndRun(RemoteTestNG.java:251)
	at org.testng.remote.RemoteTestNG.main(RemoteTestNG.java:77)
]]>
    </error>
  </testcase> <!-- verifyBinsAddGroupCreationScreenAfterSaving -->
  <testcase name="verifyBinsAddGroupNewCreateDisplayInBinsGrid" time="0.000" classname="com.focus.testcases.MasterBinsTest">
    <error type="org.openqa.selenium.SessionNotCreatedException" message="session not created: This version of ChromeDriver only supports Chrome version 78
Build info: version: &#039;3.12.0&#039;, revision: &#039;7c6e0b3&#039;, time: &#039;2018-05-08T14:04:26.12Z&#039;
System info: host: &#039;FOCUS-QA-10&#039;, ip: &#039;192.168.4.46&#039;, os.name: &#039;Windows 10&#039;, os.arch: &#039;amd64&#039;, os.version: &#039;10.0&#039;, java.version: &#039;1.8.0_111&#039;
Driver info: driver.version: ChromeDriver
remote stacktrace: Backtrace:
	Ordinal0 [0x00F0A903+1550595]
	Ordinal0 [0x00E8A701+1025793]
	Ordinal0 [0x00E0C6E5+509669]
	Ordinal0 [0x00D9FC68+64616]
	Ordinal0 [0x00D9C594+50580]
	Ordinal0 [0x00DBACE7+175335]
	Ordinal0 [0x00DBA8ED+174317]
	Ordinal0 [0x00DB8CDB+167131]
	Ordinal0 [0x00DA144A+70730]
	Ordinal0 [0x00DA24D0+74960]
	Ordinal0 [0x00DA2469+74857]
	Ordinal0 [0x00EA42C7+1131207]
	GetHandleVerifier [0x00FA70FD+523789]
	GetHandleVerifier [0x00FA6E90+523168]
	GetHandleVerifier [0x00FAE1E7+552695]
	GetHandleVerifier [0x00FA78FA+525834]
	Ordinal0 [0x00E9B7FC+1095676]
	Ordinal0 [0x00EA633B+1139515]
	Ordinal0 [0x00EA64A3+1139875]
	Ordinal0 [0x00EA5425+1135653]
	BaseThreadInitThunk [0x77B43744+36]
	RtlSetCurrentTransaction [0x77D69E54+212]
	RtlSetCurrentTransaction [0x77D69E1F+159]
">
      <![CDATA[org.openqa.selenium.SessionNotCreatedException: session not created: This version of ChromeDriver only supports Chrome version 78
Build info: version: '3.12.0', revision: '7c6e0b3', time: '2018-05-08T14:04:26.12Z'
System info: host: 'FOCUS-QA-10', ip: '192.168.4.46', os.name: 'Windows 10', os.arch: 'amd64', os.version: '10.0', java.version: '1.8.0_111'
Driver info: driver.version: ChromeDriver
remote stacktrace: Backtrace:
	Ordinal0 [0x00F0A903+1550595]
	Ordinal0 [0x00E8A701+1025793]
	Ordinal0 [0x00E0C6E5+509669]
	Ordinal0 [0x00D9FC68+64616]
	Ordinal0 [0x00D9C594+50580]
	Ordinal0 [0x00DBACE7+175335]
	Ordinal0 [0x00DBA8ED+174317]
	Ordinal0 [0x00DB8CDB+167131]
	Ordinal0 [0x00DA144A+70730]
	Ordinal0 [0x00DA24D0+74960]
	Ordinal0 [0x00DA2469+74857]
	Ordinal0 [0x00EA42C7+1131207]
	GetHandleVerifier [0x00FA70FD+523789]
	GetHandleVerifier [0x00FA6E90+523168]
	GetHandleVerifier [0x00FAE1E7+552695]
	GetHandleVerifier [0x00FA78FA+525834]
	Ordinal0 [0x00E9B7FC+1095676]
	Ordinal0 [0x00EA633B+1139515]
	Ordinal0 [0x00EA64A3+1139875]
	Ordinal0 [0x00EA5425+1135653]
	BaseThreadInitThunk [0x77B43744+36]
	RtlSetCurrentTransaction [0x77D69E54+212]
	RtlSetCurrentTransaction [0x77D69E1F+159]

	at sun.reflect.NativeConstructorAccessorImpl.newInstance0(Native Method)
	at sun.reflect.NativeConstructorAccessorImpl.newInstance(Unknown Source)
	at sun.reflect.DelegatingConstructorAccessorImpl.newInstance(Unknown Source)
	at java.lang.reflect.Constructor.newInstance(Unknown Source)
	at org.openqa.selenium.remote.W3CHandshakeResponse.lambda$new$0(W3CHandshakeResponse.java:57)
	at org.openqa.selenium.remote.W3CHandshakeResponse.lambda$getResponseFunction$2(W3CHandshakeResponse.java:104)
	at org.openqa.selenium.remote.ProtocolHandshake.lambda$createSession$0(ProtocolHandshake.java:123)
	at java.util.stream.ReferencePipeline$3$1.accept(Unknown Source)
	at java.util.Spliterators$ArraySpliterator.tryAdvance(Unknown Source)
	at java.util.stream.ReferencePipeline.forEachWithCancel(Unknown Source)
	at java.util.stream.AbstractPipeline.copyIntoWithCancel(Unknown Source)
	at java.util.stream.AbstractPipeline.copyInto(Unknown Source)
	at java.util.stream.AbstractPipeline.wrapAndCopyInto(Unknown Source)
	at java.util.stream.FindOps$FindOp.evaluateSequential(Unknown Source)
	at java.util.stream.AbstractPipeline.evaluate(Unknown Source)
	at java.util.stream.ReferencePipeline.findFirst(Unknown Source)
	at org.openqa.selenium.remote.ProtocolHandshake.createSession(ProtocolHandshake.java:126)
	at org.openqa.selenium.remote.ProtocolHandshake.createSession(ProtocolHandshake.java:73)
	at org.openqa.selenium.remote.HttpCommandExecutor.execute(HttpCommandExecutor.java:136)
	at org.openqa.selenium.remote.service.DriverCommandExecutor.execute(DriverCommandExecutor.java:83)
	at org.openqa.selenium.remote.RemoteWebDriver.execute(RemoteWebDriver.java:543)
	at org.openqa.selenium.remote.RemoteWebDriver.startSession(RemoteWebDriver.java:207)
	at org.openqa.selenium.remote.RemoteWebDriver.<init>(RemoteWebDriver.java:130)
	at org.openqa.selenium.chrome.ChromeDriver.<init>(ChromeDriver.java:181)
	at org.openqa.selenium.chrome.ChromeDriver.<init>(ChromeDriver.java:147)
	at com.focus.base.BaseEngine.openBrowser(BaseEngine.java:102)
	at sun.reflect.NativeMethodAccessorImpl.invoke0(Native Method)
	at sun.reflect.NativeMethodAccessorImpl.invoke(Unknown Source)
	at sun.reflect.DelegatingMethodAccessorImpl.invoke(Unknown Source)
	at java.lang.reflect.Method.invoke(Unknown Source)
	at org.testng.internal.MethodInvocationHelper.invokeMethod(MethodInvocationHelper.java:86)
	at org.testng.internal.Invoker.invokeConfigurationMethod(Invoker.java:514)
	at org.testng.internal.Invoker.invokeConfigurations(Invoker.java:215)
	at org.testng.internal.Invoker.invokeConfigurations(Invoker.java:142)
	at org.testng.SuiteRunner.privateRun(SuiteRunner.java:305)
	at org.testng.SuiteRunner.run(SuiteRunner.java:268)
	at org.testng.SuiteRunnerWorker.runSuite(SuiteRunnerWorker.java:52)
	at org.testng.SuiteRunnerWorker.run(SuiteRunnerWorker.java:86)
	at org.testng.TestNG.runSuitesSequentially(TestNG.java:1244)
	at org.testng.TestNG.runSuitesLocally(TestNG.java:1169)
	at org.testng.TestNG.run(TestNG.java:1064)
	at org.testng.remote.AbstractRemoteTestNG.run(AbstractRemoteTestNG.java:114)
	at org.testng.remote.RemoteTestNG.initAndRun(RemoteTestNG.java:251)
	at org.testng.remote.RemoteTestNG.main(RemoteTestNG.java:77)
]]>
    </error>
  </testcase> <!-- verifyBinsAddGroupNewCreateDisplayInBinsGrid -->
  <testcase name="verifyEditOptionForNewlyCreatedUnit" time="0.001" classname="com.focus.testcases.MasterBinsTest">
    <error type="org.openqa.selenium.SessionNotCreatedException" message="session not created: This version of ChromeDriver only supports Chrome version 78
Build info: version: &#039;3.12.0&#039;, revision: &#039;7c6e0b3&#039;, time: &#039;2018-05-08T14:04:26.12Z&#039;
System info: host: &#039;FOCUS-QA-10&#039;, ip: &#039;192.168.4.46&#039;, os.name: &#039;Windows 10&#039;, os.arch: &#039;amd64&#039;, os.version: &#039;10.0&#039;, java.version: &#039;1.8.0_111&#039;
Driver info: driver.version: ChromeDriver
remote stacktrace: Backtrace:
	Ordinal0 [0x00F0A903+1550595]
	Ordinal0 [0x00E8A701+1025793]
	Ordinal0 [0x00E0C6E5+509669]
	Ordinal0 [0x00D9FC68+64616]
	Ordinal0 [0x00D9C594+50580]
	Ordinal0 [0x00DBACE7+175335]
	Ordinal0 [0x00DBA8ED+174317]
	Ordinal0 [0x00DB8CDB+167131]
	Ordinal0 [0x00DA144A+70730]
	Ordinal0 [0x00DA24D0+74960]
	Ordinal0 [0x00DA2469+74857]
	Ordinal0 [0x00EA42C7+1131207]
	GetHandleVerifier [0x00FA70FD+523789]
	GetHandleVerifier [0x00FA6E90+523168]
	GetHandleVerifier [0x00FAE1E7+552695]
	GetHandleVerifier [0x00FA78FA+525834]
	Ordinal0 [0x00E9B7FC+1095676]
	Ordinal0 [0x00EA633B+1139515]
	Ordinal0 [0x00EA64A3+1139875]
	Ordinal0 [0x00EA5425+1135653]
	BaseThreadInitThunk [0x77B43744+36]
	RtlSetCurrentTransaction [0x77D69E54+212]
	RtlSetCurrentTransaction [0x77D69E1F+159]
">
      <![CDATA[org.openqa.selenium.SessionNotCreatedException: session not created: This version of ChromeDriver only supports Chrome version 78
Build info: version: '3.12.0', revision: '7c6e0b3', time: '2018-05-08T14:04:26.12Z'
System info: host: 'FOCUS-QA-10', ip: '192.168.4.46', os.name: 'Windows 10', os.arch: 'amd64', os.version: '10.0', java.version: '1.8.0_111'
Driver info: driver.version: ChromeDriver
remote stacktrace: Backtrace:
	Ordinal0 [0x00F0A903+1550595]
	Ordinal0 [0x00E8A701+1025793]
	Ordinal0 [0x00E0C6E5+509669]
	Ordinal0 [0x00D9FC68+64616]
	Ordinal0 [0x00D9C594+50580]
	Ordinal0 [0x00DBACE7+175335]
	Ordinal0 [0x00DBA8ED+174317]
	Ordinal0 [0x00DB8CDB+167131]
	Ordinal0 [0x00DA144A+70730]
	Ordinal0 [0x00DA24D0+74960]
	Ordinal0 [0x00DA2469+74857]
	Ordinal0 [0x00EA42C7+1131207]
	GetHandleVerifier [0x00FA70FD+523789]
	GetHandleVerifier [0x00FA6E90+523168]
	GetHandleVerifier [0x00FAE1E7+552695]
	GetHandleVerifier [0x00FA78FA+525834]
	Ordinal0 [0x00E9B7FC+1095676]
	Ordinal0 [0x00EA633B+1139515]
	Ordinal0 [0x00EA64A3+1139875]
	Ordinal0 [0x00EA5425+1135653]
	BaseThreadInitThunk [0x77B43744+36]
	RtlSetCurrentTransaction [0x77D69E54+212]
	RtlSetCurrentTransaction [0x77D69E1F+159]

	at sun.reflect.NativeConstructorAccessorImpl.newInstance0(Native Method)
	at sun.reflect.NativeConstructorAccessorImpl.newInstance(Unknown Source)
	at sun.reflect.DelegatingConstructorAccessorImpl.newInstance(Unknown Source)
	at java.lang.reflect.Constructor.newInstance(Unknown Source)
	at org.openqa.selenium.remote.W3CHandshakeResponse.lambda$new$0(W3CHandshakeResponse.java:57)
	at org.openqa.selenium.remote.W3CHandshakeResponse.lambda$getResponseFunction$2(W3CHandshakeResponse.java:104)
	at org.openqa.selenium.remote.ProtocolHandshake.lambda$createSession$0(ProtocolHandshake.java:123)
	at java.util.stream.ReferencePipeline$3$1.accept(Unknown Source)
	at java.util.Spliterators$ArraySpliterator.tryAdvance(Unknown Source)
	at java.util.stream.ReferencePipeline.forEachWithCancel(Unknown Source)
	at java.util.stream.AbstractPipeline.copyIntoWithCancel(Unknown Source)
	at java.util.stream.AbstractPipeline.copyInto(Unknown Source)
	at java.util.stream.AbstractPipeline.wrapAndCopyInto(Unknown Source)
	at java.util.stream.FindOps$FindOp.evaluateSequential(Unknown Source)
	at java.util.stream.AbstractPipeline.evaluate(Unknown Source)
	at java.util.stream.ReferencePipeline.findFirst(Unknown Source)
	at org.openqa.selenium.remote.ProtocolHandshake.createSession(ProtocolHandshake.java:126)
	at org.openqa.selenium.remote.ProtocolHandshake.createSession(ProtocolHandshake.java:73)
	at org.openqa.selenium.remote.HttpCommandExecutor.execute(HttpCommandExecutor.java:136)
	at org.openqa.selenium.remote.service.DriverCommandExecutor.execute(DriverCommandExecutor.java:83)
	at org.openqa.selenium.remote.RemoteWebDriver.execute(RemoteWebDriver.java:543)
	at org.openqa.selenium.remote.RemoteWebDriver.startSession(RemoteWebDriver.java:207)
	at org.openqa.selenium.remote.RemoteWebDriver.<init>(RemoteWebDriver.java:130)
	at org.openqa.selenium.chrome.ChromeDriver.<init>(ChromeDriver.java:181)
	at org.openqa.selenium.chrome.ChromeDriver.<init>(ChromeDriver.java:147)
	at com.focus.base.BaseEngine.openBrowser(BaseEngine.java:102)
	at sun.reflect.NativeMethodAccessorImpl.invoke0(Native Method)
	at sun.reflect.NativeMethodAccessorImpl.invoke(Unknown Source)
	at sun.reflect.DelegatingMethodAccessorImpl.invoke(Unknown Source)
	at java.lang.reflect.Method.invoke(Unknown Source)
	at org.testng.internal.MethodInvocationHelper.invokeMethod(MethodInvocationHelper.java:86)
	at org.testng.internal.Invoker.invokeConfigurationMethod(Invoker.java:514)
	at org.testng.internal.Invoker.invokeConfigurations(Invoker.java:215)
	at org.testng.internal.Invoker.invokeConfigurations(Invoker.java:142)
	at org.testng.SuiteRunner.privateRun(SuiteRunner.java:305)
	at org.testng.SuiteRunner.run(SuiteRunner.java:268)
	at org.testng.SuiteRunnerWorker.runSuite(SuiteRunnerWorker.java:52)
	at org.testng.SuiteRunnerWorker.run(SuiteRunnerWorker.java:86)
	at org.testng.TestNG.runSuitesSequentially(TestNG.java:1244)
	at org.testng.TestNG.runSuitesLocally(TestNG.java:1169)
	at org.testng.TestNG.run(TestNG.java:1064)
	at org.testng.remote.AbstractRemoteTestNG.run(AbstractRemoteTestNG.java:114)
	at org.testng.remote.RemoteTestNG.initAndRun(RemoteTestNG.java:251)
	at org.testng.remote.RemoteTestNG.main(RemoteTestNG.java:77)
]]>
    </error>
  </testcase> <!-- verifyEditOptionForNewlyCreatedUnit -->
  <testcase name="verifyEditOptionForNewlyCreateAddGroupBins" time="0.002" classname="com.focus.testcases.MasterBinsTest">
    <error type="org.openqa.selenium.SessionNotCreatedException" message="session not created: This version of ChromeDriver only supports Chrome version 78
Build info: version: &#039;3.12.0&#039;, revision: &#039;7c6e0b3&#039;, time: &#039;2018-05-08T14:04:26.12Z&#039;
System info: host: &#039;FOCUS-QA-10&#039;, ip: &#039;192.168.4.46&#039;, os.name: &#039;Windows 10&#039;, os.arch: &#039;amd64&#039;, os.version: &#039;10.0&#039;, java.version: &#039;1.8.0_111&#039;
Driver info: driver.version: ChromeDriver
remote stacktrace: Backtrace:
	Ordinal0 [0x00F0A903+1550595]
	Ordinal0 [0x00E8A701+1025793]
	Ordinal0 [0x00E0C6E5+509669]
	Ordinal0 [0x00D9FC68+64616]
	Ordinal0 [0x00D9C594+50580]
	Ordinal0 [0x00DBACE7+175335]
	Ordinal0 [0x00DBA8ED+174317]
	Ordinal0 [0x00DB8CDB+167131]
	Ordinal0 [0x00DA144A+70730]
	Ordinal0 [0x00DA24D0+74960]
	Ordinal0 [0x00DA2469+74857]
	Ordinal0 [0x00EA42C7+1131207]
	GetHandleVerifier [0x00FA70FD+523789]
	GetHandleVerifier [0x00FA6E90+523168]
	GetHandleVerifier [0x00FAE1E7+552695]
	GetHandleVerifier [0x00FA78FA+525834]
	Ordinal0 [0x00E9B7FC+1095676]
	Ordinal0 [0x00EA633B+1139515]
	Ordinal0 [0x00EA64A3+1139875]
	Ordinal0 [0x00EA5425+1135653]
	BaseThreadInitThunk [0x77B43744+36]
	RtlSetCurrentTransaction [0x77D69E54+212]
	RtlSetCurrentTransaction [0x77D69E1F+159]
">
      <![CDATA[org.openqa.selenium.SessionNotCreatedException: session not created: This version of ChromeDriver only supports Chrome version 78
Build info: version: '3.12.0', revision: '7c6e0b3', time: '2018-05-08T14:04:26.12Z'
System info: host: 'FOCUS-QA-10', ip: '192.168.4.46', os.name: 'Windows 10', os.arch: 'amd64', os.version: '10.0', java.version: '1.8.0_111'
Driver info: driver.version: ChromeDriver
remote stacktrace: Backtrace:
	Ordinal0 [0x00F0A903+1550595]
	Ordinal0 [0x00E8A701+1025793]
	Ordinal0 [0x00E0C6E5+509669]
	Ordinal0 [0x00D9FC68+64616]
	Ordinal0 [0x00D9C594+50580]
	Ordinal0 [0x00DBACE7+175335]
	Ordinal0 [0x00DBA8ED+174317]
	Ordinal0 [0x00DB8CDB+167131]
	Ordinal0 [0x00DA144A+70730]
	Ordinal0 [0x00DA24D0+74960]
	Ordinal0 [0x00DA2469+74857]
	Ordinal0 [0x00EA42C7+1131207]
	GetHandleVerifier [0x00FA70FD+523789]
	GetHandleVerifier [0x00FA6E90+523168]
	GetHandleVerifier [0x00FAE1E7+552695]
	GetHandleVerifier [0x00FA78FA+525834]
	Ordinal0 [0x00E9B7FC+1095676]
	Ordinal0 [0x00EA633B+1139515]
	Ordinal0 [0x00EA64A3+1139875]
	Ordinal0 [0x00EA5425+1135653]
	BaseThreadInitThunk [0x77B43744+36]
	RtlSetCurrentTransaction [0x77D69E54+212]
	RtlSetCurrentTransaction [0x77D69E1F+159]

	at sun.reflect.NativeConstructorAccessorImpl.newInstance0(Native Method)
	at sun.reflect.NativeConstructorAccessorImpl.newInstance(Unknown Source)
	at sun.reflect.DelegatingConstructorAccessorImpl.newInstance(Unknown Source)
	at java.lang.reflect.Constructor.newInstance(Unknown Source)
	at org.openqa.selenium.remote.W3CHandshakeResponse.lambda$new$0(W3CHandshakeResponse.java:57)
	at org.openqa.selenium.remote.W3CHandshakeResponse.lambda$getResponseFunction$2(W3CHandshakeResponse.java:104)
	at org.openqa.selenium.remote.ProtocolHandshake.lambda$createSession$0(ProtocolHandshake.java:123)
	at java.util.stream.ReferencePipeline$3$1.accept(Unknown Source)
	at java.util.Spliterators$ArraySpliterator.tryAdvance(Unknown Source)
	at java.util.stream.ReferencePipeline.forEachWithCancel(Unknown Source)
	at java.util.stream.AbstractPipeline.copyIntoWithCancel(Unknown Source)
	at java.util.stream.AbstractPipeline.copyInto(Unknown Source)
	at java.util.stream.AbstractPipeline.wrapAndCopyInto(Unknown Source)
	at java.util.stream.FindOps$FindOp.evaluateSequential(Unknown Source)
	at java.util.stream.AbstractPipeline.evaluate(Unknown Source)
	at java.util.stream.ReferencePipeline.findFirst(Unknown Source)
	at org.openqa.selenium.remote.ProtocolHandshake.createSession(ProtocolHandshake.java:126)
	at org.openqa.selenium.remote.ProtocolHandshake.createSession(ProtocolHandshake.java:73)
	at org.openqa.selenium.remote.HttpCommandExecutor.execute(HttpCommandExecutor.java:136)
	at org.openqa.selenium.remote.service.DriverCommandExecutor.execute(DriverCommandExecutor.java:83)
	at org.openqa.selenium.remote.RemoteWebDriver.execute(RemoteWebDriver.java:543)
	at org.openqa.selenium.remote.RemoteWebDriver.startSession(RemoteWebDriver.java:207)
	at org.openqa.selenium.remote.RemoteWebDriver.<init>(RemoteWebDriver.java:130)
	at org.openqa.selenium.chrome.ChromeDriver.<init>(ChromeDriver.java:181)
	at org.openqa.selenium.chrome.ChromeDriver.<init>(ChromeDriver.java:147)
	at com.focus.base.BaseEngine.openBrowser(BaseEngine.java:102)
	at sun.reflect.NativeMethodAccessorImpl.invoke0(Native Method)
	at sun.reflect.NativeMethodAccessorImpl.invoke(Unknown Source)
	at sun.reflect.DelegatingMethodAccessorImpl.invoke(Unknown Source)
	at java.lang.reflect.Method.invoke(Unknown Source)
	at org.testng.internal.MethodInvocationHelper.invokeMethod(MethodInvocationHelper.java:86)
	at org.testng.internal.Invoker.invokeConfigurationMethod(Invoker.java:514)
	at org.testng.internal.Invoker.invokeConfigurations(Invoker.java:215)
	at org.testng.internal.Invoker.invokeConfigurations(Invoker.java:142)
	at org.testng.SuiteRunner.privateRun(SuiteRunner.java:305)
	at org.testng.SuiteRunner.run(SuiteRunner.java:268)
	at org.testng.SuiteRunnerWorker.runSuite(SuiteRunnerWorker.java:52)
	at org.testng.SuiteRunnerWorker.run(SuiteRunnerWorker.java:86)
	at org.testng.TestNG.runSuitesSequentially(TestNG.java:1244)
	at org.testng.TestNG.runSuitesLocally(TestNG.java:1169)
	at org.testng.TestNG.run(TestNG.java:1064)
	at org.testng.remote.AbstractRemoteTestNG.run(AbstractRemoteTestNG.java:114)
	at org.testng.remote.RemoteTestNG.initAndRun(RemoteTestNG.java:251)
	at org.testng.remote.RemoteTestNG.main(RemoteTestNG.java:77)
]]>
    </error>
  </testcase> <!-- verifyEditOptionForNewlyCreateAddGroupBins -->
  <testcase name="verifySaveButtonInAddGroupWithInputingMandatoryFields" time="0.000" classname="com.focus.testcases.MasterBinsTest">
    <error type="org.openqa.selenium.SessionNotCreatedException" message="session not created: This version of ChromeDriver only supports Chrome version 78
Build info: version: &#039;3.12.0&#039;, revision: &#039;7c6e0b3&#039;, time: &#039;2018-05-08T14:04:26.12Z&#039;
System info: host: &#039;FOCUS-QA-10&#039;, ip: &#039;192.168.4.46&#039;, os.name: &#039;Windows 10&#039;, os.arch: &#039;amd64&#039;, os.version: &#039;10.0&#039;, java.version: &#039;1.8.0_111&#039;
Driver info: driver.version: ChromeDriver
remote stacktrace: Backtrace:
	Ordinal0 [0x00F0A903+1550595]
	Ordinal0 [0x00E8A701+1025793]
	Ordinal0 [0x00E0C6E5+509669]
	Ordinal0 [0x00D9FC68+64616]
	Ordinal0 [0x00D9C594+50580]
	Ordinal0 [0x00DBACE7+175335]
	Ordinal0 [0x00DBA8ED+174317]
	Ordinal0 [0x00DB8CDB+167131]
	Ordinal0 [0x00DA144A+70730]
	Ordinal0 [0x00DA24D0+74960]
	Ordinal0 [0x00DA2469+74857]
	Ordinal0 [0x00EA42C7+1131207]
	GetHandleVerifier [0x00FA70FD+523789]
	GetHandleVerifier [0x00FA6E90+523168]
	GetHandleVerifier [0x00FAE1E7+552695]
	GetHandleVerifier [0x00FA78FA+525834]
	Ordinal0 [0x00E9B7FC+1095676]
	Ordinal0 [0x00EA633B+1139515]
	Ordinal0 [0x00EA64A3+1139875]
	Ordinal0 [0x00EA5425+1135653]
	BaseThreadInitThunk [0x77B43744+36]
	RtlSetCurrentTransaction [0x77D69E54+212]
	RtlSetCurrentTransaction [0x77D69E1F+159]
">
      <![CDATA[org.openqa.selenium.SessionNotCreatedException: session not created: This version of ChromeDriver only supports Chrome version 78
Build info: version: '3.12.0', revision: '7c6e0b3', time: '2018-05-08T14:04:26.12Z'
System info: host: 'FOCUS-QA-10', ip: '192.168.4.46', os.name: 'Windows 10', os.arch: 'amd64', os.version: '10.0', java.version: '1.8.0_111'
Driver info: driver.version: ChromeDriver
remote stacktrace: Backtrace:
	Ordinal0 [0x00F0A903+1550595]
	Ordinal0 [0x00E8A701+1025793]
	Ordinal0 [0x00E0C6E5+509669]
	Ordinal0 [0x00D9FC68+64616]
	Ordinal0 [0x00D9C594+50580]
	Ordinal0 [0x00DBACE7+175335]
	Ordinal0 [0x00DBA8ED+174317]
	Ordinal0 [0x00DB8CDB+167131]
	Ordinal0 [0x00DA144A+70730]
	Ordinal0 [0x00DA24D0+74960]
	Ordinal0 [0x00DA2469+74857]
	Ordinal0 [0x00EA42C7+1131207]
	GetHandleVerifier [0x00FA70FD+523789]
	GetHandleVerifier [0x00FA6E90+523168]
	GetHandleVerifier [0x00FAE1E7+552695]
	GetHandleVerifier [0x00FA78FA+525834]
	Ordinal0 [0x00E9B7FC+1095676]
	Ordinal0 [0x00EA633B+1139515]
	Ordinal0 [0x00EA64A3+1139875]
	Ordinal0 [0x00EA5425+1135653]
	BaseThreadInitThunk [0x77B43744+36]
	RtlSetCurrentTransaction [0x77D69E54+212]
	RtlSetCurrentTransaction [0x77D69E1F+159]

	at sun.reflect.NativeConstructorAccessorImpl.newInstance0(Native Method)
	at sun.reflect.NativeConstructorAccessorImpl.newInstance(Unknown Source)
	at sun.reflect.DelegatingConstructorAccessorImpl.newInstance(Unknown Source)
	at java.lang.reflect.Constructor.newInstance(Unknown Source)
	at org.openqa.selenium.remote.W3CHandshakeResponse.lambda$new$0(W3CHandshakeResponse.java:57)
	at org.openqa.selenium.remote.W3CHandshakeResponse.lambda$getResponseFunction$2(W3CHandshakeResponse.java:104)
	at org.openqa.selenium.remote.ProtocolHandshake.lambda$createSession$0(ProtocolHandshake.java:123)
	at java.util.stream.ReferencePipeline$3$1.accept(Unknown Source)
	at java.util.Spliterators$ArraySpliterator.tryAdvance(Unknown Source)
	at java.util.stream.ReferencePipeline.forEachWithCancel(Unknown Source)
	at java.util.stream.AbstractPipeline.copyIntoWithCancel(Unknown Source)
	at java.util.stream.AbstractPipeline.copyInto(Unknown Source)
	at java.util.stream.AbstractPipeline.wrapAndCopyInto(Unknown Source)
	at java.util.stream.FindOps$FindOp.evaluateSequential(Unknown Source)
	at java.util.stream.AbstractPipeline.evaluate(Unknown Source)
	at java.util.stream.ReferencePipeline.findFirst(Unknown Source)
	at org.openqa.selenium.remote.ProtocolHandshake.createSession(ProtocolHandshake.java:126)
	at org.openqa.selenium.remote.ProtocolHandshake.createSession(ProtocolHandshake.java:73)
	at org.openqa.selenium.remote.HttpCommandExecutor.execute(HttpCommandExecutor.java:136)
	at org.openqa.selenium.remote.service.DriverCommandExecutor.execute(DriverCommandExecutor.java:83)
	at org.openqa.selenium.remote.RemoteWebDriver.execute(RemoteWebDriver.java:543)
	at org.openqa.selenium.remote.RemoteWebDriver.startSession(RemoteWebDriver.java:207)
	at org.openqa.selenium.remote.RemoteWebDriver.<init>(RemoteWebDriver.java:130)
	at org.openqa.selenium.chrome.ChromeDriver.<init>(ChromeDriver.java:181)
	at org.openqa.selenium.chrome.ChromeDriver.<init>(ChromeDriver.java:147)
	at com.focus.base.BaseEngine.openBrowser(BaseEngine.java:102)
	at sun.reflect.NativeMethodAccessorImpl.invoke0(Native Method)
	at sun.reflect.NativeMethodAccessorImpl.invoke(Unknown Source)
	at sun.reflect.DelegatingMethodAccessorImpl.invoke(Unknown Source)
	at java.lang.reflect.Method.invoke(Unknown Source)
	at org.testng.internal.MethodInvocationHelper.invokeMethod(MethodInvocationHelper.java:86)
	at org.testng.internal.Invoker.invokeConfigurationMethod(Invoker.java:514)
	at org.testng.internal.Invoker.invokeConfigurations(Invoker.java:215)
	at org.testng.internal.Invoker.invokeConfigurations(Invoker.java:142)
	at org.testng.SuiteRunner.privateRun(SuiteRunner.java:305)
	at org.testng.SuiteRunner.run(SuiteRunner.java:268)
	at org.testng.SuiteRunnerWorker.runSuite(SuiteRunnerWorker.java:52)
	at org.testng.SuiteRunnerWorker.run(SuiteRunnerWorker.java:86)
	at org.testng.TestNG.runSuitesSequentially(TestNG.java:1244)
	at org.testng.TestNG.runSuitesLocally(TestNG.java:1169)
	at org.testng.TestNG.run(TestNG.java:1064)
	at org.testng.remote.AbstractRemoteTestNG.run(AbstractRemoteTestNG.java:114)
	at org.testng.remote.RemoteTestNG.initAndRun(RemoteTestNG.java:251)
	at org.testng.remote.RemoteTestNG.main(RemoteTestNG.java:77)
]]>
    </error>
  </testcase> <!-- verifySaveButtonInAddGroupWithInputingMandatoryFields -->
  <testcase name="verifyOpenBinssMenu" time="0.000" classname="com.focus.testcases.MasterBinsTest">
    <error type="org.openqa.selenium.SessionNotCreatedException" message="session not created: This version of ChromeDriver only supports Chrome version 78
Build info: version: &#039;3.12.0&#039;, revision: &#039;7c6e0b3&#039;, time: &#039;2018-05-08T14:04:26.12Z&#039;
System info: host: &#039;FOCUS-QA-10&#039;, ip: &#039;192.168.4.46&#039;, os.name: &#039;Windows 10&#039;, os.arch: &#039;amd64&#039;, os.version: &#039;10.0&#039;, java.version: &#039;1.8.0_111&#039;
Driver info: driver.version: ChromeDriver
remote stacktrace: Backtrace:
	Ordinal0 [0x00F0A903+1550595]
	Ordinal0 [0x00E8A701+1025793]
	Ordinal0 [0x00E0C6E5+509669]
	Ordinal0 [0x00D9FC68+64616]
	Ordinal0 [0x00D9C594+50580]
	Ordinal0 [0x00DBACE7+175335]
	Ordinal0 [0x00DBA8ED+174317]
	Ordinal0 [0x00DB8CDB+167131]
	Ordinal0 [0x00DA144A+70730]
	Ordinal0 [0x00DA24D0+74960]
	Ordinal0 [0x00DA2469+74857]
	Ordinal0 [0x00EA42C7+1131207]
	GetHandleVerifier [0x00FA70FD+523789]
	GetHandleVerifier [0x00FA6E90+523168]
	GetHandleVerifier [0x00FAE1E7+552695]
	GetHandleVerifier [0x00FA78FA+525834]
	Ordinal0 [0x00E9B7FC+1095676]
	Ordinal0 [0x00EA633B+1139515]
	Ordinal0 [0x00EA64A3+1139875]
	Ordinal0 [0x00EA5425+1135653]
	BaseThreadInitThunk [0x77B43744+36]
	RtlSetCurrentTransaction [0x77D69E54+212]
	RtlSetCurrentTransaction [0x77D69E1F+159]
">
      <![CDATA[org.openqa.selenium.SessionNotCreatedException: session not created: This version of ChromeDriver only supports Chrome version 78
Build info: version: '3.12.0', revision: '7c6e0b3', time: '2018-05-08T14:04:26.12Z'
System info: host: 'FOCUS-QA-10', ip: '192.168.4.46', os.name: 'Windows 10', os.arch: 'amd64', os.version: '10.0', java.version: '1.8.0_111'
Driver info: driver.version: ChromeDriver
remote stacktrace: Backtrace:
	Ordinal0 [0x00F0A903+1550595]
	Ordinal0 [0x00E8A701+1025793]
	Ordinal0 [0x00E0C6E5+509669]
	Ordinal0 [0x00D9FC68+64616]
	Ordinal0 [0x00D9C594+50580]
	Ordinal0 [0x00DBACE7+175335]
	Ordinal0 [0x00DBA8ED+174317]
	Ordinal0 [0x00DB8CDB+167131]
	Ordinal0 [0x00DA144A+70730]
	Ordinal0 [0x00DA24D0+74960]
	Ordinal0 [0x00DA2469+74857]
	Ordinal0 [0x00EA42C7+1131207]
	GetHandleVerifier [0x00FA70FD+523789]
	GetHandleVerifier [0x00FA6E90+523168]
	GetHandleVerifier [0x00FAE1E7+552695]
	GetHandleVerifier [0x00FA78FA+525834]
	Ordinal0 [0x00E9B7FC+1095676]
	Ordinal0 [0x00EA633B+1139515]
	Ordinal0 [0x00EA64A3+1139875]
	Ordinal0 [0x00EA5425+1135653]
	BaseThreadInitThunk [0x77B43744+36]
	RtlSetCurrentTransaction [0x77D69E54+212]
	RtlSetCurrentTransaction [0x77D69E1F+159]

	at sun.reflect.NativeConstructorAccessorImpl.newInstance0(Native Method)
	at sun.reflect.NativeConstructorAccessorImpl.newInstance(Unknown Source)
	at sun.reflect.DelegatingConstructorAccessorImpl.newInstance(Unknown Source)
	at java.lang.reflect.Constructor.newInstance(Unknown Source)
	at org.openqa.selenium.remote.W3CHandshakeResponse.lambda$new$0(W3CHandshakeResponse.java:57)
	at org.openqa.selenium.remote.W3CHandshakeResponse.lambda$getResponseFunction$2(W3CHandshakeResponse.java:104)
	at org.openqa.selenium.remote.ProtocolHandshake.lambda$createSession$0(ProtocolHandshake.java:123)
	at java.util.stream.ReferencePipeline$3$1.accept(Unknown Source)
	at java.util.Spliterators$ArraySpliterator.tryAdvance(Unknown Source)
	at java.util.stream.ReferencePipeline.forEachWithCancel(Unknown Source)
	at java.util.stream.AbstractPipeline.copyIntoWithCancel(Unknown Source)
	at java.util.stream.AbstractPipeline.copyInto(Unknown Source)
	at java.util.stream.AbstractPipeline.wrapAndCopyInto(Unknown Source)
	at java.util.stream.FindOps$FindOp.evaluateSequential(Unknown Source)
	at java.util.stream.AbstractPipeline.evaluate(Unknown Source)
	at java.util.stream.ReferencePipeline.findFirst(Unknown Source)
	at org.openqa.selenium.remote.ProtocolHandshake.createSession(ProtocolHandshake.java:126)
	at org.openqa.selenium.remote.ProtocolHandshake.createSession(ProtocolHandshake.java:73)
	at org.openqa.selenium.remote.HttpCommandExecutor.execute(HttpCommandExecutor.java:136)
	at org.openqa.selenium.remote.service.DriverCommandExecutor.execute(DriverCommandExecutor.java:83)
	at org.openqa.selenium.remote.RemoteWebDriver.execute(RemoteWebDriver.java:543)
	at org.openqa.selenium.remote.RemoteWebDriver.startSession(RemoteWebDriver.java:207)
	at org.openqa.selenium.remote.RemoteWebDriver.<init>(RemoteWebDriver.java:130)
	at org.openqa.selenium.chrome.ChromeDriver.<init>(ChromeDriver.java:181)
	at org.openqa.selenium.chrome.ChromeDriver.<init>(ChromeDriver.java:147)
	at com.focus.base.BaseEngine.openBrowser(BaseEngine.java:102)
	at sun.reflect.NativeMethodAccessorImpl.invoke0(Native Method)
	at sun.reflect.NativeMethodAccessorImpl.invoke(Unknown Source)
	at sun.reflect.DelegatingMethodAccessorImpl.invoke(Unknown Source)
	at java.lang.reflect.Method.invoke(Unknown Source)
	at org.testng.internal.MethodInvocationHelper.invokeMethod(MethodInvocationHelper.java:86)
	at org.testng.internal.Invoker.invokeConfigurationMethod(Invoker.java:514)
	at org.testng.internal.Invoker.invokeConfigurations(Invoker.java:215)
	at org.testng.internal.Invoker.invokeConfigurations(Invoker.java:142)
	at org.testng.SuiteRunner.privateRun(SuiteRunner.java:305)
	at org.testng.SuiteRunner.run(SuiteRunner.java:268)
	at org.testng.SuiteRunnerWorker.runSuite(SuiteRunnerWorker.java:52)
	at org.testng.SuiteRunnerWorker.run(SuiteRunnerWorker.java:86)
	at org.testng.TestNG.runSuitesSequentially(TestNG.java:1244)
	at org.testng.TestNG.runSuitesLocally(TestNG.java:1169)
	at org.testng.TestNG.run(TestNG.java:1064)
	at org.testng.remote.AbstractRemoteTestNG.run(AbstractRemoteTestNG.java:114)
	at org.testng.remote.RemoteTestNG.initAndRun(RemoteTestNG.java:251)
	at org.testng.remote.RemoteTestNG.main(RemoteTestNG.java:77)
]]>
    </error>
  </testcase> <!-- verifyOpenBinssMenu -->
  <testcase name="verifyCloseBinsMasterBeforeGroup" time="0.004" classname="com.focus.testcases.MasterBinsTest">
    <error type="org.openqa.selenium.SessionNotCreatedException" message="session not created: This version of ChromeDriver only supports Chrome version 78
Build info: version: &#039;3.12.0&#039;, revision: &#039;7c6e0b3&#039;, time: &#039;2018-05-08T14:04:26.12Z&#039;
System info: host: &#039;FOCUS-QA-10&#039;, ip: &#039;192.168.4.46&#039;, os.name: &#039;Windows 10&#039;, os.arch: &#039;amd64&#039;, os.version: &#039;10.0&#039;, java.version: &#039;1.8.0_111&#039;
Driver info: driver.version: ChromeDriver
remote stacktrace: Backtrace:
	Ordinal0 [0x00F0A903+1550595]
	Ordinal0 [0x00E8A701+1025793]
	Ordinal0 [0x00E0C6E5+509669]
	Ordinal0 [0x00D9FC68+64616]
	Ordinal0 [0x00D9C594+50580]
	Ordinal0 [0x00DBACE7+175335]
	Ordinal0 [0x00DBA8ED+174317]
	Ordinal0 [0x00DB8CDB+167131]
	Ordinal0 [0x00DA144A+70730]
	Ordinal0 [0x00DA24D0+74960]
	Ordinal0 [0x00DA2469+74857]
	Ordinal0 [0x00EA42C7+1131207]
	GetHandleVerifier [0x00FA70FD+523789]
	GetHandleVerifier [0x00FA6E90+523168]
	GetHandleVerifier [0x00FAE1E7+552695]
	GetHandleVerifier [0x00FA78FA+525834]
	Ordinal0 [0x00E9B7FC+1095676]
	Ordinal0 [0x00EA633B+1139515]
	Ordinal0 [0x00EA64A3+1139875]
	Ordinal0 [0x00EA5425+1135653]
	BaseThreadInitThunk [0x77B43744+36]
	RtlSetCurrentTransaction [0x77D69E54+212]
	RtlSetCurrentTransaction [0x77D69E1F+159]
">
      <![CDATA[org.openqa.selenium.SessionNotCreatedException: session not created: This version of ChromeDriver only supports Chrome version 78
Build info: version: '3.12.0', revision: '7c6e0b3', time: '2018-05-08T14:04:26.12Z'
System info: host: 'FOCUS-QA-10', ip: '192.168.4.46', os.name: 'Windows 10', os.arch: 'amd64', os.version: '10.0', java.version: '1.8.0_111'
Driver info: driver.version: ChromeDriver
remote stacktrace: Backtrace:
	Ordinal0 [0x00F0A903+1550595]
	Ordinal0 [0x00E8A701+1025793]
	Ordinal0 [0x00E0C6E5+509669]
	Ordinal0 [0x00D9FC68+64616]
	Ordinal0 [0x00D9C594+50580]
	Ordinal0 [0x00DBACE7+175335]
	Ordinal0 [0x00DBA8ED+174317]
	Ordinal0 [0x00DB8CDB+167131]
	Ordinal0 [0x00DA144A+70730]
	Ordinal0 [0x00DA24D0+74960]
	Ordinal0 [0x00DA2469+74857]
	Ordinal0 [0x00EA42C7+1131207]
	GetHandleVerifier [0x00FA70FD+523789]
	GetHandleVerifier [0x00FA6E90+523168]
	GetHandleVerifier [0x00FAE1E7+552695]
	GetHandleVerifier [0x00FA78FA+525834]
	Ordinal0 [0x00E9B7FC+1095676]
	Ordinal0 [0x00EA633B+1139515]
	Ordinal0 [0x00EA64A3+1139875]
	Ordinal0 [0x00EA5425+1135653]
	BaseThreadInitThunk [0x77B43744+36]
	RtlSetCurrentTransaction [0x77D69E54+212]
	RtlSetCurrentTransaction [0x77D69E1F+159]

	at sun.reflect.NativeConstructorAccessorImpl.newInstance0(Native Method)
	at sun.reflect.NativeConstructorAccessorImpl.newInstance(Unknown Source)
	at sun.reflect.DelegatingConstructorAccessorImpl.newInstance(Unknown Source)
	at java.lang.reflect.Constructor.newInstance(Unknown Source)
	at org.openqa.selenium.remote.W3CHandshakeResponse.lambda$new$0(W3CHandshakeResponse.java:57)
	at org.openqa.selenium.remote.W3CHandshakeResponse.lambda$getResponseFunction$2(W3CHandshakeResponse.java:104)
	at org.openqa.selenium.remote.ProtocolHandshake.lambda$createSession$0(ProtocolHandshake.java:123)
	at java.util.stream.ReferencePipeline$3$1.accept(Unknown Source)
	at java.util.Spliterators$ArraySpliterator.tryAdvance(Unknown Source)
	at java.util.stream.ReferencePipeline.forEachWithCancel(Unknown Source)
	at java.util.stream.AbstractPipeline.copyIntoWithCancel(Unknown Source)
	at java.util.stream.AbstractPipeline.copyInto(Unknown Source)
	at java.util.stream.AbstractPipeline.wrapAndCopyInto(Unknown Source)
	at java.util.stream.FindOps$FindOp.evaluateSequential(Unknown Source)
	at java.util.stream.AbstractPipeline.evaluate(Unknown Source)
	at java.util.stream.ReferencePipeline.findFirst(Unknown Source)
	at org.openqa.selenium.remote.ProtocolHandshake.createSession(ProtocolHandshake.java:126)
	at org.openqa.selenium.remote.ProtocolHandshake.createSession(ProtocolHandshake.java:73)
	at org.openqa.selenium.remote.HttpCommandExecutor.execute(HttpCommandExecutor.java:136)
	at org.openqa.selenium.remote.service.DriverCommandExecutor.execute(DriverCommandExecutor.java:83)
	at org.openqa.selenium.remote.RemoteWebDriver.execute(RemoteWebDriver.java:543)
	at org.openqa.selenium.remote.RemoteWebDriver.startSession(RemoteWebDriver.java:207)
	at org.openqa.selenium.remote.RemoteWebDriver.<init>(RemoteWebDriver.java:130)
	at org.openqa.selenium.chrome.ChromeDriver.<init>(ChromeDriver.java:181)
	at org.openqa.selenium.chrome.ChromeDriver.<init>(ChromeDriver.java:147)
	at com.focus.base.BaseEngine.openBrowser(BaseEngine.java:102)
	at sun.reflect.NativeMethodAccessorImpl.invoke0(Native Method)
	at sun.reflect.NativeMethodAccessorImpl.invoke(Unknown Source)
	at sun.reflect.DelegatingMethodAccessorImpl.invoke(Unknown Source)
	at java.lang.reflect.Method.invoke(Unknown Source)
	at org.testng.internal.MethodInvocationHelper.invokeMethod(MethodInvocationHelper.java:86)
	at org.testng.internal.Invoker.invokeConfigurationMethod(Invoker.java:514)
	at org.testng.internal.Invoker.invokeConfigurations(Invoker.java:215)
	at org.testng.internal.Invoker.invokeConfigurations(Invoker.java:142)
	at org.testng.SuiteRunner.privateRun(SuiteRunner.java:305)
	at org.testng.SuiteRunner.run(SuiteRunner.java:268)
	at org.testng.SuiteRunnerWorker.runSuite(SuiteRunnerWorker.java:52)
	at org.testng.SuiteRunnerWorker.run(SuiteRunnerWorker.java:86)
	at org.testng.TestNG.runSuitesSequentially(TestNG.java:1244)
	at org.testng.TestNG.runSuitesLocally(TestNG.java:1169)
	at org.testng.TestNG.run(TestNG.java:1064)
	at org.testng.remote.AbstractRemoteTestNG.run(AbstractRemoteTestNG.java:114)
	at org.testng.remote.RemoteTestNG.initAndRun(RemoteTestNG.java:251)
	at org.testng.remote.RemoteTestNG.main(RemoteTestNG.java:77)
]]>
    </error>
  </testcase> <!-- verifyCloseBinsMasterBeforeGroup -->
  <testcase name="verifySaveButton" time="0.000" classname="com.focus.testcases.MasterBinsTest">
    <error type="org.openqa.selenium.SessionNotCreatedException" message="session not created: This version of ChromeDriver only supports Chrome version 78
Build info: version: &#039;3.12.0&#039;, revision: &#039;7c6e0b3&#039;, time: &#039;2018-05-08T14:04:26.12Z&#039;
System info: host: &#039;FOCUS-QA-10&#039;, ip: &#039;192.168.4.46&#039;, os.name: &#039;Windows 10&#039;, os.arch: &#039;amd64&#039;, os.version: &#039;10.0&#039;, java.version: &#039;1.8.0_111&#039;
Driver info: driver.version: ChromeDriver
remote stacktrace: Backtrace:
	Ordinal0 [0x00F0A903+1550595]
	Ordinal0 [0x00E8A701+1025793]
	Ordinal0 [0x00E0C6E5+509669]
	Ordinal0 [0x00D9FC68+64616]
	Ordinal0 [0x00D9C594+50580]
	Ordinal0 [0x00DBACE7+175335]
	Ordinal0 [0x00DBA8ED+174317]
	Ordinal0 [0x00DB8CDB+167131]
	Ordinal0 [0x00DA144A+70730]
	Ordinal0 [0x00DA24D0+74960]
	Ordinal0 [0x00DA2469+74857]
	Ordinal0 [0x00EA42C7+1131207]
	GetHandleVerifier [0x00FA70FD+523789]
	GetHandleVerifier [0x00FA6E90+523168]
	GetHandleVerifier [0x00FAE1E7+552695]
	GetHandleVerifier [0x00FA78FA+525834]
	Ordinal0 [0x00E9B7FC+1095676]
	Ordinal0 [0x00EA633B+1139515]
	Ordinal0 [0x00EA64A3+1139875]
	Ordinal0 [0x00EA5425+1135653]
	BaseThreadInitThunk [0x77B43744+36]
	RtlSetCurrentTransaction [0x77D69E54+212]
	RtlSetCurrentTransaction [0x77D69E1F+159]
">
      <![CDATA[org.openqa.selenium.SessionNotCreatedException: session not created: This version of ChromeDriver only supports Chrome version 78
Build info: version: '3.12.0', revision: '7c6e0b3', time: '2018-05-08T14:04:26.12Z'
System info: host: 'FOCUS-QA-10', ip: '192.168.4.46', os.name: 'Windows 10', os.arch: 'amd64', os.version: '10.0', java.version: '1.8.0_111'
Driver info: driver.version: ChromeDriver
remote stacktrace: Backtrace:
	Ordinal0 [0x00F0A903+1550595]
	Ordinal0 [0x00E8A701+1025793]
	Ordinal0 [0x00E0C6E5+509669]
	Ordinal0 [0x00D9FC68+64616]
	Ordinal0 [0x00D9C594+50580]
	Ordinal0 [0x00DBACE7+175335]
	Ordinal0 [0x00DBA8ED+174317]
	Ordinal0 [0x00DB8CDB+167131]
	Ordinal0 [0x00DA144A+70730]
	Ordinal0 [0x00DA24D0+74960]
	Ordinal0 [0x00DA2469+74857]
	Ordinal0 [0x00EA42C7+1131207]
	GetHandleVerifier [0x00FA70FD+523789]
	GetHandleVerifier [0x00FA6E90+523168]
	GetHandleVerifier [0x00FAE1E7+552695]
	GetHandleVerifier [0x00FA78FA+525834]
	Ordinal0 [0x00E9B7FC+1095676]
	Ordinal0 [0x00EA633B+1139515]
	Ordinal0 [0x00EA64A3+1139875]
	Ordinal0 [0x00EA5425+1135653]
	BaseThreadInitThunk [0x77B43744+36]
	RtlSetCurrentTransaction [0x77D69E54+212]
	RtlSetCurrentTransaction [0x77D69E1F+159]

	at sun.reflect.NativeConstructorAccessorImpl.newInstance0(Native Method)
	at sun.reflect.NativeConstructorAccessorImpl.newInstance(Unknown Source)
	at sun.reflect.DelegatingConstructorAccessorImpl.newInstance(Unknown Source)
	at java.lang.reflect.Constructor.newInstance(Unknown Source)
	at org.openqa.selenium.remote.W3CHandshakeResponse.lambda$new$0(W3CHandshakeResponse.java:57)
	at org.openqa.selenium.remote.W3CHandshakeResponse.lambda$getResponseFunction$2(W3CHandshakeResponse.java:104)
	at org.openqa.selenium.remote.ProtocolHandshake.lambda$createSession$0(ProtocolHandshake.java:123)
	at java.util.stream.ReferencePipeline$3$1.accept(Unknown Source)
	at java.util.Spliterators$ArraySpliterator.tryAdvance(Unknown Source)
	at java.util.stream.ReferencePipeline.forEachWithCancel(Unknown Source)
	at java.util.stream.AbstractPipeline.copyIntoWithCancel(Unknown Source)
	at java.util.stream.AbstractPipeline.copyInto(Unknown Source)
	at java.util.stream.AbstractPipeline.wrapAndCopyInto(Unknown Source)
	at java.util.stream.FindOps$FindOp.evaluateSequential(Unknown Source)
	at java.util.stream.AbstractPipeline.evaluate(Unknown Source)
	at java.util.stream.ReferencePipeline.findFirst(Unknown Source)
	at org.openqa.selenium.remote.ProtocolHandshake.createSession(ProtocolHandshake.java:126)
	at org.openqa.selenium.remote.ProtocolHandshake.createSession(ProtocolHandshake.java:73)
	at org.openqa.selenium.remote.HttpCommandExecutor.execute(HttpCommandExecutor.java:136)
	at org.openqa.selenium.remote.service.DriverCommandExecutor.execute(DriverCommandExecutor.java:83)
	at org.openqa.selenium.remote.RemoteWebDriver.execute(RemoteWebDriver.java:543)
	at org.openqa.selenium.remote.RemoteWebDriver.startSession(RemoteWebDriver.java:207)
	at org.openqa.selenium.remote.RemoteWebDriver.<init>(RemoteWebDriver.java:130)
	at org.openqa.selenium.chrome.ChromeDriver.<init>(ChromeDriver.java:181)
	at org.openqa.selenium.chrome.ChromeDriver.<init>(ChromeDriver.java:147)
	at com.focus.base.BaseEngine.openBrowser(BaseEngine.java:102)
	at sun.reflect.NativeMethodAccessorImpl.invoke0(Native Method)
	at sun.reflect.NativeMethodAccessorImpl.invoke(Unknown Source)
	at sun.reflect.DelegatingMethodAccessorImpl.invoke(Unknown Source)
	at java.lang.reflect.Method.invoke(Unknown Source)
	at org.testng.internal.MethodInvocationHelper.invokeMethod(MethodInvocationHelper.java:86)
	at org.testng.internal.Invoker.invokeConfigurationMethod(Invoker.java:514)
	at org.testng.internal.Invoker.invokeConfigurations(Invoker.java:215)
	at org.testng.internal.Invoker.invokeConfigurations(Invoker.java:142)
	at org.testng.SuiteRunner.privateRun(SuiteRunner.java:305)
	at org.testng.SuiteRunner.run(SuiteRunner.java:268)
	at org.testng.SuiteRunnerWorker.runSuite(SuiteRunnerWorker.java:52)
	at org.testng.SuiteRunnerWorker.run(SuiteRunnerWorker.java:86)
	at org.testng.TestNG.runSuitesSequentially(TestNG.java:1244)
	at org.testng.TestNG.runSuitesLocally(TestNG.java:1169)
	at org.testng.TestNG.run(TestNG.java:1064)
	at org.testng.remote.AbstractRemoteTestNG.run(AbstractRemoteTestNG.java:114)
	at org.testng.remote.RemoteTestNG.initAndRun(RemoteTestNG.java:251)
	at org.testng.remote.RemoteTestNG.main(RemoteTestNG.java:77)
]]>
    </error>
  </testcase> <!-- verifySaveButton -->
  <testcase name="verifySaveButtonWithoutInputCodeMandatoryFieldsInGroupOption" time="0.001" classname="com.focus.testcases.MasterBinsTest">
    <error type="org.openqa.selenium.SessionNotCreatedException" message="session not created: This version of ChromeDriver only supports Chrome version 78
Build info: version: &#039;3.12.0&#039;, revision: &#039;7c6e0b3&#039;, time: &#039;2018-05-08T14:04:26.12Z&#039;
System info: host: &#039;FOCUS-QA-10&#039;, ip: &#039;192.168.4.46&#039;, os.name: &#039;Windows 10&#039;, os.arch: &#039;amd64&#039;, os.version: &#039;10.0&#039;, java.version: &#039;1.8.0_111&#039;
Driver info: driver.version: ChromeDriver
remote stacktrace: Backtrace:
	Ordinal0 [0x00F0A903+1550595]
	Ordinal0 [0x00E8A701+1025793]
	Ordinal0 [0x00E0C6E5+509669]
	Ordinal0 [0x00D9FC68+64616]
	Ordinal0 [0x00D9C594+50580]
	Ordinal0 [0x00DBACE7+175335]
	Ordinal0 [0x00DBA8ED+174317]
	Ordinal0 [0x00DB8CDB+167131]
	Ordinal0 [0x00DA144A+70730]
	Ordinal0 [0x00DA24D0+74960]
	Ordinal0 [0x00DA2469+74857]
	Ordinal0 [0x00EA42C7+1131207]
	GetHandleVerifier [0x00FA70FD+523789]
	GetHandleVerifier [0x00FA6E90+523168]
	GetHandleVerifier [0x00FAE1E7+552695]
	GetHandleVerifier [0x00FA78FA+525834]
	Ordinal0 [0x00E9B7FC+1095676]
	Ordinal0 [0x00EA633B+1139515]
	Ordinal0 [0x00EA64A3+1139875]
	Ordinal0 [0x00EA5425+1135653]
	BaseThreadInitThunk [0x77B43744+36]
	RtlSetCurrentTransaction [0x77D69E54+212]
	RtlSetCurrentTransaction [0x77D69E1F+159]
">
      <![CDATA[org.openqa.selenium.SessionNotCreatedException: session not created: This version of ChromeDriver only supports Chrome version 78
Build info: version: '3.12.0', revision: '7c6e0b3', time: '2018-05-08T14:04:26.12Z'
System info: host: 'FOCUS-QA-10', ip: '192.168.4.46', os.name: 'Windows 10', os.arch: 'amd64', os.version: '10.0', java.version: '1.8.0_111'
Driver info: driver.version: ChromeDriver
remote stacktrace: Backtrace:
	Ordinal0 [0x00F0A903+1550595]
	Ordinal0 [0x00E8A701+1025793]
	Ordinal0 [0x00E0C6E5+509669]
	Ordinal0 [0x00D9FC68+64616]
	Ordinal0 [0x00D9C594+50580]
	Ordinal0 [0x00DBACE7+175335]
	Ordinal0 [0x00DBA8ED+174317]
	Ordinal0 [0x00DB8CDB+167131]
	Ordinal0 [0x00DA144A+70730]
	Ordinal0 [0x00DA24D0+74960]
	Ordinal0 [0x00DA2469+74857]
	Ordinal0 [0x00EA42C7+1131207]
	GetHandleVerifier [0x00FA70FD+523789]
	GetHandleVerifier [0x00FA6E90+523168]
	GetHandleVerifier [0x00FAE1E7+552695]
	GetHandleVerifier [0x00FA78FA+525834]
	Ordinal0 [0x00E9B7FC+1095676]
	Ordinal0 [0x00EA633B+1139515]
	Ordinal0 [0x00EA64A3+1139875]
	Ordinal0 [0x00EA5425+1135653]
	BaseThreadInitThunk [0x77B43744+36]
	RtlSetCurrentTransaction [0x77D69E54+212]
	RtlSetCurrentTransaction [0x77D69E1F+159]

	at sun.reflect.NativeConstructorAccessorImpl.newInstance0(Native Method)
	at sun.reflect.NativeConstructorAccessorImpl.newInstance(Unknown Source)
	at sun.reflect.DelegatingConstructorAccessorImpl.newInstance(Unknown Source)
	at java.lang.reflect.Constructor.newInstance(Unknown Source)
	at org.openqa.selenium.remote.W3CHandshakeResponse.lambda$new$0(W3CHandshakeResponse.java:57)
	at org.openqa.selenium.remote.W3CHandshakeResponse.lambda$getResponseFunction$2(W3CHandshakeResponse.java:104)
	at org.openqa.selenium.remote.ProtocolHandshake.lambda$createSession$0(ProtocolHandshake.java:123)
	at java.util.stream.ReferencePipeline$3$1.accept(Unknown Source)
	at java.util.Spliterators$ArraySpliterator.tryAdvance(Unknown Source)
	at java.util.stream.ReferencePipeline.forEachWithCancel(Unknown Source)
	at java.util.stream.AbstractPipeline.copyIntoWithCancel(Unknown Source)
	at java.util.stream.AbstractPipeline.copyInto(Unknown Source)
	at java.util.stream.AbstractPipeline.wrapAndCopyInto(Unknown Source)
	at java.util.stream.FindOps$FindOp.evaluateSequential(Unknown Source)
	at java.util.stream.AbstractPipeline.evaluate(Unknown Source)
	at java.util.stream.ReferencePipeline.findFirst(Unknown Source)
	at org.openqa.selenium.remote.ProtocolHandshake.createSession(ProtocolHandshake.java:126)
	at org.openqa.selenium.remote.ProtocolHandshake.createSession(ProtocolHandshake.java:73)
	at org.openqa.selenium.remote.HttpCommandExecutor.execute(HttpCommandExecutor.java:136)
	at org.openqa.selenium.remote.service.DriverCommandExecutor.execute(DriverCommandExecutor.java:83)
	at org.openqa.selenium.remote.RemoteWebDriver.execute(RemoteWebDriver.java:543)
	at org.openqa.selenium.remote.RemoteWebDriver.startSession(RemoteWebDriver.java:207)
	at org.openqa.selenium.remote.RemoteWebDriver.<init>(RemoteWebDriver.java:130)
	at org.openqa.selenium.chrome.ChromeDriver.<init>(ChromeDriver.java:181)
	at org.openqa.selenium.chrome.ChromeDriver.<init>(ChromeDriver.java:147)
	at com.focus.base.BaseEngine.openBrowser(BaseEngine.java:102)
	at sun.reflect.NativeMethodAccessorImpl.invoke0(Native Method)
	at sun.reflect.NativeMethodAccessorImpl.invoke(Unknown Source)
	at sun.reflect.DelegatingMethodAccessorImpl.invoke(Unknown Source)
	at java.lang.reflect.Method.invoke(Unknown Source)
	at org.testng.internal.MethodInvocationHelper.invokeMethod(MethodInvocationHelper.java:86)
	at org.testng.internal.Invoker.invokeConfigurationMethod(Invoker.java:514)
	at org.testng.internal.Invoker.invokeConfigurations(Invoker.java:215)
	at org.testng.internal.Invoker.invokeConfigurations(Invoker.java:142)
	at org.testng.SuiteRunner.privateRun(SuiteRunner.java:305)
	at org.testng.SuiteRunner.run(SuiteRunner.java:268)
	at org.testng.SuiteRunnerWorker.runSuite(SuiteRunnerWorker.java:52)
	at org.testng.SuiteRunnerWorker.run(SuiteRunnerWorker.java:86)
	at org.testng.TestNG.runSuitesSequentially(TestNG.java:1244)
	at org.testng.TestNG.runSuitesLocally(TestNG.java:1169)
	at org.testng.TestNG.run(TestNG.java:1064)
	at org.testng.remote.AbstractRemoteTestNG.run(AbstractRemoteTestNG.java:114)
	at org.testng.remote.RemoteTestNG.initAndRun(RemoteTestNG.java:251)
	at org.testng.remote.RemoteTestNG.main(RemoteTestNG.java:77)
]]>
    </error>
  </testcase> <!-- verifySaveButtonWithoutInputCodeMandatoryFieldsInGroupOption -->
  <testcase name="verifyBinsGroupNewCreateDisplayInBinsGrid" time="0.000" classname="com.focus.testcases.MasterBinsTest">
    <error type="org.openqa.selenium.SessionNotCreatedException" message="session not created: This version of ChromeDriver only supports Chrome version 78
Build info: version: &#039;3.12.0&#039;, revision: &#039;7c6e0b3&#039;, time: &#039;2018-05-08T14:04:26.12Z&#039;
System info: host: &#039;FOCUS-QA-10&#039;, ip: &#039;192.168.4.46&#039;, os.name: &#039;Windows 10&#039;, os.arch: &#039;amd64&#039;, os.version: &#039;10.0&#039;, java.version: &#039;1.8.0_111&#039;
Driver info: driver.version: ChromeDriver
remote stacktrace: Backtrace:
	Ordinal0 [0x00F0A903+1550595]
	Ordinal0 [0x00E8A701+1025793]
	Ordinal0 [0x00E0C6E5+509669]
	Ordinal0 [0x00D9FC68+64616]
	Ordinal0 [0x00D9C594+50580]
	Ordinal0 [0x00DBACE7+175335]
	Ordinal0 [0x00DBA8ED+174317]
	Ordinal0 [0x00DB8CDB+167131]
	Ordinal0 [0x00DA144A+70730]
	Ordinal0 [0x00DA24D0+74960]
	Ordinal0 [0x00DA2469+74857]
	Ordinal0 [0x00EA42C7+1131207]
	GetHandleVerifier [0x00FA70FD+523789]
	GetHandleVerifier [0x00FA6E90+523168]
	GetHandleVerifier [0x00FAE1E7+552695]
	GetHandleVerifier [0x00FA78FA+525834]
	Ordinal0 [0x00E9B7FC+1095676]
	Ordinal0 [0x00EA633B+1139515]
	Ordinal0 [0x00EA64A3+1139875]
	Ordinal0 [0x00EA5425+1135653]
	BaseThreadInitThunk [0x77B43744+36]
	RtlSetCurrentTransaction [0x77D69E54+212]
	RtlSetCurrentTransaction [0x77D69E1F+159]
">
      <![CDATA[org.openqa.selenium.SessionNotCreatedException: session not created: This version of ChromeDriver only supports Chrome version 78
Build info: version: '3.12.0', revision: '7c6e0b3', time: '2018-05-08T14:04:26.12Z'
System info: host: 'FOCUS-QA-10', ip: '192.168.4.46', os.name: 'Windows 10', os.arch: 'amd64', os.version: '10.0', java.version: '1.8.0_111'
Driver info: driver.version: ChromeDriver
remote stacktrace: Backtrace:
	Ordinal0 [0x00F0A903+1550595]
	Ordinal0 [0x00E8A701+1025793]
	Ordinal0 [0x00E0C6E5+509669]
	Ordinal0 [0x00D9FC68+64616]
	Ordinal0 [0x00D9C594+50580]
	Ordinal0 [0x00DBACE7+175335]
	Ordinal0 [0x00DBA8ED+174317]
	Ordinal0 [0x00DB8CDB+167131]
	Ordinal0 [0x00DA144A+70730]
	Ordinal0 [0x00DA24D0+74960]
	Ordinal0 [0x00DA2469+74857]
	Ordinal0 [0x00EA42C7+1131207]
	GetHandleVerifier [0x00FA70FD+523789]
	GetHandleVerifier [0x00FA6E90+523168]
	GetHandleVerifier [0x00FAE1E7+552695]
	GetHandleVerifier [0x00FA78FA+525834]
	Ordinal0 [0x00E9B7FC+1095676]
	Ordinal0 [0x00EA633B+1139515]
	Ordinal0 [0x00EA64A3+1139875]
	Ordinal0 [0x00EA5425+1135653]
	BaseThreadInitThunk [0x77B43744+36]
	RtlSetCurrentTransaction [0x77D69E54+212]
	RtlSetCurrentTransaction [0x77D69E1F+159]

	at sun.reflect.NativeConstructorAccessorImpl.newInstance0(Native Method)
	at sun.reflect.NativeConstructorAccessorImpl.newInstance(Unknown Source)
	at sun.reflect.DelegatingConstructorAccessorImpl.newInstance(Unknown Source)
	at java.lang.reflect.Constructor.newInstance(Unknown Source)
	at org.openqa.selenium.remote.W3CHandshakeResponse.lambda$new$0(W3CHandshakeResponse.java:57)
	at org.openqa.selenium.remote.W3CHandshakeResponse.lambda$getResponseFunction$2(W3CHandshakeResponse.java:104)
	at org.openqa.selenium.remote.ProtocolHandshake.lambda$createSession$0(ProtocolHandshake.java:123)
	at java.util.stream.ReferencePipeline$3$1.accept(Unknown Source)
	at java.util.Spliterators$ArraySpliterator.tryAdvance(Unknown Source)
	at java.util.stream.ReferencePipeline.forEachWithCancel(Unknown Source)
	at java.util.stream.AbstractPipeline.copyIntoWithCancel(Unknown Source)
	at java.util.stream.AbstractPipeline.copyInto(Unknown Source)
	at java.util.stream.AbstractPipeline.wrapAndCopyInto(Unknown Source)
	at java.util.stream.FindOps$FindOp.evaluateSequential(Unknown Source)
	at java.util.stream.AbstractPipeline.evaluate(Unknown Source)
	at java.util.stream.ReferencePipeline.findFirst(Unknown Source)
	at org.openqa.selenium.remote.ProtocolHandshake.createSession(ProtocolHandshake.java:126)
	at org.openqa.selenium.remote.ProtocolHandshake.createSession(ProtocolHandshake.java:73)
	at org.openqa.selenium.remote.HttpCommandExecutor.execute(HttpCommandExecutor.java:136)
	at org.openqa.selenium.remote.service.DriverCommandExecutor.execute(DriverCommandExecutor.java:83)
	at org.openqa.selenium.remote.RemoteWebDriver.execute(RemoteWebDriver.java:543)
	at org.openqa.selenium.remote.RemoteWebDriver.startSession(RemoteWebDriver.java:207)
	at org.openqa.selenium.remote.RemoteWebDriver.<init>(RemoteWebDriver.java:130)
	at org.openqa.selenium.chrome.ChromeDriver.<init>(ChromeDriver.java:181)
	at org.openqa.selenium.chrome.ChromeDriver.<init>(ChromeDriver.java:147)
	at com.focus.base.BaseEngine.openBrowser(BaseEngine.java:102)
	at sun.reflect.NativeMethodAccessorImpl.invoke0(Native Method)
	at sun.reflect.NativeMethodAccessorImpl.invoke(Unknown Source)
	at sun.reflect.DelegatingMethodAccessorImpl.invoke(Unknown Source)
	at java.lang.reflect.Method.invoke(Unknown Source)
	at org.testng.internal.MethodInvocationHelper.invokeMethod(MethodInvocationHelper.java:86)
	at org.testng.internal.Invoker.invokeConfigurationMethod(Invoker.java:514)
	at org.testng.internal.Invoker.invokeConfigurations(Invoker.java:215)
	at org.testng.internal.Invoker.invokeConfigurations(Invoker.java:142)
	at org.testng.SuiteRunner.privateRun(SuiteRunner.java:305)
	at org.testng.SuiteRunner.run(SuiteRunner.java:268)
	at org.testng.SuiteRunnerWorker.runSuite(SuiteRunnerWorker.java:52)
	at org.testng.SuiteRunnerWorker.run(SuiteRunnerWorker.java:86)
	at org.testng.TestNG.runSuitesSequentially(TestNG.java:1244)
	at org.testng.TestNG.runSuitesLocally(TestNG.java:1169)
	at org.testng.TestNG.run(TestNG.java:1064)
	at org.testng.remote.AbstractRemoteTestNG.run(AbstractRemoteTestNG.java:114)
	at org.testng.remote.RemoteTestNG.initAndRun(RemoteTestNG.java:251)
	at org.testng.remote.RemoteTestNG.main(RemoteTestNG.java:77)
]]>
    </error>
  </testcase> <!-- verifyBinsGroupNewCreateDisplayInBinsGrid -->
  <testcase name="verifyCloneButtonAndSaveInBinsMasterCreation" time="0.002" classname="com.focus.testcases.MasterBinsTest">
    <error type="org.openqa.selenium.SessionNotCreatedException" message="session not created: This version of ChromeDriver only supports Chrome version 78
Build info: version: &#039;3.12.0&#039;, revision: &#039;7c6e0b3&#039;, time: &#039;2018-05-08T14:04:26.12Z&#039;
System info: host: &#039;FOCUS-QA-10&#039;, ip: &#039;192.168.4.46&#039;, os.name: &#039;Windows 10&#039;, os.arch: &#039;amd64&#039;, os.version: &#039;10.0&#039;, java.version: &#039;1.8.0_111&#039;
Driver info: driver.version: ChromeDriver
remote stacktrace: Backtrace:
	Ordinal0 [0x00F0A903+1550595]
	Ordinal0 [0x00E8A701+1025793]
	Ordinal0 [0x00E0C6E5+509669]
	Ordinal0 [0x00D9FC68+64616]
	Ordinal0 [0x00D9C594+50580]
	Ordinal0 [0x00DBACE7+175335]
	Ordinal0 [0x00DBA8ED+174317]
	Ordinal0 [0x00DB8CDB+167131]
	Ordinal0 [0x00DA144A+70730]
	Ordinal0 [0x00DA24D0+74960]
	Ordinal0 [0x00DA2469+74857]
	Ordinal0 [0x00EA42C7+1131207]
	GetHandleVerifier [0x00FA70FD+523789]
	GetHandleVerifier [0x00FA6E90+523168]
	GetHandleVerifier [0x00FAE1E7+552695]
	GetHandleVerifier [0x00FA78FA+525834]
	Ordinal0 [0x00E9B7FC+1095676]
	Ordinal0 [0x00EA633B+1139515]
	Ordinal0 [0x00EA64A3+1139875]
	Ordinal0 [0x00EA5425+1135653]
	BaseThreadInitThunk [0x77B43744+36]
	RtlSetCurrentTransaction [0x77D69E54+212]
	RtlSetCurrentTransaction [0x77D69E1F+159]
">
      <![CDATA[org.openqa.selenium.SessionNotCreatedException: session not created: This version of ChromeDriver only supports Chrome version 78
Build info: version: '3.12.0', revision: '7c6e0b3', time: '2018-05-08T14:04:26.12Z'
System info: host: 'FOCUS-QA-10', ip: '192.168.4.46', os.name: 'Windows 10', os.arch: 'amd64', os.version: '10.0', java.version: '1.8.0_111'
Driver info: driver.version: ChromeDriver
remote stacktrace: Backtrace:
	Ordinal0 [0x00F0A903+1550595]
	Ordinal0 [0x00E8A701+1025793]
	Ordinal0 [0x00E0C6E5+509669]
	Ordinal0 [0x00D9FC68+64616]
	Ordinal0 [0x00D9C594+50580]
	Ordinal0 [0x00DBACE7+175335]
	Ordinal0 [0x00DBA8ED+174317]
	Ordinal0 [0x00DB8CDB+167131]
	Ordinal0 [0x00DA144A+70730]
	Ordinal0 [0x00DA24D0+74960]
	Ordinal0 [0x00DA2469+74857]
	Ordinal0 [0x00EA42C7+1131207]
	GetHandleVerifier [0x00FA70FD+523789]
	GetHandleVerifier [0x00FA6E90+523168]
	GetHandleVerifier [0x00FAE1E7+552695]
	GetHandleVerifier [0x00FA78FA+525834]
	Ordinal0 [0x00E9B7FC+1095676]
	Ordinal0 [0x00EA633B+1139515]
	Ordinal0 [0x00EA64A3+1139875]
	Ordinal0 [0x00EA5425+1135653]
	BaseThreadInitThunk [0x77B43744+36]
	RtlSetCurrentTransaction [0x77D69E54+212]
	RtlSetCurrentTransaction [0x77D69E1F+159]

	at sun.reflect.NativeConstructorAccessorImpl.newInstance0(Native Method)
	at sun.reflect.NativeConstructorAccessorImpl.newInstance(Unknown Source)
	at sun.reflect.DelegatingConstructorAccessorImpl.newInstance(Unknown Source)
	at java.lang.reflect.Constructor.newInstance(Unknown Source)
	at org.openqa.selenium.remote.W3CHandshakeResponse.lambda$new$0(W3CHandshakeResponse.java:57)
	at org.openqa.selenium.remote.W3CHandshakeResponse.lambda$getResponseFunction$2(W3CHandshakeResponse.java:104)
	at org.openqa.selenium.remote.ProtocolHandshake.lambda$createSession$0(ProtocolHandshake.java:123)
	at java.util.stream.ReferencePipeline$3$1.accept(Unknown Source)
	at java.util.Spliterators$ArraySpliterator.tryAdvance(Unknown Source)
	at java.util.stream.ReferencePipeline.forEachWithCancel(Unknown Source)
	at java.util.stream.AbstractPipeline.copyIntoWithCancel(Unknown Source)
	at java.util.stream.AbstractPipeline.copyInto(Unknown Source)
	at java.util.stream.AbstractPipeline.wrapAndCopyInto(Unknown Source)
	at java.util.stream.FindOps$FindOp.evaluateSequential(Unknown Source)
	at java.util.stream.AbstractPipeline.evaluate(Unknown Source)
	at java.util.stream.ReferencePipeline.findFirst(Unknown Source)
	at org.openqa.selenium.remote.ProtocolHandshake.createSession(ProtocolHandshake.java:126)
	at org.openqa.selenium.remote.ProtocolHandshake.createSession(ProtocolHandshake.java:73)
	at org.openqa.selenium.remote.HttpCommandExecutor.execute(HttpCommandExecutor.java:136)
	at org.openqa.selenium.remote.service.DriverCommandExecutor.execute(DriverCommandExecutor.java:83)
	at org.openqa.selenium.remote.RemoteWebDriver.execute(RemoteWebDriver.java:543)
	at org.openqa.selenium.remote.RemoteWebDriver.startSession(RemoteWebDriver.java:207)
	at org.openqa.selenium.remote.RemoteWebDriver.<init>(RemoteWebDriver.java:130)
	at org.openqa.selenium.chrome.ChromeDriver.<init>(ChromeDriver.java:181)
	at org.openqa.selenium.chrome.ChromeDriver.<init>(ChromeDriver.java:147)
	at com.focus.base.BaseEngine.openBrowser(BaseEngine.java:102)
	at sun.reflect.NativeMethodAccessorImpl.invoke0(Native Method)
	at sun.reflect.NativeMethodAccessorImpl.invoke(Unknown Source)
	at sun.reflect.DelegatingMethodAccessorImpl.invoke(Unknown Source)
	at java.lang.reflect.Method.invoke(Unknown Source)
	at org.testng.internal.MethodInvocationHelper.invokeMethod(MethodInvocationHelper.java:86)
	at org.testng.internal.Invoker.invokeConfigurationMethod(Invoker.java:514)
	at org.testng.internal.Invoker.invokeConfigurations(Invoker.java:215)
	at org.testng.internal.Invoker.invokeConfigurations(Invoker.java:142)
	at org.testng.SuiteRunner.privateRun(SuiteRunner.java:305)
	at org.testng.SuiteRunner.run(SuiteRunner.java:268)
	at org.testng.SuiteRunnerWorker.runSuite(SuiteRunnerWorker.java:52)
	at org.testng.SuiteRunnerWorker.run(SuiteRunnerWorker.java:86)
	at org.testng.TestNG.runSuitesSequentially(TestNG.java:1244)
	at org.testng.TestNG.runSuitesLocally(TestNG.java:1169)
	at org.testng.TestNG.run(TestNG.java:1064)
	at org.testng.remote.AbstractRemoteTestNG.run(AbstractRemoteTestNG.java:114)
	at org.testng.remote.RemoteTestNG.initAndRun(RemoteTestNG.java:251)
	at org.testng.remote.RemoteTestNG.main(RemoteTestNG.java:77)
]]>
    </error>
  </testcase> <!-- verifyCloneButtonAndSaveInBinsMasterCreation -->
  <testcase name="verifyInActiveBySelectingOkButtonInPropertiesOptionForBin" time="0.001" classname="com.focus.testcases.MasterBinsTest">
    <error type="org.openqa.selenium.SessionNotCreatedException" message="session not created: This version of ChromeDriver only supports Chrome version 78
Build info: version: &#039;3.12.0&#039;, revision: &#039;7c6e0b3&#039;, time: &#039;2018-05-08T14:04:26.12Z&#039;
System info: host: &#039;FOCUS-QA-10&#039;, ip: &#039;192.168.4.46&#039;, os.name: &#039;Windows 10&#039;, os.arch: &#039;amd64&#039;, os.version: &#039;10.0&#039;, java.version: &#039;1.8.0_111&#039;
Driver info: driver.version: ChromeDriver
remote stacktrace: Backtrace:
	Ordinal0 [0x00F0A903+1550595]
	Ordinal0 [0x00E8A701+1025793]
	Ordinal0 [0x00E0C6E5+509669]
	Ordinal0 [0x00D9FC68+64616]
	Ordinal0 [0x00D9C594+50580]
	Ordinal0 [0x00DBACE7+175335]
	Ordinal0 [0x00DBA8ED+174317]
	Ordinal0 [0x00DB8CDB+167131]
	Ordinal0 [0x00DA144A+70730]
	Ordinal0 [0x00DA24D0+74960]
	Ordinal0 [0x00DA2469+74857]
	Ordinal0 [0x00EA42C7+1131207]
	GetHandleVerifier [0x00FA70FD+523789]
	GetHandleVerifier [0x00FA6E90+523168]
	GetHandleVerifier [0x00FAE1E7+552695]
	GetHandleVerifier [0x00FA78FA+525834]
	Ordinal0 [0x00E9B7FC+1095676]
	Ordinal0 [0x00EA633B+1139515]
	Ordinal0 [0x00EA64A3+1139875]
	Ordinal0 [0x00EA5425+1135653]
	BaseThreadInitThunk [0x77B43744+36]
	RtlSetCurrentTransaction [0x77D69E54+212]
	RtlSetCurrentTransaction [0x77D69E1F+159]
">
      <![CDATA[org.openqa.selenium.SessionNotCreatedException: session not created: This version of ChromeDriver only supports Chrome version 78
Build info: version: '3.12.0', revision: '7c6e0b3', time: '2018-05-08T14:04:26.12Z'
System info: host: 'FOCUS-QA-10', ip: '192.168.4.46', os.name: 'Windows 10', os.arch: 'amd64', os.version: '10.0', java.version: '1.8.0_111'
Driver info: driver.version: ChromeDriver
remote stacktrace: Backtrace:
	Ordinal0 [0x00F0A903+1550595]
	Ordinal0 [0x00E8A701+1025793]
	Ordinal0 [0x00E0C6E5+509669]
	Ordinal0 [0x00D9FC68+64616]
	Ordinal0 [0x00D9C594+50580]
	Ordinal0 [0x00DBACE7+175335]
	Ordinal0 [0x00DBA8ED+174317]
	Ordinal0 [0x00DB8CDB+167131]
	Ordinal0 [0x00DA144A+70730]
	Ordinal0 [0x00DA24D0+74960]
	Ordinal0 [0x00DA2469+74857]
	Ordinal0 [0x00EA42C7+1131207]
	GetHandleVerifier [0x00FA70FD+523789]
	GetHandleVerifier [0x00FA6E90+523168]
	GetHandleVerifier [0x00FAE1E7+552695]
	GetHandleVerifier [0x00FA78FA+525834]
	Ordinal0 [0x00E9B7FC+1095676]
	Ordinal0 [0x00EA633B+1139515]
	Ordinal0 [0x00EA64A3+1139875]
	Ordinal0 [0x00EA5425+1135653]
	BaseThreadInitThunk [0x77B43744+36]
	RtlSetCurrentTransaction [0x77D69E54+212]
	RtlSetCurrentTransaction [0x77D69E1F+159]

	at sun.reflect.NativeConstructorAccessorImpl.newInstance0(Native Method)
	at sun.reflect.NativeConstructorAccessorImpl.newInstance(Unknown Source)
	at sun.reflect.DelegatingConstructorAccessorImpl.newInstance(Unknown Source)
	at java.lang.reflect.Constructor.newInstance(Unknown Source)
	at org.openqa.selenium.remote.W3CHandshakeResponse.lambda$new$0(W3CHandshakeResponse.java:57)
	at org.openqa.selenium.remote.W3CHandshakeResponse.lambda$getResponseFunction$2(W3CHandshakeResponse.java:104)
	at org.openqa.selenium.remote.ProtocolHandshake.lambda$createSession$0(ProtocolHandshake.java:123)
	at java.util.stream.ReferencePipeline$3$1.accept(Unknown Source)
	at java.util.Spliterators$ArraySpliterator.tryAdvance(Unknown Source)
	at java.util.stream.ReferencePipeline.forEachWithCancel(Unknown Source)
	at java.util.stream.AbstractPipeline.copyIntoWithCancel(Unknown Source)
	at java.util.stream.AbstractPipeline.copyInto(Unknown Source)
	at java.util.stream.AbstractPipeline.wrapAndCopyInto(Unknown Source)
	at java.util.stream.FindOps$FindOp.evaluateSequential(Unknown Source)
	at java.util.stream.AbstractPipeline.evaluate(Unknown Source)
	at java.util.stream.ReferencePipeline.findFirst(Unknown Source)
	at org.openqa.selenium.remote.ProtocolHandshake.createSession(ProtocolHandshake.java:126)
	at org.openqa.selenium.remote.ProtocolHandshake.createSession(ProtocolHandshake.java:73)
	at org.openqa.selenium.remote.HttpCommandExecutor.execute(HttpCommandExecutor.java:136)
	at org.openqa.selenium.remote.service.DriverCommandExecutor.execute(DriverCommandExecutor.java:83)
	at org.openqa.selenium.remote.RemoteWebDriver.execute(RemoteWebDriver.java:543)
	at org.openqa.selenium.remote.RemoteWebDriver.startSession(RemoteWebDriver.java:207)
	at org.openqa.selenium.remote.RemoteWebDriver.<init>(RemoteWebDriver.java:130)
	at org.openqa.selenium.chrome.ChromeDriver.<init>(ChromeDriver.java:181)
	at org.openqa.selenium.chrome.ChromeDriver.<init>(ChromeDriver.java:147)
	at com.focus.base.BaseEngine.openBrowser(BaseEngine.java:102)
	at sun.reflect.NativeMethodAccessorImpl.invoke0(Native Method)
	at sun.reflect.NativeMethodAccessorImpl.invoke(Unknown Source)
	at sun.reflect.DelegatingMethodAccessorImpl.invoke(Unknown Source)
	at java.lang.reflect.Method.invoke(Unknown Source)
	at org.testng.internal.MethodInvocationHelper.invokeMethod(MethodInvocationHelper.java:86)
	at org.testng.internal.Invoker.invokeConfigurationMethod(Invoker.java:514)
	at org.testng.internal.Invoker.invokeConfigurations(Invoker.java:215)
	at org.testng.internal.Invoker.invokeConfigurations(Invoker.java:142)
	at org.testng.SuiteRunner.privateRun(SuiteRunner.java:305)
	at org.testng.SuiteRunner.run(SuiteRunner.java:268)
	at org.testng.SuiteRunnerWorker.runSuite(SuiteRunnerWorker.java:52)
	at org.testng.SuiteRunnerWorker.run(SuiteRunnerWorker.java:86)
	at org.testng.TestNG.runSuitesSequentially(TestNG.java:1244)
	at org.testng.TestNG.runSuitesLocally(TestNG.java:1169)
	at org.testng.TestNG.run(TestNG.java:1064)
	at org.testng.remote.AbstractRemoteTestNG.run(AbstractRemoteTestNG.java:114)
	at org.testng.remote.RemoteTestNG.initAndRun(RemoteTestNG.java:251)
	at org.testng.remote.RemoteTestNG.main(RemoteTestNG.java:77)
]]>
    </error>
  </testcase> <!-- verifyInActiveBySelectingOkButtonInPropertiesOptionForBin -->
  <testcase name="checkAddGroupButton" time="0.000" classname="com.focus.testcases.MasterBinsTest">
    <error type="org.openqa.selenium.SessionNotCreatedException" message="session not created: This version of ChromeDriver only supports Chrome version 78
Build info: version: &#039;3.12.0&#039;, revision: &#039;7c6e0b3&#039;, time: &#039;2018-05-08T14:04:26.12Z&#039;
System info: host: &#039;FOCUS-QA-10&#039;, ip: &#039;192.168.4.46&#039;, os.name: &#039;Windows 10&#039;, os.arch: &#039;amd64&#039;, os.version: &#039;10.0&#039;, java.version: &#039;1.8.0_111&#039;
Driver info: driver.version: ChromeDriver
remote stacktrace: Backtrace:
	Ordinal0 [0x00F0A903+1550595]
	Ordinal0 [0x00E8A701+1025793]
	Ordinal0 [0x00E0C6E5+509669]
	Ordinal0 [0x00D9FC68+64616]
	Ordinal0 [0x00D9C594+50580]
	Ordinal0 [0x00DBACE7+175335]
	Ordinal0 [0x00DBA8ED+174317]
	Ordinal0 [0x00DB8CDB+167131]
	Ordinal0 [0x00DA144A+70730]
	Ordinal0 [0x00DA24D0+74960]
	Ordinal0 [0x00DA2469+74857]
	Ordinal0 [0x00EA42C7+1131207]
	GetHandleVerifier [0x00FA70FD+523789]
	GetHandleVerifier [0x00FA6E90+523168]
	GetHandleVerifier [0x00FAE1E7+552695]
	GetHandleVerifier [0x00FA78FA+525834]
	Ordinal0 [0x00E9B7FC+1095676]
	Ordinal0 [0x00EA633B+1139515]
	Ordinal0 [0x00EA64A3+1139875]
	Ordinal0 [0x00EA5425+1135653]
	BaseThreadInitThunk [0x77B43744+36]
	RtlSetCurrentTransaction [0x77D69E54+212]
	RtlSetCurrentTransaction [0x77D69E1F+159]
">
      <![CDATA[org.openqa.selenium.SessionNotCreatedException: session not created: This version of ChromeDriver only supports Chrome version 78
Build info: version: '3.12.0', revision: '7c6e0b3', time: '2018-05-08T14:04:26.12Z'
System info: host: 'FOCUS-QA-10', ip: '192.168.4.46', os.name: 'Windows 10', os.arch: 'amd64', os.version: '10.0', java.version: '1.8.0_111'
Driver info: driver.version: ChromeDriver
remote stacktrace: Backtrace:
	Ordinal0 [0x00F0A903+1550595]
	Ordinal0 [0x00E8A701+1025793]
	Ordinal0 [0x00E0C6E5+509669]
	Ordinal0 [0x00D9FC68+64616]
	Ordinal0 [0x00D9C594+50580]
	Ordinal0 [0x00DBACE7+175335]
	Ordinal0 [0x00DBA8ED+174317]
	Ordinal0 [0x00DB8CDB+167131]
	Ordinal0 [0x00DA144A+70730]
	Ordinal0 [0x00DA24D0+74960]
	Ordinal0 [0x00DA2469+74857]
	Ordinal0 [0x00EA42C7+1131207]
	GetHandleVerifier [0x00FA70FD+523789]
	GetHandleVerifier [0x00FA6E90+523168]
	GetHandleVerifier [0x00FAE1E7+552695]
	GetHandleVerifier [0x00FA78FA+525834]
	Ordinal0 [0x00E9B7FC+1095676]
	Ordinal0 [0x00EA633B+1139515]
	Ordinal0 [0x00EA64A3+1139875]
	Ordinal0 [0x00EA5425+1135653]
	BaseThreadInitThunk [0x77B43744+36]
	RtlSetCurrentTransaction [0x77D69E54+212]
	RtlSetCurrentTransaction [0x77D69E1F+159]

	at sun.reflect.NativeConstructorAccessorImpl.newInstance0(Native Method)
	at sun.reflect.NativeConstructorAccessorImpl.newInstance(Unknown Source)
	at sun.reflect.DelegatingConstructorAccessorImpl.newInstance(Unknown Source)
	at java.lang.reflect.Constructor.newInstance(Unknown Source)
	at org.openqa.selenium.remote.W3CHandshakeResponse.lambda$new$0(W3CHandshakeResponse.java:57)
	at org.openqa.selenium.remote.W3CHandshakeResponse.lambda$getResponseFunction$2(W3CHandshakeResponse.java:104)
	at org.openqa.selenium.remote.ProtocolHandshake.lambda$createSession$0(ProtocolHandshake.java:123)
	at java.util.stream.ReferencePipeline$3$1.accept(Unknown Source)
	at java.util.Spliterators$ArraySpliterator.tryAdvance(Unknown Source)
	at java.util.stream.ReferencePipeline.forEachWithCancel(Unknown Source)
	at java.util.stream.AbstractPipeline.copyIntoWithCancel(Unknown Source)
	at java.util.stream.AbstractPipeline.copyInto(Unknown Source)
	at java.util.stream.AbstractPipeline.wrapAndCopyInto(Unknown Source)
	at java.util.stream.FindOps$FindOp.evaluateSequential(Unknown Source)
	at java.util.stream.AbstractPipeline.evaluate(Unknown Source)
	at java.util.stream.ReferencePipeline.findFirst(Unknown Source)
	at org.openqa.selenium.remote.ProtocolHandshake.createSession(ProtocolHandshake.java:126)
	at org.openqa.selenium.remote.ProtocolHandshake.createSession(ProtocolHandshake.java:73)
	at org.openqa.selenium.remote.HttpCommandExecutor.execute(HttpCommandExecutor.java:136)
	at org.openqa.selenium.remote.service.DriverCommandExecutor.execute(DriverCommandExecutor.java:83)
	at org.openqa.selenium.remote.RemoteWebDriver.execute(RemoteWebDriver.java:543)
	at org.openqa.selenium.remote.RemoteWebDriver.startSession(RemoteWebDriver.java:207)
	at org.openqa.selenium.remote.RemoteWebDriver.<init>(RemoteWebDriver.java:130)
	at org.openqa.selenium.chrome.ChromeDriver.<init>(ChromeDriver.java:181)
	at org.openqa.selenium.chrome.ChromeDriver.<init>(ChromeDriver.java:147)
	at com.focus.base.BaseEngine.openBrowser(BaseEngine.java:102)
	at sun.reflect.NativeMethodAccessorImpl.invoke0(Native Method)
	at sun.reflect.NativeMethodAccessorImpl.invoke(Unknown Source)
	at sun.reflect.DelegatingMethodAccessorImpl.invoke(Unknown Source)
	at java.lang.reflect.Method.invoke(Unknown Source)
	at org.testng.internal.MethodInvocationHelper.invokeMethod(MethodInvocationHelper.java:86)
	at org.testng.internal.Invoker.invokeConfigurationMethod(Invoker.java:514)
	at org.testng.internal.Invoker.invokeConfigurations(Invoker.java:215)
	at org.testng.internal.Invoker.invokeConfigurations(Invoker.java:142)
	at org.testng.SuiteRunner.privateRun(SuiteRunner.java:305)
	at org.testng.SuiteRunner.run(SuiteRunner.java:268)
	at org.testng.SuiteRunnerWorker.runSuite(SuiteRunnerWorker.java:52)
	at org.testng.SuiteRunnerWorker.run(SuiteRunnerWorker.java:86)
	at org.testng.TestNG.runSuitesSequentially(TestNG.java:1244)
	at org.testng.TestNG.runSuitesLocally(TestNG.java:1169)
	at org.testng.TestNG.run(TestNG.java:1064)
	at org.testng.remote.AbstractRemoteTestNG.run(AbstractRemoteTestNG.java:114)
	at org.testng.remote.RemoteTestNG.initAndRun(RemoteTestNG.java:251)
	at org.testng.remote.RemoteTestNG.main(RemoteTestNG.java:77)
]]>
    </error>
  </testcase> <!-- checkAddGroupButton -->
  <testcase name="verifySaveBinInBinGroup" time="0.001" classname="com.focus.testcases.MasterBinsTest">
    <error type="org.openqa.selenium.SessionNotCreatedException" message="session not created: This version of ChromeDriver only supports Chrome version 78
Build info: version: &#039;3.12.0&#039;, revision: &#039;7c6e0b3&#039;, time: &#039;2018-05-08T14:04:26.12Z&#039;
System info: host: &#039;FOCUS-QA-10&#039;, ip: &#039;192.168.4.46&#039;, os.name: &#039;Windows 10&#039;, os.arch: &#039;amd64&#039;, os.version: &#039;10.0&#039;, java.version: &#039;1.8.0_111&#039;
Driver info: driver.version: ChromeDriver
remote stacktrace: Backtrace:
	Ordinal0 [0x00F0A903+1550595]
	Ordinal0 [0x00E8A701+1025793]
	Ordinal0 [0x00E0C6E5+509669]
	Ordinal0 [0x00D9FC68+64616]
	Ordinal0 [0x00D9C594+50580]
	Ordinal0 [0x00DBACE7+175335]
	Ordinal0 [0x00DBA8ED+174317]
	Ordinal0 [0x00DB8CDB+167131]
	Ordinal0 [0x00DA144A+70730]
	Ordinal0 [0x00DA24D0+74960]
	Ordinal0 [0x00DA2469+74857]
	Ordinal0 [0x00EA42C7+1131207]
	GetHandleVerifier [0x00FA70FD+523789]
	GetHandleVerifier [0x00FA6E90+523168]
	GetHandleVerifier [0x00FAE1E7+552695]
	GetHandleVerifier [0x00FA78FA+525834]
	Ordinal0 [0x00E9B7FC+1095676]
	Ordinal0 [0x00EA633B+1139515]
	Ordinal0 [0x00EA64A3+1139875]
	Ordinal0 [0x00EA5425+1135653]
	BaseThreadInitThunk [0x77B43744+36]
	RtlSetCurrentTransaction [0x77D69E54+212]
	RtlSetCurrentTransaction [0x77D69E1F+159]
">
      <![CDATA[org.openqa.selenium.SessionNotCreatedException: session not created: This version of ChromeDriver only supports Chrome version 78
Build info: version: '3.12.0', revision: '7c6e0b3', time: '2018-05-08T14:04:26.12Z'
System info: host: 'FOCUS-QA-10', ip: '192.168.4.46', os.name: 'Windows 10', os.arch: 'amd64', os.version: '10.0', java.version: '1.8.0_111'
Driver info: driver.version: ChromeDriver
remote stacktrace: Backtrace:
	Ordinal0 [0x00F0A903+1550595]
	Ordinal0 [0x00E8A701+1025793]
	Ordinal0 [0x00E0C6E5+509669]
	Ordinal0 [0x00D9FC68+64616]
	Ordinal0 [0x00D9C594+50580]
	Ordinal0 [0x00DBACE7+175335]
	Ordinal0 [0x00DBA8ED+174317]
	Ordinal0 [0x00DB8CDB+167131]
	Ordinal0 [0x00DA144A+70730]
	Ordinal0 [0x00DA24D0+74960]
	Ordinal0 [0x00DA2469+74857]
	Ordinal0 [0x00EA42C7+1131207]
	GetHandleVerifier [0x00FA70FD+523789]
	GetHandleVerifier [0x00FA6E90+523168]
	GetHandleVerifier [0x00FAE1E7+552695]
	GetHandleVerifier [0x00FA78FA+525834]
	Ordinal0 [0x00E9B7FC+1095676]
	Ordinal0 [0x00EA633B+1139515]
	Ordinal0 [0x00EA64A3+1139875]
	Ordinal0 [0x00EA5425+1135653]
	BaseThreadInitThunk [0x77B43744+36]
	RtlSetCurrentTransaction [0x77D69E54+212]
	RtlSetCurrentTransaction [0x77D69E1F+159]

	at sun.reflect.NativeConstructorAccessorImpl.newInstance0(Native Method)
	at sun.reflect.NativeConstructorAccessorImpl.newInstance(Unknown Source)
	at sun.reflect.DelegatingConstructorAccessorImpl.newInstance(Unknown Source)
	at java.lang.reflect.Constructor.newInstance(Unknown Source)
	at org.openqa.selenium.remote.W3CHandshakeResponse.lambda$new$0(W3CHandshakeResponse.java:57)
	at org.openqa.selenium.remote.W3CHandshakeResponse.lambda$getResponseFunction$2(W3CHandshakeResponse.java:104)
	at org.openqa.selenium.remote.ProtocolHandshake.lambda$createSession$0(ProtocolHandshake.java:123)
	at java.util.stream.ReferencePipeline$3$1.accept(Unknown Source)
	at java.util.Spliterators$ArraySpliterator.tryAdvance(Unknown Source)
	at java.util.stream.ReferencePipeline.forEachWithCancel(Unknown Source)
	at java.util.stream.AbstractPipeline.copyIntoWithCancel(Unknown Source)
	at java.util.stream.AbstractPipeline.copyInto(Unknown Source)
	at java.util.stream.AbstractPipeline.wrapAndCopyInto(Unknown Source)
	at java.util.stream.FindOps$FindOp.evaluateSequential(Unknown Source)
	at java.util.stream.AbstractPipeline.evaluate(Unknown Source)
	at java.util.stream.ReferencePipeline.findFirst(Unknown Source)
	at org.openqa.selenium.remote.ProtocolHandshake.createSession(ProtocolHandshake.java:126)
	at org.openqa.selenium.remote.ProtocolHandshake.createSession(ProtocolHandshake.java:73)
	at org.openqa.selenium.remote.HttpCommandExecutor.execute(HttpCommandExecutor.java:136)
	at org.openqa.selenium.remote.service.DriverCommandExecutor.execute(DriverCommandExecutor.java:83)
	at org.openqa.selenium.remote.RemoteWebDriver.execute(RemoteWebDriver.java:543)
	at org.openqa.selenium.remote.RemoteWebDriver.startSession(RemoteWebDriver.java:207)
	at org.openqa.selenium.remote.RemoteWebDriver.<init>(RemoteWebDriver.java:130)
	at org.openqa.selenium.chrome.ChromeDriver.<init>(ChromeDriver.java:181)
	at org.openqa.selenium.chrome.ChromeDriver.<init>(ChromeDriver.java:147)
	at com.focus.base.BaseEngine.openBrowser(BaseEngine.java:102)
	at sun.reflect.NativeMethodAccessorImpl.invoke0(Native Method)
	at sun.reflect.NativeMethodAccessorImpl.invoke(Unknown Source)
	at sun.reflect.DelegatingMethodAccessorImpl.invoke(Unknown Source)
	at java.lang.reflect.Method.invoke(Unknown Source)
	at org.testng.internal.MethodInvocationHelper.invokeMethod(MethodInvocationHelper.java:86)
	at org.testng.internal.Invoker.invokeConfigurationMethod(Invoker.java:514)
	at org.testng.internal.Invoker.invokeConfigurations(Invoker.java:215)
	at org.testng.internal.Invoker.invokeConfigurations(Invoker.java:142)
	at org.testng.SuiteRunner.privateRun(SuiteRunner.java:305)
	at org.testng.SuiteRunner.run(SuiteRunner.java:268)
	at org.testng.SuiteRunnerWorker.runSuite(SuiteRunnerWorker.java:52)
	at org.testng.SuiteRunnerWorker.run(SuiteRunnerWorker.java:86)
	at org.testng.TestNG.runSuitesSequentially(TestNG.java:1244)
	at org.testng.TestNG.runSuitesLocally(TestNG.java:1169)
	at org.testng.TestNG.run(TestNG.java:1064)
	at org.testng.remote.AbstractRemoteTestNG.run(AbstractRemoteTestNG.java:114)
	at org.testng.remote.RemoteTestNG.initAndRun(RemoteTestNG.java:251)
	at org.testng.remote.RemoteTestNG.main(RemoteTestNG.java:77)
]]>
    </error>
  </testcase> <!-- verifySaveBinInBinGroup -->
  <testcase name="verifyCreateTreeToggleOptionsBinsMenu" time="0.000" classname="com.focus.testcases.MasterBinsTest">
    <error type="org.openqa.selenium.SessionNotCreatedException" message="session not created: This version of ChromeDriver only supports Chrome version 78
Build info: version: &#039;3.12.0&#039;, revision: &#039;7c6e0b3&#039;, time: &#039;2018-05-08T14:04:26.12Z&#039;
System info: host: &#039;FOCUS-QA-10&#039;, ip: &#039;192.168.4.46&#039;, os.name: &#039;Windows 10&#039;, os.arch: &#039;amd64&#039;, os.version: &#039;10.0&#039;, java.version: &#039;1.8.0_111&#039;
Driver info: driver.version: ChromeDriver
remote stacktrace: Backtrace:
	Ordinal0 [0x00F0A903+1550595]
	Ordinal0 [0x00E8A701+1025793]
	Ordinal0 [0x00E0C6E5+509669]
	Ordinal0 [0x00D9FC68+64616]
	Ordinal0 [0x00D9C594+50580]
	Ordinal0 [0x00DBACE7+175335]
	Ordinal0 [0x00DBA8ED+174317]
	Ordinal0 [0x00DB8CDB+167131]
	Ordinal0 [0x00DA144A+70730]
	Ordinal0 [0x00DA24D0+74960]
	Ordinal0 [0x00DA2469+74857]
	Ordinal0 [0x00EA42C7+1131207]
	GetHandleVerifier [0x00FA70FD+523789]
	GetHandleVerifier [0x00FA6E90+523168]
	GetHandleVerifier [0x00FAE1E7+552695]
	GetHandleVerifier [0x00FA78FA+525834]
	Ordinal0 [0x00E9B7FC+1095676]
	Ordinal0 [0x00EA633B+1139515]
	Ordinal0 [0x00EA64A3+1139875]
	Ordinal0 [0x00EA5425+1135653]
	BaseThreadInitThunk [0x77B43744+36]
	RtlSetCurrentTransaction [0x77D69E54+212]
	RtlSetCurrentTransaction [0x77D69E1F+159]
">
      <![CDATA[org.openqa.selenium.SessionNotCreatedException: session not created: This version of ChromeDriver only supports Chrome version 78
Build info: version: '3.12.0', revision: '7c6e0b3', time: '2018-05-08T14:04:26.12Z'
System info: host: 'FOCUS-QA-10', ip: '192.168.4.46', os.name: 'Windows 10', os.arch: 'amd64', os.version: '10.0', java.version: '1.8.0_111'
Driver info: driver.version: ChromeDriver
remote stacktrace: Backtrace:
	Ordinal0 [0x00F0A903+1550595]
	Ordinal0 [0x00E8A701+1025793]
	Ordinal0 [0x00E0C6E5+509669]
	Ordinal0 [0x00D9FC68+64616]
	Ordinal0 [0x00D9C594+50580]
	Ordinal0 [0x00DBACE7+175335]
	Ordinal0 [0x00DBA8ED+174317]
	Ordinal0 [0x00DB8CDB+167131]
	Ordinal0 [0x00DA144A+70730]
	Ordinal0 [0x00DA24D0+74960]
	Ordinal0 [0x00DA2469+74857]
	Ordinal0 [0x00EA42C7+1131207]
	GetHandleVerifier [0x00FA70FD+523789]
	GetHandleVerifier [0x00FA6E90+523168]
	GetHandleVerifier [0x00FAE1E7+552695]
	GetHandleVerifier [0x00FA78FA+525834]
	Ordinal0 [0x00E9B7FC+1095676]
	Ordinal0 [0x00EA633B+1139515]
	Ordinal0 [0x00EA64A3+1139875]
	Ordinal0 [0x00EA5425+1135653]
	BaseThreadInitThunk [0x77B43744+36]
	RtlSetCurrentTransaction [0x77D69E54+212]
	RtlSetCurrentTransaction [0x77D69E1F+159]

	at sun.reflect.NativeConstructorAccessorImpl.newInstance0(Native Method)
	at sun.reflect.NativeConstructorAccessorImpl.newInstance(Unknown Source)
	at sun.reflect.DelegatingConstructorAccessorImpl.newInstance(Unknown Source)
	at java.lang.reflect.Constructor.newInstance(Unknown Source)
	at org.openqa.selenium.remote.W3CHandshakeResponse.lambda$new$0(W3CHandshakeResponse.java:57)
	at org.openqa.selenium.remote.W3CHandshakeResponse.lambda$getResponseFunction$2(W3CHandshakeResponse.java:104)
	at org.openqa.selenium.remote.ProtocolHandshake.lambda$createSession$0(ProtocolHandshake.java:123)
	at java.util.stream.ReferencePipeline$3$1.accept(Unknown Source)
	at java.util.Spliterators$ArraySpliterator.tryAdvance(Unknown Source)
	at java.util.stream.ReferencePipeline.forEachWithCancel(Unknown Source)
	at java.util.stream.AbstractPipeline.copyIntoWithCancel(Unknown Source)
	at java.util.stream.AbstractPipeline.copyInto(Unknown Source)
	at java.util.stream.AbstractPipeline.wrapAndCopyInto(Unknown Source)
	at java.util.stream.FindOps$FindOp.evaluateSequential(Unknown Source)
	at java.util.stream.AbstractPipeline.evaluate(Unknown Source)
	at java.util.stream.ReferencePipeline.findFirst(Unknown Source)
	at org.openqa.selenium.remote.ProtocolHandshake.createSession(ProtocolHandshake.java:126)
	at org.openqa.selenium.remote.ProtocolHandshake.createSession(ProtocolHandshake.java:73)
	at org.openqa.selenium.remote.HttpCommandExecutor.execute(HttpCommandExecutor.java:136)
	at org.openqa.selenium.remote.service.DriverCommandExecutor.execute(DriverCommandExecutor.java:83)
	at org.openqa.selenium.remote.RemoteWebDriver.execute(RemoteWebDriver.java:543)
	at org.openqa.selenium.remote.RemoteWebDriver.startSession(RemoteWebDriver.java:207)
	at org.openqa.selenium.remote.RemoteWebDriver.<init>(RemoteWebDriver.java:130)
	at org.openqa.selenium.chrome.ChromeDriver.<init>(ChromeDriver.java:181)
	at org.openqa.selenium.chrome.ChromeDriver.<init>(ChromeDriver.java:147)
	at com.focus.base.BaseEngine.openBrowser(BaseEngine.java:102)
	at sun.reflect.NativeMethodAccessorImpl.invoke0(Native Method)
	at sun.reflect.NativeMethodAccessorImpl.invoke(Unknown Source)
	at sun.reflect.DelegatingMethodAccessorImpl.invoke(Unknown Source)
	at java.lang.reflect.Method.invoke(Unknown Source)
	at org.testng.internal.MethodInvocationHelper.invokeMethod(MethodInvocationHelper.java:86)
	at org.testng.internal.Invoker.invokeConfigurationMethod(Invoker.java:514)
	at org.testng.internal.Invoker.invokeConfigurations(Invoker.java:215)
	at org.testng.internal.Invoker.invokeConfigurations(Invoker.java:142)
	at org.testng.SuiteRunner.privateRun(SuiteRunner.java:305)
	at org.testng.SuiteRunner.run(SuiteRunner.java:268)
	at org.testng.SuiteRunnerWorker.runSuite(SuiteRunnerWorker.java:52)
	at org.testng.SuiteRunnerWorker.run(SuiteRunnerWorker.java:86)
	at org.testng.TestNG.runSuitesSequentially(TestNG.java:1244)
	at org.testng.TestNG.runSuitesLocally(TestNG.java:1169)
	at org.testng.TestNG.run(TestNG.java:1064)
	at org.testng.remote.AbstractRemoteTestNG.run(AbstractRemoteTestNG.java:114)
	at org.testng.remote.RemoteTestNG.initAndRun(RemoteTestNG.java:251)
	at org.testng.remote.RemoteTestNG.main(RemoteTestNG.java:77)
]]>
    </error>
  </testcase> <!-- verifyCreateTreeToggleOptionsBinsMenu -->
  <testcase name="verifyNewButton" time="0.005" classname="com.focus.testcases.MasterBinsTest">
    <error type="org.openqa.selenium.SessionNotCreatedException" message="session not created: This version of ChromeDriver only supports Chrome version 78
Build info: version: &#039;3.12.0&#039;, revision: &#039;7c6e0b3&#039;, time: &#039;2018-05-08T14:04:26.12Z&#039;
System info: host: &#039;FOCUS-QA-10&#039;, ip: &#039;192.168.4.46&#039;, os.name: &#039;Windows 10&#039;, os.arch: &#039;amd64&#039;, os.version: &#039;10.0&#039;, java.version: &#039;1.8.0_111&#039;
Driver info: driver.version: ChromeDriver
remote stacktrace: Backtrace:
	Ordinal0 [0x00F0A903+1550595]
	Ordinal0 [0x00E8A701+1025793]
	Ordinal0 [0x00E0C6E5+509669]
	Ordinal0 [0x00D9FC68+64616]
	Ordinal0 [0x00D9C594+50580]
	Ordinal0 [0x00DBACE7+175335]
	Ordinal0 [0x00DBA8ED+174317]
	Ordinal0 [0x00DB8CDB+167131]
	Ordinal0 [0x00DA144A+70730]
	Ordinal0 [0x00DA24D0+74960]
	Ordinal0 [0x00DA2469+74857]
	Ordinal0 [0x00EA42C7+1131207]
	GetHandleVerifier [0x00FA70FD+523789]
	GetHandleVerifier [0x00FA6E90+523168]
	GetHandleVerifier [0x00FAE1E7+552695]
	GetHandleVerifier [0x00FA78FA+525834]
	Ordinal0 [0x00E9B7FC+1095676]
	Ordinal0 [0x00EA633B+1139515]
	Ordinal0 [0x00EA64A3+1139875]
	Ordinal0 [0x00EA5425+1135653]
	BaseThreadInitThunk [0x77B43744+36]
	RtlSetCurrentTransaction [0x77D69E54+212]
	RtlSetCurrentTransaction [0x77D69E1F+159]
">
      <![CDATA[org.openqa.selenium.SessionNotCreatedException: session not created: This version of ChromeDriver only supports Chrome version 78
Build info: version: '3.12.0', revision: '7c6e0b3', time: '2018-05-08T14:04:26.12Z'
System info: host: 'FOCUS-QA-10', ip: '192.168.4.46', os.name: 'Windows 10', os.arch: 'amd64', os.version: '10.0', java.version: '1.8.0_111'
Driver info: driver.version: ChromeDriver
remote stacktrace: Backtrace:
	Ordinal0 [0x00F0A903+1550595]
	Ordinal0 [0x00E8A701+1025793]
	Ordinal0 [0x00E0C6E5+509669]
	Ordinal0 [0x00D9FC68+64616]
	Ordinal0 [0x00D9C594+50580]
	Ordinal0 [0x00DBACE7+175335]
	Ordinal0 [0x00DBA8ED+174317]
	Ordinal0 [0x00DB8CDB+167131]
	Ordinal0 [0x00DA144A+70730]
	Ordinal0 [0x00DA24D0+74960]
	Ordinal0 [0x00DA2469+74857]
	Ordinal0 [0x00EA42C7+1131207]
	GetHandleVerifier [0x00FA70FD+523789]
	GetHandleVerifier [0x00FA6E90+523168]
	GetHandleVerifier [0x00FAE1E7+552695]
	GetHandleVerifier [0x00FA78FA+525834]
	Ordinal0 [0x00E9B7FC+1095676]
	Ordinal0 [0x00EA633B+1139515]
	Ordinal0 [0x00EA64A3+1139875]
	Ordinal0 [0x00EA5425+1135653]
	BaseThreadInitThunk [0x77B43744+36]
	RtlSetCurrentTransaction [0x77D69E54+212]
	RtlSetCurrentTransaction [0x77D69E1F+159]

	at sun.reflect.NativeConstructorAccessorImpl.newInstance0(Native Method)
	at sun.reflect.NativeConstructorAccessorImpl.newInstance(Unknown Source)
	at sun.reflect.DelegatingConstructorAccessorImpl.newInstance(Unknown Source)
	at java.lang.reflect.Constructor.newInstance(Unknown Source)
	at org.openqa.selenium.remote.W3CHandshakeResponse.lambda$new$0(W3CHandshakeResponse.java:57)
	at org.openqa.selenium.remote.W3CHandshakeResponse.lambda$getResponseFunction$2(W3CHandshakeResponse.java:104)
	at org.openqa.selenium.remote.ProtocolHandshake.lambda$createSession$0(ProtocolHandshake.java:123)
	at java.util.stream.ReferencePipeline$3$1.accept(Unknown Source)
	at java.util.Spliterators$ArraySpliterator.tryAdvance(Unknown Source)
	at java.util.stream.ReferencePipeline.forEachWithCancel(Unknown Source)
	at java.util.stream.AbstractPipeline.copyIntoWithCancel(Unknown Source)
	at java.util.stream.AbstractPipeline.copyInto(Unknown Source)
	at java.util.stream.AbstractPipeline.wrapAndCopyInto(Unknown Source)
	at java.util.stream.FindOps$FindOp.evaluateSequential(Unknown Source)
	at java.util.stream.AbstractPipeline.evaluate(Unknown Source)
	at java.util.stream.ReferencePipeline.findFirst(Unknown Source)
	at org.openqa.selenium.remote.ProtocolHandshake.createSession(ProtocolHandshake.java:126)
	at org.openqa.selenium.remote.ProtocolHandshake.createSession(ProtocolHandshake.java:73)
	at org.openqa.selenium.remote.HttpCommandExecutor.execute(HttpCommandExecutor.java:136)
	at org.openqa.selenium.remote.service.DriverCommandExecutor.execute(DriverCommandExecutor.java:83)
	at org.openqa.selenium.remote.RemoteWebDriver.execute(RemoteWebDriver.java:543)
	at org.openqa.selenium.remote.RemoteWebDriver.startSession(RemoteWebDriver.java:207)
	at org.openqa.selenium.remote.RemoteWebDriver.<init>(RemoteWebDriver.java:130)
	at org.openqa.selenium.chrome.ChromeDriver.<init>(ChromeDriver.java:181)
	at org.openqa.selenium.chrome.ChromeDriver.<init>(ChromeDriver.java:147)
	at com.focus.base.BaseEngine.openBrowser(BaseEngine.java:102)
	at sun.reflect.NativeMethodAccessorImpl.invoke0(Native Method)
	at sun.reflect.NativeMethodAccessorImpl.invoke(Unknown Source)
	at sun.reflect.DelegatingMethodAccessorImpl.invoke(Unknown Source)
	at java.lang.reflect.Method.invoke(Unknown Source)
	at org.testng.internal.MethodInvocationHelper.invokeMethod(MethodInvocationHelper.java:86)
	at org.testng.internal.Invoker.invokeConfigurationMethod(Invoker.java:514)
	at org.testng.internal.Invoker.invokeConfigurations(Invoker.java:215)
	at org.testng.internal.Invoker.invokeConfigurations(Invoker.java:142)
	at org.testng.SuiteRunner.privateRun(SuiteRunner.java:305)
	at org.testng.SuiteRunner.run(SuiteRunner.java:268)
	at org.testng.SuiteRunnerWorker.runSuite(SuiteRunnerWorker.java:52)
	at org.testng.SuiteRunnerWorker.run(SuiteRunnerWorker.java:86)
	at org.testng.TestNG.runSuitesSequentially(TestNG.java:1244)
	at org.testng.TestNG.runSuitesLocally(TestNG.java:1169)
	at org.testng.TestNG.run(TestNG.java:1064)
	at org.testng.remote.AbstractRemoteTestNG.run(AbstractRemoteTestNG.java:114)
	at org.testng.remote.RemoteTestNG.initAndRun(RemoteTestNG.java:251)
	at org.testng.remote.RemoteTestNG.main(RemoteTestNG.java:77)
]]>
    </error>
  </testcase> <!-- verifyNewButton -->
  <testcase name="verifyBinFirstLevel" time="0.002" classname="com.focus.testcases.MasterBinsTest">
    <error type="org.openqa.selenium.SessionNotCreatedException" message="session not created: This version of ChromeDriver only supports Chrome version 78
Build info: version: &#039;3.12.0&#039;, revision: &#039;7c6e0b3&#039;, time: &#039;2018-05-08T14:04:26.12Z&#039;
System info: host: &#039;FOCUS-QA-10&#039;, ip: &#039;192.168.4.46&#039;, os.name: &#039;Windows 10&#039;, os.arch: &#039;amd64&#039;, os.version: &#039;10.0&#039;, java.version: &#039;1.8.0_111&#039;
Driver info: driver.version: ChromeDriver
remote stacktrace: Backtrace:
	Ordinal0 [0x00F0A903+1550595]
	Ordinal0 [0x00E8A701+1025793]
	Ordinal0 [0x00E0C6E5+509669]
	Ordinal0 [0x00D9FC68+64616]
	Ordinal0 [0x00D9C594+50580]
	Ordinal0 [0x00DBACE7+175335]
	Ordinal0 [0x00DBA8ED+174317]
	Ordinal0 [0x00DB8CDB+167131]
	Ordinal0 [0x00DA144A+70730]
	Ordinal0 [0x00DA24D0+74960]
	Ordinal0 [0x00DA2469+74857]
	Ordinal0 [0x00EA42C7+1131207]
	GetHandleVerifier [0x00FA70FD+523789]
	GetHandleVerifier [0x00FA6E90+523168]
	GetHandleVerifier [0x00FAE1E7+552695]
	GetHandleVerifier [0x00FA78FA+525834]
	Ordinal0 [0x00E9B7FC+1095676]
	Ordinal0 [0x00EA633B+1139515]
	Ordinal0 [0x00EA64A3+1139875]
	Ordinal0 [0x00EA5425+1135653]
	BaseThreadInitThunk [0x77B43744+36]
	RtlSetCurrentTransaction [0x77D69E54+212]
	RtlSetCurrentTransaction [0x77D69E1F+159]
">
      <![CDATA[org.openqa.selenium.SessionNotCreatedException: session not created: This version of ChromeDriver only supports Chrome version 78
Build info: version: '3.12.0', revision: '7c6e0b3', time: '2018-05-08T14:04:26.12Z'
System info: host: 'FOCUS-QA-10', ip: '192.168.4.46', os.name: 'Windows 10', os.arch: 'amd64', os.version: '10.0', java.version: '1.8.0_111'
Driver info: driver.version: ChromeDriver
remote stacktrace: Backtrace:
	Ordinal0 [0x00F0A903+1550595]
	Ordinal0 [0x00E8A701+1025793]
	Ordinal0 [0x00E0C6E5+509669]
	Ordinal0 [0x00D9FC68+64616]
	Ordinal0 [0x00D9C594+50580]
	Ordinal0 [0x00DBACE7+175335]
	Ordinal0 [0x00DBA8ED+174317]
	Ordinal0 [0x00DB8CDB+167131]
	Ordinal0 [0x00DA144A+70730]
	Ordinal0 [0x00DA24D0+74960]
	Ordinal0 [0x00DA2469+74857]
	Ordinal0 [0x00EA42C7+1131207]
	GetHandleVerifier [0x00FA70FD+523789]
	GetHandleVerifier [0x00FA6E90+523168]
	GetHandleVerifier [0x00FAE1E7+552695]
	GetHandleVerifier [0x00FA78FA+525834]
	Ordinal0 [0x00E9B7FC+1095676]
	Ordinal0 [0x00EA633B+1139515]
	Ordinal0 [0x00EA64A3+1139875]
	Ordinal0 [0x00EA5425+1135653]
	BaseThreadInitThunk [0x77B43744+36]
	RtlSetCurrentTransaction [0x77D69E54+212]
	RtlSetCurrentTransaction [0x77D69E1F+159]

	at sun.reflect.NativeConstructorAccessorImpl.newInstance0(Native Method)
	at sun.reflect.NativeConstructorAccessorImpl.newInstance(Unknown Source)
	at sun.reflect.DelegatingConstructorAccessorImpl.newInstance(Unknown Source)
	at java.lang.reflect.Constructor.newInstance(Unknown Source)
	at org.openqa.selenium.remote.W3CHandshakeResponse.lambda$new$0(W3CHandshakeResponse.java:57)
	at org.openqa.selenium.remote.W3CHandshakeResponse.lambda$getResponseFunction$2(W3CHandshakeResponse.java:104)
	at org.openqa.selenium.remote.ProtocolHandshake.lambda$createSession$0(ProtocolHandshake.java:123)
	at java.util.stream.ReferencePipeline$3$1.accept(Unknown Source)
	at java.util.Spliterators$ArraySpliterator.tryAdvance(Unknown Source)
	at java.util.stream.ReferencePipeline.forEachWithCancel(Unknown Source)
	at java.util.stream.AbstractPipeline.copyIntoWithCancel(Unknown Source)
	at java.util.stream.AbstractPipeline.copyInto(Unknown Source)
	at java.util.stream.AbstractPipeline.wrapAndCopyInto(Unknown Source)
	at java.util.stream.FindOps$FindOp.evaluateSequential(Unknown Source)
	at java.util.stream.AbstractPipeline.evaluate(Unknown Source)
	at java.util.stream.ReferencePipeline.findFirst(Unknown Source)
	at org.openqa.selenium.remote.ProtocolHandshake.createSession(ProtocolHandshake.java:126)
	at org.openqa.selenium.remote.ProtocolHandshake.createSession(ProtocolHandshake.java:73)
	at org.openqa.selenium.remote.HttpCommandExecutor.execute(HttpCommandExecutor.java:136)
	at org.openqa.selenium.remote.service.DriverCommandExecutor.execute(DriverCommandExecutor.java:83)
	at org.openqa.selenium.remote.RemoteWebDriver.execute(RemoteWebDriver.java:543)
	at org.openqa.selenium.remote.RemoteWebDriver.startSession(RemoteWebDriver.java:207)
	at org.openqa.selenium.remote.RemoteWebDriver.<init>(RemoteWebDriver.java:130)
	at org.openqa.selenium.chrome.ChromeDriver.<init>(ChromeDriver.java:181)
	at org.openqa.selenium.chrome.ChromeDriver.<init>(ChromeDriver.java:147)
	at com.focus.base.BaseEngine.openBrowser(BaseEngine.java:102)
	at sun.reflect.NativeMethodAccessorImpl.invoke0(Native Method)
	at sun.reflect.NativeMethodAccessorImpl.invoke(Unknown Source)
	at sun.reflect.DelegatingMethodAccessorImpl.invoke(Unknown Source)
	at java.lang.reflect.Method.invoke(Unknown Source)
	at org.testng.internal.MethodInvocationHelper.invokeMethod(MethodInvocationHelper.java:86)
	at org.testng.internal.Invoker.invokeConfigurationMethod(Invoker.java:514)
	at org.testng.internal.Invoker.invokeConfigurations(Invoker.java:215)
	at org.testng.internal.Invoker.invokeConfigurations(Invoker.java:142)
	at org.testng.SuiteRunner.privateRun(SuiteRunner.java:305)
	at org.testng.SuiteRunner.run(SuiteRunner.java:268)
	at org.testng.SuiteRunnerWorker.runSuite(SuiteRunnerWorker.java:52)
	at org.testng.SuiteRunnerWorker.run(SuiteRunnerWorker.java:86)
	at org.testng.TestNG.runSuitesSequentially(TestNG.java:1244)
	at org.testng.TestNG.runSuitesLocally(TestNG.java:1169)
	at org.testng.TestNG.run(TestNG.java:1064)
	at org.testng.remote.AbstractRemoteTestNG.run(AbstractRemoteTestNG.java:114)
	at org.testng.remote.RemoteTestNG.initAndRun(RemoteTestNG.java:251)
	at org.testng.remote.RemoteTestNG.main(RemoteTestNG.java:77)
]]>
    </error>
  </testcase> <!-- verifyBinFirstLevel -->
  <testcase name="verifySaveButtonWithoutInputCodeMandatoryFieldsInAddGroupOption" time="0.000" classname="com.focus.testcases.MasterBinsTest">
    <error type="org.openqa.selenium.SessionNotCreatedException" message="session not created: This version of ChromeDriver only supports Chrome version 78
Build info: version: &#039;3.12.0&#039;, revision: &#039;7c6e0b3&#039;, time: &#039;2018-05-08T14:04:26.12Z&#039;
System info: host: &#039;FOCUS-QA-10&#039;, ip: &#039;192.168.4.46&#039;, os.name: &#039;Windows 10&#039;, os.arch: &#039;amd64&#039;, os.version: &#039;10.0&#039;, java.version: &#039;1.8.0_111&#039;
Driver info: driver.version: ChromeDriver
remote stacktrace: Backtrace:
	Ordinal0 [0x00F0A903+1550595]
	Ordinal0 [0x00E8A701+1025793]
	Ordinal0 [0x00E0C6E5+509669]
	Ordinal0 [0x00D9FC68+64616]
	Ordinal0 [0x00D9C594+50580]
	Ordinal0 [0x00DBACE7+175335]
	Ordinal0 [0x00DBA8ED+174317]
	Ordinal0 [0x00DB8CDB+167131]
	Ordinal0 [0x00DA144A+70730]
	Ordinal0 [0x00DA24D0+74960]
	Ordinal0 [0x00DA2469+74857]
	Ordinal0 [0x00EA42C7+1131207]
	GetHandleVerifier [0x00FA70FD+523789]
	GetHandleVerifier [0x00FA6E90+523168]
	GetHandleVerifier [0x00FAE1E7+552695]
	GetHandleVerifier [0x00FA78FA+525834]
	Ordinal0 [0x00E9B7FC+1095676]
	Ordinal0 [0x00EA633B+1139515]
	Ordinal0 [0x00EA64A3+1139875]
	Ordinal0 [0x00EA5425+1135653]
	BaseThreadInitThunk [0x77B43744+36]
	RtlSetCurrentTransaction [0x77D69E54+212]
	RtlSetCurrentTransaction [0x77D69E1F+159]
">
      <![CDATA[org.openqa.selenium.SessionNotCreatedException: session not created: This version of ChromeDriver only supports Chrome version 78
Build info: version: '3.12.0', revision: '7c6e0b3', time: '2018-05-08T14:04:26.12Z'
System info: host: 'FOCUS-QA-10', ip: '192.168.4.46', os.name: 'Windows 10', os.arch: 'amd64', os.version: '10.0', java.version: '1.8.0_111'
Driver info: driver.version: ChromeDriver
remote stacktrace: Backtrace:
	Ordinal0 [0x00F0A903+1550595]
	Ordinal0 [0x00E8A701+1025793]
	Ordinal0 [0x00E0C6E5+509669]
	Ordinal0 [0x00D9FC68+64616]
	Ordinal0 [0x00D9C594+50580]
	Ordinal0 [0x00DBACE7+175335]
	Ordinal0 [0x00DBA8ED+174317]
	Ordinal0 [0x00DB8CDB+167131]
	Ordinal0 [0x00DA144A+70730]
	Ordinal0 [0x00DA24D0+74960]
	Ordinal0 [0x00DA2469+74857]
	Ordinal0 [0x00EA42C7+1131207]
	GetHandleVerifier [0x00FA70FD+523789]
	GetHandleVerifier [0x00FA6E90+523168]
	GetHandleVerifier [0x00FAE1E7+552695]
	GetHandleVerifier [0x00FA78FA+525834]
	Ordinal0 [0x00E9B7FC+1095676]
	Ordinal0 [0x00EA633B+1139515]
	Ordinal0 [0x00EA64A3+1139875]
	Ordinal0 [0x00EA5425+1135653]
	BaseThreadInitThunk [0x77B43744+36]
	RtlSetCurrentTransaction [0x77D69E54+212]
	RtlSetCurrentTransaction [0x77D69E1F+159]

	at sun.reflect.NativeConstructorAccessorImpl.newInstance0(Native Method)
	at sun.reflect.NativeConstructorAccessorImpl.newInstance(Unknown Source)
	at sun.reflect.DelegatingConstructorAccessorImpl.newInstance(Unknown Source)
	at java.lang.reflect.Constructor.newInstance(Unknown Source)
	at org.openqa.selenium.remote.W3CHandshakeResponse.lambda$new$0(W3CHandshakeResponse.java:57)
	at org.openqa.selenium.remote.W3CHandshakeResponse.lambda$getResponseFunction$2(W3CHandshakeResponse.java:104)
	at org.openqa.selenium.remote.ProtocolHandshake.lambda$createSession$0(ProtocolHandshake.java:123)
	at java.util.stream.ReferencePipeline$3$1.accept(Unknown Source)
	at java.util.Spliterators$ArraySpliterator.tryAdvance(Unknown Source)
	at java.util.stream.ReferencePipeline.forEachWithCancel(Unknown Source)
	at java.util.stream.AbstractPipeline.copyIntoWithCancel(Unknown Source)
	at java.util.stream.AbstractPipeline.copyInto(Unknown Source)
	at java.util.stream.AbstractPipeline.wrapAndCopyInto(Unknown Source)
	at java.util.stream.FindOps$FindOp.evaluateSequential(Unknown Source)
	at java.util.stream.AbstractPipeline.evaluate(Unknown Source)
	at java.util.stream.ReferencePipeline.findFirst(Unknown Source)
	at org.openqa.selenium.remote.ProtocolHandshake.createSession(ProtocolHandshake.java:126)
	at org.openqa.selenium.remote.ProtocolHandshake.createSession(ProtocolHandshake.java:73)
	at org.openqa.selenium.remote.HttpCommandExecutor.execute(HttpCommandExecutor.java:136)
	at org.openqa.selenium.remote.service.DriverCommandExecutor.execute(DriverCommandExecutor.java:83)
	at org.openqa.selenium.remote.RemoteWebDriver.execute(RemoteWebDriver.java:543)
	at org.openqa.selenium.remote.RemoteWebDriver.startSession(RemoteWebDriver.java:207)
	at org.openqa.selenium.remote.RemoteWebDriver.<init>(RemoteWebDriver.java:130)
	at org.openqa.selenium.chrome.ChromeDriver.<init>(ChromeDriver.java:181)
	at org.openqa.selenium.chrome.ChromeDriver.<init>(ChromeDriver.java:147)
	at com.focus.base.BaseEngine.openBrowser(BaseEngine.java:102)
	at sun.reflect.NativeMethodAccessorImpl.invoke0(Native Method)
	at sun.reflect.NativeMethodAccessorImpl.invoke(Unknown Source)
	at sun.reflect.DelegatingMethodAccessorImpl.invoke(Unknown Source)
	at java.lang.reflect.Method.invoke(Unknown Source)
	at org.testng.internal.MethodInvocationHelper.invokeMethod(MethodInvocationHelper.java:86)
	at org.testng.internal.Invoker.invokeConfigurationMethod(Invoker.java:514)
	at org.testng.internal.Invoker.invokeConfigurations(Invoker.java:215)
	at org.testng.internal.Invoker.invokeConfigurations(Invoker.java:142)
	at org.testng.SuiteRunner.privateRun(SuiteRunner.java:305)
	at org.testng.SuiteRunner.run(SuiteRunner.java:268)
	at org.testng.SuiteRunnerWorker.runSuite(SuiteRunnerWorker.java:52)
	at org.testng.SuiteRunnerWorker.run(SuiteRunnerWorker.java:86)
	at org.testng.TestNG.runSuitesSequentially(TestNG.java:1244)
	at org.testng.TestNG.runSuitesLocally(TestNG.java:1169)
	at org.testng.TestNG.run(TestNG.java:1064)
	at org.testng.remote.AbstractRemoteTestNG.run(AbstractRemoteTestNG.java:114)
	at org.testng.remote.RemoteTestNG.initAndRun(RemoteTestNG.java:251)
	at org.testng.remote.RemoteTestNG.main(RemoteTestNG.java:77)
]]>
    </error>
  </testcase> <!-- verifySaveButtonWithoutInputCodeMandatoryFieldsInAddGroupOption -->
  <testcase name="verifyBinDisplayInBinSavingWithCloneMasterOptions" time="0.001" classname="com.focus.testcases.MasterBinsTest">
    <error type="org.openqa.selenium.SessionNotCreatedException" message="session not created: This version of ChromeDriver only supports Chrome version 78
Build info: version: &#039;3.12.0&#039;, revision: &#039;7c6e0b3&#039;, time: &#039;2018-05-08T14:04:26.12Z&#039;
System info: host: &#039;FOCUS-QA-10&#039;, ip: &#039;192.168.4.46&#039;, os.name: &#039;Windows 10&#039;, os.arch: &#039;amd64&#039;, os.version: &#039;10.0&#039;, java.version: &#039;1.8.0_111&#039;
Driver info: driver.version: ChromeDriver
remote stacktrace: Backtrace:
	Ordinal0 [0x00F0A903+1550595]
	Ordinal0 [0x00E8A701+1025793]
	Ordinal0 [0x00E0C6E5+509669]
	Ordinal0 [0x00D9FC68+64616]
	Ordinal0 [0x00D9C594+50580]
	Ordinal0 [0x00DBACE7+175335]
	Ordinal0 [0x00DBA8ED+174317]
	Ordinal0 [0x00DB8CDB+167131]
	Ordinal0 [0x00DA144A+70730]
	Ordinal0 [0x00DA24D0+74960]
	Ordinal0 [0x00DA2469+74857]
	Ordinal0 [0x00EA42C7+1131207]
	GetHandleVerifier [0x00FA70FD+523789]
	GetHandleVerifier [0x00FA6E90+523168]
	GetHandleVerifier [0x00FAE1E7+552695]
	GetHandleVerifier [0x00FA78FA+525834]
	Ordinal0 [0x00E9B7FC+1095676]
	Ordinal0 [0x00EA633B+1139515]
	Ordinal0 [0x00EA64A3+1139875]
	Ordinal0 [0x00EA5425+1135653]
	BaseThreadInitThunk [0x77B43744+36]
	RtlSetCurrentTransaction [0x77D69E54+212]
	RtlSetCurrentTransaction [0x77D69E1F+159]
">
      <![CDATA[org.openqa.selenium.SessionNotCreatedException: session not created: This version of ChromeDriver only supports Chrome version 78
Build info: version: '3.12.0', revision: '7c6e0b3', time: '2018-05-08T14:04:26.12Z'
System info: host: 'FOCUS-QA-10', ip: '192.168.4.46', os.name: 'Windows 10', os.arch: 'amd64', os.version: '10.0', java.version: '1.8.0_111'
Driver info: driver.version: ChromeDriver
remote stacktrace: Backtrace:
	Ordinal0 [0x00F0A903+1550595]
	Ordinal0 [0x00E8A701+1025793]
	Ordinal0 [0x00E0C6E5+509669]
	Ordinal0 [0x00D9FC68+64616]
	Ordinal0 [0x00D9C594+50580]
	Ordinal0 [0x00DBACE7+175335]
	Ordinal0 [0x00DBA8ED+174317]
	Ordinal0 [0x00DB8CDB+167131]
	Ordinal0 [0x00DA144A+70730]
	Ordinal0 [0x00DA24D0+74960]
	Ordinal0 [0x00DA2469+74857]
	Ordinal0 [0x00EA42C7+1131207]
	GetHandleVerifier [0x00FA70FD+523789]
	GetHandleVerifier [0x00FA6E90+523168]
	GetHandleVerifier [0x00FAE1E7+552695]
	GetHandleVerifier [0x00FA78FA+525834]
	Ordinal0 [0x00E9B7FC+1095676]
	Ordinal0 [0x00EA633B+1139515]
	Ordinal0 [0x00EA64A3+1139875]
	Ordinal0 [0x00EA5425+1135653]
	BaseThreadInitThunk [0x77B43744+36]
	RtlSetCurrentTransaction [0x77D69E54+212]
	RtlSetCurrentTransaction [0x77D69E1F+159]

	at sun.reflect.NativeConstructorAccessorImpl.newInstance0(Native Method)
	at sun.reflect.NativeConstructorAccessorImpl.newInstance(Unknown Source)
	at sun.reflect.DelegatingConstructorAccessorImpl.newInstance(Unknown Source)
	at java.lang.reflect.Constructor.newInstance(Unknown Source)
	at org.openqa.selenium.remote.W3CHandshakeResponse.lambda$new$0(W3CHandshakeResponse.java:57)
	at org.openqa.selenium.remote.W3CHandshakeResponse.lambda$getResponseFunction$2(W3CHandshakeResponse.java:104)
	at org.openqa.selenium.remote.ProtocolHandshake.lambda$createSession$0(ProtocolHandshake.java:123)
	at java.util.stream.ReferencePipeline$3$1.accept(Unknown Source)
	at java.util.Spliterators$ArraySpliterator.tryAdvance(Unknown Source)
	at java.util.stream.ReferencePipeline.forEachWithCancel(Unknown Source)
	at java.util.stream.AbstractPipeline.copyIntoWithCancel(Unknown Source)
	at java.util.stream.AbstractPipeline.copyInto(Unknown Source)
	at java.util.stream.AbstractPipeline.wrapAndCopyInto(Unknown Source)
	at java.util.stream.FindOps$FindOp.evaluateSequential(Unknown Source)
	at java.util.stream.AbstractPipeline.evaluate(Unknown Source)
	at java.util.stream.ReferencePipeline.findFirst(Unknown Source)
	at org.openqa.selenium.remote.ProtocolHandshake.createSession(ProtocolHandshake.java:126)
	at org.openqa.selenium.remote.ProtocolHandshake.createSession(ProtocolHandshake.java:73)
	at org.openqa.selenium.remote.HttpCommandExecutor.execute(HttpCommandExecutor.java:136)
	at org.openqa.selenium.remote.service.DriverCommandExecutor.execute(DriverCommandExecutor.java:83)
	at org.openqa.selenium.remote.RemoteWebDriver.execute(RemoteWebDriver.java:543)
	at org.openqa.selenium.remote.RemoteWebDriver.startSession(RemoteWebDriver.java:207)
	at org.openqa.selenium.remote.RemoteWebDriver.<init>(RemoteWebDriver.java:130)
	at org.openqa.selenium.chrome.ChromeDriver.<init>(ChromeDriver.java:181)
	at org.openqa.selenium.chrome.ChromeDriver.<init>(ChromeDriver.java:147)
	at com.focus.base.BaseEngine.openBrowser(BaseEngine.java:102)
	at sun.reflect.NativeMethodAccessorImpl.invoke0(Native Method)
	at sun.reflect.NativeMethodAccessorImpl.invoke(Unknown Source)
	at sun.reflect.DelegatingMethodAccessorImpl.invoke(Unknown Source)
	at java.lang.reflect.Method.invoke(Unknown Source)
	at org.testng.internal.MethodInvocationHelper.invokeMethod(MethodInvocationHelper.java:86)
	at org.testng.internal.Invoker.invokeConfigurationMethod(Invoker.java:514)
	at org.testng.internal.Invoker.invokeConfigurations(Invoker.java:215)
	at org.testng.internal.Invoker.invokeConfigurations(Invoker.java:142)
	at org.testng.SuiteRunner.privateRun(SuiteRunner.java:305)
	at org.testng.SuiteRunner.run(SuiteRunner.java:268)
	at org.testng.SuiteRunnerWorker.runSuite(SuiteRunnerWorker.java:52)
	at org.testng.SuiteRunnerWorker.run(SuiteRunnerWorker.java:86)
	at org.testng.TestNG.runSuitesSequentially(TestNG.java:1244)
	at org.testng.TestNG.runSuitesLocally(TestNG.java:1169)
	at org.testng.TestNG.run(TestNG.java:1064)
	at org.testng.remote.AbstractRemoteTestNG.run(AbstractRemoteTestNG.java:114)
	at org.testng.remote.RemoteTestNG.initAndRun(RemoteTestNG.java:251)
	at org.testng.remote.RemoteTestNG.main(RemoteTestNG.java:77)
]]>
    </error>
  </testcase> <!-- verifyBinDisplayInBinSavingWithCloneMasterOptions -->
  <testcase name="checkSaveButtonInGroupWithInputingMandatoryFields" time="0.000" classname="com.focus.testcases.MasterBinsTest">
    <error type="org.openqa.selenium.SessionNotCreatedException" message="session not created: This version of ChromeDriver only supports Chrome version 78
Build info: version: &#039;3.12.0&#039;, revision: &#039;7c6e0b3&#039;, time: &#039;2018-05-08T14:04:26.12Z&#039;
System info: host: &#039;FOCUS-QA-10&#039;, ip: &#039;192.168.4.46&#039;, os.name: &#039;Windows 10&#039;, os.arch: &#039;amd64&#039;, os.version: &#039;10.0&#039;, java.version: &#039;1.8.0_111&#039;
Driver info: driver.version: ChromeDriver
remote stacktrace: Backtrace:
	Ordinal0 [0x00F0A903+1550595]
	Ordinal0 [0x00E8A701+1025793]
	Ordinal0 [0x00E0C6E5+509669]
	Ordinal0 [0x00D9FC68+64616]
	Ordinal0 [0x00D9C594+50580]
	Ordinal0 [0x00DBACE7+175335]
	Ordinal0 [0x00DBA8ED+174317]
	Ordinal0 [0x00DB8CDB+167131]
	Ordinal0 [0x00DA144A+70730]
	Ordinal0 [0x00DA24D0+74960]
	Ordinal0 [0x00DA2469+74857]
	Ordinal0 [0x00EA42C7+1131207]
	GetHandleVerifier [0x00FA70FD+523789]
	GetHandleVerifier [0x00FA6E90+523168]
	GetHandleVerifier [0x00FAE1E7+552695]
	GetHandleVerifier [0x00FA78FA+525834]
	Ordinal0 [0x00E9B7FC+1095676]
	Ordinal0 [0x00EA633B+1139515]
	Ordinal0 [0x00EA64A3+1139875]
	Ordinal0 [0x00EA5425+1135653]
	BaseThreadInitThunk [0x77B43744+36]
	RtlSetCurrentTransaction [0x77D69E54+212]
	RtlSetCurrentTransaction [0x77D69E1F+159]
">
      <![CDATA[org.openqa.selenium.SessionNotCreatedException: session not created: This version of ChromeDriver only supports Chrome version 78
Build info: version: '3.12.0', revision: '7c6e0b3', time: '2018-05-08T14:04:26.12Z'
System info: host: 'FOCUS-QA-10', ip: '192.168.4.46', os.name: 'Windows 10', os.arch: 'amd64', os.version: '10.0', java.version: '1.8.0_111'
Driver info: driver.version: ChromeDriver
remote stacktrace: Backtrace:
	Ordinal0 [0x00F0A903+1550595]
	Ordinal0 [0x00E8A701+1025793]
	Ordinal0 [0x00E0C6E5+509669]
	Ordinal0 [0x00D9FC68+64616]
	Ordinal0 [0x00D9C594+50580]
	Ordinal0 [0x00DBACE7+175335]
	Ordinal0 [0x00DBA8ED+174317]
	Ordinal0 [0x00DB8CDB+167131]
	Ordinal0 [0x00DA144A+70730]
	Ordinal0 [0x00DA24D0+74960]
	Ordinal0 [0x00DA2469+74857]
	Ordinal0 [0x00EA42C7+1131207]
	GetHandleVerifier [0x00FA70FD+523789]
	GetHandleVerifier [0x00FA6E90+523168]
	GetHandleVerifier [0x00FAE1E7+552695]
	GetHandleVerifier [0x00FA78FA+525834]
	Ordinal0 [0x00E9B7FC+1095676]
	Ordinal0 [0x00EA633B+1139515]
	Ordinal0 [0x00EA64A3+1139875]
	Ordinal0 [0x00EA5425+1135653]
	BaseThreadInitThunk [0x77B43744+36]
	RtlSetCurrentTransaction [0x77D69E54+212]
	RtlSetCurrentTransaction [0x77D69E1F+159]

	at sun.reflect.NativeConstructorAccessorImpl.newInstance0(Native Method)
	at sun.reflect.NativeConstructorAccessorImpl.newInstance(Unknown Source)
	at sun.reflect.DelegatingConstructorAccessorImpl.newInstance(Unknown Source)
	at java.lang.reflect.Constructor.newInstance(Unknown Source)
	at org.openqa.selenium.remote.W3CHandshakeResponse.lambda$new$0(W3CHandshakeResponse.java:57)
	at org.openqa.selenium.remote.W3CHandshakeResponse.lambda$getResponseFunction$2(W3CHandshakeResponse.java:104)
	at org.openqa.selenium.remote.ProtocolHandshake.lambda$createSession$0(ProtocolHandshake.java:123)
	at java.util.stream.ReferencePipeline$3$1.accept(Unknown Source)
	at java.util.Spliterators$ArraySpliterator.tryAdvance(Unknown Source)
	at java.util.stream.ReferencePipeline.forEachWithCancel(Unknown Source)
	at java.util.stream.AbstractPipeline.copyIntoWithCancel(Unknown Source)
	at java.util.stream.AbstractPipeline.copyInto(Unknown Source)
	at java.util.stream.AbstractPipeline.wrapAndCopyInto(Unknown Source)
	at java.util.stream.FindOps$FindOp.evaluateSequential(Unknown Source)
	at java.util.stream.AbstractPipeline.evaluate(Unknown Source)
	at java.util.stream.ReferencePipeline.findFirst(Unknown Source)
	at org.openqa.selenium.remote.ProtocolHandshake.createSession(ProtocolHandshake.java:126)
	at org.openqa.selenium.remote.ProtocolHandshake.createSession(ProtocolHandshake.java:73)
	at org.openqa.selenium.remote.HttpCommandExecutor.execute(HttpCommandExecutor.java:136)
	at org.openqa.selenium.remote.service.DriverCommandExecutor.execute(DriverCommandExecutor.java:83)
	at org.openqa.selenium.remote.RemoteWebDriver.execute(RemoteWebDriver.java:543)
	at org.openqa.selenium.remote.RemoteWebDriver.startSession(RemoteWebDriver.java:207)
	at org.openqa.selenium.remote.RemoteWebDriver.<init>(RemoteWebDriver.java:130)
	at org.openqa.selenium.chrome.ChromeDriver.<init>(ChromeDriver.java:181)
	at org.openqa.selenium.chrome.ChromeDriver.<init>(ChromeDriver.java:147)
	at com.focus.base.BaseEngine.openBrowser(BaseEngine.java:102)
	at sun.reflect.NativeMethodAccessorImpl.invoke0(Native Method)
	at sun.reflect.NativeMethodAccessorImpl.invoke(Unknown Source)
	at sun.reflect.DelegatingMethodAccessorImpl.invoke(Unknown Source)
	at java.lang.reflect.Method.invoke(Unknown Source)
	at org.testng.internal.MethodInvocationHelper.invokeMethod(MethodInvocationHelper.java:86)
	at org.testng.internal.Invoker.invokeConfigurationMethod(Invoker.java:514)
	at org.testng.internal.Invoker.invokeConfigurations(Invoker.java:215)
	at org.testng.internal.Invoker.invokeConfigurations(Invoker.java:142)
	at org.testng.SuiteRunner.privateRun(SuiteRunner.java:305)
	at org.testng.SuiteRunner.run(SuiteRunner.java:268)
	at org.testng.SuiteRunnerWorker.runSuite(SuiteRunnerWorker.java:52)
	at org.testng.SuiteRunnerWorker.run(SuiteRunnerWorker.java:86)
	at org.testng.TestNG.runSuitesSequentially(TestNG.java:1244)
	at org.testng.TestNG.runSuitesLocally(TestNG.java:1169)
	at org.testng.TestNG.run(TestNG.java:1064)
	at org.testng.remote.AbstractRemoteTestNG.run(AbstractRemoteTestNG.java:114)
	at org.testng.remote.RemoteTestNG.initAndRun(RemoteTestNG.java:251)
	at org.testng.remote.RemoteTestNG.main(RemoteTestNG.java:77)
]]>
    </error>
  </testcase> <!-- checkSaveButtonInGroupWithInputingMandatoryFields -->
  <testcase name="verifyBinsCreationScreenAfterSaving" time="0.005" classname="com.focus.testcases.MasterBinsTest">
    <error type="org.openqa.selenium.SessionNotCreatedException" message="session not created: This version of ChromeDriver only supports Chrome version 78
Build info: version: &#039;3.12.0&#039;, revision: &#039;7c6e0b3&#039;, time: &#039;2018-05-08T14:04:26.12Z&#039;
System info: host: &#039;FOCUS-QA-10&#039;, ip: &#039;192.168.4.46&#039;, os.name: &#039;Windows 10&#039;, os.arch: &#039;amd64&#039;, os.version: &#039;10.0&#039;, java.version: &#039;1.8.0_111&#039;
Driver info: driver.version: ChromeDriver
remote stacktrace: Backtrace:
	Ordinal0 [0x00F0A903+1550595]
	Ordinal0 [0x00E8A701+1025793]
	Ordinal0 [0x00E0C6E5+509669]
	Ordinal0 [0x00D9FC68+64616]
	Ordinal0 [0x00D9C594+50580]
	Ordinal0 [0x00DBACE7+175335]
	Ordinal0 [0x00DBA8ED+174317]
	Ordinal0 [0x00DB8CDB+167131]
	Ordinal0 [0x00DA144A+70730]
	Ordinal0 [0x00DA24D0+74960]
	Ordinal0 [0x00DA2469+74857]
	Ordinal0 [0x00EA42C7+1131207]
	GetHandleVerifier [0x00FA70FD+523789]
	GetHandleVerifier [0x00FA6E90+523168]
	GetHandleVerifier [0x00FAE1E7+552695]
	GetHandleVerifier [0x00FA78FA+525834]
	Ordinal0 [0x00E9B7FC+1095676]
	Ordinal0 [0x00EA633B+1139515]
	Ordinal0 [0x00EA64A3+1139875]
	Ordinal0 [0x00EA5425+1135653]
	BaseThreadInitThunk [0x77B43744+36]
	RtlSetCurrentTransaction [0x77D69E54+212]
	RtlSetCurrentTransaction [0x77D69E1F+159]
">
      <![CDATA[org.openqa.selenium.SessionNotCreatedException: session not created: This version of ChromeDriver only supports Chrome version 78
Build info: version: '3.12.0', revision: '7c6e0b3', time: '2018-05-08T14:04:26.12Z'
System info: host: 'FOCUS-QA-10', ip: '192.168.4.46', os.name: 'Windows 10', os.arch: 'amd64', os.version: '10.0', java.version: '1.8.0_111'
Driver info: driver.version: ChromeDriver
remote stacktrace: Backtrace:
	Ordinal0 [0x00F0A903+1550595]
	Ordinal0 [0x00E8A701+1025793]
	Ordinal0 [0x00E0C6E5+509669]
	Ordinal0 [0x00D9FC68+64616]
	Ordinal0 [0x00D9C594+50580]
	Ordinal0 [0x00DBACE7+175335]
	Ordinal0 [0x00DBA8ED+174317]
	Ordinal0 [0x00DB8CDB+167131]
	Ordinal0 [0x00DA144A+70730]
	Ordinal0 [0x00DA24D0+74960]
	Ordinal0 [0x00DA2469+74857]
	Ordinal0 [0x00EA42C7+1131207]
	GetHandleVerifier [0x00FA70FD+523789]
	GetHandleVerifier [0x00FA6E90+523168]
	GetHandleVerifier [0x00FAE1E7+552695]
	GetHandleVerifier [0x00FA78FA+525834]
	Ordinal0 [0x00E9B7FC+1095676]
	Ordinal0 [0x00EA633B+1139515]
	Ordinal0 [0x00EA64A3+1139875]
	Ordinal0 [0x00EA5425+1135653]
	BaseThreadInitThunk [0x77B43744+36]
	RtlSetCurrentTransaction [0x77D69E54+212]
	RtlSetCurrentTransaction [0x77D69E1F+159]

	at sun.reflect.NativeConstructorAccessorImpl.newInstance0(Native Method)
	at sun.reflect.NativeConstructorAccessorImpl.newInstance(Unknown Source)
	at sun.reflect.DelegatingConstructorAccessorImpl.newInstance(Unknown Source)
	at java.lang.reflect.Constructor.newInstance(Unknown Source)
	at org.openqa.selenium.remote.W3CHandshakeResponse.lambda$new$0(W3CHandshakeResponse.java:57)
	at org.openqa.selenium.remote.W3CHandshakeResponse.lambda$getResponseFunction$2(W3CHandshakeResponse.java:104)
	at org.openqa.selenium.remote.ProtocolHandshake.lambda$createSession$0(ProtocolHandshake.java:123)
	at java.util.stream.ReferencePipeline$3$1.accept(Unknown Source)
	at java.util.Spliterators$ArraySpliterator.tryAdvance(Unknown Source)
	at java.util.stream.ReferencePipeline.forEachWithCancel(Unknown Source)
	at java.util.stream.AbstractPipeline.copyIntoWithCancel(Unknown Source)
	at java.util.stream.AbstractPipeline.copyInto(Unknown Source)
	at java.util.stream.AbstractPipeline.wrapAndCopyInto(Unknown Source)
	at java.util.stream.FindOps$FindOp.evaluateSequential(Unknown Source)
	at java.util.stream.AbstractPipeline.evaluate(Unknown Source)
	at java.util.stream.ReferencePipeline.findFirst(Unknown Source)
	at org.openqa.selenium.remote.ProtocolHandshake.createSession(ProtocolHandshake.java:126)
	at org.openqa.selenium.remote.ProtocolHandshake.createSession(ProtocolHandshake.java:73)
	at org.openqa.selenium.remote.HttpCommandExecutor.execute(HttpCommandExecutor.java:136)
	at org.openqa.selenium.remote.service.DriverCommandExecutor.execute(DriverCommandExecutor.java:83)
	at org.openqa.selenium.remote.RemoteWebDriver.execute(RemoteWebDriver.java:543)
	at org.openqa.selenium.remote.RemoteWebDriver.startSession(RemoteWebDriver.java:207)
	at org.openqa.selenium.remote.RemoteWebDriver.<init>(RemoteWebDriver.java:130)
	at org.openqa.selenium.chrome.ChromeDriver.<init>(ChromeDriver.java:181)
	at org.openqa.selenium.chrome.ChromeDriver.<init>(ChromeDriver.java:147)
	at com.focus.base.BaseEngine.openBrowser(BaseEngine.java:102)
	at sun.reflect.NativeMethodAccessorImpl.invoke0(Native Method)
	at sun.reflect.NativeMethodAccessorImpl.invoke(Unknown Source)
	at sun.reflect.DelegatingMethodAccessorImpl.invoke(Unknown Source)
	at java.lang.reflect.Method.invoke(Unknown Source)
	at org.testng.internal.MethodInvocationHelper.invokeMethod(MethodInvocationHelper.java:86)
	at org.testng.internal.Invoker.invokeConfigurationMethod(Invoker.java:514)
	at org.testng.internal.Invoker.invokeConfigurations(Invoker.java:215)
	at org.testng.internal.Invoker.invokeConfigurations(Invoker.java:142)
	at org.testng.SuiteRunner.privateRun(SuiteRunner.java:305)
	at org.testng.SuiteRunner.run(SuiteRunner.java:268)
	at org.testng.SuiteRunnerWorker.runSuite(SuiteRunnerWorker.java:52)
	at org.testng.SuiteRunnerWorker.run(SuiteRunnerWorker.java:86)
	at org.testng.TestNG.runSuitesSequentially(TestNG.java:1244)
	at org.testng.TestNG.runSuitesLocally(TestNG.java:1169)
	at org.testng.TestNG.run(TestNG.java:1064)
	at org.testng.remote.AbstractRemoteTestNG.run(AbstractRemoteTestNG.java:114)
	at org.testng.remote.RemoteTestNG.initAndRun(RemoteTestNG.java:251)
	at org.testng.remote.RemoteTestNG.main(RemoteTestNG.java:77)
]]>
    </error>
  </testcase> <!-- verifyBinsCreationScreenAfterSaving -->
  <testcase name="verifySearchOptionsInMainPageHeaderFieldsOptionsBinsMenu" time="0.000" classname="com.focus.testcases.MasterBinsTest">
    <error type="org.openqa.selenium.SessionNotCreatedException" message="session not created: This version of ChromeDriver only supports Chrome version 78
Build info: version: &#039;3.12.0&#039;, revision: &#039;7c6e0b3&#039;, time: &#039;2018-05-08T14:04:26.12Z&#039;
System info: host: &#039;FOCUS-QA-10&#039;, ip: &#039;192.168.4.46&#039;, os.name: &#039;Windows 10&#039;, os.arch: &#039;amd64&#039;, os.version: &#039;10.0&#039;, java.version: &#039;1.8.0_111&#039;
Driver info: driver.version: ChromeDriver
remote stacktrace: Backtrace:
	Ordinal0 [0x00F0A903+1550595]
	Ordinal0 [0x00E8A701+1025793]
	Ordinal0 [0x00E0C6E5+509669]
	Ordinal0 [0x00D9FC68+64616]
	Ordinal0 [0x00D9C594+50580]
	Ordinal0 [0x00DBACE7+175335]
	Ordinal0 [0x00DBA8ED+174317]
	Ordinal0 [0x00DB8CDB+167131]
	Ordinal0 [0x00DA144A+70730]
	Ordinal0 [0x00DA24D0+74960]
	Ordinal0 [0x00DA2469+74857]
	Ordinal0 [0x00EA42C7+1131207]
	GetHandleVerifier [0x00FA70FD+523789]
	GetHandleVerifier [0x00FA6E90+523168]
	GetHandleVerifier [0x00FAE1E7+552695]
	GetHandleVerifier [0x00FA78FA+525834]
	Ordinal0 [0x00E9B7FC+1095676]
	Ordinal0 [0x00EA633B+1139515]
	Ordinal0 [0x00EA64A3+1139875]
	Ordinal0 [0x00EA5425+1135653]
	BaseThreadInitThunk [0x77B43744+36]
	RtlSetCurrentTransaction [0x77D69E54+212]
	RtlSetCurrentTransaction [0x77D69E1F+159]
">
      <![CDATA[org.openqa.selenium.SessionNotCreatedException: session not created: This version of ChromeDriver only supports Chrome version 78
Build info: version: '3.12.0', revision: '7c6e0b3', time: '2018-05-08T14:04:26.12Z'
System info: host: 'FOCUS-QA-10', ip: '192.168.4.46', os.name: 'Windows 10', os.arch: 'amd64', os.version: '10.0', java.version: '1.8.0_111'
Driver info: driver.version: ChromeDriver
remote stacktrace: Backtrace:
	Ordinal0 [0x00F0A903+1550595]
	Ordinal0 [0x00E8A701+1025793]
	Ordinal0 [0x00E0C6E5+509669]
	Ordinal0 [0x00D9FC68+64616]
	Ordinal0 [0x00D9C594+50580]
	Ordinal0 [0x00DBACE7+175335]
	Ordinal0 [0x00DBA8ED+174317]
	Ordinal0 [0x00DB8CDB+167131]
	Ordinal0 [0x00DA144A+70730]
	Ordinal0 [0x00DA24D0+74960]
	Ordinal0 [0x00DA2469+74857]
	Ordinal0 [0x00EA42C7+1131207]
	GetHandleVerifier [0x00FA70FD+523789]
	GetHandleVerifier [0x00FA6E90+523168]
	GetHandleVerifier [0x00FAE1E7+552695]
	GetHandleVerifier [0x00FA78FA+525834]
	Ordinal0 [0x00E9B7FC+1095676]
	Ordinal0 [0x00EA633B+1139515]
	Ordinal0 [0x00EA64A3+1139875]
	Ordinal0 [0x00EA5425+1135653]
	BaseThreadInitThunk [0x77B43744+36]
	RtlSetCurrentTransaction [0x77D69E54+212]
	RtlSetCurrentTransaction [0x77D69E1F+159]

	at sun.reflect.NativeConstructorAccessorImpl.newInstance0(Native Method)
	at sun.reflect.NativeConstructorAccessorImpl.newInstance(Unknown Source)
	at sun.reflect.DelegatingConstructorAccessorImpl.newInstance(Unknown Source)
	at java.lang.reflect.Constructor.newInstance(Unknown Source)
	at org.openqa.selenium.remote.W3CHandshakeResponse.lambda$new$0(W3CHandshakeResponse.java:57)
	at org.openqa.selenium.remote.W3CHandshakeResponse.lambda$getResponseFunction$2(W3CHandshakeResponse.java:104)
	at org.openqa.selenium.remote.ProtocolHandshake.lambda$createSession$0(ProtocolHandshake.java:123)
	at java.util.stream.ReferencePipeline$3$1.accept(Unknown Source)
	at java.util.Spliterators$ArraySpliterator.tryAdvance(Unknown Source)
	at java.util.stream.ReferencePipeline.forEachWithCancel(Unknown Source)
	at java.util.stream.AbstractPipeline.copyIntoWithCancel(Unknown Source)
	at java.util.stream.AbstractPipeline.copyInto(Unknown Source)
	at java.util.stream.AbstractPipeline.wrapAndCopyInto(Unknown Source)
	at java.util.stream.FindOps$FindOp.evaluateSequential(Unknown Source)
	at java.util.stream.AbstractPipeline.evaluate(Unknown Source)
	at java.util.stream.ReferencePipeline.findFirst(Unknown Source)
	at org.openqa.selenium.remote.ProtocolHandshake.createSession(ProtocolHandshake.java:126)
	at org.openqa.selenium.remote.ProtocolHandshake.createSession(ProtocolHandshake.java:73)
	at org.openqa.selenium.remote.HttpCommandExecutor.execute(HttpCommandExecutor.java:136)
	at org.openqa.selenium.remote.service.DriverCommandExecutor.execute(DriverCommandExecutor.java:83)
	at org.openqa.selenium.remote.RemoteWebDriver.execute(RemoteWebDriver.java:543)
	at org.openqa.selenium.remote.RemoteWebDriver.startSession(RemoteWebDriver.java:207)
	at org.openqa.selenium.remote.RemoteWebDriver.<init>(RemoteWebDriver.java:130)
	at org.openqa.selenium.chrome.ChromeDriver.<init>(ChromeDriver.java:181)
	at org.openqa.selenium.chrome.ChromeDriver.<init>(ChromeDriver.java:147)
	at com.focus.base.BaseEngine.openBrowser(BaseEngine.java:102)
	at sun.reflect.NativeMethodAccessorImpl.invoke0(Native Method)
	at sun.reflect.NativeMethodAccessorImpl.invoke(Unknown Source)
	at sun.reflect.DelegatingMethodAccessorImpl.invoke(Unknown Source)
	at java.lang.reflect.Method.invoke(Unknown Source)
	at org.testng.internal.MethodInvocationHelper.invokeMethod(MethodInvocationHelper.java:86)
	at org.testng.internal.Invoker.invokeConfigurationMethod(Invoker.java:514)
	at org.testng.internal.Invoker.invokeConfigurations(Invoker.java:215)
	at org.testng.internal.Invoker.invokeConfigurations(Invoker.java:142)
	at org.testng.SuiteRunner.privateRun(SuiteRunner.java:305)
	at org.testng.SuiteRunner.run(SuiteRunner.java:268)
	at org.testng.SuiteRunnerWorker.runSuite(SuiteRunnerWorker.java:52)
	at org.testng.SuiteRunnerWorker.run(SuiteRunnerWorker.java:86)
	at org.testng.TestNG.runSuitesSequentially(TestNG.java:1244)
	at org.testng.TestNG.runSuitesLocally(TestNG.java:1169)
	at org.testng.TestNG.run(TestNG.java:1064)
	at org.testng.remote.AbstractRemoteTestNG.run(AbstractRemoteTestNG.java:114)
	at org.testng.remote.RemoteTestNG.initAndRun(RemoteTestNG.java:251)
	at org.testng.remote.RemoteTestNG.main(RemoteTestNG.java:77)
]]>
    </error>
  </testcase> <!-- verifySearchOptionsInMainPageHeaderFieldsOptionsBinsMenu -->
  <testcase name="verifyCloseOptionInBinsCreation" time="0.000" classname="com.focus.testcases.MasterBinsTest">
    <error type="org.openqa.selenium.SessionNotCreatedException" message="session not created: This version of ChromeDriver only supports Chrome version 78
Build info: version: &#039;3.12.0&#039;, revision: &#039;7c6e0b3&#039;, time: &#039;2018-05-08T14:04:26.12Z&#039;
System info: host: &#039;FOCUS-QA-10&#039;, ip: &#039;192.168.4.46&#039;, os.name: &#039;Windows 10&#039;, os.arch: &#039;amd64&#039;, os.version: &#039;10.0&#039;, java.version: &#039;1.8.0_111&#039;
Driver info: driver.version: ChromeDriver
remote stacktrace: Backtrace:
	Ordinal0 [0x00F0A903+1550595]
	Ordinal0 [0x00E8A701+1025793]
	Ordinal0 [0x00E0C6E5+509669]
	Ordinal0 [0x00D9FC68+64616]
	Ordinal0 [0x00D9C594+50580]
	Ordinal0 [0x00DBACE7+175335]
	Ordinal0 [0x00DBA8ED+174317]
	Ordinal0 [0x00DB8CDB+167131]
	Ordinal0 [0x00DA144A+70730]
	Ordinal0 [0x00DA24D0+74960]
	Ordinal0 [0x00DA2469+74857]
	Ordinal0 [0x00EA42C7+1131207]
	GetHandleVerifier [0x00FA70FD+523789]
	GetHandleVerifier [0x00FA6E90+523168]
	GetHandleVerifier [0x00FAE1E7+552695]
	GetHandleVerifier [0x00FA78FA+525834]
	Ordinal0 [0x00E9B7FC+1095676]
	Ordinal0 [0x00EA633B+1139515]
	Ordinal0 [0x00EA64A3+1139875]
	Ordinal0 [0x00EA5425+1135653]
	BaseThreadInitThunk [0x77B43744+36]
	RtlSetCurrentTransaction [0x77D69E54+212]
	RtlSetCurrentTransaction [0x77D69E1F+159]
">
      <![CDATA[org.openqa.selenium.SessionNotCreatedException: session not created: This version of ChromeDriver only supports Chrome version 78
Build info: version: '3.12.0', revision: '7c6e0b3', time: '2018-05-08T14:04:26.12Z'
System info: host: 'FOCUS-QA-10', ip: '192.168.4.46', os.name: 'Windows 10', os.arch: 'amd64', os.version: '10.0', java.version: '1.8.0_111'
Driver info: driver.version: ChromeDriver
remote stacktrace: Backtrace:
	Ordinal0 [0x00F0A903+1550595]
	Ordinal0 [0x00E8A701+1025793]
	Ordinal0 [0x00E0C6E5+509669]
	Ordinal0 [0x00D9FC68+64616]
	Ordinal0 [0x00D9C594+50580]
	Ordinal0 [0x00DBACE7+175335]
	Ordinal0 [0x00DBA8ED+174317]
	Ordinal0 [0x00DB8CDB+167131]
	Ordinal0 [0x00DA144A+70730]
	Ordinal0 [0x00DA24D0+74960]
	Ordinal0 [0x00DA2469+74857]
	Ordinal0 [0x00EA42C7+1131207]
	GetHandleVerifier [0x00FA70FD+523789]
	GetHandleVerifier [0x00FA6E90+523168]
	GetHandleVerifier [0x00FAE1E7+552695]
	GetHandleVerifier [0x00FA78FA+525834]
	Ordinal0 [0x00E9B7FC+1095676]
	Ordinal0 [0x00EA633B+1139515]
	Ordinal0 [0x00EA64A3+1139875]
	Ordinal0 [0x00EA5425+1135653]
	BaseThreadInitThunk [0x77B43744+36]
	RtlSetCurrentTransaction [0x77D69E54+212]
	RtlSetCurrentTransaction [0x77D69E1F+159]

	at sun.reflect.NativeConstructorAccessorImpl.newInstance0(Native Method)
	at sun.reflect.NativeConstructorAccessorImpl.newInstance(Unknown Source)
	at sun.reflect.DelegatingConstructorAccessorImpl.newInstance(Unknown Source)
	at java.lang.reflect.Constructor.newInstance(Unknown Source)
	at org.openqa.selenium.remote.W3CHandshakeResponse.lambda$new$0(W3CHandshakeResponse.java:57)
	at org.openqa.selenium.remote.W3CHandshakeResponse.lambda$getResponseFunction$2(W3CHandshakeResponse.java:104)
	at org.openqa.selenium.remote.ProtocolHandshake.lambda$createSession$0(ProtocolHandshake.java:123)
	at java.util.stream.ReferencePipeline$3$1.accept(Unknown Source)
	at java.util.Spliterators$ArraySpliterator.tryAdvance(Unknown Source)
	at java.util.stream.ReferencePipeline.forEachWithCancel(Unknown Source)
	at java.util.stream.AbstractPipeline.copyIntoWithCancel(Unknown Source)
	at java.util.stream.AbstractPipeline.copyInto(Unknown Source)
	at java.util.stream.AbstractPipeline.wrapAndCopyInto(Unknown Source)
	at java.util.stream.FindOps$FindOp.evaluateSequential(Unknown Source)
	at java.util.stream.AbstractPipeline.evaluate(Unknown Source)
	at java.util.stream.ReferencePipeline.findFirst(Unknown Source)
	at org.openqa.selenium.remote.ProtocolHandshake.createSession(ProtocolHandshake.java:126)
	at org.openqa.selenium.remote.ProtocolHandshake.createSession(ProtocolHandshake.java:73)
	at org.openqa.selenium.remote.HttpCommandExecutor.execute(HttpCommandExecutor.java:136)
	at org.openqa.selenium.remote.service.DriverCommandExecutor.execute(DriverCommandExecutor.java:83)
	at org.openqa.selenium.remote.RemoteWebDriver.execute(RemoteWebDriver.java:543)
	at org.openqa.selenium.remote.RemoteWebDriver.startSession(RemoteWebDriver.java:207)
	at org.openqa.selenium.remote.RemoteWebDriver.<init>(RemoteWebDriver.java:130)
	at org.openqa.selenium.chrome.ChromeDriver.<init>(ChromeDriver.java:181)
	at org.openqa.selenium.chrome.ChromeDriver.<init>(ChromeDriver.java:147)
	at com.focus.base.BaseEngine.openBrowser(BaseEngine.java:102)
	at sun.reflect.NativeMethodAccessorImpl.invoke0(Native Method)
	at sun.reflect.NativeMethodAccessorImpl.invoke(Unknown Source)
	at sun.reflect.DelegatingMethodAccessorImpl.invoke(Unknown Source)
	at java.lang.reflect.Method.invoke(Unknown Source)
	at org.testng.internal.MethodInvocationHelper.invokeMethod(MethodInvocationHelper.java:86)
	at org.testng.internal.Invoker.invokeConfigurationMethod(Invoker.java:514)
	at org.testng.internal.Invoker.invokeConfigurations(Invoker.java:215)
	at org.testng.internal.Invoker.invokeConfigurations(Invoker.java:142)
	at org.testng.SuiteRunner.privateRun(SuiteRunner.java:305)
	at org.testng.SuiteRunner.run(SuiteRunner.java:268)
	at org.testng.SuiteRunnerWorker.runSuite(SuiteRunnerWorker.java:52)
	at org.testng.SuiteRunnerWorker.run(SuiteRunnerWorker.java:86)
	at org.testng.TestNG.runSuitesSequentially(TestNG.java:1244)
	at org.testng.TestNG.runSuitesLocally(TestNG.java:1169)
	at org.testng.TestNG.run(TestNG.java:1064)
	at org.testng.remote.AbstractRemoteTestNG.run(AbstractRemoteTestNG.java:114)
	at org.testng.remote.RemoteTestNG.initAndRun(RemoteTestNG.java:251)
	at org.testng.remote.RemoteTestNG.main(RemoteTestNG.java:77)
]]>
    </error>
  </testcase> <!-- verifyCloseOptionInBinsCreation -->
  <testcase name="verifyBinsDisplayInUnitsSavingWithCloneMasterCreationOptions" time="0.021" classname="com.focus.testcases.MasterBinsTest">
    <error type="org.openqa.selenium.SessionNotCreatedException" message="session not created: This version of ChromeDriver only supports Chrome version 78
Build info: version: &#039;3.12.0&#039;, revision: &#039;7c6e0b3&#039;, time: &#039;2018-05-08T14:04:26.12Z&#039;
System info: host: &#039;FOCUS-QA-10&#039;, ip: &#039;192.168.4.46&#039;, os.name: &#039;Windows 10&#039;, os.arch: &#039;amd64&#039;, os.version: &#039;10.0&#039;, java.version: &#039;1.8.0_111&#039;
Driver info: driver.version: ChromeDriver
remote stacktrace: Backtrace:
	Ordinal0 [0x00F0A903+1550595]
	Ordinal0 [0x00E8A701+1025793]
	Ordinal0 [0x00E0C6E5+509669]
	Ordinal0 [0x00D9FC68+64616]
	Ordinal0 [0x00D9C594+50580]
	Ordinal0 [0x00DBACE7+175335]
	Ordinal0 [0x00DBA8ED+174317]
	Ordinal0 [0x00DB8CDB+167131]
	Ordinal0 [0x00DA144A+70730]
	Ordinal0 [0x00DA24D0+74960]
	Ordinal0 [0x00DA2469+74857]
	Ordinal0 [0x00EA42C7+1131207]
	GetHandleVerifier [0x00FA70FD+523789]
	GetHandleVerifier [0x00FA6E90+523168]
	GetHandleVerifier [0x00FAE1E7+552695]
	GetHandleVerifier [0x00FA78FA+525834]
	Ordinal0 [0x00E9B7FC+1095676]
	Ordinal0 [0x00EA633B+1139515]
	Ordinal0 [0x00EA64A3+1139875]
	Ordinal0 [0x00EA5425+1135653]
	BaseThreadInitThunk [0x77B43744+36]
	RtlSetCurrentTransaction [0x77D69E54+212]
	RtlSetCurrentTransaction [0x77D69E1F+159]
">
      <![CDATA[org.openqa.selenium.SessionNotCreatedException: session not created: This version of ChromeDriver only supports Chrome version 78
Build info: version: '3.12.0', revision: '7c6e0b3', time: '2018-05-08T14:04:26.12Z'
System info: host: 'FOCUS-QA-10', ip: '192.168.4.46', os.name: 'Windows 10', os.arch: 'amd64', os.version: '10.0', java.version: '1.8.0_111'
Driver info: driver.version: ChromeDriver
remote stacktrace: Backtrace:
	Ordinal0 [0x00F0A903+1550595]
	Ordinal0 [0x00E8A701+1025793]
	Ordinal0 [0x00E0C6E5+509669]
	Ordinal0 [0x00D9FC68+64616]
	Ordinal0 [0x00D9C594+50580]
	Ordinal0 [0x00DBACE7+175335]
	Ordinal0 [0x00DBA8ED+174317]
	Ordinal0 [0x00DB8CDB+167131]
	Ordinal0 [0x00DA144A+70730]
	Ordinal0 [0x00DA24D0+74960]
	Ordinal0 [0x00DA2469+74857]
	Ordinal0 [0x00EA42C7+1131207]
	GetHandleVerifier [0x00FA70FD+523789]
	GetHandleVerifier [0x00FA6E90+523168]
	GetHandleVerifier [0x00FAE1E7+552695]
	GetHandleVerifier [0x00FA78FA+525834]
	Ordinal0 [0x00E9B7FC+1095676]
	Ordinal0 [0x00EA633B+1139515]
	Ordinal0 [0x00EA64A3+1139875]
	Ordinal0 [0x00EA5425+1135653]
	BaseThreadInitThunk [0x77B43744+36]
	RtlSetCurrentTransaction [0x77D69E54+212]
	RtlSetCurrentTransaction [0x77D69E1F+159]

	at sun.reflect.NativeConstructorAccessorImpl.newInstance0(Native Method)
	at sun.reflect.NativeConstructorAccessorImpl.newInstance(Unknown Source)
	at sun.reflect.DelegatingConstructorAccessorImpl.newInstance(Unknown Source)
	at java.lang.reflect.Constructor.newInstance(Unknown Source)
	at org.openqa.selenium.remote.W3CHandshakeResponse.lambda$new$0(W3CHandshakeResponse.java:57)
	at org.openqa.selenium.remote.W3CHandshakeResponse.lambda$getResponseFunction$2(W3CHandshakeResponse.java:104)
	at org.openqa.selenium.remote.ProtocolHandshake.lambda$createSession$0(ProtocolHandshake.java:123)
	at java.util.stream.ReferencePipeline$3$1.accept(Unknown Source)
	at java.util.Spliterators$ArraySpliterator.tryAdvance(Unknown Source)
	at java.util.stream.ReferencePipeline.forEachWithCancel(Unknown Source)
	at java.util.stream.AbstractPipeline.copyIntoWithCancel(Unknown Source)
	at java.util.stream.AbstractPipeline.copyInto(Unknown Source)
	at java.util.stream.AbstractPipeline.wrapAndCopyInto(Unknown Source)
	at java.util.stream.FindOps$FindOp.evaluateSequential(Unknown Source)
	at java.util.stream.AbstractPipeline.evaluate(Unknown Source)
	at java.util.stream.ReferencePipeline.findFirst(Unknown Source)
	at org.openqa.selenium.remote.ProtocolHandshake.createSession(ProtocolHandshake.java:126)
	at org.openqa.selenium.remote.ProtocolHandshake.createSession(ProtocolHandshake.java:73)
	at org.openqa.selenium.remote.HttpCommandExecutor.execute(HttpCommandExecutor.java:136)
	at org.openqa.selenium.remote.service.DriverCommandExecutor.execute(DriverCommandExecutor.java:83)
	at org.openqa.selenium.remote.RemoteWebDriver.execute(RemoteWebDriver.java:543)
	at org.openqa.selenium.remote.RemoteWebDriver.startSession(RemoteWebDriver.java:207)
	at org.openqa.selenium.remote.RemoteWebDriver.<init>(RemoteWebDriver.java:130)
	at org.openqa.selenium.chrome.ChromeDriver.<init>(ChromeDriver.java:181)
	at org.openqa.selenium.chrome.ChromeDriver.<init>(ChromeDriver.java:147)
	at com.focus.base.BaseEngine.openBrowser(BaseEngine.java:102)
	at sun.reflect.NativeMethodAccessorImpl.invoke0(Native Method)
	at sun.reflect.NativeMethodAccessorImpl.invoke(Unknown Source)
	at sun.reflect.DelegatingMethodAccessorImpl.invoke(Unknown Source)
	at java.lang.reflect.Method.invoke(Unknown Source)
	at org.testng.internal.MethodInvocationHelper.invokeMethod(MethodInvocationHelper.java:86)
	at org.testng.internal.Invoker.invokeConfigurationMethod(Invoker.java:514)
	at org.testng.internal.Invoker.invokeConfigurations(Invoker.java:215)
	at org.testng.internal.Invoker.invokeConfigurations(Invoker.java:142)
	at org.testng.SuiteRunner.privateRun(SuiteRunner.java:305)
	at org.testng.SuiteRunner.run(SuiteRunner.java:268)
	at org.testng.SuiteRunnerWorker.runSuite(SuiteRunnerWorker.java:52)
	at org.testng.SuiteRunnerWorker.run(SuiteRunnerWorker.java:86)
	at org.testng.TestNG.runSuitesSequentially(TestNG.java:1244)
	at org.testng.TestNG.runSuitesLocally(TestNG.java:1169)
	at org.testng.TestNG.run(TestNG.java:1064)
	at org.testng.remote.AbstractRemoteTestNG.run(AbstractRemoteTestNG.java:114)
	at org.testng.remote.RemoteTestNG.initAndRun(RemoteTestNG.java:251)
	at org.testng.remote.RemoteTestNG.main(RemoteTestNG.java:77)
]]>
    </error>
  </testcase> <!-- verifyBinsDisplayInUnitsSavingWithCloneMasterCreationOptions -->
  <testcase name="verifySaveBinGroupByOptionGroup" time="0.001" classname="com.focus.testcases.MasterBinsTest">
    <error type="org.openqa.selenium.SessionNotCreatedException" message="session not created: This version of ChromeDriver only supports Chrome version 78
Build info: version: &#039;3.12.0&#039;, revision: &#039;7c6e0b3&#039;, time: &#039;2018-05-08T14:04:26.12Z&#039;
System info: host: &#039;FOCUS-QA-10&#039;, ip: &#039;192.168.4.46&#039;, os.name: &#039;Windows 10&#039;, os.arch: &#039;amd64&#039;, os.version: &#039;10.0&#039;, java.version: &#039;1.8.0_111&#039;
Driver info: driver.version: ChromeDriver
remote stacktrace: Backtrace:
	Ordinal0 [0x00F0A903+1550595]
	Ordinal0 [0x00E8A701+1025793]
	Ordinal0 [0x00E0C6E5+509669]
	Ordinal0 [0x00D9FC68+64616]
	Ordinal0 [0x00D9C594+50580]
	Ordinal0 [0x00DBACE7+175335]
	Ordinal0 [0x00DBA8ED+174317]
	Ordinal0 [0x00DB8CDB+167131]
	Ordinal0 [0x00DA144A+70730]
	Ordinal0 [0x00DA24D0+74960]
	Ordinal0 [0x00DA2469+74857]
	Ordinal0 [0x00EA42C7+1131207]
	GetHandleVerifier [0x00FA70FD+523789]
	GetHandleVerifier [0x00FA6E90+523168]
	GetHandleVerifier [0x00FAE1E7+552695]
	GetHandleVerifier [0x00FA78FA+525834]
	Ordinal0 [0x00E9B7FC+1095676]
	Ordinal0 [0x00EA633B+1139515]
	Ordinal0 [0x00EA64A3+1139875]
	Ordinal0 [0x00EA5425+1135653]
	BaseThreadInitThunk [0x77B43744+36]
	RtlSetCurrentTransaction [0x77D69E54+212]
	RtlSetCurrentTransaction [0x77D69E1F+159]
">
      <![CDATA[org.openqa.selenium.SessionNotCreatedException: session not created: This version of ChromeDriver only supports Chrome version 78
Build info: version: '3.12.0', revision: '7c6e0b3', time: '2018-05-08T14:04:26.12Z'
System info: host: 'FOCUS-QA-10', ip: '192.168.4.46', os.name: 'Windows 10', os.arch: 'amd64', os.version: '10.0', java.version: '1.8.0_111'
Driver info: driver.version: ChromeDriver
remote stacktrace: Backtrace:
	Ordinal0 [0x00F0A903+1550595]
	Ordinal0 [0x00E8A701+1025793]
	Ordinal0 [0x00E0C6E5+509669]
	Ordinal0 [0x00D9FC68+64616]
	Ordinal0 [0x00D9C594+50580]
	Ordinal0 [0x00DBACE7+175335]
	Ordinal0 [0x00DBA8ED+174317]
	Ordinal0 [0x00DB8CDB+167131]
	Ordinal0 [0x00DA144A+70730]
	Ordinal0 [0x00DA24D0+74960]
	Ordinal0 [0x00DA2469+74857]
	Ordinal0 [0x00EA42C7+1131207]
	GetHandleVerifier [0x00FA70FD+523789]
	GetHandleVerifier [0x00FA6E90+523168]
	GetHandleVerifier [0x00FAE1E7+552695]
	GetHandleVerifier [0x00FA78FA+525834]
	Ordinal0 [0x00E9B7FC+1095676]
	Ordinal0 [0x00EA633B+1139515]
	Ordinal0 [0x00EA64A3+1139875]
	Ordinal0 [0x00EA5425+1135653]
	BaseThreadInitThunk [0x77B43744+36]
	RtlSetCurrentTransaction [0x77D69E54+212]
	RtlSetCurrentTransaction [0x77D69E1F+159]

	at sun.reflect.NativeConstructorAccessorImpl.newInstance0(Native Method)
	at sun.reflect.NativeConstructorAccessorImpl.newInstance(Unknown Source)
	at sun.reflect.DelegatingConstructorAccessorImpl.newInstance(Unknown Source)
	at java.lang.reflect.Constructor.newInstance(Unknown Source)
	at org.openqa.selenium.remote.W3CHandshakeResponse.lambda$new$0(W3CHandshakeResponse.java:57)
	at org.openqa.selenium.remote.W3CHandshakeResponse.lambda$getResponseFunction$2(W3CHandshakeResponse.java:104)
	at org.openqa.selenium.remote.ProtocolHandshake.lambda$createSession$0(ProtocolHandshake.java:123)
	at java.util.stream.ReferencePipeline$3$1.accept(Unknown Source)
	at java.util.Spliterators$ArraySpliterator.tryAdvance(Unknown Source)
	at java.util.stream.ReferencePipeline.forEachWithCancel(Unknown Source)
	at java.util.stream.AbstractPipeline.copyIntoWithCancel(Unknown Source)
	at java.util.stream.AbstractPipeline.copyInto(Unknown Source)
	at java.util.stream.AbstractPipeline.wrapAndCopyInto(Unknown Source)
	at java.util.stream.FindOps$FindOp.evaluateSequential(Unknown Source)
	at java.util.stream.AbstractPipeline.evaluate(Unknown Source)
	at java.util.stream.ReferencePipeline.findFirst(Unknown Source)
	at org.openqa.selenium.remote.ProtocolHandshake.createSession(ProtocolHandshake.java:126)
	at org.openqa.selenium.remote.ProtocolHandshake.createSession(ProtocolHandshake.java:73)
	at org.openqa.selenium.remote.HttpCommandExecutor.execute(HttpCommandExecutor.java:136)
	at org.openqa.selenium.remote.service.DriverCommandExecutor.execute(DriverCommandExecutor.java:83)
	at org.openqa.selenium.remote.RemoteWebDriver.execute(RemoteWebDriver.java:543)
	at org.openqa.selenium.remote.RemoteWebDriver.startSession(RemoteWebDriver.java:207)
	at org.openqa.selenium.remote.RemoteWebDriver.<init>(RemoteWebDriver.java:130)
	at org.openqa.selenium.chrome.ChromeDriver.<init>(ChromeDriver.java:181)
	at org.openqa.selenium.chrome.ChromeDriver.<init>(ChromeDriver.java:147)
	at com.focus.base.BaseEngine.openBrowser(BaseEngine.java:102)
	at sun.reflect.NativeMethodAccessorImpl.invoke0(Native Method)
	at sun.reflect.NativeMethodAccessorImpl.invoke(Unknown Source)
	at sun.reflect.DelegatingMethodAccessorImpl.invoke(Unknown Source)
	at java.lang.reflect.Method.invoke(Unknown Source)
	at org.testng.internal.MethodInvocationHelper.invokeMethod(MethodInvocationHelper.java:86)
	at org.testng.internal.Invoker.invokeConfigurationMethod(Invoker.java:514)
	at org.testng.internal.Invoker.invokeConfigurations(Invoker.java:215)
	at org.testng.internal.Invoker.invokeConfigurations(Invoker.java:142)
	at org.testng.SuiteRunner.privateRun(SuiteRunner.java:305)
	at org.testng.SuiteRunner.run(SuiteRunner.java:268)
	at org.testng.SuiteRunnerWorker.runSuite(SuiteRunnerWorker.java:52)
	at org.testng.SuiteRunnerWorker.run(SuiteRunnerWorker.java:86)
	at org.testng.TestNG.runSuitesSequentially(TestNG.java:1244)
	at org.testng.TestNG.runSuitesLocally(TestNG.java:1169)
	at org.testng.TestNG.run(TestNG.java:1064)
	at org.testng.remote.AbstractRemoteTestNG.run(AbstractRemoteTestNG.java:114)
	at org.testng.remote.RemoteTestNG.initAndRun(RemoteTestNG.java:251)
	at org.testng.remote.RemoteTestNG.main(RemoteTestNG.java:77)
]]>
    </error>
  </testcase> <!-- verifySaveBinGroupByOptionGroup -->
  <testcase name="verifyHideAccountGroupsOptionsBinsMenu" time="0.000" classname="com.focus.testcases.MasterBinsTest">
    <error type="org.openqa.selenium.SessionNotCreatedException" message="session not created: This version of ChromeDriver only supports Chrome version 78
Build info: version: &#039;3.12.0&#039;, revision: &#039;7c6e0b3&#039;, time: &#039;2018-05-08T14:04:26.12Z&#039;
System info: host: &#039;FOCUS-QA-10&#039;, ip: &#039;192.168.4.46&#039;, os.name: &#039;Windows 10&#039;, os.arch: &#039;amd64&#039;, os.version: &#039;10.0&#039;, java.version: &#039;1.8.0_111&#039;
Driver info: driver.version: ChromeDriver
remote stacktrace: Backtrace:
	Ordinal0 [0x00F0A903+1550595]
	Ordinal0 [0x00E8A701+1025793]
	Ordinal0 [0x00E0C6E5+509669]
	Ordinal0 [0x00D9FC68+64616]
	Ordinal0 [0x00D9C594+50580]
	Ordinal0 [0x00DBACE7+175335]
	Ordinal0 [0x00DBA8ED+174317]
	Ordinal0 [0x00DB8CDB+167131]
	Ordinal0 [0x00DA144A+70730]
	Ordinal0 [0x00DA24D0+74960]
	Ordinal0 [0x00DA2469+74857]
	Ordinal0 [0x00EA42C7+1131207]
	GetHandleVerifier [0x00FA70FD+523789]
	GetHandleVerifier [0x00FA6E90+523168]
	GetHandleVerifier [0x00FAE1E7+552695]
	GetHandleVerifier [0x00FA78FA+525834]
	Ordinal0 [0x00E9B7FC+1095676]
	Ordinal0 [0x00EA633B+1139515]
	Ordinal0 [0x00EA64A3+1139875]
	Ordinal0 [0x00EA5425+1135653]
	BaseThreadInitThunk [0x77B43744+36]
	RtlSetCurrentTransaction [0x77D69E54+212]
	RtlSetCurrentTransaction [0x77D69E1F+159]
">
      <![CDATA[org.openqa.selenium.SessionNotCreatedException: session not created: This version of ChromeDriver only supports Chrome version 78
Build info: version: '3.12.0', revision: '7c6e0b3', time: '2018-05-08T14:04:26.12Z'
System info: host: 'FOCUS-QA-10', ip: '192.168.4.46', os.name: 'Windows 10', os.arch: 'amd64', os.version: '10.0', java.version: '1.8.0_111'
Driver info: driver.version: ChromeDriver
remote stacktrace: Backtrace:
	Ordinal0 [0x00F0A903+1550595]
	Ordinal0 [0x00E8A701+1025793]
	Ordinal0 [0x00E0C6E5+509669]
	Ordinal0 [0x00D9FC68+64616]
	Ordinal0 [0x00D9C594+50580]
	Ordinal0 [0x00DBACE7+175335]
	Ordinal0 [0x00DBA8ED+174317]
	Ordinal0 [0x00DB8CDB+167131]
	Ordinal0 [0x00DA144A+70730]
	Ordinal0 [0x00DA24D0+74960]
	Ordinal0 [0x00DA2469+74857]
	Ordinal0 [0x00EA42C7+1131207]
	GetHandleVerifier [0x00FA70FD+523789]
	GetHandleVerifier [0x00FA6E90+523168]
	GetHandleVerifier [0x00FAE1E7+552695]
	GetHandleVerifier [0x00FA78FA+525834]
	Ordinal0 [0x00E9B7FC+1095676]
	Ordinal0 [0x00EA633B+1139515]
	Ordinal0 [0x00EA64A3+1139875]
	Ordinal0 [0x00EA5425+1135653]
	BaseThreadInitThunk [0x77B43744+36]
	RtlSetCurrentTransaction [0x77D69E54+212]
	RtlSetCurrentTransaction [0x77D69E1F+159]

	at sun.reflect.NativeConstructorAccessorImpl.newInstance0(Native Method)
	at sun.reflect.NativeConstructorAccessorImpl.newInstance(Unknown Source)
	at sun.reflect.DelegatingConstructorAccessorImpl.newInstance(Unknown Source)
	at java.lang.reflect.Constructor.newInstance(Unknown Source)
	at org.openqa.selenium.remote.W3CHandshakeResponse.lambda$new$0(W3CHandshakeResponse.java:57)
	at org.openqa.selenium.remote.W3CHandshakeResponse.lambda$getResponseFunction$2(W3CHandshakeResponse.java:104)
	at org.openqa.selenium.remote.ProtocolHandshake.lambda$createSession$0(ProtocolHandshake.java:123)
	at java.util.stream.ReferencePipeline$3$1.accept(Unknown Source)
	at java.util.Spliterators$ArraySpliterator.tryAdvance(Unknown Source)
	at java.util.stream.ReferencePipeline.forEachWithCancel(Unknown Source)
	at java.util.stream.AbstractPipeline.copyIntoWithCancel(Unknown Source)
	at java.util.stream.AbstractPipeline.copyInto(Unknown Source)
	at java.util.stream.AbstractPipeline.wrapAndCopyInto(Unknown Source)
	at java.util.stream.FindOps$FindOp.evaluateSequential(Unknown Source)
	at java.util.stream.AbstractPipeline.evaluate(Unknown Source)
	at java.util.stream.ReferencePipeline.findFirst(Unknown Source)
	at org.openqa.selenium.remote.ProtocolHandshake.createSession(ProtocolHandshake.java:126)
	at org.openqa.selenium.remote.ProtocolHandshake.createSession(ProtocolHandshake.java:73)
	at org.openqa.selenium.remote.HttpCommandExecutor.execute(HttpCommandExecutor.java:136)
	at org.openqa.selenium.remote.service.DriverCommandExecutor.execute(DriverCommandExecutor.java:83)
	at org.openqa.selenium.remote.RemoteWebDriver.execute(RemoteWebDriver.java:543)
	at org.openqa.selenium.remote.RemoteWebDriver.startSession(RemoteWebDriver.java:207)
	at org.openqa.selenium.remote.RemoteWebDriver.<init>(RemoteWebDriver.java:130)
	at org.openqa.selenium.chrome.ChromeDriver.<init>(ChromeDriver.java:181)
	at org.openqa.selenium.chrome.ChromeDriver.<init>(ChromeDriver.java:147)
	at com.focus.base.BaseEngine.openBrowser(BaseEngine.java:102)
	at sun.reflect.NativeMethodAccessorImpl.invoke0(Native Method)
	at sun.reflect.NativeMethodAccessorImpl.invoke(Unknown Source)
	at sun.reflect.DelegatingMethodAccessorImpl.invoke(Unknown Source)
	at java.lang.reflect.Method.invoke(Unknown Source)
	at org.testng.internal.MethodInvocationHelper.invokeMethod(MethodInvocationHelper.java:86)
	at org.testng.internal.Invoker.invokeConfigurationMethod(Invoker.java:514)
	at org.testng.internal.Invoker.invokeConfigurations(Invoker.java:215)
	at org.testng.internal.Invoker.invokeConfigurations(Invoker.java:142)
	at org.testng.SuiteRunner.privateRun(SuiteRunner.java:305)
	at org.testng.SuiteRunner.run(SuiteRunner.java:268)
	at org.testng.SuiteRunnerWorker.runSuite(SuiteRunnerWorker.java:52)
	at org.testng.SuiteRunnerWorker.run(SuiteRunnerWorker.java:86)
	at org.testng.TestNG.runSuitesSequentially(TestNG.java:1244)
	at org.testng.TestNG.runSuitesLocally(TestNG.java:1169)
	at org.testng.TestNG.run(TestNG.java:1064)
	at org.testng.remote.AbstractRemoteTestNG.run(AbstractRemoteTestNG.java:114)
	at org.testng.remote.RemoteTestNG.initAndRun(RemoteTestNG.java:251)
	at org.testng.remote.RemoteTestNG.main(RemoteTestNG.java:77)
]]>
    </error>
  </testcase> <!-- verifyHideAccountGroupsOptionsBinsMenu -->
  <testcase name="verifySaveButtonWithoutInputCode" time="0.010" classname="com.focus.testcases.MasterBinsTest">
    <error type="org.openqa.selenium.SessionNotCreatedException" message="session not created: This version of ChromeDriver only supports Chrome version 78
Build info: version: &#039;3.12.0&#039;, revision: &#039;7c6e0b3&#039;, time: &#039;2018-05-08T14:04:26.12Z&#039;
System info: host: &#039;FOCUS-QA-10&#039;, ip: &#039;192.168.4.46&#039;, os.name: &#039;Windows 10&#039;, os.arch: &#039;amd64&#039;, os.version: &#039;10.0&#039;, java.version: &#039;1.8.0_111&#039;
Driver info: driver.version: ChromeDriver
remote stacktrace: Backtrace:
	Ordinal0 [0x00F0A903+1550595]
	Ordinal0 [0x00E8A701+1025793]
	Ordinal0 [0x00E0C6E5+509669]
	Ordinal0 [0x00D9FC68+64616]
	Ordinal0 [0x00D9C594+50580]
	Ordinal0 [0x00DBACE7+175335]
	Ordinal0 [0x00DBA8ED+174317]
	Ordinal0 [0x00DB8CDB+167131]
	Ordinal0 [0x00DA144A+70730]
	Ordinal0 [0x00DA24D0+74960]
	Ordinal0 [0x00DA2469+74857]
	Ordinal0 [0x00EA42C7+1131207]
	GetHandleVerifier [0x00FA70FD+523789]
	GetHandleVerifier [0x00FA6E90+523168]
	GetHandleVerifier [0x00FAE1E7+552695]
	GetHandleVerifier [0x00FA78FA+525834]
	Ordinal0 [0x00E9B7FC+1095676]
	Ordinal0 [0x00EA633B+1139515]
	Ordinal0 [0x00EA64A3+1139875]
	Ordinal0 [0x00EA5425+1135653]
	BaseThreadInitThunk [0x77B43744+36]
	RtlSetCurrentTransaction [0x77D69E54+212]
	RtlSetCurrentTransaction [0x77D69E1F+159]
">
      <![CDATA[org.openqa.selenium.SessionNotCreatedException: session not created: This version of ChromeDriver only supports Chrome version 78
Build info: version: '3.12.0', revision: '7c6e0b3', time: '2018-05-08T14:04:26.12Z'
System info: host: 'FOCUS-QA-10', ip: '192.168.4.46', os.name: 'Windows 10', os.arch: 'amd64', os.version: '10.0', java.version: '1.8.0_111'
Driver info: driver.version: ChromeDriver
remote stacktrace: Backtrace:
	Ordinal0 [0x00F0A903+1550595]
	Ordinal0 [0x00E8A701+1025793]
	Ordinal0 [0x00E0C6E5+509669]
	Ordinal0 [0x00D9FC68+64616]
	Ordinal0 [0x00D9C594+50580]
	Ordinal0 [0x00DBACE7+175335]
	Ordinal0 [0x00DBA8ED+174317]
	Ordinal0 [0x00DB8CDB+167131]
	Ordinal0 [0x00DA144A+70730]
	Ordinal0 [0x00DA24D0+74960]
	Ordinal0 [0x00DA2469+74857]
	Ordinal0 [0x00EA42C7+1131207]
	GetHandleVerifier [0x00FA70FD+523789]
	GetHandleVerifier [0x00FA6E90+523168]
	GetHandleVerifier [0x00FAE1E7+552695]
	GetHandleVerifier [0x00FA78FA+525834]
	Ordinal0 [0x00E9B7FC+1095676]
	Ordinal0 [0x00EA633B+1139515]
	Ordinal0 [0x00EA64A3+1139875]
	Ordinal0 [0x00EA5425+1135653]
	BaseThreadInitThunk [0x77B43744+36]
	RtlSetCurrentTransaction [0x77D69E54+212]
	RtlSetCurrentTransaction [0x77D69E1F+159]

	at sun.reflect.NativeConstructorAccessorImpl.newInstance0(Native Method)
	at sun.reflect.NativeConstructorAccessorImpl.newInstance(Unknown Source)
	at sun.reflect.DelegatingConstructorAccessorImpl.newInstance(Unknown Source)
	at java.lang.reflect.Constructor.newInstance(Unknown Source)
	at org.openqa.selenium.remote.W3CHandshakeResponse.lambda$new$0(W3CHandshakeResponse.java:57)
	at org.openqa.selenium.remote.W3CHandshakeResponse.lambda$getResponseFunction$2(W3CHandshakeResponse.java:104)
	at org.openqa.selenium.remote.ProtocolHandshake.lambda$createSession$0(ProtocolHandshake.java:123)
	at java.util.stream.ReferencePipeline$3$1.accept(Unknown Source)
	at java.util.Spliterators$ArraySpliterator.tryAdvance(Unknown Source)
	at java.util.stream.ReferencePipeline.forEachWithCancel(Unknown Source)
	at java.util.stream.AbstractPipeline.copyIntoWithCancel(Unknown Source)
	at java.util.stream.AbstractPipeline.copyInto(Unknown Source)
	at java.util.stream.AbstractPipeline.wrapAndCopyInto(Unknown Source)
	at java.util.stream.FindOps$FindOp.evaluateSequential(Unknown Source)
	at java.util.stream.AbstractPipeline.evaluate(Unknown Source)
	at java.util.stream.ReferencePipeline.findFirst(Unknown Source)
	at org.openqa.selenium.remote.ProtocolHandshake.createSession(ProtocolHandshake.java:126)
	at org.openqa.selenium.remote.ProtocolHandshake.createSession(ProtocolHandshake.java:73)
	at org.openqa.selenium.remote.HttpCommandExecutor.execute(HttpCommandExecutor.java:136)
	at org.openqa.selenium.remote.service.DriverCommandExecutor.execute(DriverCommandExecutor.java:83)
	at org.openqa.selenium.remote.RemoteWebDriver.execute(RemoteWebDriver.java:543)
	at org.openqa.selenium.remote.RemoteWebDriver.startSession(RemoteWebDriver.java:207)
	at org.openqa.selenium.remote.RemoteWebDriver.<init>(RemoteWebDriver.java:130)
	at org.openqa.selenium.chrome.ChromeDriver.<init>(ChromeDriver.java:181)
	at org.openqa.selenium.chrome.ChromeDriver.<init>(ChromeDriver.java:147)
	at com.focus.base.BaseEngine.openBrowser(BaseEngine.java:102)
	at sun.reflect.NativeMethodAccessorImpl.invoke0(Native Method)
	at sun.reflect.NativeMethodAccessorImpl.invoke(Unknown Source)
	at sun.reflect.DelegatingMethodAccessorImpl.invoke(Unknown Source)
	at java.lang.reflect.Method.invoke(Unknown Source)
	at org.testng.internal.MethodInvocationHelper.invokeMethod(MethodInvocationHelper.java:86)
	at org.testng.internal.Invoker.invokeConfigurationMethod(Invoker.java:514)
	at org.testng.internal.Invoker.invokeConfigurations(Invoker.java:215)
	at org.testng.internal.Invoker.invokeConfigurations(Invoker.java:142)
	at org.testng.SuiteRunner.privateRun(SuiteRunner.java:305)
	at org.testng.SuiteRunner.run(SuiteRunner.java:268)
	at org.testng.SuiteRunnerWorker.runSuite(SuiteRunnerWorker.java:52)
	at org.testng.SuiteRunnerWorker.run(SuiteRunnerWorker.java:86)
	at org.testng.TestNG.runSuitesSequentially(TestNG.java:1244)
	at org.testng.TestNG.runSuitesLocally(TestNG.java:1169)
	at org.testng.TestNG.run(TestNG.java:1064)
	at org.testng.remote.AbstractRemoteTestNG.run(AbstractRemoteTestNG.java:114)
	at org.testng.remote.RemoteTestNG.initAndRun(RemoteTestNG.java:251)
	at org.testng.remote.RemoteTestNG.main(RemoteTestNG.java:77)
]]>
    </error>
  </testcase> <!-- verifySaveButtonWithoutInputCode -->
  <testcase name="verifySaveButtonWithoutInputNameMandatoryFieldsInGroupOption" time="0.001" classname="com.focus.testcases.MasterBinsTest">
    <error type="org.openqa.selenium.SessionNotCreatedException" message="session not created: This version of ChromeDriver only supports Chrome version 78
Build info: version: &#039;3.12.0&#039;, revision: &#039;7c6e0b3&#039;, time: &#039;2018-05-08T14:04:26.12Z&#039;
System info: host: &#039;FOCUS-QA-10&#039;, ip: &#039;192.168.4.46&#039;, os.name: &#039;Windows 10&#039;, os.arch: &#039;amd64&#039;, os.version: &#039;10.0&#039;, java.version: &#039;1.8.0_111&#039;
Driver info: driver.version: ChromeDriver
remote stacktrace: Backtrace:
	Ordinal0 [0x00F0A903+1550595]
	Ordinal0 [0x00E8A701+1025793]
	Ordinal0 [0x00E0C6E5+509669]
	Ordinal0 [0x00D9FC68+64616]
	Ordinal0 [0x00D9C594+50580]
	Ordinal0 [0x00DBACE7+175335]
	Ordinal0 [0x00DBA8ED+174317]
	Ordinal0 [0x00DB8CDB+167131]
	Ordinal0 [0x00DA144A+70730]
	Ordinal0 [0x00DA24D0+74960]
	Ordinal0 [0x00DA2469+74857]
	Ordinal0 [0x00EA42C7+1131207]
	GetHandleVerifier [0x00FA70FD+523789]
	GetHandleVerifier [0x00FA6E90+523168]
	GetHandleVerifier [0x00FAE1E7+552695]
	GetHandleVerifier [0x00FA78FA+525834]
	Ordinal0 [0x00E9B7FC+1095676]
	Ordinal0 [0x00EA633B+1139515]
	Ordinal0 [0x00EA64A3+1139875]
	Ordinal0 [0x00EA5425+1135653]
	BaseThreadInitThunk [0x77B43744+36]
	RtlSetCurrentTransaction [0x77D69E54+212]
	RtlSetCurrentTransaction [0x77D69E1F+159]
">
      <![CDATA[org.openqa.selenium.SessionNotCreatedException: session not created: This version of ChromeDriver only supports Chrome version 78
Build info: version: '3.12.0', revision: '7c6e0b3', time: '2018-05-08T14:04:26.12Z'
System info: host: 'FOCUS-QA-10', ip: '192.168.4.46', os.name: 'Windows 10', os.arch: 'amd64', os.version: '10.0', java.version: '1.8.0_111'
Driver info: driver.version: ChromeDriver
remote stacktrace: Backtrace:
	Ordinal0 [0x00F0A903+1550595]
	Ordinal0 [0x00E8A701+1025793]
	Ordinal0 [0x00E0C6E5+509669]
	Ordinal0 [0x00D9FC68+64616]
	Ordinal0 [0x00D9C594+50580]
	Ordinal0 [0x00DBACE7+175335]
	Ordinal0 [0x00DBA8ED+174317]
	Ordinal0 [0x00DB8CDB+167131]
	Ordinal0 [0x00DA144A+70730]
	Ordinal0 [0x00DA24D0+74960]
	Ordinal0 [0x00DA2469+74857]
	Ordinal0 [0x00EA42C7+1131207]
	GetHandleVerifier [0x00FA70FD+523789]
	GetHandleVerifier [0x00FA6E90+523168]
	GetHandleVerifier [0x00FAE1E7+552695]
	GetHandleVerifier [0x00FA78FA+525834]
	Ordinal0 [0x00E9B7FC+1095676]
	Ordinal0 [0x00EA633B+1139515]
	Ordinal0 [0x00EA64A3+1139875]
	Ordinal0 [0x00EA5425+1135653]
	BaseThreadInitThunk [0x77B43744+36]
	RtlSetCurrentTransaction [0x77D69E54+212]
	RtlSetCurrentTransaction [0x77D69E1F+159]

	at sun.reflect.NativeConstructorAccessorImpl.newInstance0(Native Method)
	at sun.reflect.NativeConstructorAccessorImpl.newInstance(Unknown Source)
	at sun.reflect.DelegatingConstructorAccessorImpl.newInstance(Unknown Source)
	at java.lang.reflect.Constructor.newInstance(Unknown Source)
	at org.openqa.selenium.remote.W3CHandshakeResponse.lambda$new$0(W3CHandshakeResponse.java:57)
	at org.openqa.selenium.remote.W3CHandshakeResponse.lambda$getResponseFunction$2(W3CHandshakeResponse.java:104)
	at org.openqa.selenium.remote.ProtocolHandshake.lambda$createSession$0(ProtocolHandshake.java:123)
	at java.util.stream.ReferencePipeline$3$1.accept(Unknown Source)
	at java.util.Spliterators$ArraySpliterator.tryAdvance(Unknown Source)
	at java.util.stream.ReferencePipeline.forEachWithCancel(Unknown Source)
	at java.util.stream.AbstractPipeline.copyIntoWithCancel(Unknown Source)
	at java.util.stream.AbstractPipeline.copyInto(Unknown Source)
	at java.util.stream.AbstractPipeline.wrapAndCopyInto(Unknown Source)
	at java.util.stream.FindOps$FindOp.evaluateSequential(Unknown Source)
	at java.util.stream.AbstractPipeline.evaluate(Unknown Source)
	at java.util.stream.ReferencePipeline.findFirst(Unknown Source)
	at org.openqa.selenium.remote.ProtocolHandshake.createSession(ProtocolHandshake.java:126)
	at org.openqa.selenium.remote.ProtocolHandshake.createSession(ProtocolHandshake.java:73)
	at org.openqa.selenium.remote.HttpCommandExecutor.execute(HttpCommandExecutor.java:136)
	at org.openqa.selenium.remote.service.DriverCommandExecutor.execute(DriverCommandExecutor.java:83)
	at org.openqa.selenium.remote.RemoteWebDriver.execute(RemoteWebDriver.java:543)
	at org.openqa.selenium.remote.RemoteWebDriver.startSession(RemoteWebDriver.java:207)
	at org.openqa.selenium.remote.RemoteWebDriver.<init>(RemoteWebDriver.java:130)
	at org.openqa.selenium.chrome.ChromeDriver.<init>(ChromeDriver.java:181)
	at org.openqa.selenium.chrome.ChromeDriver.<init>(ChromeDriver.java:147)
	at com.focus.base.BaseEngine.openBrowser(BaseEngine.java:102)
	at sun.reflect.NativeMethodAccessorImpl.invoke0(Native Method)
	at sun.reflect.NativeMethodAccessorImpl.invoke(Unknown Source)
	at sun.reflect.DelegatingMethodAccessorImpl.invoke(Unknown Source)
	at java.lang.reflect.Method.invoke(Unknown Source)
	at org.testng.internal.MethodInvocationHelper.invokeMethod(MethodInvocationHelper.java:86)
	at org.testng.internal.Invoker.invokeConfigurationMethod(Invoker.java:514)
	at org.testng.internal.Invoker.invokeConfigurations(Invoker.java:215)
	at org.testng.internal.Invoker.invokeConfigurations(Invoker.java:142)
	at org.testng.SuiteRunner.privateRun(SuiteRunner.java:305)
	at org.testng.SuiteRunner.run(SuiteRunner.java:268)
	at org.testng.SuiteRunnerWorker.runSuite(SuiteRunnerWorker.java:52)
	at org.testng.SuiteRunnerWorker.run(SuiteRunnerWorker.java:86)
	at org.testng.TestNG.runSuitesSequentially(TestNG.java:1244)
	at org.testng.TestNG.runSuitesLocally(TestNG.java:1169)
	at org.testng.TestNG.run(TestNG.java:1064)
	at org.testng.remote.AbstractRemoteTestNG.run(AbstractRemoteTestNG.java:114)
	at org.testng.remote.RemoteTestNG.initAndRun(RemoteTestNG.java:251)
	at org.testng.remote.RemoteTestNG.main(RemoteTestNG.java:77)
]]>
    </error>
  </testcase> <!-- verifySaveButtonWithoutInputNameMandatoryFieldsInGroupOption -->
  <testcase name="verifyUpdatedBinGroupDisplayInBinGrid" time="0.000" classname="com.focus.testcases.MasterBinsTest">
    <error type="org.openqa.selenium.SessionNotCreatedException" message="session not created: This version of ChromeDriver only supports Chrome version 78
Build info: version: &#039;3.12.0&#039;, revision: &#039;7c6e0b3&#039;, time: &#039;2018-05-08T14:04:26.12Z&#039;
System info: host: &#039;FOCUS-QA-10&#039;, ip: &#039;192.168.4.46&#039;, os.name: &#039;Windows 10&#039;, os.arch: &#039;amd64&#039;, os.version: &#039;10.0&#039;, java.version: &#039;1.8.0_111&#039;
Driver info: driver.version: ChromeDriver
remote stacktrace: Backtrace:
	Ordinal0 [0x00F0A903+1550595]
	Ordinal0 [0x00E8A701+1025793]
	Ordinal0 [0x00E0C6E5+509669]
	Ordinal0 [0x00D9FC68+64616]
	Ordinal0 [0x00D9C594+50580]
	Ordinal0 [0x00DBACE7+175335]
	Ordinal0 [0x00DBA8ED+174317]
	Ordinal0 [0x00DB8CDB+167131]
	Ordinal0 [0x00DA144A+70730]
	Ordinal0 [0x00DA24D0+74960]
	Ordinal0 [0x00DA2469+74857]
	Ordinal0 [0x00EA42C7+1131207]
	GetHandleVerifier [0x00FA70FD+523789]
	GetHandleVerifier [0x00FA6E90+523168]
	GetHandleVerifier [0x00FAE1E7+552695]
	GetHandleVerifier [0x00FA78FA+525834]
	Ordinal0 [0x00E9B7FC+1095676]
	Ordinal0 [0x00EA633B+1139515]
	Ordinal0 [0x00EA64A3+1139875]
	Ordinal0 [0x00EA5425+1135653]
	BaseThreadInitThunk [0x77B43744+36]
	RtlSetCurrentTransaction [0x77D69E54+212]
	RtlSetCurrentTransaction [0x77D69E1F+159]
">
      <![CDATA[org.openqa.selenium.SessionNotCreatedException: session not created: This version of ChromeDriver only supports Chrome version 78
Build info: version: '3.12.0', revision: '7c6e0b3', time: '2018-05-08T14:04:26.12Z'
System info: host: 'FOCUS-QA-10', ip: '192.168.4.46', os.name: 'Windows 10', os.arch: 'amd64', os.version: '10.0', java.version: '1.8.0_111'
Driver info: driver.version: ChromeDriver
remote stacktrace: Backtrace:
	Ordinal0 [0x00F0A903+1550595]
	Ordinal0 [0x00E8A701+1025793]
	Ordinal0 [0x00E0C6E5+509669]
	Ordinal0 [0x00D9FC68+64616]
	Ordinal0 [0x00D9C594+50580]
	Ordinal0 [0x00DBACE7+175335]
	Ordinal0 [0x00DBA8ED+174317]
	Ordinal0 [0x00DB8CDB+167131]
	Ordinal0 [0x00DA144A+70730]
	Ordinal0 [0x00DA24D0+74960]
	Ordinal0 [0x00DA2469+74857]
	Ordinal0 [0x00EA42C7+1131207]
	GetHandleVerifier [0x00FA70FD+523789]
	GetHandleVerifier [0x00FA6E90+523168]
	GetHandleVerifier [0x00FAE1E7+552695]
	GetHandleVerifier [0x00FA78FA+525834]
	Ordinal0 [0x00E9B7FC+1095676]
	Ordinal0 [0x00EA633B+1139515]
	Ordinal0 [0x00EA64A3+1139875]
	Ordinal0 [0x00EA5425+1135653]
	BaseThreadInitThunk [0x77B43744+36]
	RtlSetCurrentTransaction [0x77D69E54+212]
	RtlSetCurrentTransaction [0x77D69E1F+159]

	at sun.reflect.NativeConstructorAccessorImpl.newInstance0(Native Method)
	at sun.reflect.NativeConstructorAccessorImpl.newInstance(Unknown Source)
	at sun.reflect.DelegatingConstructorAccessorImpl.newInstance(Unknown Source)
	at java.lang.reflect.Constructor.newInstance(Unknown Source)
	at org.openqa.selenium.remote.W3CHandshakeResponse.lambda$new$0(W3CHandshakeResponse.java:57)
	at org.openqa.selenium.remote.W3CHandshakeResponse.lambda$getResponseFunction$2(W3CHandshakeResponse.java:104)
	at org.openqa.selenium.remote.ProtocolHandshake.lambda$createSession$0(ProtocolHandshake.java:123)
	at java.util.stream.ReferencePipeline$3$1.accept(Unknown Source)
	at java.util.Spliterators$ArraySpliterator.tryAdvance(Unknown Source)
	at java.util.stream.ReferencePipeline.forEachWithCancel(Unknown Source)
	at java.util.stream.AbstractPipeline.copyIntoWithCancel(Unknown Source)
	at java.util.stream.AbstractPipeline.copyInto(Unknown Source)
	at java.util.stream.AbstractPipeline.wrapAndCopyInto(Unknown Source)
	at java.util.stream.FindOps$FindOp.evaluateSequential(Unknown Source)
	at java.util.stream.AbstractPipeline.evaluate(Unknown Source)
	at java.util.stream.ReferencePipeline.findFirst(Unknown Source)
	at org.openqa.selenium.remote.ProtocolHandshake.createSession(ProtocolHandshake.java:126)
	at org.openqa.selenium.remote.ProtocolHandshake.createSession(ProtocolHandshake.java:73)
	at org.openqa.selenium.remote.HttpCommandExecutor.execute(HttpCommandExecutor.java:136)
	at org.openqa.selenium.remote.service.DriverCommandExecutor.execute(DriverCommandExecutor.java:83)
	at org.openqa.selenium.remote.RemoteWebDriver.execute(RemoteWebDriver.java:543)
	at org.openqa.selenium.remote.RemoteWebDriver.startSession(RemoteWebDriver.java:207)
	at org.openqa.selenium.remote.RemoteWebDriver.<init>(RemoteWebDriver.java:130)
	at org.openqa.selenium.chrome.ChromeDriver.<init>(ChromeDriver.java:181)
	at org.openqa.selenium.chrome.ChromeDriver.<init>(ChromeDriver.java:147)
	at com.focus.base.BaseEngine.openBrowser(BaseEngine.java:102)
	at sun.reflect.NativeMethodAccessorImpl.invoke0(Native Method)
	at sun.reflect.NativeMethodAccessorImpl.invoke(Unknown Source)
	at sun.reflect.DelegatingMethodAccessorImpl.invoke(Unknown Source)
	at java.lang.reflect.Method.invoke(Unknown Source)
	at org.testng.internal.MethodInvocationHelper.invokeMethod(MethodInvocationHelper.java:86)
	at org.testng.internal.Invoker.invokeConfigurationMethod(Invoker.java:514)
	at org.testng.internal.Invoker.invokeConfigurations(Invoker.java:215)
	at org.testng.internal.Invoker.invokeConfigurations(Invoker.java:142)
	at org.testng.SuiteRunner.privateRun(SuiteRunner.java:305)
	at org.testng.SuiteRunner.run(SuiteRunner.java:268)
	at org.testng.SuiteRunnerWorker.runSuite(SuiteRunnerWorker.java:52)
	at org.testng.SuiteRunnerWorker.run(SuiteRunnerWorker.java:86)
	at org.testng.TestNG.runSuitesSequentially(TestNG.java:1244)
	at org.testng.TestNG.runSuitesLocally(TestNG.java:1169)
	at org.testng.TestNG.run(TestNG.java:1064)
	at org.testng.remote.AbstractRemoteTestNG.run(AbstractRemoteTestNG.java:114)
	at org.testng.remote.RemoteTestNG.initAndRun(RemoteTestNG.java:251)
	at org.testng.remote.RemoteTestNG.main(RemoteTestNG.java:77)
]]>
    </error>
  </testcase> <!-- verifyUpdatedBinGroupDisplayInBinGrid -->
  <testcase name="verifyOtherToolsOptionsBinsMenu" time="0.000" classname="com.focus.testcases.MasterBinsTest">
    <error type="org.openqa.selenium.SessionNotCreatedException" message="session not created: This version of ChromeDriver only supports Chrome version 78
Build info: version: &#039;3.12.0&#039;, revision: &#039;7c6e0b3&#039;, time: &#039;2018-05-08T14:04:26.12Z&#039;
System info: host: &#039;FOCUS-QA-10&#039;, ip: &#039;192.168.4.46&#039;, os.name: &#039;Windows 10&#039;, os.arch: &#039;amd64&#039;, os.version: &#039;10.0&#039;, java.version: &#039;1.8.0_111&#039;
Driver info: driver.version: ChromeDriver
remote stacktrace: Backtrace:
	Ordinal0 [0x00F0A903+1550595]
	Ordinal0 [0x00E8A701+1025793]
	Ordinal0 [0x00E0C6E5+509669]
	Ordinal0 [0x00D9FC68+64616]
	Ordinal0 [0x00D9C594+50580]
	Ordinal0 [0x00DBACE7+175335]
	Ordinal0 [0x00DBA8ED+174317]
	Ordinal0 [0x00DB8CDB+167131]
	Ordinal0 [0x00DA144A+70730]
	Ordinal0 [0x00DA24D0+74960]
	Ordinal0 [0x00DA2469+74857]
	Ordinal0 [0x00EA42C7+1131207]
	GetHandleVerifier [0x00FA70FD+523789]
	GetHandleVerifier [0x00FA6E90+523168]
	GetHandleVerifier [0x00FAE1E7+552695]
	GetHandleVerifier [0x00FA78FA+525834]
	Ordinal0 [0x00E9B7FC+1095676]
	Ordinal0 [0x00EA633B+1139515]
	Ordinal0 [0x00EA64A3+1139875]
	Ordinal0 [0x00EA5425+1135653]
	BaseThreadInitThunk [0x77B43744+36]
	RtlSetCurrentTransaction [0x77D69E54+212]
	RtlSetCurrentTransaction [0x77D69E1F+159]
">
      <![CDATA[org.openqa.selenium.SessionNotCreatedException: session not created: This version of ChromeDriver only supports Chrome version 78
Build info: version: '3.12.0', revision: '7c6e0b3', time: '2018-05-08T14:04:26.12Z'
System info: host: 'FOCUS-QA-10', ip: '192.168.4.46', os.name: 'Windows 10', os.arch: 'amd64', os.version: '10.0', java.version: '1.8.0_111'
Driver info: driver.version: ChromeDriver
remote stacktrace: Backtrace:
	Ordinal0 [0x00F0A903+1550595]
	Ordinal0 [0x00E8A701+1025793]
	Ordinal0 [0x00E0C6E5+509669]
	Ordinal0 [0x00D9FC68+64616]
	Ordinal0 [0x00D9C594+50580]
	Ordinal0 [0x00DBACE7+175335]
	Ordinal0 [0x00DBA8ED+174317]
	Ordinal0 [0x00DB8CDB+167131]
	Ordinal0 [0x00DA144A+70730]
	Ordinal0 [0x00DA24D0+74960]
	Ordinal0 [0x00DA2469+74857]
	Ordinal0 [0x00EA42C7+1131207]
	GetHandleVerifier [0x00FA70FD+523789]
	GetHandleVerifier [0x00FA6E90+523168]
	GetHandleVerifier [0x00FAE1E7+552695]
	GetHandleVerifier [0x00FA78FA+525834]
	Ordinal0 [0x00E9B7FC+1095676]
	Ordinal0 [0x00EA633B+1139515]
	Ordinal0 [0x00EA64A3+1139875]
	Ordinal0 [0x00EA5425+1135653]
	BaseThreadInitThunk [0x77B43744+36]
	RtlSetCurrentTransaction [0x77D69E54+212]
	RtlSetCurrentTransaction [0x77D69E1F+159]

	at sun.reflect.NativeConstructorAccessorImpl.newInstance0(Native Method)
	at sun.reflect.NativeConstructorAccessorImpl.newInstance(Unknown Source)
	at sun.reflect.DelegatingConstructorAccessorImpl.newInstance(Unknown Source)
	at java.lang.reflect.Constructor.newInstance(Unknown Source)
	at org.openqa.selenium.remote.W3CHandshakeResponse.lambda$new$0(W3CHandshakeResponse.java:57)
	at org.openqa.selenium.remote.W3CHandshakeResponse.lambda$getResponseFunction$2(W3CHandshakeResponse.java:104)
	at org.openqa.selenium.remote.ProtocolHandshake.lambda$createSession$0(ProtocolHandshake.java:123)
	at java.util.stream.ReferencePipeline$3$1.accept(Unknown Source)
	at java.util.Spliterators$ArraySpliterator.tryAdvance(Unknown Source)
	at java.util.stream.ReferencePipeline.forEachWithCancel(Unknown Source)
	at java.util.stream.AbstractPipeline.copyIntoWithCancel(Unknown Source)
	at java.util.stream.AbstractPipeline.copyInto(Unknown Source)
	at java.util.stream.AbstractPipeline.wrapAndCopyInto(Unknown Source)
	at java.util.stream.FindOps$FindOp.evaluateSequential(Unknown Source)
	at java.util.stream.AbstractPipeline.evaluate(Unknown Source)
	at java.util.stream.ReferencePipeline.findFirst(Unknown Source)
	at org.openqa.selenium.remote.ProtocolHandshake.createSession(ProtocolHandshake.java:126)
	at org.openqa.selenium.remote.ProtocolHandshake.createSession(ProtocolHandshake.java:73)
	at org.openqa.selenium.remote.HttpCommandExecutor.execute(HttpCommandExecutor.java:136)
	at org.openqa.selenium.remote.service.DriverCommandExecutor.execute(DriverCommandExecutor.java:83)
	at org.openqa.selenium.remote.RemoteWebDriver.execute(RemoteWebDriver.java:543)
	at org.openqa.selenium.remote.RemoteWebDriver.startSession(RemoteWebDriver.java:207)
	at org.openqa.selenium.remote.RemoteWebDriver.<init>(RemoteWebDriver.java:130)
	at org.openqa.selenium.chrome.ChromeDriver.<init>(ChromeDriver.java:181)
	at org.openqa.selenium.chrome.ChromeDriver.<init>(ChromeDriver.java:147)
	at com.focus.base.BaseEngine.openBrowser(BaseEngine.java:102)
	at sun.reflect.NativeMethodAccessorImpl.invoke0(Native Method)
	at sun.reflect.NativeMethodAccessorImpl.invoke(Unknown Source)
	at sun.reflect.DelegatingMethodAccessorImpl.invoke(Unknown Source)
	at java.lang.reflect.Method.invoke(Unknown Source)
	at org.testng.internal.MethodInvocationHelper.invokeMethod(MethodInvocationHelper.java:86)
	at org.testng.internal.Invoker.invokeConfigurationMethod(Invoker.java:514)
	at org.testng.internal.Invoker.invokeConfigurations(Invoker.java:215)
	at org.testng.internal.Invoker.invokeConfigurations(Invoker.java:142)
	at org.testng.SuiteRunner.privateRun(SuiteRunner.java:305)
	at org.testng.SuiteRunner.run(SuiteRunner.java:268)
	at org.testng.SuiteRunnerWorker.runSuite(SuiteRunnerWorker.java:52)
	at org.testng.SuiteRunnerWorker.run(SuiteRunnerWorker.java:86)
	at org.testng.TestNG.runSuitesSequentially(TestNG.java:1244)
	at org.testng.TestNG.runSuitesLocally(TestNG.java:1169)
	at org.testng.TestNG.run(TestNG.java:1064)
	at org.testng.remote.AbstractRemoteTestNG.run(AbstractRemoteTestNG.java:114)
	at org.testng.remote.RemoteTestNG.initAndRun(RemoteTestNG.java:251)
	at org.testng.remote.RemoteTestNG.main(RemoteTestNG.java:77)
]]>
    </error>
  </testcase> <!-- verifyOtherToolsOptionsBinsMenu -->
  <testcase name="veriyCloneButtonAndSaveInUnitsMasterOptions" time="0.000" classname="com.focus.testcases.MasterBinsTest">
    <error type="org.openqa.selenium.SessionNotCreatedException" message="session not created: This version of ChromeDriver only supports Chrome version 78
Build info: version: &#039;3.12.0&#039;, revision: &#039;7c6e0b3&#039;, time: &#039;2018-05-08T14:04:26.12Z&#039;
System info: host: &#039;FOCUS-QA-10&#039;, ip: &#039;192.168.4.46&#039;, os.name: &#039;Windows 10&#039;, os.arch: &#039;amd64&#039;, os.version: &#039;10.0&#039;, java.version: &#039;1.8.0_111&#039;
Driver info: driver.version: ChromeDriver
remote stacktrace: Backtrace:
	Ordinal0 [0x00F0A903+1550595]
	Ordinal0 [0x00E8A701+1025793]
	Ordinal0 [0x00E0C6E5+509669]
	Ordinal0 [0x00D9FC68+64616]
	Ordinal0 [0x00D9C594+50580]
	Ordinal0 [0x00DBACE7+175335]
	Ordinal0 [0x00DBA8ED+174317]
	Ordinal0 [0x00DB8CDB+167131]
	Ordinal0 [0x00DA144A+70730]
	Ordinal0 [0x00DA24D0+74960]
	Ordinal0 [0x00DA2469+74857]
	Ordinal0 [0x00EA42C7+1131207]
	GetHandleVerifier [0x00FA70FD+523789]
	GetHandleVerifier [0x00FA6E90+523168]
	GetHandleVerifier [0x00FAE1E7+552695]
	GetHandleVerifier [0x00FA78FA+525834]
	Ordinal0 [0x00E9B7FC+1095676]
	Ordinal0 [0x00EA633B+1139515]
	Ordinal0 [0x00EA64A3+1139875]
	Ordinal0 [0x00EA5425+1135653]
	BaseThreadInitThunk [0x77B43744+36]
	RtlSetCurrentTransaction [0x77D69E54+212]
	RtlSetCurrentTransaction [0x77D69E1F+159]
">
      <![CDATA[org.openqa.selenium.SessionNotCreatedException: session not created: This version of ChromeDriver only supports Chrome version 78
Build info: version: '3.12.0', revision: '7c6e0b3', time: '2018-05-08T14:04:26.12Z'
System info: host: 'FOCUS-QA-10', ip: '192.168.4.46', os.name: 'Windows 10', os.arch: 'amd64', os.version: '10.0', java.version: '1.8.0_111'
Driver info: driver.version: ChromeDriver
remote stacktrace: Backtrace:
	Ordinal0 [0x00F0A903+1550595]
	Ordinal0 [0x00E8A701+1025793]
	Ordinal0 [0x00E0C6E5+509669]
	Ordinal0 [0x00D9FC68+64616]
	Ordinal0 [0x00D9C594+50580]
	Ordinal0 [0x00DBACE7+175335]
	Ordinal0 [0x00DBA8ED+174317]
	Ordinal0 [0x00DB8CDB+167131]
	Ordinal0 [0x00DA144A+70730]
	Ordinal0 [0x00DA24D0+74960]
	Ordinal0 [0x00DA2469+74857]
	Ordinal0 [0x00EA42C7+1131207]
	GetHandleVerifier [0x00FA70FD+523789]
	GetHandleVerifier [0x00FA6E90+523168]
	GetHandleVerifier [0x00FAE1E7+552695]
	GetHandleVerifier [0x00FA78FA+525834]
	Ordinal0 [0x00E9B7FC+1095676]
	Ordinal0 [0x00EA633B+1139515]
	Ordinal0 [0x00EA64A3+1139875]
	Ordinal0 [0x00EA5425+1135653]
	BaseThreadInitThunk [0x77B43744+36]
	RtlSetCurrentTransaction [0x77D69E54+212]
	RtlSetCurrentTransaction [0x77D69E1F+159]

	at sun.reflect.NativeConstructorAccessorImpl.newInstance0(Native Method)
	at sun.reflect.NativeConstructorAccessorImpl.newInstance(Unknown Source)
	at sun.reflect.DelegatingConstructorAccessorImpl.newInstance(Unknown Source)
	at java.lang.reflect.Constructor.newInstance(Unknown Source)
	at org.openqa.selenium.remote.W3CHandshakeResponse.lambda$new$0(W3CHandshakeResponse.java:57)
	at org.openqa.selenium.remote.W3CHandshakeResponse.lambda$getResponseFunction$2(W3CHandshakeResponse.java:104)
	at org.openqa.selenium.remote.ProtocolHandshake.lambda$createSession$0(ProtocolHandshake.java:123)
	at java.util.stream.ReferencePipeline$3$1.accept(Unknown Source)
	at java.util.Spliterators$ArraySpliterator.tryAdvance(Unknown Source)
	at java.util.stream.ReferencePipeline.forEachWithCancel(Unknown Source)
	at java.util.stream.AbstractPipeline.copyIntoWithCancel(Unknown Source)
	at java.util.stream.AbstractPipeline.copyInto(Unknown Source)
	at java.util.stream.AbstractPipeline.wrapAndCopyInto(Unknown Source)
	at java.util.stream.FindOps$FindOp.evaluateSequential(Unknown Source)
	at java.util.stream.AbstractPipeline.evaluate(Unknown Source)
	at java.util.stream.ReferencePipeline.findFirst(Unknown Source)
	at org.openqa.selenium.remote.ProtocolHandshake.createSession(ProtocolHandshake.java:126)
	at org.openqa.selenium.remote.ProtocolHandshake.createSession(ProtocolHandshake.java:73)
	at org.openqa.selenium.remote.HttpCommandExecutor.execute(HttpCommandExecutor.java:136)
	at org.openqa.selenium.remote.service.DriverCommandExecutor.execute(DriverCommandExecutor.java:83)
	at org.openqa.selenium.remote.RemoteWebDriver.execute(RemoteWebDriver.java:543)
	at org.openqa.selenium.remote.RemoteWebDriver.startSession(RemoteWebDriver.java:207)
	at org.openqa.selenium.remote.RemoteWebDriver.<init>(RemoteWebDriver.java:130)
	at org.openqa.selenium.chrome.ChromeDriver.<init>(ChromeDriver.java:181)
	at org.openqa.selenium.chrome.ChromeDriver.<init>(ChromeDriver.java:147)
	at com.focus.base.BaseEngine.openBrowser(BaseEngine.java:102)
	at sun.reflect.NativeMethodAccessorImpl.invoke0(Native Method)
	at sun.reflect.NativeMethodAccessorImpl.invoke(Unknown Source)
	at sun.reflect.DelegatingMethodAccessorImpl.invoke(Unknown Source)
	at java.lang.reflect.Method.invoke(Unknown Source)
	at org.testng.internal.MethodInvocationHelper.invokeMethod(MethodInvocationHelper.java:86)
	at org.testng.internal.Invoker.invokeConfigurationMethod(Invoker.java:514)
	at org.testng.internal.Invoker.invokeConfigurations(Invoker.java:215)
	at org.testng.internal.Invoker.invokeConfigurations(Invoker.java:142)
	at org.testng.SuiteRunner.privateRun(SuiteRunner.java:305)
	at org.testng.SuiteRunner.run(SuiteRunner.java:268)
	at org.testng.SuiteRunnerWorker.runSuite(SuiteRunnerWorker.java:52)
	at org.testng.SuiteRunnerWorker.run(SuiteRunnerWorker.java:86)
	at org.testng.TestNG.runSuitesSequentially(TestNG.java:1244)
	at org.testng.TestNG.runSuitesLocally(TestNG.java:1169)
	at org.testng.TestNG.run(TestNG.java:1064)
	at org.testng.remote.AbstractRemoteTestNG.run(AbstractRemoteTestNG.java:114)
	at org.testng.remote.RemoteTestNG.initAndRun(RemoteTestNG.java:251)
	at org.testng.remote.RemoteTestNG.main(RemoteTestNG.java:77)
]]>
    </error>
  </testcase> <!-- veriyCloneButtonAndSaveInUnitsMasterOptions -->
  <testcase name="verifySaveButtonWithoutInputName" time="0.005" classname="com.focus.testcases.MasterBinsTest">
    <error type="org.openqa.selenium.SessionNotCreatedException" message="session not created: This version of ChromeDriver only supports Chrome version 78
Build info: version: &#039;3.12.0&#039;, revision: &#039;7c6e0b3&#039;, time: &#039;2018-05-08T14:04:26.12Z&#039;
System info: host: &#039;FOCUS-QA-10&#039;, ip: &#039;192.168.4.46&#039;, os.name: &#039;Windows 10&#039;, os.arch: &#039;amd64&#039;, os.version: &#039;10.0&#039;, java.version: &#039;1.8.0_111&#039;
Driver info: driver.version: ChromeDriver
remote stacktrace: Backtrace:
	Ordinal0 [0x00F0A903+1550595]
	Ordinal0 [0x00E8A701+1025793]
	Ordinal0 [0x00E0C6E5+509669]
	Ordinal0 [0x00D9FC68+64616]
	Ordinal0 [0x00D9C594+50580]
	Ordinal0 [0x00DBACE7+175335]
	Ordinal0 [0x00DBA8ED+174317]
	Ordinal0 [0x00DB8CDB+167131]
	Ordinal0 [0x00DA144A+70730]
	Ordinal0 [0x00DA24D0+74960]
	Ordinal0 [0x00DA2469+74857]
	Ordinal0 [0x00EA42C7+1131207]
	GetHandleVerifier [0x00FA70FD+523789]
	GetHandleVerifier [0x00FA6E90+523168]
	GetHandleVerifier [0x00FAE1E7+552695]
	GetHandleVerifier [0x00FA78FA+525834]
	Ordinal0 [0x00E9B7FC+1095676]
	Ordinal0 [0x00EA633B+1139515]
	Ordinal0 [0x00EA64A3+1139875]
	Ordinal0 [0x00EA5425+1135653]
	BaseThreadInitThunk [0x77B43744+36]
	RtlSetCurrentTransaction [0x77D69E54+212]
	RtlSetCurrentTransaction [0x77D69E1F+159]
">
      <![CDATA[org.openqa.selenium.SessionNotCreatedException: session not created: This version of ChromeDriver only supports Chrome version 78
Build info: version: '3.12.0', revision: '7c6e0b3', time: '2018-05-08T14:04:26.12Z'
System info: host: 'FOCUS-QA-10', ip: '192.168.4.46', os.name: 'Windows 10', os.arch: 'amd64', os.version: '10.0', java.version: '1.8.0_111'
Driver info: driver.version: ChromeDriver
remote stacktrace: Backtrace:
	Ordinal0 [0x00F0A903+1550595]
	Ordinal0 [0x00E8A701+1025793]
	Ordinal0 [0x00E0C6E5+509669]
	Ordinal0 [0x00D9FC68+64616]
	Ordinal0 [0x00D9C594+50580]
	Ordinal0 [0x00DBACE7+175335]
	Ordinal0 [0x00DBA8ED+174317]
	Ordinal0 [0x00DB8CDB+167131]
	Ordinal0 [0x00DA144A+70730]
	Ordinal0 [0x00DA24D0+74960]
	Ordinal0 [0x00DA2469+74857]
	Ordinal0 [0x00EA42C7+1131207]
	GetHandleVerifier [0x00FA70FD+523789]
	GetHandleVerifier [0x00FA6E90+523168]
	GetHandleVerifier [0x00FAE1E7+552695]
	GetHandleVerifier [0x00FA78FA+525834]
	Ordinal0 [0x00E9B7FC+1095676]
	Ordinal0 [0x00EA633B+1139515]
	Ordinal0 [0x00EA64A3+1139875]
	Ordinal0 [0x00EA5425+1135653]
	BaseThreadInitThunk [0x77B43744+36]
	RtlSetCurrentTransaction [0x77D69E54+212]
	RtlSetCurrentTransaction [0x77D69E1F+159]

	at sun.reflect.NativeConstructorAccessorImpl.newInstance0(Native Method)
	at sun.reflect.NativeConstructorAccessorImpl.newInstance(Unknown Source)
	at sun.reflect.DelegatingConstructorAccessorImpl.newInstance(Unknown Source)
	at java.lang.reflect.Constructor.newInstance(Unknown Source)
	at org.openqa.selenium.remote.W3CHandshakeResponse.lambda$new$0(W3CHandshakeResponse.java:57)
	at org.openqa.selenium.remote.W3CHandshakeResponse.lambda$getResponseFunction$2(W3CHandshakeResponse.java:104)
	at org.openqa.selenium.remote.ProtocolHandshake.lambda$createSession$0(ProtocolHandshake.java:123)
	at java.util.stream.ReferencePipeline$3$1.accept(Unknown Source)
	at java.util.Spliterators$ArraySpliterator.tryAdvance(Unknown Source)
	at java.util.stream.ReferencePipeline.forEachWithCancel(Unknown Source)
	at java.util.stream.AbstractPipeline.copyIntoWithCancel(Unknown Source)
	at java.util.stream.AbstractPipeline.copyInto(Unknown Source)
	at java.util.stream.AbstractPipeline.wrapAndCopyInto(Unknown Source)
	at java.util.stream.FindOps$FindOp.evaluateSequential(Unknown Source)
	at java.util.stream.AbstractPipeline.evaluate(Unknown Source)
	at java.util.stream.ReferencePipeline.findFirst(Unknown Source)
	at org.openqa.selenium.remote.ProtocolHandshake.createSession(ProtocolHandshake.java:126)
	at org.openqa.selenium.remote.ProtocolHandshake.createSession(ProtocolHandshake.java:73)
	at org.openqa.selenium.remote.HttpCommandExecutor.execute(HttpCommandExecutor.java:136)
	at org.openqa.selenium.remote.service.DriverCommandExecutor.execute(DriverCommandExecutor.java:83)
	at org.openqa.selenium.remote.RemoteWebDriver.execute(RemoteWebDriver.java:543)
	at org.openqa.selenium.remote.RemoteWebDriver.startSession(RemoteWebDriver.java:207)
	at org.openqa.selenium.remote.RemoteWebDriver.<init>(RemoteWebDriver.java:130)
	at org.openqa.selenium.chrome.ChromeDriver.<init>(ChromeDriver.java:181)
	at org.openqa.selenium.chrome.ChromeDriver.<init>(ChromeDriver.java:147)
	at com.focus.base.BaseEngine.openBrowser(BaseEngine.java:102)
	at sun.reflect.NativeMethodAccessorImpl.invoke0(Native Method)
	at sun.reflect.NativeMethodAccessorImpl.invoke(Unknown Source)
	at sun.reflect.DelegatingMethodAccessorImpl.invoke(Unknown Source)
	at java.lang.reflect.Method.invoke(Unknown Source)
	at org.testng.internal.MethodInvocationHelper.invokeMethod(MethodInvocationHelper.java:86)
	at org.testng.internal.Invoker.invokeConfigurationMethod(Invoker.java:514)
	at org.testng.internal.Invoker.invokeConfigurations(Invoker.java:215)
	at org.testng.internal.Invoker.invokeConfigurations(Invoker.java:142)
	at org.testng.SuiteRunner.privateRun(SuiteRunner.java:305)
	at org.testng.SuiteRunner.run(SuiteRunner.java:268)
	at org.testng.SuiteRunnerWorker.runSuite(SuiteRunnerWorker.java:52)
	at org.testng.SuiteRunnerWorker.run(SuiteRunnerWorker.java:86)
	at org.testng.TestNG.runSuitesSequentially(TestNG.java:1244)
	at org.testng.TestNG.runSuitesLocally(TestNG.java:1169)
	at org.testng.TestNG.run(TestNG.java:1064)
	at org.testng.remote.AbstractRemoteTestNG.run(AbstractRemoteTestNG.java:114)
	at org.testng.remote.RemoteTestNG.initAndRun(RemoteTestNG.java:251)
	at org.testng.remote.RemoteTestNG.main(RemoteTestNG.java:77)
]]>
    </error>
  </testcase> <!-- verifySaveButtonWithoutInputName -->
  <testcase name="verifyUpdatedBinsDisplayInBinMaster" time="0.000" classname="com.focus.testcases.MasterBinsTest">
    <error type="org.openqa.selenium.SessionNotCreatedException" message="session not created: This version of ChromeDriver only supports Chrome version 78
Build info: version: &#039;3.12.0&#039;, revision: &#039;7c6e0b3&#039;, time: &#039;2018-05-08T14:04:26.12Z&#039;
System info: host: &#039;FOCUS-QA-10&#039;, ip: &#039;192.168.4.46&#039;, os.name: &#039;Windows 10&#039;, os.arch: &#039;amd64&#039;, os.version: &#039;10.0&#039;, java.version: &#039;1.8.0_111&#039;
Driver info: driver.version: ChromeDriver
remote stacktrace: Backtrace:
	Ordinal0 [0x00F0A903+1550595]
	Ordinal0 [0x00E8A701+1025793]
	Ordinal0 [0x00E0C6E5+509669]
	Ordinal0 [0x00D9FC68+64616]
	Ordinal0 [0x00D9C594+50580]
	Ordinal0 [0x00DBACE7+175335]
	Ordinal0 [0x00DBA8ED+174317]
	Ordinal0 [0x00DB8CDB+167131]
	Ordinal0 [0x00DA144A+70730]
	Ordinal0 [0x00DA24D0+74960]
	Ordinal0 [0x00DA2469+74857]
	Ordinal0 [0x00EA42C7+1131207]
	GetHandleVerifier [0x00FA70FD+523789]
	GetHandleVerifier [0x00FA6E90+523168]
	GetHandleVerifier [0x00FAE1E7+552695]
	GetHandleVerifier [0x00FA78FA+525834]
	Ordinal0 [0x00E9B7FC+1095676]
	Ordinal0 [0x00EA633B+1139515]
	Ordinal0 [0x00EA64A3+1139875]
	Ordinal0 [0x00EA5425+1135653]
	BaseThreadInitThunk [0x77B43744+36]
	RtlSetCurrentTransaction [0x77D69E54+212]
	RtlSetCurrentTransaction [0x77D69E1F+159]
">
      <![CDATA[org.openqa.selenium.SessionNotCreatedException: session not created: This version of ChromeDriver only supports Chrome version 78
Build info: version: '3.12.0', revision: '7c6e0b3', time: '2018-05-08T14:04:26.12Z'
System info: host: 'FOCUS-QA-10', ip: '192.168.4.46', os.name: 'Windows 10', os.arch: 'amd64', os.version: '10.0', java.version: '1.8.0_111'
Driver info: driver.version: ChromeDriver
remote stacktrace: Backtrace:
	Ordinal0 [0x00F0A903+1550595]
	Ordinal0 [0x00E8A701+1025793]
	Ordinal0 [0x00E0C6E5+509669]
	Ordinal0 [0x00D9FC68+64616]
	Ordinal0 [0x00D9C594+50580]
	Ordinal0 [0x00DBACE7+175335]
	Ordinal0 [0x00DBA8ED+174317]
	Ordinal0 [0x00DB8CDB+167131]
	Ordinal0 [0x00DA144A+70730]
	Ordinal0 [0x00DA24D0+74960]
	Ordinal0 [0x00DA2469+74857]
	Ordinal0 [0x00EA42C7+1131207]
	GetHandleVerifier [0x00FA70FD+523789]
	GetHandleVerifier [0x00FA6E90+523168]
	GetHandleVerifier [0x00FAE1E7+552695]
	GetHandleVerifier [0x00FA78FA+525834]
	Ordinal0 [0x00E9B7FC+1095676]
	Ordinal0 [0x00EA633B+1139515]
	Ordinal0 [0x00EA64A3+1139875]
	Ordinal0 [0x00EA5425+1135653]
	BaseThreadInitThunk [0x77B43744+36]
	RtlSetCurrentTransaction [0x77D69E54+212]
	RtlSetCurrentTransaction [0x77D69E1F+159]

	at sun.reflect.NativeConstructorAccessorImpl.newInstance0(Native Method)
	at sun.reflect.NativeConstructorAccessorImpl.newInstance(Unknown Source)
	at sun.reflect.DelegatingConstructorAccessorImpl.newInstance(Unknown Source)
	at java.lang.reflect.Constructor.newInstance(Unknown Source)
	at org.openqa.selenium.remote.W3CHandshakeResponse.lambda$new$0(W3CHandshakeResponse.java:57)
	at org.openqa.selenium.remote.W3CHandshakeResponse.lambda$getResponseFunction$2(W3CHandshakeResponse.java:104)
	at org.openqa.selenium.remote.ProtocolHandshake.lambda$createSession$0(ProtocolHandshake.java:123)
	at java.util.stream.ReferencePipeline$3$1.accept(Unknown Source)
	at java.util.Spliterators$ArraySpliterator.tryAdvance(Unknown Source)
	at java.util.stream.ReferencePipeline.forEachWithCancel(Unknown Source)
	at java.util.stream.AbstractPipeline.copyIntoWithCancel(Unknown Source)
	at java.util.stream.AbstractPipeline.copyInto(Unknown Source)
	at java.util.stream.AbstractPipeline.wrapAndCopyInto(Unknown Source)
	at java.util.stream.FindOps$FindOp.evaluateSequential(Unknown Source)
	at java.util.stream.AbstractPipeline.evaluate(Unknown Source)
	at java.util.stream.ReferencePipeline.findFirst(Unknown Source)
	at org.openqa.selenium.remote.ProtocolHandshake.createSession(ProtocolHandshake.java:126)
	at org.openqa.selenium.remote.ProtocolHandshake.createSession(ProtocolHandshake.java:73)
	at org.openqa.selenium.remote.HttpCommandExecutor.execute(HttpCommandExecutor.java:136)
	at org.openqa.selenium.remote.service.DriverCommandExecutor.execute(DriverCommandExecutor.java:83)
	at org.openqa.selenium.remote.RemoteWebDriver.execute(RemoteWebDriver.java:543)
	at org.openqa.selenium.remote.RemoteWebDriver.startSession(RemoteWebDriver.java:207)
	at org.openqa.selenium.remote.RemoteWebDriver.<init>(RemoteWebDriver.java:130)
	at org.openqa.selenium.chrome.ChromeDriver.<init>(ChromeDriver.java:181)
	at org.openqa.selenium.chrome.ChromeDriver.<init>(ChromeDriver.java:147)
	at com.focus.base.BaseEngine.openBrowser(BaseEngine.java:102)
	at sun.reflect.NativeMethodAccessorImpl.invoke0(Native Method)
	at sun.reflect.NativeMethodAccessorImpl.invoke(Unknown Source)
	at sun.reflect.DelegatingMethodAccessorImpl.invoke(Unknown Source)
	at java.lang.reflect.Method.invoke(Unknown Source)
	at org.testng.internal.MethodInvocationHelper.invokeMethod(MethodInvocationHelper.java:86)
	at org.testng.internal.Invoker.invokeConfigurationMethod(Invoker.java:514)
	at org.testng.internal.Invoker.invokeConfigurations(Invoker.java:215)
	at org.testng.internal.Invoker.invokeConfigurations(Invoker.java:142)
	at org.testng.SuiteRunner.privateRun(SuiteRunner.java:305)
	at org.testng.SuiteRunner.run(SuiteRunner.java:268)
	at org.testng.SuiteRunnerWorker.runSuite(SuiteRunnerWorker.java:52)
	at org.testng.SuiteRunnerWorker.run(SuiteRunnerWorker.java:86)
	at org.testng.TestNG.runSuitesSequentially(TestNG.java:1244)
	at org.testng.TestNG.runSuitesLocally(TestNG.java:1169)
	at org.testng.TestNG.run(TestNG.java:1064)
	at org.testng.remote.AbstractRemoteTestNG.run(AbstractRemoteTestNG.java:114)
	at org.testng.remote.RemoteTestNG.initAndRun(RemoteTestNG.java:251)
	at org.testng.remote.RemoteTestNG.main(RemoteTestNG.java:77)
]]>
    </error>
  </testcase> <!-- verifyUpdatedBinsDisplayInBinMaster -->
  <testcase name="verifySaveButtonWithoutInputNameMandatoryFieldsInAddGroupOption" time="0.000" classname="com.focus.testcases.MasterBinsTest">
    <error type="org.openqa.selenium.SessionNotCreatedException" message="session not created: This version of ChromeDriver only supports Chrome version 78
Build info: version: &#039;3.12.0&#039;, revision: &#039;7c6e0b3&#039;, time: &#039;2018-05-08T14:04:26.12Z&#039;
System info: host: &#039;FOCUS-QA-10&#039;, ip: &#039;192.168.4.46&#039;, os.name: &#039;Windows 10&#039;, os.arch: &#039;amd64&#039;, os.version: &#039;10.0&#039;, java.version: &#039;1.8.0_111&#039;
Driver info: driver.version: ChromeDriver
remote stacktrace: Backtrace:
	Ordinal0 [0x00F0A903+1550595]
	Ordinal0 [0x00E8A701+1025793]
	Ordinal0 [0x00E0C6E5+509669]
	Ordinal0 [0x00D9FC68+64616]
	Ordinal0 [0x00D9C594+50580]
	Ordinal0 [0x00DBACE7+175335]
	Ordinal0 [0x00DBA8ED+174317]
	Ordinal0 [0x00DB8CDB+167131]
	Ordinal0 [0x00DA144A+70730]
	Ordinal0 [0x00DA24D0+74960]
	Ordinal0 [0x00DA2469+74857]
	Ordinal0 [0x00EA42C7+1131207]
	GetHandleVerifier [0x00FA70FD+523789]
	GetHandleVerifier [0x00FA6E90+523168]
	GetHandleVerifier [0x00FAE1E7+552695]
	GetHandleVerifier [0x00FA78FA+525834]
	Ordinal0 [0x00E9B7FC+1095676]
	Ordinal0 [0x00EA633B+1139515]
	Ordinal0 [0x00EA64A3+1139875]
	Ordinal0 [0x00EA5425+1135653]
	BaseThreadInitThunk [0x77B43744+36]
	RtlSetCurrentTransaction [0x77D69E54+212]
	RtlSetCurrentTransaction [0x77D69E1F+159]
">
      <![CDATA[org.openqa.selenium.SessionNotCreatedException: session not created: This version of ChromeDriver only supports Chrome version 78
Build info: version: '3.12.0', revision: '7c6e0b3', time: '2018-05-08T14:04:26.12Z'
System info: host: 'FOCUS-QA-10', ip: '192.168.4.46', os.name: 'Windows 10', os.arch: 'amd64', os.version: '10.0', java.version: '1.8.0_111'
Driver info: driver.version: ChromeDriver
remote stacktrace: Backtrace:
	Ordinal0 [0x00F0A903+1550595]
	Ordinal0 [0x00E8A701+1025793]
	Ordinal0 [0x00E0C6E5+509669]
	Ordinal0 [0x00D9FC68+64616]
	Ordinal0 [0x00D9C594+50580]
	Ordinal0 [0x00DBACE7+175335]
	Ordinal0 [0x00DBA8ED+174317]
	Ordinal0 [0x00DB8CDB+167131]
	Ordinal0 [0x00DA144A+70730]
	Ordinal0 [0x00DA24D0+74960]
	Ordinal0 [0x00DA2469+74857]
	Ordinal0 [0x00EA42C7+1131207]
	GetHandleVerifier [0x00FA70FD+523789]
	GetHandleVerifier [0x00FA6E90+523168]
	GetHandleVerifier [0x00FAE1E7+552695]
	GetHandleVerifier [0x00FA78FA+525834]
	Ordinal0 [0x00E9B7FC+1095676]
	Ordinal0 [0x00EA633B+1139515]
	Ordinal0 [0x00EA64A3+1139875]
	Ordinal0 [0x00EA5425+1135653]
	BaseThreadInitThunk [0x77B43744+36]
	RtlSetCurrentTransaction [0x77D69E54+212]
	RtlSetCurrentTransaction [0x77D69E1F+159]

	at sun.reflect.NativeConstructorAccessorImpl.newInstance0(Native Method)
	at sun.reflect.NativeConstructorAccessorImpl.newInstance(Unknown Source)
	at sun.reflect.DelegatingConstructorAccessorImpl.newInstance(Unknown Source)
	at java.lang.reflect.Constructor.newInstance(Unknown Source)
	at org.openqa.selenium.remote.W3CHandshakeResponse.lambda$new$0(W3CHandshakeResponse.java:57)
	at org.openqa.selenium.remote.W3CHandshakeResponse.lambda$getResponseFunction$2(W3CHandshakeResponse.java:104)
	at org.openqa.selenium.remote.ProtocolHandshake.lambda$createSession$0(ProtocolHandshake.java:123)
	at java.util.stream.ReferencePipeline$3$1.accept(Unknown Source)
	at java.util.Spliterators$ArraySpliterator.tryAdvance(Unknown Source)
	at java.util.stream.ReferencePipeline.forEachWithCancel(Unknown Source)
	at java.util.stream.AbstractPipeline.copyIntoWithCancel(Unknown Source)
	at java.util.stream.AbstractPipeline.copyInto(Unknown Source)
	at java.util.stream.AbstractPipeline.wrapAndCopyInto(Unknown Source)
	at java.util.stream.FindOps$FindOp.evaluateSequential(Unknown Source)
	at java.util.stream.AbstractPipeline.evaluate(Unknown Source)
	at java.util.stream.ReferencePipeline.findFirst(Unknown Source)
	at org.openqa.selenium.remote.ProtocolHandshake.createSession(ProtocolHandshake.java:126)
	at org.openqa.selenium.remote.ProtocolHandshake.createSession(ProtocolHandshake.java:73)
	at org.openqa.selenium.remote.HttpCommandExecutor.execute(HttpCommandExecutor.java:136)
	at org.openqa.selenium.remote.service.DriverCommandExecutor.execute(DriverCommandExecutor.java:83)
	at org.openqa.selenium.remote.RemoteWebDriver.execute(RemoteWebDriver.java:543)
	at org.openqa.selenium.remote.RemoteWebDriver.startSession(RemoteWebDriver.java:207)
	at org.openqa.selenium.remote.RemoteWebDriver.<init>(RemoteWebDriver.java:130)
	at org.openqa.selenium.chrome.ChromeDriver.<init>(ChromeDriver.java:181)
	at org.openqa.selenium.chrome.ChromeDriver.<init>(ChromeDriver.java:147)
	at com.focus.base.BaseEngine.openBrowser(BaseEngine.java:102)
	at sun.reflect.NativeMethodAccessorImpl.invoke0(Native Method)
	at sun.reflect.NativeMethodAccessorImpl.invoke(Unknown Source)
	at sun.reflect.DelegatingMethodAccessorImpl.invoke(Unknown Source)
	at java.lang.reflect.Method.invoke(Unknown Source)
	at org.testng.internal.MethodInvocationHelper.invokeMethod(MethodInvocationHelper.java:86)
	at org.testng.internal.Invoker.invokeConfigurationMethod(Invoker.java:514)
	at org.testng.internal.Invoker.invokeConfigurations(Invoker.java:215)
	at org.testng.internal.Invoker.invokeConfigurations(Invoker.java:142)
	at org.testng.SuiteRunner.privateRun(SuiteRunner.java:305)
	at org.testng.SuiteRunner.run(SuiteRunner.java:268)
	at org.testng.SuiteRunnerWorker.runSuite(SuiteRunnerWorker.java:52)
	at org.testng.SuiteRunnerWorker.run(SuiteRunnerWorker.java:86)
	at org.testng.TestNG.runSuitesSequentially(TestNG.java:1244)
	at org.testng.TestNG.runSuitesLocally(TestNG.java:1169)
	at org.testng.TestNG.run(TestNG.java:1064)
	at org.testng.remote.AbstractRemoteTestNG.run(AbstractRemoteTestNG.java:114)
	at org.testng.remote.RemoteTestNG.initAndRun(RemoteTestNG.java:251)
	at org.testng.remote.RemoteTestNG.main(RemoteTestNG.java:77)
]]>
    </error>
  </testcase> <!-- verifySaveButtonWithoutInputNameMandatoryFieldsInAddGroupOption -->
  <testcase name="verifyCopyOptionByPasteOptionWithNewButton" time="0.005" classname="com.focus.testcases.MasterBinsTest">
    <error type="org.openqa.selenium.SessionNotCreatedException" message="session not created: This version of ChromeDriver only supports Chrome version 78
Build info: version: &#039;3.12.0&#039;, revision: &#039;7c6e0b3&#039;, time: &#039;2018-05-08T14:04:26.12Z&#039;
System info: host: &#039;FOCUS-QA-10&#039;, ip: &#039;192.168.4.46&#039;, os.name: &#039;Windows 10&#039;, os.arch: &#039;amd64&#039;, os.version: &#039;10.0&#039;, java.version: &#039;1.8.0_111&#039;
Driver info: driver.version: ChromeDriver
remote stacktrace: Backtrace:
	Ordinal0 [0x00F0A903+1550595]
	Ordinal0 [0x00E8A701+1025793]
	Ordinal0 [0x00E0C6E5+509669]
	Ordinal0 [0x00D9FC68+64616]
	Ordinal0 [0x00D9C594+50580]
	Ordinal0 [0x00DBACE7+175335]
	Ordinal0 [0x00DBA8ED+174317]
	Ordinal0 [0x00DB8CDB+167131]
	Ordinal0 [0x00DA144A+70730]
	Ordinal0 [0x00DA24D0+74960]
	Ordinal0 [0x00DA2469+74857]
	Ordinal0 [0x00EA42C7+1131207]
	GetHandleVerifier [0x00FA70FD+523789]
	GetHandleVerifier [0x00FA6E90+523168]
	GetHandleVerifier [0x00FAE1E7+552695]
	GetHandleVerifier [0x00FA78FA+525834]
	Ordinal0 [0x00E9B7FC+1095676]
	Ordinal0 [0x00EA633B+1139515]
	Ordinal0 [0x00EA64A3+1139875]
	Ordinal0 [0x00EA5425+1135653]
	BaseThreadInitThunk [0x77B43744+36]
	RtlSetCurrentTransaction [0x77D69E54+212]
	RtlSetCurrentTransaction [0x77D69E1F+159]
">
      <![CDATA[org.openqa.selenium.SessionNotCreatedException: session not created: This version of ChromeDriver only supports Chrome version 78
Build info: version: '3.12.0', revision: '7c6e0b3', time: '2018-05-08T14:04:26.12Z'
System info: host: 'FOCUS-QA-10', ip: '192.168.4.46', os.name: 'Windows 10', os.arch: 'amd64', os.version: '10.0', java.version: '1.8.0_111'
Driver info: driver.version: ChromeDriver
remote stacktrace: Backtrace:
	Ordinal0 [0x00F0A903+1550595]
	Ordinal0 [0x00E8A701+1025793]
	Ordinal0 [0x00E0C6E5+509669]
	Ordinal0 [0x00D9FC68+64616]
	Ordinal0 [0x00D9C594+50580]
	Ordinal0 [0x00DBACE7+175335]
	Ordinal0 [0x00DBA8ED+174317]
	Ordinal0 [0x00DB8CDB+167131]
	Ordinal0 [0x00DA144A+70730]
	Ordinal0 [0x00DA24D0+74960]
	Ordinal0 [0x00DA2469+74857]
	Ordinal0 [0x00EA42C7+1131207]
	GetHandleVerifier [0x00FA70FD+523789]
	GetHandleVerifier [0x00FA6E90+523168]
	GetHandleVerifier [0x00FAE1E7+552695]
	GetHandleVerifier [0x00FA78FA+525834]
	Ordinal0 [0x00E9B7FC+1095676]
	Ordinal0 [0x00EA633B+1139515]
	Ordinal0 [0x00EA64A3+1139875]
	Ordinal0 [0x00EA5425+1135653]
	BaseThreadInitThunk [0x77B43744+36]
	RtlSetCurrentTransaction [0x77D69E54+212]
	RtlSetCurrentTransaction [0x77D69E1F+159]

	at sun.reflect.NativeConstructorAccessorImpl.newInstance0(Native Method)
	at sun.reflect.NativeConstructorAccessorImpl.newInstance(Unknown Source)
	at sun.reflect.DelegatingConstructorAccessorImpl.newInstance(Unknown Source)
	at java.lang.reflect.Constructor.newInstance(Unknown Source)
	at org.openqa.selenium.remote.W3CHandshakeResponse.lambda$new$0(W3CHandshakeResponse.java:57)
	at org.openqa.selenium.remote.W3CHandshakeResponse.lambda$getResponseFunction$2(W3CHandshakeResponse.java:104)
	at org.openqa.selenium.remote.ProtocolHandshake.lambda$createSession$0(ProtocolHandshake.java:123)
	at java.util.stream.ReferencePipeline$3$1.accept(Unknown Source)
	at java.util.Spliterators$ArraySpliterator.tryAdvance(Unknown Source)
	at java.util.stream.ReferencePipeline.forEachWithCancel(Unknown Source)
	at java.util.stream.AbstractPipeline.copyIntoWithCancel(Unknown Source)
	at java.util.stream.AbstractPipeline.copyInto(Unknown Source)
	at java.util.stream.AbstractPipeline.wrapAndCopyInto(Unknown Source)
	at java.util.stream.FindOps$FindOp.evaluateSequential(Unknown Source)
	at java.util.stream.AbstractPipeline.evaluate(Unknown Source)
	at java.util.stream.ReferencePipeline.findFirst(Unknown Source)
	at org.openqa.selenium.remote.ProtocolHandshake.createSession(ProtocolHandshake.java:126)
	at org.openqa.selenium.remote.ProtocolHandshake.createSession(ProtocolHandshake.java:73)
	at org.openqa.selenium.remote.HttpCommandExecutor.execute(HttpCommandExecutor.java:136)
	at org.openqa.selenium.remote.service.DriverCommandExecutor.execute(DriverCommandExecutor.java:83)
	at org.openqa.selenium.remote.RemoteWebDriver.execute(RemoteWebDriver.java:543)
	at org.openqa.selenium.remote.RemoteWebDriver.startSession(RemoteWebDriver.java:207)
	at org.openqa.selenium.remote.RemoteWebDriver.<init>(RemoteWebDriver.java:130)
	at org.openqa.selenium.chrome.ChromeDriver.<init>(ChromeDriver.java:181)
	at org.openqa.selenium.chrome.ChromeDriver.<init>(ChromeDriver.java:147)
	at com.focus.base.BaseEngine.openBrowser(BaseEngine.java:102)
	at sun.reflect.NativeMethodAccessorImpl.invoke0(Native Method)
	at sun.reflect.NativeMethodAccessorImpl.invoke(Unknown Source)
	at sun.reflect.DelegatingMethodAccessorImpl.invoke(Unknown Source)
	at java.lang.reflect.Method.invoke(Unknown Source)
	at org.testng.internal.MethodInvocationHelper.invokeMethod(MethodInvocationHelper.java:86)
	at org.testng.internal.Invoker.invokeConfigurationMethod(Invoker.java:514)
	at org.testng.internal.Invoker.invokeConfigurations(Invoker.java:215)
	at org.testng.internal.Invoker.invokeConfigurations(Invoker.java:142)
	at org.testng.SuiteRunner.privateRun(SuiteRunner.java:305)
	at org.testng.SuiteRunner.run(SuiteRunner.java:268)
	at org.testng.SuiteRunnerWorker.runSuite(SuiteRunnerWorker.java:52)
	at org.testng.SuiteRunnerWorker.run(SuiteRunnerWorker.java:86)
	at org.testng.TestNG.runSuitesSequentially(TestNG.java:1244)
	at org.testng.TestNG.runSuitesLocally(TestNG.java:1169)
	at org.testng.TestNG.run(TestNG.java:1064)
	at org.testng.remote.AbstractRemoteTestNG.run(AbstractRemoteTestNG.java:114)
	at org.testng.remote.RemoteTestNG.initAndRun(RemoteTestNG.java:251)
	at org.testng.remote.RemoteTestNG.main(RemoteTestNG.java:77)
]]>
    </error>
  </testcase> <!-- verifyCopyOptionByPasteOptionWithNewButton -->
  <testcase name="verifyBinsDisplayBinsGridDisplay" time="0.000" classname="com.focus.testcases.MasterBinsTest">
    <error type="org.openqa.selenium.SessionNotCreatedException" message="session not created: This version of ChromeDriver only supports Chrome version 78
Build info: version: &#039;3.12.0&#039;, revision: &#039;7c6e0b3&#039;, time: &#039;2018-05-08T14:04:26.12Z&#039;
System info: host: &#039;FOCUS-QA-10&#039;, ip: &#039;192.168.4.46&#039;, os.name: &#039;Windows 10&#039;, os.arch: &#039;amd64&#039;, os.version: &#039;10.0&#039;, java.version: &#039;1.8.0_111&#039;
Driver info: driver.version: ChromeDriver
remote stacktrace: Backtrace:
	Ordinal0 [0x00F0A903+1550595]
	Ordinal0 [0x00E8A701+1025793]
	Ordinal0 [0x00E0C6E5+509669]
	Ordinal0 [0x00D9FC68+64616]
	Ordinal0 [0x00D9C594+50580]
	Ordinal0 [0x00DBACE7+175335]
	Ordinal0 [0x00DBA8ED+174317]
	Ordinal0 [0x00DB8CDB+167131]
	Ordinal0 [0x00DA144A+70730]
	Ordinal0 [0x00DA24D0+74960]
	Ordinal0 [0x00DA2469+74857]
	Ordinal0 [0x00EA42C7+1131207]
	GetHandleVerifier [0x00FA70FD+523789]
	GetHandleVerifier [0x00FA6E90+523168]
	GetHandleVerifier [0x00FAE1E7+552695]
	GetHandleVerifier [0x00FA78FA+525834]
	Ordinal0 [0x00E9B7FC+1095676]
	Ordinal0 [0x00EA633B+1139515]
	Ordinal0 [0x00EA64A3+1139875]
	Ordinal0 [0x00EA5425+1135653]
	BaseThreadInitThunk [0x77B43744+36]
	RtlSetCurrentTransaction [0x77D69E54+212]
	RtlSetCurrentTransaction [0x77D69E1F+159]
">
      <![CDATA[org.openqa.selenium.SessionNotCreatedException: session not created: This version of ChromeDriver only supports Chrome version 78
Build info: version: '3.12.0', revision: '7c6e0b3', time: '2018-05-08T14:04:26.12Z'
System info: host: 'FOCUS-QA-10', ip: '192.168.4.46', os.name: 'Windows 10', os.arch: 'amd64', os.version: '10.0', java.version: '1.8.0_111'
Driver info: driver.version: ChromeDriver
remote stacktrace: Backtrace:
	Ordinal0 [0x00F0A903+1550595]
	Ordinal0 [0x00E8A701+1025793]
	Ordinal0 [0x00E0C6E5+509669]
	Ordinal0 [0x00D9FC68+64616]
	Ordinal0 [0x00D9C594+50580]
	Ordinal0 [0x00DBACE7+175335]
	Ordinal0 [0x00DBA8ED+174317]
	Ordinal0 [0x00DB8CDB+167131]
	Ordinal0 [0x00DA144A+70730]
	Ordinal0 [0x00DA24D0+74960]
	Ordinal0 [0x00DA2469+74857]
	Ordinal0 [0x00EA42C7+1131207]
	GetHandleVerifier [0x00FA70FD+523789]
	GetHandleVerifier [0x00FA6E90+523168]
	GetHandleVerifier [0x00FAE1E7+552695]
	GetHandleVerifier [0x00FA78FA+525834]
	Ordinal0 [0x00E9B7FC+1095676]
	Ordinal0 [0x00EA633B+1139515]
	Ordinal0 [0x00EA64A3+1139875]
	Ordinal0 [0x00EA5425+1135653]
	BaseThreadInitThunk [0x77B43744+36]
	RtlSetCurrentTransaction [0x77D69E54+212]
	RtlSetCurrentTransaction [0x77D69E1F+159]

	at sun.reflect.NativeConstructorAccessorImpl.newInstance0(Native Method)
	at sun.reflect.NativeConstructorAccessorImpl.newInstance(Unknown Source)
	at sun.reflect.DelegatingConstructorAccessorImpl.newInstance(Unknown Source)
	at java.lang.reflect.Constructor.newInstance(Unknown Source)
	at org.openqa.selenium.remote.W3CHandshakeResponse.lambda$new$0(W3CHandshakeResponse.java:57)
	at org.openqa.selenium.remote.W3CHandshakeResponse.lambda$getResponseFunction$2(W3CHandshakeResponse.java:104)
	at org.openqa.selenium.remote.ProtocolHandshake.lambda$createSession$0(ProtocolHandshake.java:123)
	at java.util.stream.ReferencePipeline$3$1.accept(Unknown Source)
	at java.util.Spliterators$ArraySpliterator.tryAdvance(Unknown Source)
	at java.util.stream.ReferencePipeline.forEachWithCancel(Unknown Source)
	at java.util.stream.AbstractPipeline.copyIntoWithCancel(Unknown Source)
	at java.util.stream.AbstractPipeline.copyInto(Unknown Source)
	at java.util.stream.AbstractPipeline.wrapAndCopyInto(Unknown Source)
	at java.util.stream.FindOps$FindOp.evaluateSequential(Unknown Source)
	at java.util.stream.AbstractPipeline.evaluate(Unknown Source)
	at java.util.stream.ReferencePipeline.findFirst(Unknown Source)
	at org.openqa.selenium.remote.ProtocolHandshake.createSession(ProtocolHandshake.java:126)
	at org.openqa.selenium.remote.ProtocolHandshake.createSession(ProtocolHandshake.java:73)
	at org.openqa.selenium.remote.HttpCommandExecutor.execute(HttpCommandExecutor.java:136)
	at org.openqa.selenium.remote.service.DriverCommandExecutor.execute(DriverCommandExecutor.java:83)
	at org.openqa.selenium.remote.RemoteWebDriver.execute(RemoteWebDriver.java:543)
	at org.openqa.selenium.remote.RemoteWebDriver.startSession(RemoteWebDriver.java:207)
	at org.openqa.selenium.remote.RemoteWebDriver.<init>(RemoteWebDriver.java:130)
	at org.openqa.selenium.chrome.ChromeDriver.<init>(ChromeDriver.java:181)
	at org.openqa.selenium.chrome.ChromeDriver.<init>(ChromeDriver.java:147)
	at com.focus.base.BaseEngine.openBrowser(BaseEngine.java:102)
	at sun.reflect.NativeMethodAccessorImpl.invoke0(Native Method)
	at sun.reflect.NativeMethodAccessorImpl.invoke(Unknown Source)
	at sun.reflect.DelegatingMethodAccessorImpl.invoke(Unknown Source)
	at java.lang.reflect.Method.invoke(Unknown Source)
	at org.testng.internal.MethodInvocationHelper.invokeMethod(MethodInvocationHelper.java:86)
	at org.testng.internal.Invoker.invokeConfigurationMethod(Invoker.java:514)
	at org.testng.internal.Invoker.invokeConfigurations(Invoker.java:215)
	at org.testng.internal.Invoker.invokeConfigurations(Invoker.java:142)
	at org.testng.SuiteRunner.privateRun(SuiteRunner.java:305)
	at org.testng.SuiteRunner.run(SuiteRunner.java:268)
	at org.testng.SuiteRunnerWorker.runSuite(SuiteRunnerWorker.java:52)
	at org.testng.SuiteRunnerWorker.run(SuiteRunnerWorker.java:86)
	at org.testng.TestNG.runSuitesSequentially(TestNG.java:1244)
	at org.testng.TestNG.runSuitesLocally(TestNG.java:1169)
	at org.testng.TestNG.run(TestNG.java:1064)
	at org.testng.remote.AbstractRemoteTestNG.run(AbstractRemoteTestNG.java:114)
	at org.testng.remote.RemoteTestNG.initAndRun(RemoteTestNG.java:251)
	at org.testng.remote.RemoteTestNG.main(RemoteTestNG.java:77)
]]>
    </error>
  </testcase> <!-- verifyBinsDisplayBinsGridDisplay -->
  <testcase name="verifySaveMultipleBinsInBinGroup" time="0.001" classname="com.focus.testcases.MasterBinsTest">
    <error type="org.openqa.selenium.SessionNotCreatedException" message="session not created: This version of ChromeDriver only supports Chrome version 78
Build info: version: &#039;3.12.0&#039;, revision: &#039;7c6e0b3&#039;, time: &#039;2018-05-08T14:04:26.12Z&#039;
System info: host: &#039;FOCUS-QA-10&#039;, ip: &#039;192.168.4.46&#039;, os.name: &#039;Windows 10&#039;, os.arch: &#039;amd64&#039;, os.version: &#039;10.0&#039;, java.version: &#039;1.8.0_111&#039;
Driver info: driver.version: ChromeDriver
remote stacktrace: Backtrace:
	Ordinal0 [0x00F0A903+1550595]
	Ordinal0 [0x00E8A701+1025793]
	Ordinal0 [0x00E0C6E5+509669]
	Ordinal0 [0x00D9FC68+64616]
	Ordinal0 [0x00D9C594+50580]
	Ordinal0 [0x00DBACE7+175335]
	Ordinal0 [0x00DBA8ED+174317]
	Ordinal0 [0x00DB8CDB+167131]
	Ordinal0 [0x00DA144A+70730]
	Ordinal0 [0x00DA24D0+74960]
	Ordinal0 [0x00DA2469+74857]
	Ordinal0 [0x00EA42C7+1131207]
	GetHandleVerifier [0x00FA70FD+523789]
	GetHandleVerifier [0x00FA6E90+523168]
	GetHandleVerifier [0x00FAE1E7+552695]
	GetHandleVerifier [0x00FA78FA+525834]
	Ordinal0 [0x00E9B7FC+1095676]
	Ordinal0 [0x00EA633B+1139515]
	Ordinal0 [0x00EA64A3+1139875]
	Ordinal0 [0x00EA5425+1135653]
	BaseThreadInitThunk [0x77B43744+36]
	RtlSetCurrentTransaction [0x77D69E54+212]
	RtlSetCurrentTransaction [0x77D69E1F+159]
">
      <![CDATA[org.openqa.selenium.SessionNotCreatedException: session not created: This version of ChromeDriver only supports Chrome version 78
Build info: version: '3.12.0', revision: '7c6e0b3', time: '2018-05-08T14:04:26.12Z'
System info: host: 'FOCUS-QA-10', ip: '192.168.4.46', os.name: 'Windows 10', os.arch: 'amd64', os.version: '10.0', java.version: '1.8.0_111'
Driver info: driver.version: ChromeDriver
remote stacktrace: Backtrace:
	Ordinal0 [0x00F0A903+1550595]
	Ordinal0 [0x00E8A701+1025793]
	Ordinal0 [0x00E0C6E5+509669]
	Ordinal0 [0x00D9FC68+64616]
	Ordinal0 [0x00D9C594+50580]
	Ordinal0 [0x00DBACE7+175335]
	Ordinal0 [0x00DBA8ED+174317]
	Ordinal0 [0x00DB8CDB+167131]
	Ordinal0 [0x00DA144A+70730]
	Ordinal0 [0x00DA24D0+74960]
	Ordinal0 [0x00DA2469+74857]
	Ordinal0 [0x00EA42C7+1131207]
	GetHandleVerifier [0x00FA70FD+523789]
	GetHandleVerifier [0x00FA6E90+523168]
	GetHandleVerifier [0x00FAE1E7+552695]
	GetHandleVerifier [0x00FA78FA+525834]
	Ordinal0 [0x00E9B7FC+1095676]
	Ordinal0 [0x00EA633B+1139515]
	Ordinal0 [0x00EA64A3+1139875]
	Ordinal0 [0x00EA5425+1135653]
	BaseThreadInitThunk [0x77B43744+36]
	RtlSetCurrentTransaction [0x77D69E54+212]
	RtlSetCurrentTransaction [0x77D69E1F+159]

	at sun.reflect.NativeConstructorAccessorImpl.newInstance0(Native Method)
	at sun.reflect.NativeConstructorAccessorImpl.newInstance(Unknown Source)
	at sun.reflect.DelegatingConstructorAccessorImpl.newInstance(Unknown Source)
	at java.lang.reflect.Constructor.newInstance(Unknown Source)
	at org.openqa.selenium.remote.W3CHandshakeResponse.lambda$new$0(W3CHandshakeResponse.java:57)
	at org.openqa.selenium.remote.W3CHandshakeResponse.lambda$getResponseFunction$2(W3CHandshakeResponse.java:104)
	at org.openqa.selenium.remote.ProtocolHandshake.lambda$createSession$0(ProtocolHandshake.java:123)
	at java.util.stream.ReferencePipeline$3$1.accept(Unknown Source)
	at java.util.Spliterators$ArraySpliterator.tryAdvance(Unknown Source)
	at java.util.stream.ReferencePipeline.forEachWithCancel(Unknown Source)
	at java.util.stream.AbstractPipeline.copyIntoWithCancel(Unknown Source)
	at java.util.stream.AbstractPipeline.copyInto(Unknown Source)
	at java.util.stream.AbstractPipeline.wrapAndCopyInto(Unknown Source)
	at java.util.stream.FindOps$FindOp.evaluateSequential(Unknown Source)
	at java.util.stream.AbstractPipeline.evaluate(Unknown Source)
	at java.util.stream.ReferencePipeline.findFirst(Unknown Source)
	at org.openqa.selenium.remote.ProtocolHandshake.createSession(ProtocolHandshake.java:126)
	at org.openqa.selenium.remote.ProtocolHandshake.createSession(ProtocolHandshake.java:73)
	at org.openqa.selenium.remote.HttpCommandExecutor.execute(HttpCommandExecutor.java:136)
	at org.openqa.selenium.remote.service.DriverCommandExecutor.execute(DriverCommandExecutor.java:83)
	at org.openqa.selenium.remote.RemoteWebDriver.execute(RemoteWebDriver.java:543)
	at org.openqa.selenium.remote.RemoteWebDriver.startSession(RemoteWebDriver.java:207)
	at org.openqa.selenium.remote.RemoteWebDriver.<init>(RemoteWebDriver.java:130)
	at org.openqa.selenium.chrome.ChromeDriver.<init>(ChromeDriver.java:181)
	at org.openqa.selenium.chrome.ChromeDriver.<init>(ChromeDriver.java:147)
	at com.focus.base.BaseEngine.openBrowser(BaseEngine.java:102)
	at sun.reflect.NativeMethodAccessorImpl.invoke0(Native Method)
	at sun.reflect.NativeMethodAccessorImpl.invoke(Unknown Source)
	at sun.reflect.DelegatingMethodAccessorImpl.invoke(Unknown Source)
	at java.lang.reflect.Method.invoke(Unknown Source)
	at org.testng.internal.MethodInvocationHelper.invokeMethod(MethodInvocationHelper.java:86)
	at org.testng.internal.Invoker.invokeConfigurationMethod(Invoker.java:514)
	at org.testng.internal.Invoker.invokeConfigurations(Invoker.java:215)
	at org.testng.internal.Invoker.invokeConfigurations(Invoker.java:142)
	at org.testng.SuiteRunner.privateRun(SuiteRunner.java:305)
	at org.testng.SuiteRunner.run(SuiteRunner.java:268)
	at org.testng.SuiteRunnerWorker.runSuite(SuiteRunnerWorker.java:52)
	at org.testng.SuiteRunnerWorker.run(SuiteRunnerWorker.java:86)
	at org.testng.TestNG.runSuitesSequentially(TestNG.java:1244)
	at org.testng.TestNG.runSuitesLocally(TestNG.java:1169)
	at org.testng.TestNG.run(TestNG.java:1064)
	at org.testng.remote.AbstractRemoteTestNG.run(AbstractRemoteTestNG.java:114)
	at org.testng.remote.RemoteTestNG.initAndRun(RemoteTestNG.java:251)
	at org.testng.remote.RemoteTestNG.main(RemoteTestNG.java:77)
]]>
    </error>
  </testcase> <!-- verifySaveMultipleBinsInBinGroup -->
  <testcase name="verifyToolsOptionsBinsMenu" time="0.000" classname="com.focus.testcases.MasterBinsTest">
    <error type="org.openqa.selenium.SessionNotCreatedException" message="session not created: This version of ChromeDriver only supports Chrome version 78
Build info: version: &#039;3.12.0&#039;, revision: &#039;7c6e0b3&#039;, time: &#039;2018-05-08T14:04:26.12Z&#039;
System info: host: &#039;FOCUS-QA-10&#039;, ip: &#039;192.168.4.46&#039;, os.name: &#039;Windows 10&#039;, os.arch: &#039;amd64&#039;, os.version: &#039;10.0&#039;, java.version: &#039;1.8.0_111&#039;
Driver info: driver.version: ChromeDriver
remote stacktrace: Backtrace:
	Ordinal0 [0x00F0A903+1550595]
	Ordinal0 [0x00E8A701+1025793]
	Ordinal0 [0x00E0C6E5+509669]
	Ordinal0 [0x00D9FC68+64616]
	Ordinal0 [0x00D9C594+50580]
	Ordinal0 [0x00DBACE7+175335]
	Ordinal0 [0x00DBA8ED+174317]
	Ordinal0 [0x00DB8CDB+167131]
	Ordinal0 [0x00DA144A+70730]
	Ordinal0 [0x00DA24D0+74960]
	Ordinal0 [0x00DA2469+74857]
	Ordinal0 [0x00EA42C7+1131207]
	GetHandleVerifier [0x00FA70FD+523789]
	GetHandleVerifier [0x00FA6E90+523168]
	GetHandleVerifier [0x00FAE1E7+552695]
	GetHandleVerifier [0x00FA78FA+525834]
	Ordinal0 [0x00E9B7FC+1095676]
	Ordinal0 [0x00EA633B+1139515]
	Ordinal0 [0x00EA64A3+1139875]
	Ordinal0 [0x00EA5425+1135653]
	BaseThreadInitThunk [0x77B43744+36]
	RtlSetCurrentTransaction [0x77D69E54+212]
	RtlSetCurrentTransaction [0x77D69E1F+159]
">
      <![CDATA[org.openqa.selenium.SessionNotCreatedException: session not created: This version of ChromeDriver only supports Chrome version 78
Build info: version: '3.12.0', revision: '7c6e0b3', time: '2018-05-08T14:04:26.12Z'
System info: host: 'FOCUS-QA-10', ip: '192.168.4.46', os.name: 'Windows 10', os.arch: 'amd64', os.version: '10.0', java.version: '1.8.0_111'
Driver info: driver.version: ChromeDriver
remote stacktrace: Backtrace:
	Ordinal0 [0x00F0A903+1550595]
	Ordinal0 [0x00E8A701+1025793]
	Ordinal0 [0x00E0C6E5+509669]
	Ordinal0 [0x00D9FC68+64616]
	Ordinal0 [0x00D9C594+50580]
	Ordinal0 [0x00DBACE7+175335]
	Ordinal0 [0x00DBA8ED+174317]
	Ordinal0 [0x00DB8CDB+167131]
	Ordinal0 [0x00DA144A+70730]
	Ordinal0 [0x00DA24D0+74960]
	Ordinal0 [0x00DA2469+74857]
	Ordinal0 [0x00EA42C7+1131207]
	GetHandleVerifier [0x00FA70FD+523789]
	GetHandleVerifier [0x00FA6E90+523168]
	GetHandleVerifier [0x00FAE1E7+552695]
	GetHandleVerifier [0x00FA78FA+525834]
	Ordinal0 [0x00E9B7FC+1095676]
	Ordinal0 [0x00EA633B+1139515]
	Ordinal0 [0x00EA64A3+1139875]
	Ordinal0 [0x00EA5425+1135653]
	BaseThreadInitThunk [0x77B43744+36]
	RtlSetCurrentTransaction [0x77D69E54+212]
	RtlSetCurrentTransaction [0x77D69E1F+159]

	at sun.reflect.NativeConstructorAccessorImpl.newInstance0(Native Method)
	at sun.reflect.NativeConstructorAccessorImpl.newInstance(Unknown Source)
	at sun.reflect.DelegatingConstructorAccessorImpl.newInstance(Unknown Source)
	at java.lang.reflect.Constructor.newInstance(Unknown Source)
	at org.openqa.selenium.remote.W3CHandshakeResponse.lambda$new$0(W3CHandshakeResponse.java:57)
	at org.openqa.selenium.remote.W3CHandshakeResponse.lambda$getResponseFunction$2(W3CHandshakeResponse.java:104)
	at org.openqa.selenium.remote.ProtocolHandshake.lambda$createSession$0(ProtocolHandshake.java:123)
	at java.util.stream.ReferencePipeline$3$1.accept(Unknown Source)
	at java.util.Spliterators$ArraySpliterator.tryAdvance(Unknown Source)
	at java.util.stream.ReferencePipeline.forEachWithCancel(Unknown Source)
	at java.util.stream.AbstractPipeline.copyIntoWithCancel(Unknown Source)
	at java.util.stream.AbstractPipeline.copyInto(Unknown Source)
	at java.util.stream.AbstractPipeline.wrapAndCopyInto(Unknown Source)
	at java.util.stream.FindOps$FindOp.evaluateSequential(Unknown Source)
	at java.util.stream.AbstractPipeline.evaluate(Unknown Source)
	at java.util.stream.ReferencePipeline.findFirst(Unknown Source)
	at org.openqa.selenium.remote.ProtocolHandshake.createSession(ProtocolHandshake.java:126)
	at org.openqa.selenium.remote.ProtocolHandshake.createSession(ProtocolHandshake.java:73)
	at org.openqa.selenium.remote.HttpCommandExecutor.execute(HttpCommandExecutor.java:136)
	at org.openqa.selenium.remote.service.DriverCommandExecutor.execute(DriverCommandExecutor.java:83)
	at org.openqa.selenium.remote.RemoteWebDriver.execute(RemoteWebDriver.java:543)
	at org.openqa.selenium.remote.RemoteWebDriver.startSession(RemoteWebDriver.java:207)
	at org.openqa.selenium.remote.RemoteWebDriver.<init>(RemoteWebDriver.java:130)
	at org.openqa.selenium.chrome.ChromeDriver.<init>(ChromeDriver.java:181)
	at org.openqa.selenium.chrome.ChromeDriver.<init>(ChromeDriver.java:147)
	at com.focus.base.BaseEngine.openBrowser(BaseEngine.java:102)
	at sun.reflect.NativeMethodAccessorImpl.invoke0(Native Method)
	at sun.reflect.NativeMethodAccessorImpl.invoke(Unknown Source)
	at sun.reflect.DelegatingMethodAccessorImpl.invoke(Unknown Source)
	at java.lang.reflect.Method.invoke(Unknown Source)
	at org.testng.internal.MethodInvocationHelper.invokeMethod(MethodInvocationHelper.java:86)
	at org.testng.internal.Invoker.invokeConfigurationMethod(Invoker.java:514)
	at org.testng.internal.Invoker.invokeConfigurations(Invoker.java:215)
	at org.testng.internal.Invoker.invokeConfigurations(Invoker.java:142)
	at org.testng.SuiteRunner.privateRun(SuiteRunner.java:305)
	at org.testng.SuiteRunner.run(SuiteRunner.java:268)
	at org.testng.SuiteRunnerWorker.runSuite(SuiteRunnerWorker.java:52)
	at org.testng.SuiteRunnerWorker.run(SuiteRunnerWorker.java:86)
	at org.testng.TestNG.runSuitesSequentially(TestNG.java:1244)
	at org.testng.TestNG.runSuitesLocally(TestNG.java:1169)
	at org.testng.TestNG.run(TestNG.java:1064)
	at org.testng.remote.AbstractRemoteTestNG.run(AbstractRemoteTestNG.java:114)
	at org.testng.remote.RemoteTestNG.initAndRun(RemoteTestNG.java:251)
	at org.testng.remote.RemoteTestNG.main(RemoteTestNG.java:77)
]]>
    </error>
  </testcase> <!-- verifyToolsOptionsBinsMenu -->
</testsuite> <!-- com.focus.testcases.MasterBinsTest -->
