<?xml version="1.0" encoding="UTF-8"?>
<!-- Generated by org.testng.reporters.JUnitReportReporter -->
<testsuite hostname="Focus-QA-4" name="com.focus.testcases.MasterBuyingAndSellingTest" tests="4" failures="0" timestamp="13 Sep 2019 07:40:10 GMT" time="110.975" errors="0">
  <testcase name="verifyCopyClearPasteDeleteOption" time="57.287" classname="com.focus.testcases.MasterBuyingAndSellingTest"/>
  <testcase name="verifySellerPricebookNoOptionOnClickOnDelete" time="4.505" classname="com.focus.testcases.MasterBuyingAndSellingTest"/>
  <testcase name="checkSellerPricebookWithInactive" time="46.381" classname="com.focus.testcases.MasterBuyingAndSellingTest"/>
  <testcase name="verifySellerPricebookYesOptionOnClickDelete" time="2.802" classname="com.focus.testcases.MasterBuyingAndSellingTest"/>
</testsuite> <!-- com.focus.testcases.MasterBuyingAndSellingTest -->
