<?xml version="1.0" encoding="UTF-8"?>
<!-- Generated by org.testng.reporters.JUnitReportReporter -->
<testsuite hostname="FOCUS-QA-4" name="com.focus.testcases.RMAWithAllOptionsTest" tests="39" failures="0" timestamp="22 May 2021 12:30:51 GMT" time="809.055" errors="0">
  <testcase name="checkSavingSalesInvoiceVATVoucher1WithAlternateQuantityConsuming12Quantity" time="45.635" classname="com.focus.testcases.RMAWithAllOptionsTest"/>
  <testcase name="checkEraseAllTransactionsAfterCompletingRMAAlwaysNumeric" time="4.507" classname="com.focus.testcases.RMAWithAllOptionsTest"/>
  <testcase name="checkSavingPurchaseVoucherVATVoucher1WithRMAAlternateQuantity" time="38.042" classname="com.focus.testcases.RMAWithAllOptionsTest"/>
  <testcase name="checkLogout" time="3.015" classname="com.focus.testcases.RMAWithAllOptionsTest"/>
  <testcase name="checkSavingSalesInvoiceVATVoucher1ConsumingAllAvailableQuantityInPurchaseVoucherVAT1" time="45.864" classname="com.focus.testcases.RMAWithAllOptionsTest"/>
  <testcase name="checkLogoutAndLoginAfterRMAPrefixVoucherNo" time="9.126" classname="com.focus.testcases.RMAWithAllOptionsTest"/>
  <testcase name="checkEraseAllTransactionsAfterCompletingRMABasedAlternateQuantity" time="3.975" classname="com.focus.testcases.RMAWithAllOptionsTest"/>
  <testcase name="checkPurchaseVoucherVATVoucher1RMAAsNumeric" time="16.591" classname="com.focus.testcases.RMAWithAllOptionsTest"/>
  <testcase name="checkLogoutAndLoginAfterUpdatingRMAAlwaysNumeric" time="11.117" classname="com.focus.testcases.RMAWithAllOptionsTest"/>
  <testcase name="checkEraseAllTransactionsAfterCompletingRMANumbersAreUniqueAcrossAllItems" time="3.903" classname="com.focus.testcases.RMAWithAllOptionsTest"/>
  <testcase name="checkPrefixVoucherNumberToTheSerialNunberInInwardsChkBox" time="11.270" classname="com.focus.testcases.RMAWithAllOptionsTest"/>
  <testcase name="checkInputRMANoCannotBeReuseChkBox" time="13.517" classname="com.focus.testcases.RMAWithAllOptionsTest"/>
  <testcase name="checkRMABasedAlternateQuantityChkBox" time="13.496" classname="com.focus.testcases.RMAWithAllOptionsTest"/>
  <testcase name="checkSavingSalesInvoiceVATVoucher1ConsumeAllAvailableQuantityRMAPrefixVoucherNo" time="45.711" classname="com.focus.testcases.RMAWithAllOptionsTest"/>
  <testcase name="checkLogoutAndLoginAfterRMAUniqueAcrossAllItems" time="9.027" classname="com.focus.testcases.RMAWithAllOptionsTest"/>
  <testcase name="checkPurchaseVoucherVATVoucher1RMAAsAlphabets" time="24.620" classname="com.focus.testcases.RMAWithAllOptionsTest"/>
  <testcase name="checkSavingPurchaseVoucherVATVoucher2WithAlreadyUsedRMA" time="30.668" classname="com.focus.testcases.RMAWithAllOptionsTest"/>
  <testcase name="checkEraseAllTransactionsAfterCompletingPrefixVoucherNumberToTheSerialNumberInInwards" time="3.704" classname="com.focus.testcases.RMAWithAllOptionsTest"/>
  <testcase name="checkUnCheckMaintainInventoryInAlternateUnitCheckBox" time="12.149" classname="com.focus.testcases.RMAWithAllOptionsTest"/>
  <testcase name="checkUnCheckRMABasedAlternateQuantityChkBox" time="11.454" classname="com.focus.testcases.RMAWithAllOptionsTest"/>
  <testcase name="checkEraseAllTransactionsAfterCompletingRMANumberBeforeQuantity" time="3.743" classname="com.focus.testcases.RMAWithAllOptionsTest"/>
  <testcase name="checkConfigureSelectAndUpdateRMAAlwaysNumericChkBox" time="11.528" classname="com.focus.testcases.RMAWithAllOptionsTest"/>
  <testcase name="checkLogin" time="12.384" classname="com.focus.testcases.RMAWithAllOptionsTest"/>
  <testcase name="checkSavingPurchaseVoucherVATVoucher1WithRMACantReuse" time="32.741" classname="com.focus.testcases.RMAWithAllOptionsTest"/>
  <testcase name="checkSavingSalesInvoiceVATVoucher1ConsumingAllAvailableQuantityWithRMACantReuse" time="45.427" classname="com.focus.testcases.RMAWithAllOptionsTest"/>
  <testcase name="checkEraseAllTransactionsAfterCompletingRMACantReuse" time="3.779" classname="com.focus.testcases.RMAWithAllOptionsTest"/>
  <testcase name="checkSelectingMaintainInventoryInAlternateUnitCheckBox" time="11.455" classname="com.focus.testcases.RMAWithAllOptionsTest"/>
  <testcase name="checkLogoutAndLoginAfterRMACantReuse" time="9.100" classname="com.focus.testcases.RMAWithAllOptionsTest"/>
  <testcase name="checkSavingSalesInvoiceVATVoucher1ConsumingAllAvailableQuantityWithRMABeforeQuantity" time="50.538" classname="com.focus.testcases.RMAWithAllOptionsTest"/>
  <testcase name="checkConfigureRMAUniqueAcrossAllItemsChkBox" time="13.674" classname="com.focus.testcases.RMAWithAllOptionsTest"/>
  <testcase name="checkSavingPurchaseVoucherVATVoucher1RMABeforeQuantity" time="39.341" classname="com.focus.testcases.RMAWithAllOptionsTest"/>
  <testcase name="checkSavingSalesInvoiceVATVoucher2WithAlternateQuantityConsuming12Quantity" time="45.350" classname="com.focus.testcases.RMAWithAllOptionsTest"/>
  <testcase name="checkSavingPurchaseVoucherVATVoucher1" time="33.833" classname="com.focus.testcases.RMAWithAllOptionsTest"/>
  <testcase name="checkLogoutAndLoginAfterRMABasedAlternateQty" time="8.853" classname="com.focus.testcases.RMAWithAllOptionsTest"/>
  <testcase name="checkSavingSalesInvoiceVATVoucher1ConsumingAllAvailableQuantity" time="45.248" classname="com.focus.testcases.RMAWithAllOptionsTest"/>
  <testcase name="checkLogoutAndLoginAfterRMABeforeQuantity" time="9.047" classname="com.focus.testcases.RMAWithAllOptionsTest"/>
  <testcase name="checkSavingPurchaseVoucherVATVoucher2WithRMAUnique" time="24.098" classname="com.focus.testcases.RMAWithAllOptionsTest"/>
  <testcase name="checkInputRMABeforeQuantityChkBox" time="13.476" classname="com.focus.testcases.RMAWithAllOptionsTest"/>
  <testcase name="checkSavingPurchaseVoucherVATVoucher1RMAPrefixVoucherNo" time="38.049" classname="com.focus.testcases.RMAWithAllOptionsTest"/>
</testsuite> <!-- com.focus.testcases.RMAWithAllOptionsTest -->
