<?xml version="1.0" encoding="UTF-8"?>
<!-- Generated by org.testng.reporters.JUnitReportReporter -->
<testsuite hostname="FOCUS-QA-11" name="com.focus.testcases.SmokeDocCustViewTest" tests="38" failures="0" timestamp="11 Nov 2020 15:51:55 GMT" time="532.845" errors="0">
  <testcase name="checkNavigateToDocumentNumberingTabInPurchaseVoucherVatView" time="9.134" classname="com.focus.testcases.SmokeDocCustViewTest"/>
  <testcase name="checkDeleteTriggerOptionInTriggers" time="12.047" classname="com.focus.testcases.SmokeDocCustViewTest"/>
  <testcase name="checkCreatedVoucherEditLayoutInDocumentCustomization" time="15.726" classname="com.focus.testcases.SmokeDocCustViewTest"/>
  <testcase name="checkInputingCharacterInputInFourthRowAndCheckFooterValue" time="4.517" classname="com.focus.testcases.SmokeDocCustViewTest"/>
  <testcase name="checkToggleExpansionINDocumentCustomizationVoucherScreen" time="6.884" classname="com.focus.testcases.SmokeDocCustViewTest"/>
  <testcase name="checkLogoutUserDocumentCustOptions" time="4.496" classname="com.focus.testcases.SmokeDocCustViewTest"/>
  <testcase name="checkLoginUsersinViewsTabUnderDocumentCustomization" time="7.204" classname="com.focus.testcases.SmokeDocCustViewTest"/>
  <testcase name="checkViewTabHeaderOptionsINVeiwTabUnderDocumentCustomization" time="8.059" classname="com.focus.testcases.SmokeDocCustViewTest"/>
  <testcase name="checkFieldDetailsTabInputDefaultValueAndPropertiesOptionReadOnlyAndClickOnApplyInEditLayout" time="18.834" classname="com.focus.testcases.SmokeDocCustViewTest"/>
  <testcase name="checkLoginCompanyWithValidCredentials" time="16.276" classname="com.focus.testcases.SmokeDocCustViewTest"/>
  <testcase name="checkInputingIncrementInTypeColumnInFifthRowAndCheckFooterValue" time="4.489" classname="com.focus.testcases.SmokeDocCustViewTest"/>
  <testcase name="checkHeaderBodyandFooterFieldsinDocumentNUmberingTab" time="13.707" classname="com.focus.testcases.SmokeDocCustViewTest"/>
  <testcase name="checkLoadingValesinFieldsOnSelectingWareHouseInTypeDropDown" time="6.279" classname="com.focus.testcases.SmokeDocCustViewTest"/>
  <testcase name="checkEditinginBodyFieldAndFooterFieldinInViewTab" time="17.787" classname="com.focus.testcases.SmokeDocCustViewTest"/>
  <testcase name="checkSaveTriggerWithRaiseDocumentOptionInTriggers" time="47.401" classname="com.focus.testcases.SmokeDocCustViewTest"/>
  <testcase name="checkRuleTabOptions" time="8.050" classname="com.focus.testcases.SmokeDocCustViewTest"/>
  <testcase name="checkInputingInputInTypeColumnInFifthRowAndCheckFooterValue" time="4.470" classname="com.focus.testcases.SmokeDocCustViewTest"/>
  <testcase name="checkSelectingNameandInputingStartingValueandNoofCharactersandCheckFooterValue" time="4.375" classname="com.focus.testcases.SmokeDocCustViewTest"/>
  <testcase name="checkRuleTabInDocumentCustomization" time="17.906" classname="com.focus.testcases.SmokeDocCustViewTest"/>
  <testcase name="checkDeleteinCreatedViewInViewTab" time="28.848" classname="com.focus.testcases.SmokeDocCustViewTest"/>
  <testcase name="checkRolesInViewsTabUnderDocumentCustomization" time="7.452" classname="com.focus.testcases.SmokeDocCustViewTest"/>
  <testcase name="checkCreatedVoucherEditScreenTabInDocumentCustoimization" time="35.820" classname="com.focus.testcases.SmokeDocCustViewTest"/>
  <testcase name="checkLoadingValesinFieldsOnSelectingLoginInTypeDropDown" time="4.195" classname="com.focus.testcases.SmokeDocCustViewTest"/>
  <testcase name="checkCreatingViewInViewTab" time="26.126" classname="com.focus.testcases.SmokeDocCustViewTest"/>
  <testcase name="checkEditingInTriggersTabUnderPVVATView" time="32.281" classname="com.focus.testcases.SmokeDocCustViewTest"/>
  <testcase name="checkRaiseDocumentOptionInTriggers" time="17.766" classname="com.focus.testcases.SmokeDocCustViewTest"/>
  <testcase name="checkSelectingLoginNameandInputingStartingValueandNoofCharactersandCheckFooterValue" time="4.370" classname="com.focus.testcases.SmokeDocCustViewTest"/>
  <testcase name="checkCreatingRuleinRuleTAbUnderDocumentCustomization" time="45.843" classname="com.focus.testcases.SmokeDocCustViewTest"/>
  <testcase name="checkCreatedVoucherMiscellaneousTabInDocumentCustoimization" time="19.408" classname="com.focus.testcases.SmokeDocCustViewTest"/>
  <testcase name="checkSavedFieldsinPvVatViewVoucherDocumentNUmberingTab" time="21.155" classname="com.focus.testcases.SmokeDocCustViewTest"/>
  <testcase name="checkSavingOnClickingUpdateOption" time="4.372" classname="com.focus.testcases.SmokeDocCustViewTest"/>
  <testcase name="checkUserCreatedVoucherDisplayWithDocumentTabInDocumentCustomization" time="11.719" classname="com.focus.testcases.SmokeDocCustViewTest"/>
  <testcase name="checkSaveOptionInTriggerTab" time="4.819" classname="com.focus.testcases.SmokeDocCustViewTest"/>
  <testcase name="checkInputingCharacterInputInSecondRowAndCheckFooterValue" time="4.479" classname="com.focus.testcases.SmokeDocCustViewTest"/>
  <testcase name="checktheNarrationinHeaderTabEditLayoutinPVVATVIEW" time="15.330" classname="com.focus.testcases.SmokeDocCustViewTest"/>
  <testcase name="checkCreatedVoucherInventoryTabInDocumentCustoimization" time="9.789" classname="com.focus.testcases.SmokeDocCustViewTest"/>
  <testcase name="checkTypeDropdownValues" time="4.264" classname="com.focus.testcases.SmokeDocCustViewTest"/>
  <testcase name="checkFieldTypesinBodyGridViewTab" time="7.168" classname="com.focus.testcases.SmokeDocCustViewTest"/>
</testsuite> <!-- com.focus.testcases.SmokeDocCustViewTest -->
