<?xml version="1.0" encoding="UTF-8"?>
<!-- Generated by org.testng.reporters.JUnitReportReporter -->
<testsuite hostname="FOCUS-QA-11" name="com.focus.testcases.SmokeMastersTest" tests="32" failures="0" timestamp="11 Nov 2020 14:20:22 GMT" time="409.641" errors="0">
  <testcase name="checkExportOptionInAdvanceImportExport" time="10.172" classname="com.focus.testcases.SmokeMastersTest"/>
  <testcase name="checkBinsImportDataOption" time="20.484" classname="com.focus.testcases.SmokeMastersTest"/>
  <testcase name="checkPropertiesForBRCOGSBatchItems" time="8.516" classname="com.focus.testcases.SmokeMastersTest"/>
  <testcase name="checkWarehouseMasterImportingWarehouse" time="15.340" classname="com.focus.testcases.SmokeMastersTest"/>
  <testcase name="checkWarehouseImportedDisplayInWarehouseGrid" time="5.700" classname="com.focus.testcases.SmokeMastersTest"/>
  <testcase name="checkAdvanceImportExportOption" time="6.975" classname="com.focus.testcases.SmokeMastersTest"/>
  <testcase name="checkCloseImportExportScreenAndImport" time="29.593" classname="com.focus.testcases.SmokeMastersTest"/>
  <testcase name="checkLogoutUserSecurityPage" time="4.519" classname="com.focus.testcases.SmokeMastersTest"/>
  <testcase name="checkPropertiesForFIFOCOGSBINSItems" time="10.286" classname="com.focus.testcases.SmokeMastersTest"/>
  <testcase name="checkImportedItemsDisplayInItemGrid" time="10.628" classname="com.focus.testcases.SmokeMastersTest"/>
  <testcase name="checkImportedAccountsDisplayInAccountsDisplayGrid" time="23.415" classname="com.focus.testcases.SmokeMastersTest"/>
  <testcase name="checkReadingImportFileOnClickBrowseFileImportInImportExport" time="11.507" classname="com.focus.testcases.SmokeMastersTest"/>
  <testcase name="checkBinsImportedDisplayInItemGrid" time="5.982" classname="com.focus.testcases.SmokeMastersTest"/>
  <testcase name="checkFileDownloadInExportScreen" time="13.784" classname="com.focus.testcases.SmokeMastersTest"/>
  <testcase name="checkItemMasterSelectAllOptionInAdvanceImportExport" time="4.547" classname="com.focus.testcases.SmokeMastersTest"/>
  <testcase name="checkFileDownloadInExportScreenOfItemMaster" time="18.779" classname="com.focus.testcases.SmokeMastersTest"/>
  <testcase name="checkBinsMasterImportingBins" time="10.449" classname="com.focus.testcases.SmokeMastersTest"/>
  <testcase name="checkDepartmentMasterImportingDepartment" time="17.753" classname="com.focus.testcases.SmokeMastersTest"/>
  <testcase name="checkDepartmentImportedDisplayInDepartmentGrid" time="5.954" classname="com.focus.testcases.SmokeMastersTest"/>
  <testcase name="checkExportOptionInAdvanceImportExportOfItemMaster" time="6.886" classname="com.focus.testcases.SmokeMastersTest"/>
  <testcase name="checkPropertiesForWACOGSRMAItems" time="9.866" classname="com.focus.testcases.SmokeMastersTest"/>
  <testcase name="checkAdvanceImportExportOptionInItemMasterPage" time="6.633" classname="com.focus.testcases.SmokeMastersTest"/>
  <testcase name="checkClickOnTemplateNameDropdown" time="14.775" classname="com.focus.testcases.SmokeMastersTest"/>
  <testcase name="checkPropertiesOption" time="4.450" classname="com.focus.testcases.SmokeMastersTest"/>
  <testcase name="checkWarehouseSettingThePropertAsInactive" time="21.175" classname="com.focus.testcases.SmokeMastersTest"/>
  <testcase name="checkWarehouseImportDataOption" time="16.494" classname="com.focus.testcases.SmokeMastersTest"/>
  <testcase name="checkImportDataOption" time="18.406" classname="com.focus.testcases.SmokeMastersTest"/>
  <testcase name="checkSignInDemoPopupPageOnClickDoNotShowAndCloseToDisplayMenusAndHomePage" time="18.627" classname="com.focus.testcases.SmokeMastersTest"/>
  <testcase name="checkPropertiesForSTDRATECOGSStockItems" time="25.403" classname="com.focus.testcases.SmokeMastersTest"/>
  <testcase name="checkDepartmentImportDataOption" time="16.530" classname="com.focus.testcases.SmokeMastersTest"/>
  <testcase name="checkSelectAllOptionInAdvanceImportExport" time="6.678" classname="com.focus.testcases.SmokeMastersTest"/>
  <testcase name="checkSaveMappingImportFileInImportExport" time="9.335" classname="com.focus.testcases.SmokeMastersTest"/>
</testsuite> <!-- com.focus.testcases.SmokeMastersTest -->
