<?xml version="1.0" encoding="UTF-8"?>
<!-- Generated by org.testng.reporters.JUnitReportReporter -->
<testsuite hostname="FOCUS-QA-11" name="com.focus.testcases.OpeningBalanceTest" tests="43" failures="1" timestamp="11 Nov 2020 21:23:42 GMT" time="585.994" errors="0">
  <testcase name="checkFinancialsMenuTransactionsMenuJournalsMenu" time="5.232" classname="com.focus.testcases.OpeningBalanceTest"/>
  <testcase name="checkPreviousButtonInOpeningBalanceSavedVoucher" time="28.137" classname="com.focus.testcases.OpeningBalanceTest"/>
  <testcase name="checkOpeningBalanceVoucherEntryPageHeaderFields" time="5.021" classname="com.focus.testcases.OpeningBalanceTest"/>
  <testcase name="checkSaveInCreateViewOfHomePageOfOpeningBalance" time="6.838" classname="com.focus.testcases.OpeningBalanceTest"/>
  <testcase name="checkLoadingVoucherInformationFromCopyDocumentOnClickOnOkInOpeningBalance" time="28.942" classname="com.focus.testcases.OpeningBalanceTest"/>
  <testcase name="checkSavingOpeningBalanceVoucherAfterCopyToClipBoard" time="27.578" classname="com.focus.testcases.OpeningBalanceTest"/>
  <testcase name="checkOpeningBalanceVoucherEditPreviousToDeleteRowBin" time="4.370" classname="com.focus.testcases.OpeningBalanceTest"/>
  <testcase name="checkSignInDemoPopupPageOnClickDoNotShowAndCloseToDisplayMenusAndHomePage" time="21.809" classname="com.focus.testcases.OpeningBalanceTest"/>
  <testcase name="checkOpeningBalanceVoucherDocumentNumber" time="9.422" classname="com.focus.testcases.OpeningBalanceTest"/>
  <testcase name="checkOpeningBalanceNewCopyDocumentOption" time="3.763" classname="com.focus.testcases.OpeningBalanceTest"/>
  <testcase name="checkOpeningBalanceVoucherHomePageNewOptionOnClickDisplayEntryPage" time="4.740" classname="com.focus.testcases.OpeningBalanceTest"/>
  <testcase name="checkExchangeRateWithCurrencyAEDInOpeningBalance" time="4.675" classname="com.focus.testcases.OpeningBalanceTest"/>
  <testcase name="checkEditCreateViewOfHomePageOfOpeningBalance" time="29.318" classname="com.focus.testcases.OpeningBalanceTest"/>
  <testcase name="checkOpeningBalanceVoucherEditPreviousUpdateRowAndSave" time="35.441" classname="com.focus.testcases.OpeningBalanceTest"/>
  <testcase name="checkExchangeRateAndLocalExchangeReateWithCurrencyAEDInOpeningBalance" time="13.068" classname="com.focus.testcases.OpeningBalanceTest"/>
  <testcase name="checkOpeningBalanceVoucherDisplayHomePage" time="14.152" classname="com.focus.testcases.OpeningBalanceTest"/>
  <testcase name="checkCustomizeLeftPannelInnerFieldsInOpeningBalance" time="7.101" classname="com.focus.testcases.OpeningBalanceTest"/>
  <testcase name="checkOpeningBalanceVoucherCloseButtonInHomePage" time="14.987" classname="com.focus.testcases.OpeningBalanceTest"/>
  <testcase name="checksuspendedOptionInOpeningBalance" time="10.719" classname="com.focus.testcases.OpeningBalanceTest"/>
  <testcase name="checkSavingOpeningBalanceVoucherAfterCopyDocument" time="27.255" classname="com.focus.testcases.OpeningBalanceTest"/>
  <testcase name="checkOpeningBalanceNewCopyDocumentScreenOptions" time="5.114" classname="com.focus.testcases.OpeningBalanceTest"/>
  <testcase name="checkSavingVoucherWithCustomerACurrencyINRDepartmentINDIALessThanAccountinDate" time="42.897" classname="com.focus.testcases.OpeningBalanceTest"/>
  <testcase name="checkOpeningBalanceVoucherDateIsDisable" time="7.720" classname="com.focus.testcases.OpeningBalanceTest"/>
  <testcase name="checkOpeningBalanceVoucherCustomizationOption" time="12.500" classname="com.focus.testcases.OpeningBalanceTest"/>
  <testcase name="checkAddingExtraFieldInCustomization" time="18.895" classname="com.focus.testcases.OpeningBalanceTest"/>
  <testcase name="checkOpeningBalanceFirstRowCheckboxInCopyDocumentInOpeningBalance" time="42.212" classname="com.focus.testcases.OpeningBalanceTest">
    <failure type="java.lang.AssertionError" message="expected [true] but found [false]">
      <![CDATA[java.lang.AssertionError: expected [true] but found [false]
	at org.testng.Assert.fail(Assert.java:94)
	at org.testng.Assert.failNotEquals(Assert.java:513)
	at org.testng.Assert.assertEqualsImpl(Assert.java:135)
	at org.testng.Assert.assertEquals(Assert.java:116)
	at org.testng.Assert.assertEquals(Assert.java:305)
	at org.testng.Assert.assertEquals(Assert.java:315)
	at com.focus.testcases.OpeningBalanceTest.checkOpeningBalanceFirstRowCheckboxInCopyDocumentInOpeningBalance(OpeningBalanceTest.java:256)
	at sun.reflect.NativeMethodAccessorImpl.invoke0(Native Method)
	at sun.reflect.NativeMethodAccessorImpl.invoke(Unknown Source)
	at sun.reflect.DelegatingMethodAccessorImpl.invoke(Unknown Source)
	at java.lang.reflect.Method.invoke(Unknown Source)
	at org.testng.internal.MethodInvocationHelper.invokeMethod(MethodInvocationHelper.java:86)
	at org.testng.internal.Invoker.invokeMethod(Invoker.java:643)
	at org.testng.internal.Invoker.invokeTestMethod(Invoker.java:820)
	at org.testng.internal.Invoker.invokeTestMethods(Invoker.java:1128)
	at org.testng.internal.TestMethodWorker.invokeTestMethods(TestMethodWorker.java:129)
	at org.testng.internal.TestMethodWorker.run(TestMethodWorker.java:112)
	at org.testng.TestRunner.privateRun(TestRunner.java:782)
	at org.testng.TestRunner.run(TestRunner.java:632)
	at org.testng.SuiteRunner.runTest(SuiteRunner.java:366)
	at org.testng.SuiteRunner.runSequentially(SuiteRunner.java:361)
	at org.testng.SuiteRunner.privateRun(SuiteRunner.java:319)
	at org.testng.SuiteRunner.run(SuiteRunner.java:268)
	at org.testng.SuiteRunnerWorker.runSuite(SuiteRunnerWorker.java:52)
	at org.testng.SuiteRunnerWorker.run(SuiteRunnerWorker.java:86)
	at org.testng.TestNG.runSuitesSequentially(TestNG.java:1244)
	at org.testng.TestNG.runSuitesLocally(TestNG.java:1169)
	at org.testng.TestNG.run(TestNG.java:1064)
	at org.testng.remote.AbstractRemoteTestNG.run(AbstractRemoteTestNG.java:114)
	at org.testng.remote.RemoteTestNG.initAndRun(RemoteTestNG.java:251)
	at org.testng.remote.RemoteTestNG.main(RemoteTestNG.java:77)
]]>
    </failure>
  </testcase> <!-- checkOpeningBalanceFirstRowCheckboxInCopyDocumentInOpeningBalance -->
  <testcase name="checkOpeningBalanceEntryPageOptionsUnderToggleBtn" time="4.116" classname="com.focus.testcases.OpeningBalanceTest"/>
  <testcase name="checkOpeningBalanceVoucherEntryPageFooterFields" time="5.638" classname="com.focus.testcases.OpeningBalanceTest"/>
  <testcase name="checkCustomizationOptionInOpeningBalance" time="13.668" classname="com.focus.testcases.OpeningBalanceTest"/>
  <testcase name="checkTransactionsMenuInFinanceMenu" time="5.404" classname="com.focus.testcases.OpeningBalanceTest"/>
  <testcase name="checkOpeningBalanceCustomizeLeftPannelElementsDisplayed" time="4.907" classname="com.focus.testcases.OpeningBalanceTest"/>
  <testcase name="checkCopyandPasteToClipboardInOpeningBalance" time="29.321" classname="com.focus.testcases.OpeningBalanceTest"/>
  <testcase name="checkOpeningBalanceVoucherEntryPageBodyFields" time="3.752" classname="com.focus.testcases.OpeningBalanceTest"/>
  <testcase name="checkDeleteExtraFieldFromHomePageBodyHeader" time="8.553" classname="com.focus.testcases.OpeningBalanceTest"/>
  <testcase name="checkDeleteOptionFromEntryPageinOpeningBalance" time="5.956" classname="com.focus.testcases.OpeningBalanceTest"/>
  <testcase name="checkCurrencyInOpeningBalanceVoucher" time="6.265" classname="com.focus.testcases.OpeningBalanceTest"/>
  <testcase name="checkFinancialsMenu" time="14.043" classname="com.focus.testcases.OpeningBalanceTest"/>
  <testcase name="checkHidingFieldCustomization" time="21.594" classname="com.focus.testcases.OpeningBalanceTest"/>
  <testcase name="checkOpeningBalanceVoucherSaveWithoutMandatoryFields" time="3.778" classname="com.focus.testcases.OpeningBalanceTest"/>
  <testcase name="checkDeleteCreateViewOfHomePageOfOpeningBalance" time="12.430" classname="com.focus.testcases.OpeningBalanceTest"/>
  <testcase name="checkOpeningBalanceVoucherEntryPageRibbonControl" time="3.826" classname="com.focus.testcases.OpeningBalanceTest"/>
  <testcase name="checkExchangeRateAndLocalExchangeReateWithCurrencyUSDInOpeningBalance" time="5.369" classname="com.focus.testcases.OpeningBalanceTest"/>
  <testcase name="checkExchangeRateAndLocalExchangeRateWithCurrencyINRInOpeningBalance" time="5.468" classname="com.focus.testcases.OpeningBalanceTest"/>
</testsuite> <!-- com.focus.testcases.OpeningBalanceTest -->
