<?xml version="1.0" encoding="UTF-8"?>
<!-- Generated by org.testng.reporters.JUnitReportReporter -->
<testsuite hostname="FOCUS-QA-11" name="com.focus.testcases.SmokeCurrencyTest" tests="35" failures="0" timestamp="11 Nov 2020 14:20:22 GMT" time="521.803" errors="0">
  <testcase name="checkCancelOptionInExchangeRateHistory" time="5.471" classname="com.focus.testcases.SmokeCurrencyTest"/>
  <testcase name="checkSavedCurrencyValuesAfterDeleteAndInput" time="26.478" classname="com.focus.testcases.SmokeCurrencyTest"/>
  <testcase name="checkDeletedCurrencyValuesIsDisplayInExchangeRate" time="5.604" classname="com.focus.testcases.SmokeCurrencyTest"/>
  <testcase name="checkDeleteRowInUSDExchangeRate" time="6.810" classname="com.focus.testcases.SmokeCurrencyTest"/>
  <testcase name="checkClickOnImportDataInImportFromExcelPageOfExchangeRate" time="13.993" classname="com.focus.testcases.SmokeCurrencyTest"/>
  <testcase name="checkSaveExchangeRateOfCurrencyMaster" time="29.829" classname="com.focus.testcases.SmokeCurrencyTest"/>
  <testcase name="checkClickOnExchangeRateHistoryMenuFromCurrency" time="10.046" classname="com.focus.testcases.SmokeCurrencyTest"/>
  <testcase name="checkUSDUpdatedWithRowDeleteValuesInSavedExchangeRate" time="14.160" classname="com.focus.testcases.SmokeCurrencyTest"/>
  <testcase name="checkLogoutInCurrencyMasterPage" time="4.631" classname="com.focus.testcases.SmokeCurrencyTest"/>
  <testcase name="checkSaveOptionInCurrencyMaster" time="27.134" classname="com.focus.testcases.SmokeCurrencyTest"/>
  <testcase name="checkSelectSheetAndClickOnOkButtonInSelectSheetScreenOfExchangeRate" time="5.003" classname="com.focus.testcases.SmokeCurrencyTest"/>
  <testcase name="checkExchangeRateHistorySelectAED" time="24.819" classname="com.focus.testcases.SmokeCurrencyTest"/>
  <testcase name="checkSelectColumnsMappingInImportScreenOfExchangeRate" time="5.995" classname="com.focus.testcases.SmokeCurrencyTest"/>
  <testcase name="checkClickOnImportFromExcelToDisplayImportScreenInExchangeRate" time="5.236" classname="com.focus.testcases.SmokeCurrencyTest"/>
  <testcase name="checkClickOnExchangeRateOptionInCurrencyMaster" time="6.589" classname="com.focus.testcases.SmokeCurrencyTest"/>
  <testcase name="checkClickOnClearToClearValuesInExchangeRateOptionInCurrencyMaster" time="5.836" classname="com.focus.testcases.SmokeCurrencyTest"/>
  <testcase name="checkCancelOptionInExchangeRate" time="4.123" classname="com.focus.testcases.SmokeCurrencyTest"/>
  <testcase name="checkValuesInSavedExchangeRateOptionInCurrencyMaster" time="18.356" classname="com.focus.testcases.SmokeCurrencyTest"/>
  <testcase name="checkValuesInSavedExchangeRate" time="18.803" classname="com.focus.testcases.SmokeCurrencyTest"/>
  <testcase name="checkValuesInUpdatedExchangeRateOptionInCurrencyMaster" time="35.541" classname="com.focus.testcases.SmokeCurrencyTest"/>
  <testcase name="checkClickOnCurrencyMasterMenu" time="16.196" classname="com.focus.testcases.SmokeCurrencyTest"/>
  <testcase name="checkSignToCheckCurrencyMastersPage" time="20.627" classname="com.focus.testcases.SmokeCurrencyTest"/>
  <testcase name="checkCurrencyMenuUnderMastersMenuFromHomeMenu" time="6.316" classname="com.focus.testcases.SmokeCurrencyTest"/>
  <testcase name="checkExchangeRateHistoryClearButton" time="5.601" classname="com.focus.testcases.SmokeCurrencyTest"/>
  <testcase name="checkCancelOptionSaveExchangeRateInExchangeRateOptionInCurrencyMaster" time="8.911" classname="com.focus.testcases.SmokeCurrencyTest"/>
  <testcase name="checkImportedValuesSecondInExchangeRate" time="23.961" classname="com.focus.testcases.SmokeCurrencyTest"/>
  <testcase name="checkDeleteOptionWithYesInExchangeRate" time="5.471" classname="com.focus.testcases.SmokeCurrencyTest"/>
  <testcase name="checkSaveAEDExchangeRate" time="51.924" classname="com.focus.testcases.SmokeCurrencyTest"/>
  <testcase name="checkClickOnExchangeRateFromCurrecnyMenu" time="10.112" classname="com.focus.testcases.SmokeCurrencyTest"/>
  <testcase name="checkImportedValuesFirstInExchangeRate" time="25.220" classname="com.focus.testcases.SmokeCurrencyTest"/>
  <testcase name="checkSaveExchangeRateBaseCurrencyUSD" time="28.358" classname="com.focus.testcases.SmokeCurrencyTest"/>
  <testcase name="checkUSDValuesInSavedExchangeRate" time="16.689" classname="com.focus.testcases.SmokeCurrencyTest"/>
  <testcase name="checkClickOnCancelButtonInCurrencyMaster" time="7.819" classname="com.focus.testcases.SmokeCurrencyTest"/>
  <testcase name="checkClickOnClearToClearValuesInExchangeRate" time="5.699" classname="com.focus.testcases.SmokeCurrencyTest"/>
  <testcase name="checkCurrencyUpdateInformationInCurrencyMaster" time="14.442" classname="com.focus.testcases.SmokeCurrencyTest"/>
</testsuite> <!-- com.focus.testcases.SmokeCurrencyTest -->
