<?xml version="1.0" encoding="UTF-8"?>
<!-- Generated by org.testng.reporters.JUnitReportReporter -->
<testsuite hostname="FOCUS-QA-11" name="com.focus.testcases.RandDReportsTest" tests="8" failures="0" timestamp="5 Jan 2021 05:47:00 GMT" time="377.521" errors="0">
  <testcase name="checkPrintOptionInAllItemDetailsReport" time="43.481" classname="com.focus.testcases.RandDReportsTest"/>
  <testcase name="checkAllItemDetailsReportPagesValidations" time="67.323" classname="com.focus.testcases.RandDReportsTest"/>
  <testcase name="checkExportToCsvForAllProductDetails" time="31.143" classname="com.focus.testcases.RandDReportsTest"/>
  <testcase name="checkSignInRandDReports" time="5.336" classname="com.focus.testcases.RandDReportsTest"/>
  <testcase name="checkExportToEmailInAllItemDetailsReport" time="99.322" classname="com.focus.testcases.RandDReportsTest"/>
  <testcase name="checkExportToPDFAllItemDetails" time="49.460" classname="com.focus.testcases.RandDReportsTest"/>
  <testcase name="checkExportToFilePathInAllItemDetails" time="48.862" classname="com.focus.testcases.RandDReportsTest"/>
  <testcase name="checkExportToExcelForAllProductDetails" time="32.594" classname="com.focus.testcases.RandDReportsTest"/>
</testsuite> <!-- com.focus.testcases.RandDReportsTest -->
