<?xml version="1.0" encoding="UTF-8"?>
<!-- Generated by org.testng.reporters.JUnitReportReporter -->
<testsuite hostname="FOCUS-QA-11" name="com.focus.testcases.SmokeWarehouseTest" tests="33" failures="0" timestamp="11 Nov 2020 14:20:22 GMT" time="233.607" errors="0">
  <testcase name="checkHideUnitGroupOptionsAvailableInWarehouseMastersPage" time="5.762" classname="com.focus.testcases.SmokeWarehouseTest"/>
  <testcase name="checkNewButtonInWarehouseMasterOptions" time="5.858" classname="com.focus.testcases.SmokeWarehouseTest"/>
  <testcase name="checkEditOptionForUpdatedGroupWarehouse" time="9.078" classname="com.focus.testcases.SmokeWarehouseTest"/>
  <testcase name="checkCustomizeMasterTabOptionInWarehouseMaster" time="3.513" classname="com.focus.testcases.SmokeWarehouseTest"/>
  <testcase name="checkGeneralTabOptionMainTabInCustomizeMaster" time="2.438" classname="com.focus.testcases.SmokeWarehouseTest"/>
  <testcase name="checkEditOptionForNewlyCreateAddGroupWarehouse" time="12.169" classname="com.focus.testcases.SmokeWarehouseTest"/>
  <testcase name="checkGeneralTabOptionHeaderDetailsTabInCustomizeMaster" time="2.546" classname="com.focus.testcases.SmokeWarehouseTest"/>
  <testcase name="checkEditBinInMainTabInCustomizeMaster" time="3.299" classname="com.focus.testcases.SmokeWarehouseTest"/>
  <testcase name="checkUpdateCreatedFieldInCreateCreateTabDisplayInCustomizeTab" time="3.781" classname="com.focus.testcases.SmokeWarehouseTest"/>
  <testcase name="checkWarehouseMasterPageIsDisplayByClickOnWarehouseMenu" time="5.834" classname="com.focus.testcases.SmokeWarehouseTest"/>
  <testcase name="checkCloseButtonInWarehouseGroupCreationPage" time="5.350" classname="com.focus.testcases.SmokeWarehouseTest"/>
  <testcase name="chekDeleteWarehouseOptionForWarhouseMasterPage" time="47.623" classname="com.focus.testcases.SmokeWarehouseTest"/>
  <testcase name="checkCloseWarehouseMaster" time="5.407" classname="com.focus.testcases.SmokeWarehouseTest"/>
  <testcase name="checkDisplayOfGroupAvailableTreeStructureLeftPageWarehouseMasterPage" time="3.814" classname="com.focus.testcases.SmokeWarehouseTest"/>
  <testcase name="checkHeaderFieldsOptionsAvailableInWarehouseMastersPage" time="9.452" classname="com.focus.testcases.SmokeWarehouseTest"/>
  <testcase name="checkCreateViewToggleOptionsAvailableWarehouseMastersPage" time="4.041" classname="com.focus.testcases.SmokeWarehouseTest"/>
  <testcase name="checkSaveWarhouse" time="5.787" classname="com.focus.testcases.SmokeWarehouseTest"/>
  <testcase name="checkUnHideUnitsGroupOptionsAvailableInWarehouseMastersPage" time="3.925" classname="com.focus.testcases.SmokeWarehouseTest"/>
  <testcase name="checkWarehouseMastersDisplayTableColumnNamesAvailableInWarehouseMastersPage" time="4.072" classname="com.focus.testcases.SmokeWarehouseTest"/>
  <testcase name="checkTreeViewOptionsAvailableInWarehouseMastersPage" time="5.708" classname="com.focus.testcases.SmokeWarehouseTest"/>
  <testcase name="checkSignToCheckWarehouseMastersPage" time="20.667" classname="com.focus.testcases.SmokeWarehouseTest"/>
  <testcase name="checkCloseBtnOpenWarehouseMasterUpdateWarehouse" time="6.066" classname="com.focus.testcases.SmokeWarehouseTest"/>
  <testcase name="checkWarehouseMastersDisplayTableColumnValuesAvailableInWarehouseMastersPage" time="3.778" classname="com.focus.testcases.SmokeWarehouseTest"/>
  <testcase name="checkSaveButtonInWarehouseMasterCreationPage" time="5.783" classname="com.focus.testcases.SmokeWarehouseTest"/>
  <testcase name="checkCloseButtonOnEditWarehouseGroupCreationPage" time="5.586" classname="com.focus.testcases.SmokeWarehouseTest"/>
  <testcase name="checkSearchOptionAvailableInWarehouseMastersPage" time="5.790" classname="com.focus.testcases.SmokeWarehouseTest"/>
  <testcase name="checkMainOptionsAvailabilityInWarhouseMasterPage" time="4.312" classname="com.focus.testcases.SmokeWarehouseTest"/>
  <testcase name="checkOtherToolsOptionsAvailabilityInWarehouseMastersPageOnClickRibbonControlNextButton" time="4.378" classname="com.focus.testcases.SmokeWarehouseTest"/>
  <testcase name="checkLogoutInWarehouseMasterPage" time="4.624" classname="com.focus.testcases.SmokeWarehouseTest"/>
  <testcase name="checkSaveByUpdatingNameAndCodeInWarehouseGroupCreationPage" time="10.424" classname="com.focus.testcases.SmokeWarehouseTest"/>
  <testcase name="checkCreateTreeToggleOptionsAvailableInWarehouseMastersPage" time="4.164" classname="com.focus.testcases.SmokeWarehouseTest"/>
  <testcase name="checkToolsOptionsAvailabilityOnClickMasterRibbonToExpandOptionsInWarehouseMastersPage" time="6.007" classname="com.focus.testcases.SmokeWarehouseTest"/>
  <testcase name="checkCustomizeMasterTabMasterFieldsOption" time="2.571" classname="com.focus.testcases.SmokeWarehouseTest"/>
</testsuite> <!-- com.focus.testcases.SmokeWarehouseTest -->
