<?xml version="1.0" encoding="UTF-8"?>
<!-- Generated by org.testng.reporters.JUnitReportReporter -->
<testsuite hostname="FOCUS-QA-11" name="com.focus.testcases.SmokeDesignWorkFlowTest" tests="144" failures="0" timestamp="11 Nov 2020 16:52:53 GMT" time="962.651" errors="1">
  <testcase name="verifyMovingSalesInvoicesToPosition" time="4.224" classname="com.focus.testcases.SmokeDesignWorkFlowTest"/>
  <testcase name="checkSelectingItemOptionBetweenSalesOrderAndSalesInvoices" time="7.032" classname="com.focus.testcases.SmokeDesignWorkFlowTest"/>
  <testcase name="checkMovingShortageinStocksToPosition" time="6.180" classname="com.focus.testcases.SmokeDesignWorkFlowTest"/>
  <testcase name="verifySelectingSalesVoucherTypesfromVoucherlist" time="15.926" classname="com.focus.testcases.SmokeDesignWorkFlowTest"/>
  <testcase name="checkSelectingItemOptionBetweenMRandPurchaseOrders" time="6.090" classname="com.focus.testcases.SmokeDesignWorkFlowTest"/>
  <testcase name="checkOkBetweenPurchaseOrderAndPurchaseVocuherVAT" time="5.913" classname="com.focus.testcases.SmokeDesignWorkFlowTest"/>
  <testcase name="checkOkBetweenBetweenPurchaseVoucherAndPurchaseReturns" time="5.930" classname="com.focus.testcases.SmokeDesignWorkFlowTest"/>
  <testcase name="verifyLinkValue" time="3.840" classname="com.focus.testcases.SmokeDesignWorkFlowTest"/>
  <testcase name="checkLinkandDeleteOptionsinPurchasevouchersVat" time="5.924" classname="com.focus.testcases.SmokeDesignWorkFlowTest"/>
  <testcase name="checkMappingBetweenPurchaseVoucherNAndMRN" time="5.904" classname="com.focus.testcases.SmokeDesignWorkFlowTest"/>
  <testcase name="checkSelectingPurcahseOrdersfromVoucherlist" time="9.209" classname="com.focus.testcases.SmokeDesignWorkFlowTest"/>
  <testcase name="verifyOkButtonWithSelectionOfMandatroryFields" time="4.197" classname="com.focus.testcases.SmokeDesignWorkFlowTest"/>
  <testcase name="verifyMovingMRNToPosition" time="4.126" classname="com.focus.testcases.SmokeDesignWorkFlowTest"/>
  <testcase name="verifySelectingsalesInvoicesNfromVoucherlist" time="6.077" classname="com.focus.testcases.SmokeDesignWorkFlowTest"/>
  <testcase name="verifyLinkandDeleteOptionsinSalesInvoiceNAndSelectingLinkOption" time="6.288" classname="com.focus.testcases.SmokeDesignWorkFlowTest"/>
  <testcase name="checkSelectingItemOptionBetweenPurchaseVoucherNAndMRN" time="6.140" classname="com.focus.testcases.SmokeDesignWorkFlowTest"/>
  <testcase name="checkLinkBetweenSalesQuotationAndSalesOrder" time="6.265" classname="com.focus.testcases.SmokeDesignWorkFlowTest"/>
  <testcase name="verifyLinkandDeleteOptionsinSalesQuotations" time="5.837" classname="com.focus.testcases.SmokeDesignWorkFlowTest"/>
  <testcase name="checkSelectingPurchaseVoucherfromVoucherlist" time="6.307" classname="com.focus.testcases.SmokeDesignWorkFlowTest"/>
  <testcase name="verifyInputWorkFlowName" time="4.027" classname="com.focus.testcases.SmokeDesignWorkFlowTest"/>
  <testcase name="verifySavingVouchersWithoutHavingLink" time="3.904" classname="com.focus.testcases.SmokeDesignWorkFlowTest"/>
  <testcase name="verifyMappingFromSalesQuotationsToSalesOrder" time="5.894" classname="com.focus.testcases.SmokeDesignWorkFlowTest"/>
  <testcase name="verifyOptionsInDesignWorkFlow" time="5.653" classname="com.focus.testcases.SmokeDesignWorkFlowTest"/>
  <testcase name="verifyMovingStockTransferToPosition" time="6.138" classname="com.focus.testcases.SmokeDesignWorkFlowTest"/>
  <testcase name="verifyWorkFlowOptions" time="4.243" classname="com.focus.testcases.SmokeDesignWorkFlowTest"/>
  <testcase name="verifyClearButton" time="7.992" classname="com.focus.testcases.SmokeDesignWorkFlowTest"/>
  <testcase name="checkSelectingNarration" time="47.350" classname="com.focus.testcases.SmokeDesignWorkFlowTest"/>
  <testcase name="checkMappingBetweenPurchaseVoucherAndPurchseReturns" time="5.964" classname="com.focus.testcases.SmokeDesignWorkFlowTest"/>
  <testcase name="checkSelectingItemOptionBetweenExcessinStocksShortageinStocks" time="3.585" classname="com.focus.testcases.SmokeDesignWorkFlowTest"/>
  <testcase name="checkSelectingItemOptionBetweenStockTransferAndSalesInvoiceN" time="3.869" classname="com.focus.testcases.SmokeDesignWorkFlowTest"/>
  <testcase name="verifyOpenDesignWorkFlow" time="14.177" classname="com.focus.testcases.SmokeDesignWorkFlowTest"/>
  <testcase name="checkMovingPurchaseVoucherVATToPosition" time="5.986" classname="com.focus.testcases.SmokeDesignWorkFlowTest"/>
  <testcase name="checkSelectingQuantityinLinkValueOptionBetweenPurchaseVoucherAndPurchaseReturns" time="5.891" classname="com.focus.testcases.SmokeDesignWorkFlowTest"/>
  <testcase name="checkMappingFromSalesInvoiceNToDeliveryNotes" time="5.893" classname="com.focus.testcases.SmokeDesignWorkFlowTest"/>
  <testcase name="checkSelectingtheExtrafieldforoptionBasedonFields" time="3.993" classname="com.focus.testcases.SmokeDesignWorkFlowTest"/>
  <testcase name="verifySaveButtonWithoutWorkFlowName" time="4.133" classname="com.focus.testcases.SmokeDesignWorkFlowTest"/>
  <testcase name="verifySelectingPurchaseReturnsfromVoucherlist" time="6.837" classname="com.focus.testcases.SmokeDesignWorkFlowTest"/>
  <testcase name="verifySelectingQuantityinLinkValueOptionBetweenExcessinStocksAndShortageinStocks" time="3.557" classname="com.focus.testcases.SmokeDesignWorkFlowTest"/>
  <testcase name="checkOkBetweenBetweenExcessinStockAndStockTransfer" time="3.714" classname="com.focus.testcases.SmokeDesignWorkFlowTest"/>
  <testcase name="checkLinkandDeleteOptionsinExcessinStocks2AndSelectingLinkOption" time="6.247" classname="com.focus.testcases.SmokeDesignWorkFlowTest"/>
  <testcase name="checkSelectingItemOptionBetweenExcessinStocksStockTransfer" time="3.540" classname="com.focus.testcases.SmokeDesignWorkFlowTest"/>
  <testcase name="verifyMappingFromSalesOrderToSalesInvoice" time="5.798" classname="com.focus.testcases.SmokeDesignWorkFlowTest"/>
  <testcase name="verifyPropertiesTabOptions" time="4.093" classname="com.focus.testcases.SmokeDesignWorkFlowTest"/>
  <testcase name="verifyMovingDeliveryNotesToPosition" time="6.096" classname="com.focus.testcases.SmokeDesignWorkFlowTest"/>
  <testcase name="checkLinkBetweenPurchaseOrdersAndPurchaseVoucher" time="10.188" classname="com.focus.testcases.SmokeDesignWorkFlowTest"/>
  <testcase name="checkSaveWorkflowAsSalesFlow" time="7.458" classname="com.focus.testcases.SmokeDesignWorkFlowTest"/>
  <testcase name="verifyMovingsalesInvoicesNToPosition" time="6.179" classname="com.focus.testcases.SmokeDesignWorkFlowTest"/>
  <testcase name="checkSavingPurchasesFlow" time="6.370" classname="com.focus.testcases.SmokeDesignWorkFlowTest"/>
  <testcase name="checkSelectingQuantityinLinkValueOptionBetweenSalesInvoicesAndSalesReturns" time="3.686" classname="com.focus.testcases.SmokeDesignWorkFlowTest"/>
  <testcase name="verifyMovingPurchaseReturnsToPosition" time="6.181" classname="com.focus.testcases.SmokeDesignWorkFlowTest"/>
  <testcase name="checkLinkBetweenExcessinStocksToShoratgeinStocks" time="6.048" classname="com.focus.testcases.SmokeDesignWorkFlowTest"/>
  <testcase name="checkMappingBetweenPurchaseOrdersAndPurchaseVoucherN" time="5.853" classname="com.focus.testcases.SmokeDesignWorkFlowTest"/>
  <testcase name="checkDeletingTestFlow" time="9.706" classname="com.focus.testcases.SmokeDesignWorkFlowTest"/>
  <testcase name="checkSelectingQuantityinLinkValueOptionBetweenExcessinStocksAndStockTransfer" time="3.616" classname="com.focus.testcases.SmokeDesignWorkFlowTest"/>
  <testcase name="checkSelectingItemOptionBetweenMRNAndPurchaseReturns" time="6.058" classname="com.focus.testcases.SmokeDesignWorkFlowTest"/>
  <testcase name="verifyMovingSalesReturnsToPosition" time="6.130" classname="com.focus.testcases.SmokeDesignWorkFlowTest"/>
  <testcase name="checkSelectingQuantityinLinkValueOptionBetweenPurchaseOrdersAndPurchaseVoucherVAT" time="3.805" classname="com.focus.testcases.SmokeDesignWorkFlowTest"/>
  <testcase name="checkMappingBetweenPurchaseOrdersAndPurchaseVoucher" time="5.819" classname="com.focus.testcases.SmokeDesignWorkFlowTest"/>
  <testcase name="verifySelectingSalesOrdersfromVoucherlist" time="6.197" classname="com.focus.testcases.SmokeDesignWorkFlowTest"/>
  <testcase name="verifySelectingLinkButtoninSalesQuotations" time="3.789" classname="com.focus.testcases.SmokeDesignWorkFlowTest"/>
  <testcase name="checkSelectingQuantityinLinkValueOptionBetweenSalesQuotationsAndExcessinStocks" time="3.514" classname="com.focus.testcases.SmokeDesignWorkFlowTest"/>
  <testcase name="checkOkBetweenBetweenMRNAndPurchaseReturns" time="6.022" classname="com.focus.testcases.SmokeDesignWorkFlowTest"/>
  <testcase name="checkMovingPurchaseVoucherToPosition" time="6.145" classname="com.focus.testcases.SmokeDesignWorkFlowTest"/>
  <testcase name="checkSelectAndDragVoucherPurchaseOrder" time="6.443" classname="com.focus.testcases.SmokeDesignWorkFlowTest"/>
  <testcase name="checkLinkBetweenSalesInvoiceAndSalesReturns" time="6.161" classname="com.focus.testcases.SmokeDesignWorkFlowTest"/>
  <testcase name="checkLinkandDeleteOptionsinStockTransferAndSelectingLinkOption" time="5.932" classname="com.focus.testcases.SmokeDesignWorkFlowTest"/>
  <testcase name="verifySaveWorkFlowNameDisplay" time="10.314" classname="com.focus.testcases.SmokeDesignWorkFlowTest"/>
  <testcase name="checkSelectingItemOptionBetweenPurchaseOrdersAndPurchaseVoucher" time="6.094" classname="com.focus.testcases.SmokeDesignWorkFlowTest"/>
  <testcase name="verifyLinkNodeLineFromBaseVoucherToLinkVoucher" time="5.889" classname="com.focus.testcases.SmokeDesignWorkFlowTest"/>
  <testcase name="checkMappingFromStockTransferToSalesInvoiceN" time="5.848" classname="com.focus.testcases.SmokeDesignWorkFlowTest"/>
  <testcase name="checkSelectingQuantityinLinkValueOptionBetweenMRNAndPurchaseReturns" time="5.955" classname="com.focus.testcases.SmokeDesignWorkFlowTest"/>
  <testcase name="checkUpdatedTestFlow" time="13.108" classname="com.focus.testcases.SmokeDesignWorkFlowTest"/>
  <testcase name="checkLinkBetweenMRandPurchaseOrders" time="8.275" classname="com.focus.testcases.SmokeDesignWorkFlowTest"/>
  <testcase name="checkOkBetweenBetweenStockTransferAndSalesInvoiceN" time="3.776" classname="com.focus.testcases.SmokeDesignWorkFlowTest"/>
  <testcase name="checkMovingPurchaseOrderToPosition" time="6.175" classname="com.focus.testcases.SmokeDesignWorkFlowTest"/>
  <testcase name="verifyLinkandDeleteOptionsinSalesQuotationAndSelectingLinkOption" time="6.281" classname="com.focus.testcases.SmokeDesignWorkFlowTest"/>
  <testcase name="checkSelectingQuantityinLinkValueOptionBetweenStockTransferAndSalesInvoiceN" time="3.716" classname="com.focus.testcases.SmokeDesignWorkFlowTest"/>
  <testcase name="checkSelectingItemOptionBetweenSalesQuotationAndSalesOrder" time="4.068" classname="com.focus.testcases.SmokeDesignWorkFlowTest"/>
  <testcase name="checkLinkBetweenMRNAndPurchasereturns" time="10.381" classname="com.focus.testcases.SmokeDesignWorkFlowTest"/>
  <testcase name="checkLinkBetweenSalesQuotationsToExcessinStocks" time="5.987" classname="com.focus.testcases.SmokeDesignWorkFlowTest"/>
  <testcase name="checkSelectingQuantityinLinkValueOptionBetweenSalesInvoiceNAndDeliveryNotes" time="3.591" classname="com.focus.testcases.SmokeDesignWorkFlowTest"/>
  <testcase name="checkSelectingMaterialRequisitionfromVoucherlist" time="11.400" classname="com.focus.testcases.SmokeDesignWorkFlowTest"/>
  <testcase name="verifyLinkOptionInBetweenAutoSalesOrderAndAutoSalesInvoice" time="3.798" classname="com.focus.testcases.SmokeDesignWorkFlowTest"/>
  <testcase name="checkUpdatingSavedTestFlow" time="12.708" classname="com.focus.testcases.SmokeDesignWorkFlowTest"/>
  <testcase name="checkSelectingItemOptionBetweenPurchseOrdersAndPurchaseVoucherVAT" time="6.017" classname="com.focus.testcases.SmokeDesignWorkFlowTest"/>
  <testcase name="checkSelectingItemOptionBetweenSalesQuotationsAndExcessinStocks" time="3.624" classname="com.focus.testcases.SmokeDesignWorkFlowTest"/>
  <testcase name="checkSelectingQuantityinLinkValueOptionBetweenSalesQuotationAndSalesOrder" time="3.847" classname="com.focus.testcases.SmokeDesignWorkFlowTest"/>
  <testcase name="verifySettingTabOptions" time="7.622" classname="com.focus.testcases.SmokeDesignWorkFlowTest"/>
  <testcase name="verifyLinkValueOptions" time="6.157" classname="com.focus.testcases.SmokeDesignWorkFlowTest"/>
  <testcase name="checkOkBetweenBetweenExcessinStockAndShortageinStocks" time="3.599" classname="com.focus.testcases.SmokeDesignWorkFlowTest"/>
  <testcase name="checkSelectingItemOptionBetweenPurchaseVoucherAndPurchaseReturns" time="6.476" classname="com.focus.testcases.SmokeDesignWorkFlowTest"/>
  <testcase name="verifyOptionsInLinkBetweenBaseAndLinkVouchers" time="3.941" classname="com.focus.testcases.SmokeDesignWorkFlowTest"/>
  <testcase name="verifySaveButtonWithSingleVoucher" time="3.920" classname="com.focus.testcases.SmokeDesignWorkFlowTest"/>
  <testcase name="checkLinkBetweenSalesInvoiceNToDeliveryNotes" time="8.165" classname="com.focus.testcases.SmokeDesignWorkFlowTest"/>
  <testcase name="checkLinkBetweenExcessinStocksToStockTransfers" time="6.041" classname="com.focus.testcases.SmokeDesignWorkFlowTest"/>
  <testcase name="checkLinkandDeleteOptionsinPurchaseVoucher" time="5.864" classname="com.focus.testcases.SmokeDesignWorkFlowTest"/>
  <testcase name="checkSelectingQuantityinLinkValueOptionBetweenMRandPurchaseOrders" time="3.770" classname="com.focus.testcases.SmokeDesignWorkFlowTest"/>
  <testcase name="checkEnabletheOptionCheckStockWhileLinking" time="23.513" classname="com.focus.testcases.SmokeDesignWorkFlowTest">
    <error type="org.openqa.selenium.TimeoutException" message="Expected condition failed: waiting for element to be clickable: [[ChromeDriver: chrome on WINDOWS (52fe2559f14f853425702bbb1b491c08)] -&gt; xpath: //input[@id=&#039;ChkStockLink&#039;]] (tried for 20 second(s) with 1000 milliseconds interval)
Build info: version: &#039;3.12.0&#039;, revision: &#039;7c6e0b3&#039;, time: &#039;2018-05-08T14:04:26.12Z&#039;
System info: host: &#039;FOCUS-QA-11&#039;, ip: &#039;192.168.4.147&#039;, os.name: &#039;Windows 10&#039;, os.arch: &#039;amd64&#039;, os.version: &#039;10.0&#039;, java.version: &#039;1.8.0_111&#039;
Driver info: driver.version: unknown">
      <![CDATA[org.openqa.selenium.TimeoutException: Expected condition failed: waiting for element to be clickable: [[ChromeDriver: chrome on WINDOWS (52fe2559f14f853425702bbb1b491c08)] -> xpath: //input[@id='ChkStockLink']] (tried for 20 second(s) with 1000 milliseconds interval)
Build info: version: '3.12.0', revision: '7c6e0b3', time: '2018-05-08T14:04:26.12Z'
System info: host: 'FOCUS-QA-11', ip: '192.168.4.147', os.name: 'Windows 10', os.arch: 'amd64', os.version: '10.0', java.version: '1.8.0_111'
Driver info: driver.version: unknown
	at org.openqa.selenium.support.ui.FluentWait.timeoutException(FluentWait.java:303)
	at org.openqa.selenium.support.ui.FluentWait.until(FluentWait.java:271)
	at com.focus.Pages.SmokeDesignWorkFlowPage.checkEnabletheOptionCheckStockWhileLinking(SmokeDesignWorkFlowPage.java:7248)
	at com.focus.testcases.SmokeDesignWorkFlowTest.checkEnabletheOptionCheckStockWhileLinking(SmokeDesignWorkFlowTest.java:1255)
	at sun.reflect.NativeMethodAccessorImpl.invoke0(Native Method)
	at sun.reflect.NativeMethodAccessorImpl.invoke(Unknown Source)
	at sun.reflect.DelegatingMethodAccessorImpl.invoke(Unknown Source)
	at java.lang.reflect.Method.invoke(Unknown Source)
	at org.testng.internal.MethodInvocationHelper.invokeMethod(MethodInvocationHelper.java:86)
	at org.testng.internal.Invoker.invokeMethod(Invoker.java:643)
	at org.testng.internal.Invoker.invokeTestMethod(Invoker.java:820)
	at org.testng.internal.Invoker.invokeTestMethods(Invoker.java:1128)
	at org.testng.internal.TestMethodWorker.invokeTestMethods(TestMethodWorker.java:129)
	at org.testng.internal.TestMethodWorker.run(TestMethodWorker.java:112)
	at org.testng.TestRunner.privateRun(TestRunner.java:782)
	at org.testng.TestRunner.run(TestRunner.java:632)
	at org.testng.SuiteRunner.runTest(SuiteRunner.java:366)
	at org.testng.SuiteRunner.runSequentially(SuiteRunner.java:361)
	at org.testng.SuiteRunner.privateRun(SuiteRunner.java:319)
	at org.testng.SuiteRunner.run(SuiteRunner.java:268)
	at org.testng.SuiteRunnerWorker.runSuite(SuiteRunnerWorker.java:52)
	at org.testng.SuiteRunnerWorker.run(SuiteRunnerWorker.java:86)
	at org.testng.TestNG.runSuitesSequentially(TestNG.java:1244)
	at org.testng.TestNG.runSuitesLocally(TestNG.java:1169)
	at org.testng.TestNG.run(TestNG.java:1064)
	at org.testng.remote.AbstractRemoteTestNG.run(AbstractRemoteTestNG.java:114)
	at org.testng.remote.RemoteTestNG.initAndRun(RemoteTestNG.java:251)
	at org.testng.remote.RemoteTestNG.main(RemoteTestNG.java:77)
]]>
    </error>
  </testcase> <!-- checkEnabletheOptionCheckStockWhileLinking -->
  <testcase name="verifySavingVouchersWithHavingLink" time="3.923" classname="com.focus.testcases.SmokeDesignWorkFlowTest"/>
  <testcase name="checkInputingWorkflowNameAsPurchasesFlow" time="19.255" classname="com.focus.testcases.SmokeDesignWorkFlowTest"/>
  <testcase name="checkSelectingQuantityinLinkValueOptionBetweenPurchaseOrdersAndPurchaseVoucher" time="5.938" classname="com.focus.testcases.SmokeDesignWorkFlowTest"/>
  <testcase name="verifySelectingSalesReturnsfromVoucherlist" time="6.304" classname="com.focus.testcases.SmokeDesignWorkFlowTest"/>
  <testcase name="checkMappingFromSalesInvoiceToSalesReturns" time="5.842" classname="com.focus.testcases.SmokeDesignWorkFlowTest"/>
  <testcase name="checkSelectingItemOptionBetweenSalesInvoicesAndSalesReturns" time="4.066" classname="com.focus.testcases.SmokeDesignWorkFlowTest"/>
  <testcase name="checkOkBetweenBetweenSalesQuotationsAndExcessinStock" time="3.713" classname="com.focus.testcases.SmokeDesignWorkFlowTest"/>
  <testcase name="checkSelectingQuantityinLinkValueOptionBetweenSalesOrderAndSalesInvoices" time="3.863" classname="com.focus.testcases.SmokeDesignWorkFlowTest"/>
  <testcase name="checkSelectingQuantityinLinkValueOptionBetweenPurchaseVoucherNAndMRN" time="5.914" classname="com.focus.testcases.SmokeDesignWorkFlowTest"/>
  <testcase name="checkLinkBetweenPurchaseVoucherAndMRN" time="10.224" classname="com.focus.testcases.SmokeDesignWorkFlowTest"/>
  <testcase name="verifySelectingSalesInvoicesfromVoucherlist" time="6.334" classname="com.focus.testcases.SmokeDesignWorkFlowTest"/>
  <testcase name="checkOkBetweenBetweenPurchaseOrdersAndPurchaseVoucher" time="5.923" classname="com.focus.testcases.SmokeDesignWorkFlowTest"/>
  <testcase name="verifySelectBaseAndLinkVouchersToDrag" time="9.112" classname="com.focus.testcases.SmokeDesignWorkFlowTest"/>
  <testcase name="verifyOkButtonWithoutSelectionOfMandatoryFields" time="3.920" classname="com.focus.testcases.SmokeDesignWorkFlowTest"/>
  <testcase name="verifyMovingSalesOrderToPosition" time="4.019" classname="com.focus.testcases.SmokeDesignWorkFlowTest"/>
  <testcase name="checkLinkBetweenPurchaseVoucherAndpurchaseReturns" time="11.388" classname="com.focus.testcases.SmokeDesignWorkFlowTest"/>
  <testcase name="verifyLinkandDeleteOptionsinPurchaseorders" time="5.914" classname="com.focus.testcases.SmokeDesignWorkFlowTest"/>
  <testcase name="checkOkBetweenBetweenSalesOrderAndSalesInvoices" time="3.765" classname="com.focus.testcases.SmokeDesignWorkFlowTest"/>
  <testcase name="verifySelectingDeliveryNotesfromVoucherlist" time="6.233" classname="com.focus.testcases.SmokeDesignWorkFlowTest"/>
  <testcase name="checkLinkandDeleteOptionsinPurchaseorders2" time="5.954" classname="com.focus.testcases.SmokeDesignWorkFlowTest"/>
  <testcase name="checkLinkBetweenSalesOrderAndSalesInvoice" time="6.298" classname="com.focus.testcases.SmokeDesignWorkFlowTest"/>
  <testcase name="checkEditingSavedPurchasesFlow" time="30.945" classname="com.focus.testcases.SmokeDesignWorkFlowTest"/>
  <testcase name="checkMappingBetweenMRNandPurchaseReturns" time="5.873" classname="com.focus.testcases.SmokeDesignWorkFlowTest"/>
  <testcase name="checkMappingBetweenMRtoPurchaseOrders" time="5.960" classname="com.focus.testcases.SmokeDesignWorkFlowTest"/>
  <testcase name="verifyLinkandDeleteOptionsinExcessinStocksAndSelectingLinkOption" time="6.179" classname="com.focus.testcases.SmokeDesignWorkFlowTest"/>
  <testcase name="verifyMovingExcessInStocksToPosition" time="6.081" classname="com.focus.testcases.SmokeDesignWorkFlowTest"/>
  <testcase name="checkOkBetweenBetweenSalesInvoiceNAndDeliveryNotes" time="3.857" classname="com.focus.testcases.SmokeDesignWorkFlowTest"/>
  <testcase name="checkLinkandDeleteOptionsinMRN" time="5.907" classname="com.focus.testcases.SmokeDesignWorkFlowTest"/>
  <testcase name="checkMappingFromSalesQuotationToExcessinStocks" time="5.789" classname="com.focus.testcases.SmokeDesignWorkFlowTest"/>
  <testcase name="checkLinkandDeleteOptionsinMR" time="5.952" classname="com.focus.testcases.SmokeDesignWorkFlowTest"/>
  <testcase name="checkMappingFromExcessinStocksToShortageinStocks" time="5.898" classname="com.focus.testcases.SmokeDesignWorkFlowTest"/>
  <testcase name="verifyLinkandDeleteOptionsinSalesInvoiceAndSelectingLinkOption" time="7.956" classname="com.focus.testcases.SmokeDesignWorkFlowTest"/>
  <testcase name="checkSelectingItemOptionBetweenSalesInvoiceNAndDeliveryNotes" time="6.136" classname="com.focus.testcases.SmokeDesignWorkFlowTest"/>
  <testcase name="verifySaveButtonInDesignWorkflowScreen" time="4.746" classname="com.focus.testcases.SmokeDesignWorkFlowTest"/>
  <testcase name="verifySelectingStockTransferfromVoucherlist" time="6.210" classname="com.focus.testcases.SmokeDesignWorkFlowTest"/>
  <testcase name="verifySelectingMRNfromVoucherlist" time="6.212" classname="com.focus.testcases.SmokeDesignWorkFlowTest"/>
  <testcase name="verifyLinkandDeleteOptionsinSalesOrdersAndSelectingLinkOption" time="7.292" classname="com.focus.testcases.SmokeDesignWorkFlowTest"/>
  <testcase name="checkOkBetweenMRandPurchaseOrders" time="5.968" classname="com.focus.testcases.SmokeDesignWorkFlowTest"/>
  <testcase name="checkSelectingPurchaseVoucherVatfromVoucherlist" time="6.378" classname="com.focus.testcases.SmokeDesignWorkFlowTest"/>
  <testcase name="verifySelectingShortageinStocksfromVoucherlist" time="6.207" classname="com.focus.testcases.SmokeDesignWorkFlowTest"/>
  <testcase name="checkOkBetweenBetweenPurchaseVoucherNAndMRN" time="6.003" classname="com.focus.testcases.SmokeDesignWorkFlowTest"/>
  <testcase name="checkLinkBetweenPurchaseOrderAndpurchaseVoucherVAT" time="8.401" classname="com.focus.testcases.SmokeDesignWorkFlowTest"/>
  <testcase name="checkLinkBetweenStockTransferToSalesInvoiceN" time="5.956" classname="com.focus.testcases.SmokeDesignWorkFlowTest"/>
  <testcase name="checkOkBetweenBetweenSalesInvoicesrAndSalesReturns" time="3.661" classname="com.focus.testcases.SmokeDesignWorkFlowTest"/>
  <testcase name="verifySelectingExcessInStocksfromVoucherlist" time="6.115" classname="com.focus.testcases.SmokeDesignWorkFlowTest"/>
  <testcase name="checkMappingFromExcessinStocksToStockTransfer" time="3.864" classname="com.focus.testcases.SmokeDesignWorkFlowTest"/>
</testsuite> <!-- com.focus.testcases.SmokeDesignWorkFlowTest -->
