<?xml version="1.0" encoding="UTF-8"?>
<!-- Generated by org.testng.reporters.JUnitReportReporter -->
<testsuite hostname="FOCUS-QA-11" name="com.focus.testcases.SmokeAcctsCustomizationTest" tests="32" failures="1" timestamp="11 Nov 2020 14:20:22 GMT" time="219.947" errors="0">
  <testcase name="checkOtherToolsOptionsAvailabilityInAccountMastersPage" time="4.652" classname="com.focus.testcases.SmokeAcctsCustomizationTest"/>
  <testcase name="checkReportsInCustomizeMaster" time="5.290" classname="com.focus.testcases.SmokeAcctsCustomizationTest"/>
  <testcase name="checkCreateTabsOptionsInCustomizeMaster" time="3.794" classname="com.focus.testcases.SmokeAcctsCustomizationTest"/>
  <testcase name="checkCloseBtnCustomizeMaster" time="5.316" classname="com.focus.testcases.SmokeAcctsCustomizationTest"/>
  <testcase name="checkMainOptionsAvailabilityInAccountMastersPage" time="2.530" classname="com.focus.testcases.SmokeAcctsCustomizationTest"/>
  <testcase name="checkHeaderBodyDetailsTabInCreateCreateTab" time="4.112" classname="com.focus.testcases.SmokeAcctsCustomizationTest"/>
  <testcase name="checkEditToUpdateCreatedFieldInCreateCreateTabDisplayInCustomizeTab" time="9.749" classname="com.focus.testcases.SmokeAcctsCustomizationTest"/>
  <testcase name="checkClickOnMastersMenuToDisplaySubMenu" time="3.954" classname="com.focus.testcases.SmokeAcctsCustomizationTest"/>
  <testcase name="checkDetailsTabInCustomizeMaster" time="4.652" classname="com.focus.testcases.SmokeAcctsCustomizationTest"/>
  <testcase name="checkClickOnHomeMenuToDisplaySubMenu" time="2.445" classname="com.focus.testcases.SmokeAcctsCustomizationTest"/>
  <testcase name="checkUniqueContraintCustomizeMaster" time="5.563" classname="com.focus.testcases.SmokeAcctsCustomizationTest"/>
  <testcase name="checkAddOptionToCreateExtraFieldInCreateTab" time="6.162" classname="com.focus.testcases.SmokeAcctsCustomizationTest"/>
  <testcase name="checkCreateTabEditOption" time="9.362" classname="com.focus.testcases.SmokeAcctsCustomizationTest"/>
  <testcase name="checkToolsOptionsAvailabilityInAccountMastersPage" time="3.163" classname="com.focus.testcases.SmokeAcctsCustomizationTest"/>
  <testcase name="checkCloseAndLogoutTheCompanyInAcctsCustomization" time="5.820" classname="com.focus.testcases.SmokeAcctsCustomizationTest"/>
  <testcase name="checkInfoPanelInCustomizeMaster" time="3.985" classname="com.focus.testcases.SmokeAcctsCustomizationTest"/>
  <testcase name="checkCustomizeMasterOptionInAccountsMasterPage" time="13.868" classname="com.focus.testcases.SmokeAcctsCustomizationTest"/>
  <testcase name="checkCreateTabAndDeleteOptionsInCustomizeMaster" time="3.860" classname="com.focus.testcases.SmokeAcctsCustomizationTest"/>
  <testcase name="checkSettingsTabInCustomizeMaster" time="4.868" classname="com.focus.testcases.SmokeAcctsCustomizationTest"/>
  <testcase name="checkGeneralTabOptionMainTabInCustomizeMaster" time="4.935" classname="com.focus.testcases.SmokeAcctsCustomizationTest"/>
  <testcase name="checkClickOnAccountsFromMastersSubMeu" time="13.368" classname="com.focus.testcases.SmokeAcctsCustomizationTest"/>
  <testcase name="checkCreateExtraFieldToDelete" time="19.721" classname="com.focus.testcases.SmokeAcctsCustomizationTest"/>
  <testcase name="checkExternalModulesInCustomizeMaster" time="4.084" classname="com.focus.testcases.SmokeAcctsCustomizationTest"/>
  <testcase name="checkAddOptionInCreateCreateTabDisplayInCustomizeTab" time="8.934" classname="com.focus.testcases.SmokeAcctsCustomizationTest"/>
  <testcase name="checkCreateCreateTabOptionsInCustomizeMaster" time="4.936" classname="com.focus.testcases.SmokeAcctsCustomizationTest"/>
  <testcase name="checkSignToCheckAccountsMasterCustomization" time="21.433" classname="com.focus.testcases.SmokeAcctsCustomizationTest"/>
  <testcase name="checkCloseOptionInCreateTab" time="4.223" classname="com.focus.testcases.SmokeAcctsCustomizationTest"/>
  <testcase name="checkClickOnCloseButtonInAccountMasterToCloseAccountsPage" time="3.436" classname="com.focus.testcases.SmokeAcctsCustomizationTest"/>
  <testcase name="checkConfirmmationMessageOnDeleteTabOptionForCreateTabDisplayInTabs" time="9.568" classname="com.focus.testcases.SmokeAcctsCustomizationTest">
    <failure type="java.lang.AssertionError" message="expected [true] but found [false]">
      <![CDATA[java.lang.AssertionError: expected [true] but found [false]
	at org.testng.Assert.fail(Assert.java:94)
	at org.testng.Assert.failNotEquals(Assert.java:513)
	at org.testng.Assert.assertEqualsImpl(Assert.java:135)
	at org.testng.Assert.assertEquals(Assert.java:116)
	at org.testng.Assert.assertEquals(Assert.java:305)
	at org.testng.Assert.assertEquals(Assert.java:315)
	at com.focus.testcases.SmokeAcctsCustomizationTest.checkConfirmmationMessageOnDeleteTabOptionForCreateTabDisplayInTabs(SmokeAcctsCustomizationTest.java:230)
	at sun.reflect.NativeMethodAccessorImpl.invoke0(Native Method)
	at sun.reflect.NativeMethodAccessorImpl.invoke(Unknown Source)
	at sun.reflect.DelegatingMethodAccessorImpl.invoke(Unknown Source)
	at java.lang.reflect.Method.invoke(Unknown Source)
	at org.testng.internal.MethodInvocationHelper.invokeMethod(MethodInvocationHelper.java:86)
	at org.testng.internal.Invoker.invokeMethod(Invoker.java:643)
	at org.testng.internal.Invoker.invokeTestMethod(Invoker.java:820)
	at org.testng.internal.Invoker.invokeTestMethods(Invoker.java:1128)
	at org.testng.internal.TestMethodWorker.invokeTestMethods(TestMethodWorker.java:129)
	at org.testng.internal.TestMethodWorker.run(TestMethodWorker.java:112)
	at org.testng.TestRunner.privateRun(TestRunner.java:782)
	at org.testng.TestRunner.run(TestRunner.java:632)
	at org.testng.SuiteRunner.runTest(SuiteRunner.java:366)
	at org.testng.SuiteRunner.runSequentially(SuiteRunner.java:361)
	at org.testng.SuiteRunner.privateRun(SuiteRunner.java:319)
	at org.testng.SuiteRunner.run(SuiteRunner.java:268)
	at org.testng.SuiteRunnerWorker.runSuite(SuiteRunnerWorker.java:52)
	at org.testng.SuiteRunnerWorker.run(SuiteRunnerWorker.java:86)
	at org.testng.TestNG.runSuitesSequentially(TestNG.java:1244)
	at org.testng.TestNG.runSuitesLocally(TestNG.java:1169)
	at org.testng.TestNG.run(TestNG.java:1064)
	at org.testng.remote.AbstractRemoteTestNG.run(AbstractRemoteTestNG.java:114)
	at org.testng.remote.RemoteTestNG.initAndRun(RemoteTestNG.java:251)
	at org.testng.remote.RemoteTestNG.main(RemoteTestNG.java:77)
]]>
    </failure>
  </testcase> <!-- checkConfirmmationMessageOnDeleteTabOptionForCreateTabDisplayInTabs -->
  <testcase name="checkOkButtonWithAllInputInCreateCreateTab" time="5.372" classname="com.focus.testcases.SmokeAcctsCustomizationTest"/>
  <testcase name="checkPrintLayoutTabInCustomizeMaster" time="5.312" classname="com.focus.testcases.SmokeAcctsCustomizationTest"/>
  <testcase name="checkRulesInCustomizeMaster" time="11.480" classname="com.focus.testcases.SmokeAcctsCustomizationTest"/>
</testsuite> <!-- com.focus.testcases.SmokeAcctsCustomizationTest -->
