<?xml version="1.0" encoding="UTF-8"?>
<!-- Generated by org.testng.reporters.JUnitReportReporter -->
<testsuite hostname="Focus-QA-4" name="com.focus.testcases.LogoutTest" tests="1" failures="0" timestamp="24 Sep 2019 06:48:46 GMT" time="1.110" errors="0">
  <testcase name="verifyLogout" time="1.110" classname="com.focus.testcases.LogoutTest"/>
</testsuite> <!-- com.focus.testcases.LogoutTest -->
