<?xml version="1.0" encoding="UTF-8"?>
<!-- Generated by org.testng.reporters.JUnitReportReporter -->
<testsuite hostname="Focus-QA-4" name="com.focus.testcases.HPFixedAssetsTest" tests="3" failures="0" timestamp="3 Jul 2019 06:59:37 GMT" time="3.076" errors="0">
  <testcase name="verifyTransactionMenuInFixedAssetsMenu" time="1.285" classname="com.focus.testcases.HPFixedAssetsTest"/>
  <testcase name="verifyFixedAssetsMenu" time="0.596" classname="com.focus.testcases.HPFixedAssetsTest"/>
  <testcase name="verifyReportsMenuInTransactionMenuInFixedAssetsMenu" time="1.195" classname="com.focus.testcases.HPFixedAssetsTest"/>
</testsuite> <!-- com.focus.testcases.HPFixedAssetsTest -->
