<?xml version="1.0" encoding="UTF-8"?>
<!-- Generated by org.testng.reporters.JUnitReportReporter -->
<testsuite hostname="FOCUS-QA-11" name="com.focus.testcases.SmokePreferencesTest" tests="84" failures="0" timestamp="11 Nov 2020 15:51:55 GMT" time="640.096" errors="0">
  <testcase name="checkSavingtheSaleandPurchaseRates" time="11.890" classname="com.focus.testcases.SmokePreferencesTest"/>
  <testcase name="checkProductionInPreferences" time="8.084" classname="com.focus.testcases.SmokePreferencesTest"/>
  <testcase name="verifyAvailbilityofRMA" time="3.729" classname="com.focus.testcases.SmokePreferencesTest"/>
  <testcase name="checkQualityControlInPreferences" time="4.371" classname="com.focus.testcases.SmokePreferencesTest"/>
  <testcase name="checkUpdatedFieldsinMailSettings" time="12.712" classname="com.focus.testcases.SmokePreferencesTest"/>
  <testcase name="verifyUpdateButtonInBatches" time="7.621" classname="com.focus.testcases.SmokePreferencesTest"/>
  <testcase name="verifySavingDependOnMaintainBillWiseFroARAPOptions" time="4.011" classname="com.focus.testcases.SmokePreferencesTest"/>
  <testcase name="verifyInputUnitsinTransactionsOption" time="3.797" classname="com.focus.testcases.SmokePreferencesTest"/>
  <testcase name="verifyLocalCurrencyOption" time="3.879" classname="com.focus.testcases.SmokePreferencesTest"/>
  <testcase name="checkEnableBatchExpiryOptions" time="4.057" classname="com.focus.testcases.SmokePreferencesTest"/>
  <testcase name="checkBudgetScreenUnderPreference" time="7.660" classname="com.focus.testcases.SmokePreferencesTest"/>
  <testcase name="checkSelectingAPTagAsDeparment" time="3.949" classname="com.focus.testcases.SmokePreferencesTest"/>
  <testcase name="verifyMiscellaneousOptions" time="5.528" classname="com.focus.testcases.SmokePreferencesTest"/>
  <testcase name="verifySMTPAddress" time="3.747" classname="com.focus.testcases.SmokePreferencesTest"/>
  <testcase name="checkUpdateButtonInBins" time="7.582" classname="com.focus.testcases.SmokePreferencesTest"/>
  <testcase name="checkTagsDefaultTagSettingsOption" time="6.595" classname="com.focus.testcases.SmokePreferencesTest"/>
  <testcase name="verifyUpdateOkButton" time="6.029" classname="com.focus.testcases.SmokePreferencesTest"/>
  <testcase name="verifyUpdateMRNstockvaluethroughPurchaseOption" time="3.971" classname="com.focus.testcases.SmokePreferencesTest"/>
  <testcase name="verifyEnableBinsOption" time="4.233" classname="com.focus.testcases.SmokePreferencesTest"/>
  <testcase name="checkUpdatebuttonARAP" time="9.347" classname="com.focus.testcases.SmokePreferencesTest"/>
  <testcase name="checkEnableSellingRateBuyingRateTag" time="9.004" classname="com.focus.testcases.SmokePreferencesTest"/>
  <testcase name="checkWarehouseMangementInPreferences" time="13.462" classname="com.focus.testcases.SmokePreferencesTest"/>
  <testcase name="verifyUpdateButtonInRMA" time="7.433" classname="com.focus.testcases.SmokePreferencesTest"/>
  <testcase name="checkLoginCompanyWithValidCredentials" time="18.238" classname="com.focus.testcases.SmokePreferencesTest"/>
  <testcase name="verifyInputingLocalCurrencyOption" time="4.375" classname="com.focus.testcases.SmokePreferencesTest"/>
  <testcase name="verifyUserSecureConnection" time="3.827" classname="com.focus.testcases.SmokePreferencesTest"/>
  <testcase name="checkPreferencesOption" time="7.467" classname="com.focus.testcases.SmokePreferencesTest"/>
  <testcase name="verifyAuthenticationType" time="5.150" classname="com.focus.testcases.SmokePreferencesTest"/>
  <testcase name="verifyAvailbilityofBins" time="3.762" classname="com.focus.testcases.SmokePreferencesTest"/>
  <testcase name="verifyInventoryOptions" time="4.470" classname="com.focus.testcases.SmokePreferencesTest"/>
  <testcase name="verifyIncludeReservestockinStockLedgerOption" time="3.804" classname="com.focus.testcases.SmokePreferencesTest"/>
  <testcase name="verifyARAPoptions" time="4.396" classname="com.focus.testcases.SmokePreferencesTest"/>
  <testcase name="checkUpdatingtheMailSettingsbyUpdatingEmailid" time="8.952" classname="com.focus.testcases.SmokePreferencesTest"/>
  <testcase name="checkINFOInPreferences" time="7.971" classname="com.focus.testcases.SmokePreferencesTest"/>
  <testcase name="verifyCloseButton" time="4.336" classname="com.focus.testcases.SmokePreferencesTest"/>
  <testcase name="verifyUpdateButtonInMailSettings" time="7.757" classname="com.focus.testcases.SmokePreferencesTest"/>
  <testcase name="checkSaveVATAccountsInPreferences" time="28.864" classname="com.focus.testcases.SmokePreferencesTest"/>
  <testcase name="verifyEnableRMASupportOption" time="3.970" classname="com.focus.testcases.SmokePreferencesTest"/>
  <testcase name="verifyOutgoingPort" time="5.277" classname="com.focus.testcases.SmokePreferencesTest"/>
  <testcase name="checkConfigureTransactionsMenu" time="10.553" classname="com.focus.testcases.SmokePreferencesTest"/>
  <testcase name="checkCreateVATInputAccountInPreferences" time="10.543" classname="com.focus.testcases.SmokePreferencesTest"/>
  <testcase name="verifyAvailbilityofBatch" time="3.695" classname="com.focus.testcases.SmokePreferencesTest"/>
  <testcase name="checkLetterForCreditInPreferences" time="6.016" classname="com.focus.testcases.SmokePreferencesTest"/>
  <testcase name="verifyPickCreditDayFromOptions" time="3.807" classname="com.focus.testcases.SmokePreferencesTest"/>
  <testcase name="checkEditAndSavingRateValues" time="16.855" classname="com.focus.testcases.SmokePreferencesTest"/>
  <testcase name="checkAvailbilityofPDCandPDCOptionsinPreference" time="5.728" classname="com.focus.testcases.SmokePreferencesTest"/>
  <testcase name="checkFixedAssetsInPreferences" time="6.420" classname="com.focus.testcases.SmokePreferencesTest"/>
  <testcase name="verifyDependOnMaintainBillWiseFroARAPOptions" time="3.795" classname="com.focus.testcases.SmokePreferencesTest"/>
  <testcase name="verifyEnableBatchNumbersOption" time="4.281" classname="com.focus.testcases.SmokePreferencesTest"/>
  <testcase name="verifyPassword" time="3.767" classname="com.focus.testcases.SmokePreferencesTest"/>
  <testcase name="checkMailSettings" time="5.517" classname="com.focus.testcases.SmokePreferencesTest"/>
  <testcase name="verifyEMail" time="3.866" classname="com.focus.testcases.SmokePreferencesTest"/>
  <testcase name="verifyEnableInventoryTag" time="5.894" classname="com.focus.testcases.SmokePreferencesTest"/>
  <testcase name="checkMRPInPreferences" time="7.211" classname="com.focus.testcases.SmokePreferencesTest"/>
  <testcase name="verifyUpdateInventoryOptions" time="1.509" classname="com.focus.testcases.SmokePreferencesTest"/>
  <testcase name="checkPronghornInPreferences" time="9.048" classname="com.focus.testcases.SmokePreferencesTest"/>
  <testcase name="checkUpdatedEmailid" time="8.367" classname="com.focus.testcases.SmokePreferencesTest"/>
  <testcase name="checkSelectingARTagAsDeparment" time="4.130" classname="com.focus.testcases.SmokePreferencesTest"/>
  <testcase name="verifyMiscellaneousInPreferences" time="3.714" classname="com.focus.testcases.SmokePreferencesTest"/>
  <testcase name="verifyARAPinPreferences" time="3.617" classname="com.focus.testcases.SmokePreferencesTest"/>
  <testcase name="checkSavedOptionsInPreferences" time="82.330" classname="com.focus.testcases.SmokePreferencesTest"/>
  <testcase name="verifyRMAOptions" time="3.855" classname="com.focus.testcases.SmokePreferencesTest"/>
  <testcase name="verifyAvailbilityofInventory" time="3.676" classname="com.focus.testcases.SmokePreferencesTest"/>
  <testcase name="checkAccountsinPreferences" time="6.808" classname="com.focus.testcases.SmokePreferencesTest"/>
  <testcase name="verifyEnableBins" time="3.919" classname="com.focus.testcases.SmokePreferencesTest"/>
  <testcase name="verifyTagsAfterSaveTags" time="13.461" classname="com.focus.testcases.SmokePreferencesTest"/>
  <testcase name="checkExternalModulesInPreferences" time="15.102" classname="com.focus.testcases.SmokePreferencesTest"/>
  <testcase name="verifyCloseButtonInMailSettings" time="4.019" classname="com.focus.testcases.SmokePreferencesTest"/>
  <testcase name="verifyEditTagsByUpdateOkButton" time="4.342" classname="com.focus.testcases.SmokePreferencesTest"/>
  <testcase name="checkAvailableOptionsInSettingsMenu" time="10.551" classname="com.focus.testcases.SmokePreferencesTest"/>
  <testcase name="verifyEnableAccountingTag" time="9.827" classname="com.focus.testcases.SmokePreferencesTest"/>
  <testcase name="checkPOSInPreferences" time="9.379" classname="com.focus.testcases.SmokePreferencesTest"/>
  <testcase name="verifyUpdatedTagsAfterUpdate" time="13.183" classname="com.focus.testcases.SmokePreferencesTest"/>
  <testcase name="verifyEditTagsByUpdateButton" time="5.706" classname="com.focus.testcases.SmokePreferencesTest"/>
  <testcase name="checkEnableOverDueCheckOptions" time="3.883" classname="com.focus.testcases.SmokePreferencesTest"/>
  <testcase name="checkUpdateOkbuttonMiscelleanous" time="6.419" classname="com.focus.testcases.SmokePreferencesTest"/>
  <testcase name="verifyUpdateButton" time="4.709" classname="com.focus.testcases.SmokePreferencesTest"/>
  <testcase name="checkVATInPreferences" time="9.029" classname="com.focus.testcases.SmokePreferencesTest"/>
  <testcase name="verifyEnableCreditLimitCheckOptions" time="4.040" classname="com.focus.testcases.SmokePreferencesTest"/>
  <testcase name="checkCloseAndLogoutTheCompany" time="4.272" classname="com.focus.testcases.SmokePreferencesTest"/>
  <testcase name="checkMastersOptioninthePreferences" time="4.939" classname="com.focus.testcases.SmokePreferencesTest"/>
  <testcase name="verifyReservation" time="3.812" classname="com.focus.testcases.SmokePreferencesTest"/>
  <testcase name="verifykMailSettings" time="5.593" classname="com.focus.testcases.SmokePreferencesTest"/>
  <testcase name="verifySMTPsettings" time="3.602" classname="com.focus.testcases.SmokePreferencesTest"/>
</testsuite> <!-- com.focus.testcases.SmokePreferencesTest -->
