<?xml version="1.0" encoding="UTF-8"?>
<!-- Generated by org.testng.reporters.JUnitReportReporter -->
<testsuite hostname="FOCUS-QA-11" name="com.focus.testcases.SmokeDepartmentTest" tests="28" failures="0" timestamp="11 Nov 2020 14:20:22 GMT" time="301.230" errors="0">
  <testcase name="checkDepartmentCreationAndClickOnCloseButtonToDisplayCreatedDepartmentInDisplayGrid" time="5.486" classname="com.focus.testcases.SmokeDepartmentTest"/>
  <testcase name="checkDepartmentsMasterPageIsDisplayByClickOnDepartmentsMenu" time="5.754" classname="com.focus.testcases.SmokeDepartmentTest"/>
  <testcase name="checkInputNameCodeLocalCurrencyFieldsInDepartmentCreationPage" time="11.734" classname="com.focus.testcases.SmokeDepartmentTest"/>
  <testcase name="checkSaveDepartment" time="14.598" classname="com.focus.testcases.SmokeDepartmentTest"/>
  <testcase name="checkHideUnitGroupOptionsAvailableInDepartmentMastersPage" time="4.005" classname="com.focus.testcases.SmokeDepartmentTest"/>
  <testcase name="checkClickOnSaveByUpdatingMasterAndDisplayDepartmentDisplayInGrid" time="6.538" classname="com.focus.testcases.SmokeDepartmentTest"/>
  <testcase name="checkClickOnSaveButtonInDepartmentCreationPage" time="2.844" classname="com.focus.testcases.SmokeDepartmentTest"/>
  <testcase name="checkDeleteDepartmentMaster" time="7.140" classname="com.focus.testcases.SmokeDepartmentTest"/>
  <testcase name="checkSearchOptionAvailableInDepartmentMastersPage" time="3.948" classname="com.focus.testcases.SmokeDepartmentTest"/>
  <testcase name="checkDepartmentMastersDisplayTableColumnValuesAvailableInDepartmentMastersPage" time="85.313" classname="com.focus.testcases.SmokeDepartmentTest"/>
  <testcase name="checkNameCodeAndCurrencyOptionForNewlyCreatedDepartmentThroughEdit" time="5.289" classname="com.focus.testcases.SmokeDepartmentTest"/>
  <testcase name="checkHeaderFieldsOptionsAvailableInDepartmentMastersPage" time="7.190" classname="com.focus.testcases.SmokeDepartmentTest"/>
  <testcase name="checkUnHideUnitsGroupOptionsAvailableInDepartmentMastersPage" time="4.148" classname="com.focus.testcases.SmokeDepartmentTest"/>
  <testcase name="checkClickOnEditForNewlyCreatedDepartment" time="2.444" classname="com.focus.testcases.SmokeDepartmentTest"/>
  <testcase name="checkDepartmentMastersDisplayTableColumnNamesAvailableInDepartmentMastersPage" time="3.967" classname="com.focus.testcases.SmokeDepartmentTest"/>
  <testcase name="checkDeleteMasterDisplayInGroup" time="43.876" classname="com.focus.testcases.SmokeDepartmentTest"/>
  <testcase name="checkUpatingNameCodeCurrencyForNewlyCreateDepartment" time="15.147" classname="com.focus.testcases.SmokeDepartmentTest"/>
  <testcase name="checkTreeViewOptionsAvailableInDepartmentsMastersPage" time="5.539" classname="com.focus.testcases.SmokeDepartmentTest"/>
  <testcase name="checkSignToCheckDepartmentMastersPage" time="20.558" classname="com.focus.testcases.SmokeDepartmentTest"/>
  <testcase name="checkMainOptionsAvailabilityInDepartmentsMasterPage" time="4.224" classname="com.focus.testcases.SmokeDepartmentTest"/>
  <testcase name="checkDisplayOfGroupAvailableTreeStructureLeftPageDepartmentsMasterPage" time="3.871" classname="com.focus.testcases.SmokeDepartmentTest"/>
  <testcase name="checkOtherToolsOptionsAvailabilityInDepartmentMastersPageOnClickRibbonControlNextButton" time="4.348" classname="com.focus.testcases.SmokeDepartmentTest"/>
  <testcase name="checkCloseDepartmentMaster" time="5.482" classname="com.focus.testcases.SmokeDepartmentTest"/>
  <testcase name="checkToolsOptionsAvailabilityOnClickMasterRibbonToExpandOptionsInDepartmentMastersPage" time="6.820" classname="com.focus.testcases.SmokeDepartmentTest"/>
  <testcase name="checkCreateViewToggleOptionsAvailableInDepartmentMastersPage" time="4.137" classname="com.focus.testcases.SmokeDepartmentTest"/>
  <testcase name="checkLogoutInDepartmentMasterPage" time="4.619" classname="com.focus.testcases.SmokeDepartmentTest"/>
  <testcase name="checkClickOnNewButtonInDepartmentMasterPage" time="7.981" classname="com.focus.testcases.SmokeDepartmentTest"/>
  <testcase name="checkCreateTreeToggleOptionsAvailableInDepartmentMastersPage" time="4.230" classname="com.focus.testcases.SmokeDepartmentTest"/>
</testsuite> <!-- com.focus.testcases.SmokeDepartmentTest -->
