<?xml version="1.0" encoding="UTF-8"?>
<!-- Generated by org.testng.reporters.JUnitReportReporter -->
<testsuite hostname="Focus-QA-4" name="com.focus.testcases.CreateCompanyLoginTest" tests="1" failures="0" timestamp="18 Apr 2019 08:56:33 GMT" time="11.139" errors="0">
  <testcase name="companyOne" time="11.139" classname="com.focus.testcases.CreateCompanyLoginTest"/>
</testsuite> <!-- com.focus.testcases.CreateCompanyLoginTest -->
