<?xml version="1.0" encoding="UTF-8"?>
<!-- Generated by org.testng.reporters.JUnitReportReporter -->
<testsuite hostname="FOCUS-QA-11" name="com.focus.testcases.HPWrapperLayoutTest" tests="19" failures="0" timestamp="11 Nov 2020 14:20:22 GMT" time="131.294" errors="0">
  <testcase name="verifySaveSameInputOldPasswordNewPassword" time="4.744" classname="com.focus.testcases.HPWrapperLayoutTest"/>
  <testcase name="verifyClickOnAbout" time="3.736" classname="com.focus.testcases.HPWrapperLayoutTest"/>
  <testcase name="verifySearchOptionByInputingEditCompany" time="2.691" classname="com.focus.testcases.HPWrapperLayoutTest"/>
  <testcase name="verifyRecentMenu" time="2.450" classname="com.focus.testcases.HPWrapperLayoutTest"/>
  <testcase name="verifySelectEditCompanyFromSearch" time="11.378" classname="com.focus.testcases.HPWrapperLayoutTest"/>
  <testcase name="verifySaveWithInvalidOldPassword" time="2.837" classname="com.focus.testcases.HPWrapperLayoutTest"/>
  <testcase name="verifyLoginAfterChangePasswordChangePasswordAndLogout" time="31.040" classname="com.focus.testcases.HPWrapperLayoutTest"/>
  <testcase name="verifyCloseBtnInChangePasswordAndCheckLogout" time="24.351" classname="com.focus.testcases.HPWrapperLayoutTest"/>
  <testcase name="verifySaveWithMissmatchInputNewPasswordConfirmPassword" time="2.779" classname="com.focus.testcases.HPWrapperLayoutTest"/>
  <testcase name="verifyAvailabilityOptionsInAboutIdQuickAccessMenu" time="7.457" classname="com.focus.testcases.HPWrapperLayoutTest"/>
  <testcase name="verifySaveWithoutInputNewPasswordMandatoryFields" time="2.509" classname="com.focus.testcases.HPWrapperLayoutTest"/>
  <testcase name="verifySaveWithoutInputMandatoryFields" time="2.497" classname="com.focus.testcases.HPWrapperLayoutTest"/>
  <testcase name="verifyAvailabilityOptionsInWrapperLayout" time="8.779" classname="com.focus.testcases.HPWrapperLayoutTest"/>
  <testcase name="verifyCloseEditCompanyPageClickOnCancelButton" time="1.017" classname="com.focus.testcases.HPWrapperLayoutTest"/>
  <testcase name="verifyAlertByUpdatingCompanyClickOnOkButton" time="7.329" classname="com.focus.testcases.HPWrapperLayoutTest"/>
  <testcase name="verifyChangePassword" time="7.478" classname="com.focus.testcases.HPWrapperLayoutTest"/>
  <testcase name="verifyUserInfo" time="2.736" classname="com.focus.testcases.HPWrapperLayoutTest"/>
  <testcase name="verifySaveWithoutInputConfirmPasswordMandatoryFields" time="2.699" classname="com.focus.testcases.HPWrapperLayoutTest"/>
  <testcase name="verifySaveWithValidInputOldNewConfirmPassowrd" time="2.787" classname="com.focus.testcases.HPWrapperLayoutTest"/>
</testsuite> <!-- com.focus.testcases.HPWrapperLayoutTest -->
