<?xml version="1.0" encoding="UTF-8"?>
<!-- Generated by org.testng.reporters.JUnitReportReporter -->
<testsuite hostname="FOCUS-QA-11" name="com.focus.testcases.SmokeDCTest" tests="93" failures="1" timestamp="11 Nov 2020 15:51:55 GMT" time="1360.369" errors="0">
  <testcase name="checkDeleteDocumentintheSalesInvoiceVoucher" time="112.342" classname="com.focus.testcases.SmokeDCTest"/>
  <testcase name="checkDeleteoptionInFooterTabEditScreeninPurchaseVoucher" time="82.673" classname="com.focus.testcases.SmokeDCTest"/>
  <testcase name="checkLoadFieldsDropdownOptionsinFooterTab" time="2.237" classname="com.focus.testcases.SmokeDCTest"/>
  <testcase name="checkCreatingNewVoucherInPostDatedRecepits" time="32.467" classname="com.focus.testcases.SmokeDCTest"/>
  <testcase name="checkRulesTabOptionsInEditLayoutBody" time="3.360" classname="com.focus.testcases.SmokeDCTest"/>
  <testcase name="checkCreatingNewVoucherDebitNotesVAT" time="34.837" classname="com.focus.testcases.SmokeDCTest"/>
  <testcase name="checkCreatingNewVoucherSalesInvoiceNew" time="38.604" classname="com.focus.testcases.SmokeDCTest"/>
  <testcase name="verifyDocumentCustomizationOptions" time="4.086" classname="com.focus.testcases.SmokeDCTest"/>
  <testcase name="checkSalesReturnInDocumentCustomization" time="30.629" classname="com.focus.testcases.SmokeDCTest"/>
  <testcase name="checkPurchaseReturnInDocumentCustomization" time="55.402" classname="com.focus.testcases.SmokeDCTest"/>
  <testcase name="checkBehaviourOptions" time="2.267" classname="com.focus.testcases.SmokeDCTest"/>
  <testcase name="checkTagsCurrencyAndDueDateOfSalesInvoice" time="64.284" classname="com.focus.testcases.SmokeDCTest"/>
  <testcase name="checkEditTheReceiptsNewVoucherByDeleteTagOptionInDocumentsTab" time="6.114" classname="com.focus.testcases.SmokeDCTest"/>
  <testcase name="checkCreatingNewVoucherOpeningBalance" time="28.617" classname="com.focus.testcases.SmokeDCTest"/>
  <testcase name="checkFooterTabEditScreenInPurchaseVoucher" time="2.415" classname="com.focus.testcases.SmokeDCTest"/>
  <testcase name="checkJournalEnteries" time="22.839" classname="com.focus.testcases.SmokeDCTest"/>
  <testcase name="checksUpdateButtoInPostDatedReceiptsNewVoucher" time="11.317" classname="com.focus.testcases.SmokeDCTest"/>
  <testcase name="checkExternalModulesTabOptionsInEditLayoutHeader" time="3.511" classname="com.focus.testcases.SmokeDCTest"/>
  <testcase name="checkEditScreenOptionsInPurchaseVoucher" time="4.128" classname="com.focus.testcases.SmokeDCTest"/>
  <testcase name="checkFDSavingInFooterTabUpdateMaterialReceiptNotes" time="3.074" classname="com.focus.testcases.SmokeDCTest"/>
  <testcase name="checkLoadFieldOptionsInMaterialreceiptNotes" time="2.385" classname="com.focus.testcases.SmokeDCTest"/>
  <testcase name="checkUpdateStockUncheckInMiscellaneousTabInPurchaseVoucher" time="2.870" classname="com.focus.testcases.SmokeDCTest"/>
  <testcase name="checkFormattingTabOptionsInEditLayoutHeader" time="3.498" classname="com.focus.testcases.SmokeDCTest"/>
  <testcase name="checkApplybuttonintheCreationFieldwithEmpty" time="2.424" classname="com.focus.testcases.SmokeDCTest"/>
  <testcase name="checkClickOnLoadFiledsOptionInEditScreenBodyTab" time="2.403" classname="com.focus.testcases.SmokeDCTest"/>
  <testcase name="checkExcessInStock" time="28.304" classname="com.focus.testcases.SmokeDCTest"/>
  <testcase name="checkLoadFieldsEditScreenBodyTabMaterialReceiptsNotes" time="3.412" classname="com.focus.testcases.SmokeDCTest"/>
  <testcase name="checkOpeningBalanceVoucher" time="32.496" classname="com.focus.testcases.SmokeDCTest"/>
  <testcase name="checkopeningStocksVoucher" time="23.759" classname="com.focus.testcases.SmokeDCTest"/>
  <testcase name="checkApplyButtonInEdtitLayoutHeader" time="4.427" classname="com.focus.testcases.SmokeDCTest"/>
  <testcase name="checkPropertiesTabOptionsInEditLayoutHeader" time="3.490" classname="com.focus.testcases.SmokeDCTest"/>
  <testcase name="checkCreatingNewVoucherCreditNotesVAT" time="38.907" classname="com.focus.testcases.SmokeDCTest"/>
  <testcase name="checkSavingFieldsinFooterTabEditScreeninPurchaseVoucher" time="3.440" classname="com.focus.testcases.SmokeDCTest"/>
  <testcase name="checkAddFieldRDInBodyaddingField" time="4.950" classname="com.focus.testcases.SmokeDCTest"/>
  <testcase name="checkFooterTabApplybuttonintheCreationField" time="2.396" classname="com.focus.testcases.SmokeDCTest"/>
  <testcase name="checkLoadFieldsinFooterTabinMaterialReceiptsNotes" time="2.301" classname="com.focus.testcases.SmokeDCTest"/>
  <testcase name="checkDeleteFieldOptionsInReceiptsNewVoucherHeaderEditLayout" time="3.987" classname="com.focus.testcases.SmokeDCTest"/>
  <testcase name="checkCreateNewDocumentintheSalesOrderVoucher" time="39.201" classname="com.focus.testcases.SmokeDCTest"/>
  <testcase name="checkBudgetOptionsEnableWithSearchOption" time="54.195" classname="com.focus.testcases.SmokeDCTest"/>
  <testcase name="checkRatePreloadValue" time="2.235" classname="com.focus.testcases.SmokeDCTest"/>
  <testcase name="checkEditoptionEditScreeninPurchaseVoucher" time="3.794" classname="com.focus.testcases.SmokeDCTest"/>
  <testcase name="checkFormualaBodyaddingFieldInMaterialReceiptNotes" time="2.752" classname="com.focus.testcases.SmokeDCTest"/>
  <testcase name="checkLoginCompanyWithValidCredentials" time="10.279" classname="com.focus.testcases.SmokeDCTest"/>
  <testcase name="checkCreatingNewVoucherInPostDatedPaymets" time="40.613" classname="com.focus.testcases.SmokeDCTest"/>
  <testcase name="checkCreatingNewVoucherjournalEntries" time="22.247" classname="com.focus.testcases.SmokeDCTest"/>
  <testcase name="checkAddFieldOptionsInReceiptsNewVoucherHeaderEditLayout" time="3.971" classname="com.focus.testcases.SmokeDCTest"/>
  <testcase name="checkFormattingTabOptionsInEditLayoutBody" time="3.473" classname="com.focus.testcases.SmokeDCTest"/>
  <testcase name="checkEditFieldOptionsInReceiptsNewVoucherHeaderEditLayout" time="3.702" classname="com.focus.testcases.SmokeDCTest"/>
  <testcase name="checkCreatingNewVoucherExcessInStock" time="76.293" classname="com.focus.testcases.SmokeDCTest"/>
  <testcase name="verifyDocumentCustomization" time="3.285" classname="com.focus.testcases.SmokeDCTest"/>
  <testcase name="checkDocumentsTabInReceipts" time="5.270" classname="com.focus.testcases.SmokeDCTest"/>
  <testcase name="checkApplybuttonintheCreationFieldwithinputingdata" time="3.555" classname="com.focus.testcases.SmokeDCTest"/>
  <testcase name="checkAddButtonOptionsInPurchaseVoucher" time="2.928" classname="com.focus.testcases.SmokeDCTest"/>
  <testcase name="checksUpdateButtoInPostDatedPaymentsNewVoucher" time="11.180" classname="com.focus.testcases.SmokeDCTest"/>
  <testcase name="checkFieldDetailsTabOptionsEditLayoutHeader" time="2.376" classname="com.focus.testcases.SmokeDCTest"/>
  <testcase name="checkDocumentTagsInMaterialReceiptNotes" time="3.841" classname="com.focus.testcases.SmokeDCTest"/>
  <testcase name="checkCreatingNewVoucherSalesInvoicVAT" time="49.318" classname="com.focus.testcases.SmokeDCTest"/>
  <testcase name="checkCloseAndLogoutTheCompany" time="4.183" classname="com.focus.testcases.SmokeDCTest"/>
  <testcase name="checkEditLayoutInReceiptsNewVoucher" time="3.593" classname="com.focus.testcases.SmokeDCTest"/>
  <testcase name="checkEditFieldOptionsInReceiptsNewVoucherEditLayoutBody" time="3.803" classname="com.focus.testcases.SmokeDCTest"/>
  <testcase name="checkDeleteFieldOptionsInReceiptsNewVoucherEditLayoutBody" time="3.962" classname="com.focus.testcases.SmokeDCTest"/>
  <testcase name="checkEditLayoutBodyLoadFieldInPaymentVoucher" time="16.292" classname="com.focus.testcases.SmokeDCTest"/>
  <testcase name="checkMiscellaneousTabInReceiptNewVoucher" time="2.523" classname="com.focus.testcases.SmokeDCTest"/>
  <testcase name="CheckAddFieldInEditLayoutBodyOfReceiptsNewVoucher" time="2.809" classname="com.focus.testcases.SmokeDCTest"/>
  <testcase name="checkDeleteoptionEditscreeninPurchasevoucher" time="4.609" classname="com.focus.testcases.SmokeDCTest"/>
  <testcase name="checkUpdatebuttonInEditScreenOfPurchaseVoucher" time="3.082" classname="com.focus.testcases.SmokeDCTest"/>
  <testcase name="checkExternalModulesTabOptionsInEditLayoutBody" time="3.467" classname="com.focus.testcases.SmokeDCTest"/>
  <testcase name="checkEditingTagsMasterSalesOrders" time="36.330" classname="com.focus.testcases.SmokeDCTest"/>
  <testcase name="checkMasterValues" time="2.381" classname="com.focus.testcases.SmokeDCTest"/>
  <testcase name="checkVouchersInLoadMastersOfPaymentNewVoucherType" time="9.422" classname="com.focus.testcases.SmokeDCTest">
    <failure type="java.lang.AssertionError" message="expected [true] but found [false]">
      <![CDATA[java.lang.AssertionError: expected [true] but found [false]
	at org.testng.Assert.fail(Assert.java:94)
	at org.testng.Assert.failNotEquals(Assert.java:513)
	at org.testng.Assert.assertEqualsImpl(Assert.java:135)
	at org.testng.Assert.assertEquals(Assert.java:116)
	at org.testng.Assert.assertEquals(Assert.java:305)
	at org.testng.Assert.assertEquals(Assert.java:315)
	at com.focus.testcases.SmokeDCTest.checkVouchersInLoadMastersOfPaymentNewVoucherType(SmokeDCTest.java:260)
	at sun.reflect.NativeMethodAccessorImpl.invoke0(Native Method)
	at sun.reflect.NativeMethodAccessorImpl.invoke(Unknown Source)
	at sun.reflect.DelegatingMethodAccessorImpl.invoke(Unknown Source)
	at java.lang.reflect.Method.invoke(Unknown Source)
	at org.testng.internal.MethodInvocationHelper.invokeMethod(MethodInvocationHelper.java:86)
	at org.testng.internal.Invoker.invokeMethod(Invoker.java:643)
	at org.testng.internal.Invoker.invokeTestMethod(Invoker.java:820)
	at org.testng.internal.Invoker.invokeTestMethods(Invoker.java:1128)
	at org.testng.internal.TestMethodWorker.invokeTestMethods(TestMethodWorker.java:129)
	at org.testng.internal.TestMethodWorker.run(TestMethodWorker.java:112)
	at org.testng.TestRunner.privateRun(TestRunner.java:782)
	at org.testng.TestRunner.run(TestRunner.java:632)
	at org.testng.SuiteRunner.runTest(SuiteRunner.java:366)
	at org.testng.SuiteRunner.runSequentially(SuiteRunner.java:361)
	at org.testng.SuiteRunner.privateRun(SuiteRunner.java:319)
	at org.testng.SuiteRunner.run(SuiteRunner.java:268)
	at org.testng.SuiteRunnerWorker.runSuite(SuiteRunnerWorker.java:52)
	at org.testng.SuiteRunnerWorker.run(SuiteRunnerWorker.java:86)
	at org.testng.TestNG.runSuitesSequentially(TestNG.java:1244)
	at org.testng.TestNG.runSuitesLocally(TestNG.java:1169)
	at org.testng.TestNG.run(TestNG.java:1064)
	at org.testng.remote.AbstractRemoteTestNG.run(AbstractRemoteTestNG.java:114)
	at org.testng.remote.RemoteTestNG.initAndRun(RemoteTestNG.java:251)
	at org.testng.remote.RemoteTestNG.main(RemoteTestNG.java:77)
]]>
    </failure>
  </testcase> <!-- checkVouchersInLoadMastersOfPaymentNewVoucherType -->
  <testcase name="checkCreatingNewVoucherPurchaseVoucheVAT" time="45.832" classname="com.focus.testcases.SmokeDCTest"/>
  <testcase name="checkPropertiesTabOptionsInEditLayoutBody" time="3.504" classname="com.focus.testcases.SmokeDCTest"/>
  <testcase name="checkFieldDetailsTabOptionsEditLayoutBody" time="2.413" classname="com.focus.testcases.SmokeDCTest"/>
  <testcase name="checkMiscellaneousTabInPaymentNewVoucher" time="7.576" classname="com.focus.testcases.SmokeDCTest"/>
  <testcase name="checkLoadFieldsDropdownListsInEditScreenBodyTab" time="2.275" classname="com.focus.testcases.SmokeDCTest"/>
  <testcase name="checkSalesOrderVoucherInDocumentCustomization" time="23.530" classname="com.focus.testcases.SmokeDCTest"/>
  <testcase name="checkRulesTabOptionsInEditLayoutHeader" time="3.448" classname="com.focus.testcases.SmokeDCTest"/>
  <testcase name="checkLoadMastersOptionInPaymentNewVoucher" time="16.172" classname="com.focus.testcases.SmokeDCTest"/>
  <testcase name="checkselectingPurchseVoucherFromLoadFieldsDropdownFooterTab" time="2.382" classname="com.focus.testcases.SmokeDCTest"/>
  <testcase name="checkCreateNewVoucherOnSelectionOfReceipts" time="9.154" classname="com.focus.testcases.SmokeDCTest"/>
  <testcase name="checksUpdateButtonInPaymentsNewVoucher" time="4.306" classname="com.focus.testcases.SmokeDCTest"/>
  <testcase name="checkFooterTabinEditScreenInMaterialReceiptsNotes" time="2.353" classname="com.focus.testcases.SmokeDCTest"/>
  <testcase name="checkEditoptionInFooterTabEditScreeninPurchaseVoucher" time="3.833" classname="com.focus.testcases.SmokeDCTest"/>
  <testcase name="checksUpdateButtonInReceiptsNewVoucher" time="4.378" classname="com.focus.testcases.SmokeDCTest"/>
  <testcase name="checkRDBodyFieldInMaterialReceiptNotes" time="2.541" classname="com.focus.testcases.SmokeDCTest"/>
  <testcase name="checkAddFieldFDInFooterField" time="4.362" classname="com.focus.testcases.SmokeDCTest"/>
  <testcase name="checkEditLayoutHeaderLoadFieldInPaymentVoucher" time="13.632" classname="com.focus.testcases.SmokeDCTest"/>
  <testcase name="checkselectingPurchseVoucherFromLoadFieldsDropdownBodyTab" time="2.368" classname="com.focus.testcases.SmokeDCTest"/>
  <testcase name="checkFooterTabAddbuttoninEditScreeninPurchaseVoucher" time="2.944" classname="com.focus.testcases.SmokeDCTest"/>
  <testcase name="checkFooterTabOptionsEditScreeninPurchaseVoucher" time="2.315" classname="com.focus.testcases.SmokeDCTest"/>
  <testcase name="checkApplyButtonInEdtitLayoutBody" time="4.179" classname="com.focus.testcases.SmokeDCTest"/>
  <testcase name="checkDocumentTagsInPurchaseVoucher" time="6.540" classname="com.focus.testcases.SmokeDCTest"/>
  <testcase name="checkShortageStock" time="38.716" classname="com.focus.testcases.SmokeDCTest"/>
</testsuite> <!-- com.focus.testcases.SmokeDCTest -->
