<?xml version="1.0" encoding="UTF-8"?>
<!-- Generated by org.testng.reporters.JUnitReportReporter -->
<testsuite hostname="Focus-QA-4" name="com.focus.testcases.VouchersTest" tests="8" failures="0" timestamp="3 Dec 2019 14:37:01 GMT" time="115.575" errors="0">
  <testcase name="checkSavedVoucherSalesInvoiceOnClickOnPreviousBtn" time="9.389" classname="com.focus.testcases.VouchersTest"/>
  <testcase name="checkSalesVoucherNewHomePage" time="7.823" classname="com.focus.testcases.VouchersTest"/>
  <testcase name="checkLoginToCheckTransactionAuthorization" time="12.938" classname="com.focus.testcases.VouchersTest"/>
  <testcase name="checkNewVoucherBatchScreenToDisplayBlankAfterConsumeQty" time="40.780" classname="com.focus.testcases.VouchersTest"/>
  <testcase name="checkCancelButtonInTheNewVoucher" time="4.388" classname="com.focus.testcases.VouchersTest"/>
  <testcase name="checkEditPrviousSavedVoucherInputSixthRowQtyOnInputOfFQ" time="17.338" classname="com.focus.testcases.VouchersTest"/>
  <testcase name="checkPreviousOptionInSalesInvoice" time="8.869" classname="com.focus.testcases.VouchersTest"/>
  <testcase name="checkEditPrviousSavedVoucherSixthRowInputValuesInputOnlyFQ" time="14.050" classname="com.focus.testcases.VouchersTest"/>
</testsuite> <!-- com.focus.testcases.VouchersTest -->
