<?xml version="1.0" encoding="UTF-8"?>
<!-- Generated by org.testng.reporters.JUnitReportReporter -->
<testsuite hostname="Focus-QA-4" name="com.focus.testcases.HPMenusTest" tests="21" failures="0" timestamp="1 Jul 2019 10:19:48 GMT" time="38.201" errors="0">
  <testcase name="verifyInterCompanyMenuInCompanyMenu" time="0.940" classname="com.focus.testcases.HPMenusTest"/>
  <testcase name="verifyYearEndProcessMenuInCompanyMenu" time="0.979" classname="com.focus.testcases.HPMenusTest"/>
  <testcase name="verifyProductMasterInMastersMenu" time="1.033" classname="com.focus.testcases.HPMenusTest"/>
  <testcase name="verifyGiftVoucherInPointOfSaleMasterMenu" time="0.944" classname="com.focus.testcases.HPMenusTest"/>
  <testcase name="verifyDataMangementInCompanyMenu" time="1.041" classname="com.focus.testcases.HPMenusTest"/>
  <testcase name="verifyCurrencyMasterInMastersMenu" time="0.919" classname="com.focus.testcases.HPMenusTest"/>
  <testcase name="verifyQCMasterInMastersMenu" time="0.905" classname="com.focus.testcases.HPMenusTest"/>
  <testcase name="verifyMemberMasterInPointOfSaleMasterMenu" time="1.051" classname="com.focus.testcases.HPMenusTest"/>
  <testcase name="verifyDiscountVoucherInPointOfSaleMasterMenu" time="0.976" classname="com.focus.testcases.HPMenusTest"/>
  <testcase name="verifyUtilitiesInCompanyMenu" time="1.298" classname="com.focus.testcases.HPMenusTest"/>
  <testcase name="verifyPointOfSaleMasterInMastersMenu" time="1.103" classname="com.focus.testcases.HPMenusTest"/>
  <testcase name="verifyPayrollMenuMasterMenu" time="8.772" classname="com.focus.testcases.HPMenusTest"/>
  <testcase name="verifyCompanyMenuInHomeMenu" time="1.087" classname="com.focus.testcases.HPMenusTest"/>
  <testcase name="verifyMastersInCompanyMenu" time="1.318" classname="com.focus.testcases.HPMenusTest"/>
  <testcase name="verifyTableManagementInPointOfSaleMasterMenu" time="1.002" classname="com.focus.testcases.HPMenusTest"/>
  <testcase name="verifyMaintainanceMasterInMastersMenu" time="0.883" classname="com.focus.testcases.HPMenusTest"/>
  <testcase name="verifyHomeMenu" time="0.426" classname="com.focus.testcases.HPMenusTest"/>
  <testcase name="verifyNewCompanyMenuInCompanyMenu" time="0.899" classname="com.focus.testcases.HPMenusTest"/>
  <testcase name="verifySecurityInCompanyMenu" time="1.208" classname="com.focus.testcases.HPMenusTest"/>
  <testcase name="verifyHomePageMenusAfterChangePassword" time="10.393" classname="com.focus.testcases.HPMenusTest"/>
  <testcase name="verifyMRPMasterInMastersMenu" time="1.024" classname="com.focus.testcases.HPMenusTest"/>
</testsuite> <!-- com.focus.testcases.HPMenusTest -->
