<?xml version="1.0" encoding="UTF-8"?>
<!-- Generated by org.testng.reporters.JUnitReportReporter -->
<testsuite hostname="FOCUS-QA-11" name="com.focus.testcases.SmokeBinsTest" tests="26" failures="1" timestamp="11 Nov 2020 14:20:22 GMT" time="287.603" errors="0">
  <testcase name="checkSignToCheckBinsMastersPage" time="87.604" classname="com.focus.testcases.SmokeBinsTest">
    <failure type="java.lang.AssertionError" message="expected [true] but found [false]">
      <![CDATA[java.lang.AssertionError: expected [true] but found [false]
	at org.testng.Assert.fail(Assert.java:94)
	at org.testng.Assert.failNotEquals(Assert.java:513)
	at org.testng.Assert.assertEqualsImpl(Assert.java:135)
	at org.testng.Assert.assertEquals(Assert.java:116)
	at org.testng.Assert.assertEquals(Assert.java:305)
	at org.testng.Assert.assertEquals(Assert.java:315)
	at com.focus.testcases.SmokeBinsTest.checkSignToCheckBinsMastersPage(SmokeBinsTest.java:23)
	at sun.reflect.NativeMethodAccessorImpl.invoke0(Native Method)
	at sun.reflect.NativeMethodAccessorImpl.invoke(Unknown Source)
	at sun.reflect.DelegatingMethodAccessorImpl.invoke(Unknown Source)
	at java.lang.reflect.Method.invoke(Unknown Source)
	at org.testng.internal.MethodInvocationHelper.invokeMethod(MethodInvocationHelper.java:86)
	at org.testng.internal.Invoker.invokeMethod(Invoker.java:643)
	at org.testng.internal.Invoker.invokeTestMethod(Invoker.java:820)
	at org.testng.internal.Invoker.invokeTestMethods(Invoker.java:1128)
	at org.testng.internal.TestMethodWorker.invokeTestMethods(TestMethodWorker.java:129)
	at org.testng.internal.TestMethodWorker.run(TestMethodWorker.java:112)
	at org.testng.TestRunner.privateRun(TestRunner.java:782)
	at org.testng.TestRunner.run(TestRunner.java:632)
	at org.testng.SuiteRunner.runTest(SuiteRunner.java:366)
	at org.testng.SuiteRunner.runSequentially(SuiteRunner.java:361)
	at org.testng.SuiteRunner.privateRun(SuiteRunner.java:319)
	at org.testng.SuiteRunner.run(SuiteRunner.java:268)
	at org.testng.SuiteRunnerWorker.runSuite(SuiteRunnerWorker.java:52)
	at org.testng.SuiteRunnerWorker.run(SuiteRunnerWorker.java:86)
	at org.testng.TestNG.runSuitesSequentially(TestNG.java:1244)
	at org.testng.TestNG.runSuitesLocally(TestNG.java:1169)
	at org.testng.TestNG.run(TestNG.java:1064)
	at org.testng.remote.AbstractRemoteTestNG.run(AbstractRemoteTestNG.java:114)
	at org.testng.remote.RemoteTestNG.initAndRun(RemoteTestNG.java:251)
	at org.testng.remote.RemoteTestNG.main(RemoteTestNG.java:77)
]]>
    </failure>
  </testcase> <!-- checkSignToCheckBinsMastersPage -->
  <testcase name="checkClickOnNewButtonInBinGroups" time="9.642" classname="com.focus.testcases.SmokeBinsTest"/>
  <testcase name="checkBinsMastersDisplayTableColumnNamesAvailableInBinstMastersPage" time="4.012" classname="com.focus.testcases.SmokeBinsTest"/>
  <testcase name="checkSaveByUpdatingNameCodeTypeInBinsCreationPage" time="10.605" classname="com.focus.testcases.SmokeBinsTest"/>
  <testcase name="checkMainOptionsAvailabilityInBinsMasterPage" time="4.227" classname="com.focus.testcases.SmokeBinsTest"/>
  <testcase name="checkHeaderFieldsOptionsAvailableInBinsMastersPage" time="7.129" classname="com.focus.testcases.SmokeBinsTest"/>
  <testcase name="checkSaveBin" time="10.098" classname="com.focus.testcases.SmokeBinsTest"/>
  <testcase name="checkUnCheckingSelectBinsAndCheckUnSelectBins" time="2.230" classname="com.focus.testcases.SmokeBinsTest"/>
  <testcase name="checkToolsOptionsAvailabilityOnClickMasterRibbonToExpandOptionsInBinsMastersPage" time="6.995" classname="com.focus.testcases.SmokeBinsTest"/>
  <testcase name="checkCloseButtonBinsCreationPage" time="3.885" classname="com.focus.testcases.SmokeBinsTest"/>
  <testcase name="checkBinsMasterPageIsDisplayByClickOnBinsMenu" time="7.679" classname="com.focus.testcases.SmokeBinsTest"/>
  <testcase name="checkDisplayOfGroupAvailableTreeStructureLeftPageBinsMasterPage" time="5.207" classname="com.focus.testcases.SmokeBinsTest"/>
  <testcase name="checkCreateViewToggleOptionsAvailableBinsMastersPage" time="4.128" classname="com.focus.testcases.SmokeBinsTest"/>
  <testcase name="checkCloseButtonBinsUpdateCheck" time="3.929" classname="com.focus.testcases.SmokeBinsTest"/>
  <testcase name="checkLogoutInBinsMasterPage" time="4.430" classname="com.focus.testcases.SmokeBinsTest"/>
  <testcase name="checkCloseBinsMaster" time="5.697" classname="com.focus.testcases.SmokeBinsTest"/>
  <testcase name="checkUnHideUnitsGroupOptionsAvailableInBinsMastersPage" time="4.231" classname="com.focus.testcases.SmokeBinsTest"/>
  <testcase name="checkCreateTreeToggleOptionsAvailableInBinsMastersPage" time="4.108" classname="com.focus.testcases.SmokeBinsTest"/>
  <testcase name="checkDeleteBinsOptionForBinsMasterPage" time="47.610" classname="com.focus.testcases.SmokeBinsTest"/>
  <testcase name="checkSaveBinCreation" time="13.277" classname="com.focus.testcases.SmokeBinsTest"/>
  <testcase name="checkOtherToolsOptionsAvailabilityInBinsMastersPageOnClickRibbonControlNextButton" time="5.950" classname="com.focus.testcases.SmokeBinsTest"/>
  <testcase name="checkSearchOptionAvailableInBinsMastersPage" time="4.105" classname="com.focus.testcases.SmokeBinsTest"/>
  <testcase name="checkHideUnitGroupOptionsAvailableInBinsMastersPage" time="4.004" classname="com.focus.testcases.SmokeBinsTest"/>
  <testcase name="checkEditOptionForNewlyUpdateBins" time="9.130" classname="com.focus.testcases.SmokeBinsTest"/>
  <testcase name="checkTreeViewOptionsAvailableInBinsMastersPage" time="5.565" classname="com.focus.testcases.SmokeBinsTest"/>
  <testcase name="checkEditOptionForNewlyCreateBins" time="12.126" classname="com.focus.testcases.SmokeBinsTest"/>
</testsuite> <!-- com.focus.testcases.SmokeBinsTest -->
