<?xml version="1.0" encoding="UTF-8"?>
<!-- Generated by org.testng.reporters.JUnitReportReporter -->
<testsuite hostname="Focus-QA-4" name="com.focus.testcases.SmokeVouchersTest" tests="11" failures="0" timestamp="29 Apr 2020 11:49:39 GMT" time="69.888" errors="0">
  <testcase name="checkSaveInCreateViewOfHomePageOfOpeningStocksNew" time="3.389" classname="com.focus.testcases.SmokeVouchersTest"/>
  <testcase name="checkOpeningStocksNewVoucherCreateViewOptionInHomePage" time="3.440" classname="com.focus.testcases.SmokeVouchersTest"/>
  <testcase name="checkEditCreateViewOfHomePageOfOpeningStocksNew" time="14.671" classname="com.focus.testcases.SmokeVouchersTest"/>
  <testcase name="checkOpeningStocksNewVoucherEntryPageRibbonControl" time="2.003" classname="com.focus.testcases.SmokeVouchersTest"/>
  <testcase name="checkTransactionMenuInInventoryMenu" time="3.789" classname="com.focus.testcases.SmokeVouchersTest"/>
  <testcase name="checkStocksMenuInTransactionMenuInInventoryMenu" time="3.092" classname="com.focus.testcases.SmokeVouchersTest"/>
  <testcase name="checkOpeningStocksNewVoucherDisplayHomePage" time="9.137" classname="com.focus.testcases.SmokeVouchersTest"/>
  <testcase name="checkSignInDemoPopupPageOnClickDoNotShowAndCloseToDisplayMenusAndHomePage" time="14.728" classname="com.focus.testcases.SmokeVouchersTest"/>
  <testcase name="checkInventoryMenu" time="2.716" classname="com.focus.testcases.SmokeVouchersTest"/>
  <testcase name="checkDeleteCreateViewOfHomePageOfOpeningStocksNew" time="9.797" classname="com.focus.testcases.SmokeVouchersTest"/>
  <testcase name="checkOpeningStocksNewVoucherHomePageNewOptionOnClickDisplayEntryPage" time="3.126" classname="com.focus.testcases.SmokeVouchersTest"/>
</testsuite> <!-- com.focus.testcases.SmokeVouchersTest -->
