<?xml version="1.0" encoding="UTF-8"?>
<!-- Generated by org.testng.reporters.JUnitReportReporter -->
<testsuite hostname="FOCUS-QA-11" name="com.focus.testcases.SmokeUnitsTest" tests="36" failures="0" timestamp="11 Nov 2020 14:20:22 GMT" time="300.564" errors="0">
  <testcase name="checkUnitsCreationAndClickOnCloseButtonToDisplayCreatedUnitsInDisplayGrid" time="12.397" classname="com.focus.testcases.SmokeUnitsTest"/>
  <testcase name="checkUnitsMasterPageIsDisplayByClickOnUnitsMenuFromItemMenu" time="6.952" classname="com.focus.testcases.SmokeUnitsTest"/>
  <testcase name="checkTheConversionValuesDeletedIsDisplayingInUnitsConversion" time="8.857" classname="com.focus.testcases.SmokeUnitsTest"/>
  <testcase name="checkPreviousConversionIsDeletingOnClickOnDeleteOptionInUnitsConversion" time="4.419" classname="com.focus.testcases.SmokeUnitsTest"/>
  <testcase name="checkToolsOptionsAvailabilityOnClickMasterRibbonToExpandOptionsInUnitsMastersPage" time="4.287" classname="com.focus.testcases.SmokeUnitsTest"/>
  <testcase name="checkUpdateUnitsOnInputNameCodeAndClickOnSaveButton" time="5.387" classname="com.focus.testcases.SmokeUnitsTest"/>
  <testcase name="checkHeaderFieldsOptionsAvailableInUnitsMastersPage" time="5.883" classname="com.focus.testcases.SmokeUnitsTest"/>
  <testcase name="checkClickOnSaveWithAllInputsInUnitsConversion" time="5.270" classname="com.focus.testcases.SmokeUnitsTest"/>
  <testcase name="checkHideUnitGroupOptionsAvailableInUnitMastersPage" time="3.943" classname="com.focus.testcases.SmokeUnitsTest"/>
  <testcase name="checkDeleteUnitsOnSelectUnitAndClickOnDelete" time="9.325" classname="com.focus.testcases.SmokeUnitsTest"/>
  <testcase name="checkUnitConversionSaveInformationAndUpdateButtonWithAllInputs" time="20.381" classname="com.focus.testcases.SmokeUnitsTest"/>
  <testcase name="checkUpdatedConversionValueDisplayUserModifyAndSave" time="10.540" classname="com.focus.testcases.SmokeUnitsTest"/>
  <testcase name="checkOtherToolsOptionsAvailabilityInUnitsMastersPageOnClickRibbonControlNextButton" time="4.481" classname="com.focus.testcases.SmokeUnitsTest"/>
  <testcase name="checkClicOnCloseButtonToCloseUnitsMaster" time="5.677" classname="com.focus.testcases.SmokeUnitsTest"/>
  <testcase name="checkLogoutInCurrencyMasterPage" time="4.506" classname="com.focus.testcases.SmokeUnitsTest"/>
  <testcase name="checkClickOnUnitsConversionMenuFromItemMenu" time="13.330" classname="com.focus.testcases.SmokeUnitsTest"/>
  <testcase name="checkCreateViewToggleOptionsAvailableInUnitsMastersPage" time="4.012" classname="com.focus.testcases.SmokeUnitsTest"/>
  <testcase name="checkDeletedUnitDisplayInUnitsMainGrid" time="3.750" classname="com.focus.testcases.SmokeUnitsTest"/>
  <testcase name="checkDisplayOfGroupAvailableTreeStructureLeftPaneInUnitsMastersPage" time="3.845" classname="com.focus.testcases.SmokeUnitsTest"/>
  <testcase name="checkUnitsDisplayTableColumnNamesAvailableInUnitsMastersPage" time="9.353" classname="com.focus.testcases.SmokeUnitsTest"/>
  <testcase name="checkCreateTreeToggleOptionsAvailableInUnitsMastersPage" time="4.051" classname="com.focus.testcases.SmokeUnitsTest"/>
  <testcase name="checkSearchOptionAvailableInUnitsMastersPage" time="4.007" classname="com.focus.testcases.SmokeUnitsTest"/>
  <testcase name="checkClickOnClearButtonToClearTheFiledsInUnitsConversion" time="4.044" classname="com.focus.testcases.SmokeUnitsTest"/>
  <testcase name="checkClickOnCancelToCloseUnitsConversion" time="5.658" classname="com.focus.testcases.SmokeUnitsTest"/>
  <testcase name="checkClickOnClearButtonToClearOnFirstTheFiledsInUnitsConversion" time="3.940" classname="com.focus.testcases.SmokeUnitsTest"/>
  <testcase name="checkSaveUnitsConversionOfOtherBaseUnit" time="12.207" classname="com.focus.testcases.SmokeUnitsTest"/>
  <testcase name="checkUnitsDisplayTableColumnValuesAvailableInUnitMastersPage" time="42.245" classname="com.focus.testcases.SmokeUnitsTest"/>
  <testcase name="checkMainOptionsAvailabilityInUnitsMastersPageOnClickOnUnitsFromItemMastersMenu" time="4.063" classname="com.focus.testcases.SmokeUnitsTest"/>
  <testcase name="checkInputNameCodeNoOfDecimalsAndClickOnSaveButtonInUnitsCreationPage" time="4.816" classname="com.focus.testcases.SmokeUnitsTest"/>
  <testcase name="checkClickOnNewButtonInUnitsMasterPage" time="9.541" classname="com.focus.testcases.SmokeUnitsTest"/>
  <testcase name="checkTreeViewOptionsAvailableInUnitsMastersPageOnClickOnUnitsFromMastersMenu" time="6.990" classname="com.focus.testcases.SmokeUnitsTest"/>
  <testcase name="checkSearchUnitsAndClickOnEditToDisplayUnitsSavedInformation" time="16.397" classname="com.focus.testcases.SmokeUnitsTest"/>
  <testcase name="checkUnHideUnitsGroupOptionsAvailableInUnitMastersPage" time="3.881" classname="com.focus.testcases.SmokeUnitsTest"/>
  <testcase name="checkUpdateUnitNameInUnitDisplayGrid" time="3.992" classname="com.focus.testcases.SmokeUnitsTest"/>
  <testcase name="checkDeleteUnitsWhichAreDefinedInProductsOnSelectUnitAndClickOnDelete" time="7.355" classname="com.focus.testcases.SmokeUnitsTest"/>
  <testcase name="checkSignToCheckUnitsMastersPage" time="20.782" classname="com.focus.testcases.SmokeUnitsTest"/>
</testsuite> <!-- com.focus.testcases.SmokeUnitsTest -->
