<?xml version="1.0" encoding="UTF-8"?>
<!-- Generated by org.testng.reporters.JUnitReportReporter -->
<testsuite hostname="Focus-QA-4" name="com.focus.testcases.LoginPageTest" tests="2" failures="0" timestamp="2 Aug 2019 14:20:11 GMT" time="29.302" errors="0">
  <testcase name="enterUrl" time="28.599" classname="com.focus.testcases.LoginPageTest"/>
  <testcase name="verifyTheAvaibilityOfFieldsInLoginScreen" time="0.703" classname="com.focus.testcases.LoginPageTest"/>
</testsuite> <!-- com.focus.testcases.LoginPageTest -->
